{"timestamp": "2025-12-16 17:27:32", "event_id": 5, "image": "C:\\Windows\\System32\\WindowsPowerShell\\v1.0\\powershell.exe", "commandline": "", "user": "TRAN-LAPPY\\Ai Tran", "target": "", "raw_message": "Process terminated:\r\nRuleName: -\r\nUtcTime: 2025-12-16 10:27:32.996\r\nProcessGuid: {8ba13930-3414-6941-d383-010000001a00}\r\nProcessId: 26712\r\nImage: C:\\Windows\\System32\\WindowsPowerShell\\v1.0\\powershell.exe\r\nUser: TRAN-LAPPY\\Ai Tran"}, {"timestamp": "2025-12-16 17:27:34", "event_id": 5, "image": "C:\\Windows\\System32\\WindowsPowerShell\\v1.0\\powershell.exe", "commandline": "", "user": "TRAN-LAPPY\\Ai Tran", "target": "", "raw_message": "Process terminated:\r\nRuleName: -\r\nUtcTime: 2025-12-16 10:27:34.811\r\nProcessGuid: {8ba13930-3416-6941-d483-010000001a00}\r\nProcessId: 18752\r\nImage: C:\\Windows\\System32\\WindowsPowerShell\\v1.0\\powershell.exe\r\nUser: TRAN-LAPPY\\Ai Tran"}], "detections": [{"timestamp": "2025-12-16 15:31:48", "technique_id": "T1059.001", "technique_name": "PowerShell Execution", "confidence": 57.3, "patterns": ["powershell", "bypass", "-nop"], "source": "C:\\Windows\\System32\\cscript.exe", "event_id": 1, "command_line": "\"C:\\Windows\\system32\\cscript.exe\" //nologo C:\\Users\\Admin\\AppData\\Local\\Temp\\demo_macro_20251216153146.vbs", "matched_events": [{"event_id": 1, "timestamp": "2025-12-16 15:31:46", "image": "C:\\Windows\\System32\\cscript.exe", "commandline": "\"C:\\Windows\\system32\\cscript.exe\" //nologo C:\\Users\\Admin\\AppData\\Local\\Temp\\demo_macro_20251216153146.vbs", "target_filename": "", "details": "", "user": "TRAN-LAPPY\\Ai Tran", "parent_image": "C:\\Windows\\System32\\WindowsPowerShell\\v1.0\\powershell.exe", "target_image": ""}]}, {"timestamp": "2025-12-16 15:31:48", "technique_id": "T1204.002", "technique_name": "Malicious File Execution", "confidence": 52.2, "patterns": ["cscript", ".vbs"], "source": "C:\\Windows\\System32\\cscript.exe", "event_id": 1, "command_line": "\"C:\\Windows\\system32\\cscript.exe\" //nologo C:\\Users\\Admin\\AppData\\Local\\Temp\\demo_macro_20251216153146.vbs", "matched_events": [{"event_id": 1, "timestamp": "2025-12-16 15:31:46", "image": "C:\\Windows\\System32\\cscript.exe", "commandline": "\"C:\\Windows\\system32\\cscript.exe\" //nologo C:\\Users\\Admin\\AppData\\Local\\Temp\\demo_macro_20251216153146.vbs", "target_filename": "", "details": "", "user": "TRAN-LAPPY\\Ai Tran", "parent_image": "C:\\Windows\\System32\\WindowsPowerShell\\v1.0\\powershell.exe", "target_image": ""}]}, {"timestamp": "2025-12-16 15:33:51", "technique_id": "T1059.001", "technique_name": "PowerShell Execution", "confidence": 57.3, "patterns": ["powershell", "bypass", "-nop"], "source": "C:\\Windows\\System32\\WindowsPowerShell\\v1.0\\powershell.exe", "event_id": 1, "command_line": "\"C:\\Windows\\System32\\WindowsPowerShell\\v1.0\\powershell.exe\" -NoProfile -ExecutionPolicy Bypass -Command \"Set-Location -LiteralPath 'D:\\nckh\\auditlog\\demo_system\\attacks'; .\\test_individual.ps1 -TechniqueID T1204.002\"", "matched_events": [{"event_id": 1, "timestamp": "2025-12-16 15:33:51", "image": "C:\\Windows\\System32\\WindowsPowerShell\\v1.0\\powershell.exe", "commandline": "\"C:\\Windows\\System32\\WindowsPowerShell\\v1.0\\powershell.exe\" -NoProfile -ExecutionPolicy Bypass -Command \"Set-Location -LiteralPath 'D:\\nckh\\auditlog\\demo_system\\attacks'; .\\test_individual.ps1 -TechniqueID T1204.002\"", "target_filename": "", "details": "", "user": "TRAN-LAPPY\\Ai Tran", "parent_image": "C:\\Windows\\System32\\WindowsPowerShell\\v1.0\\powershell.exe", "target_image": ""}]}, {"timestamp": "2025-12-16 15:34:56", "technique_id": "T1059.001", "technique_name": "PowerShell Execution", "confidence": 57.3, "patterns": ["powershell", "bypass", "-nop"], "source": "C:\\Windows\\System32\\WindowsPowerShell\\v1.0\\powershell.exe", "event_id": 1, "command_line": "\"C:\\Windows\\System32\\WindowsPowerShell\\v1.0\\powershell.exe\" -NoProfile -ExecutionPolicy Bypass -Command \"Set-Location -LiteralPath 'D:\\nckh\\auditlog\\demo_system\\attacks'; .\\test_individual.ps1 -TechniqueID T1059.001\"", "matched_events": [{"event_id": 1, "timestamp": "2025-12-16 15:34:55", "image": "C:\\Windows\\System32\\WindowsPowerShell\\v1.0\\powershell.exe", "commandline": "\"C:\\Windows\\System32\\WindowsPowerShell\\v1.0\\powershell.exe\" -NoProfile -ExecutionPolicy Bypass -Command \"Set-Location -LiteralPath 'D:\\nckh\\auditlog\\demo_system\\attacks'; .\\test_individual.ps1 -TechniqueID T1059.001\"", "target_filename": "", "details": "", "user": "TRAN-LAPPY\\Ai Tran", "parent_image": "C:\\Windows\\System32\\WindowsPowerShell\\v1.0\\powershell.exe", "target_image": ""}]}, {"timestamp": "2025-12-16 15:37:21", "technique_id": "T1059.001", "technique_name": "PowerShell Execution", "confidence": 57.3, "patterns": ["powershell", "bypass", "-nop"], "source": "C:\\Windows\\System32\\WindowsPowerShell\\v1.0\\powershell.exe", "event_id": 1, "command_line": "\"C:\\Windows\\System32\\WindowsPowerShell\\v1.0\\powershell.exe\" -NoProfile -ExecutionPolicy Bypass -Command \"Set-Location -LiteralPath 'D:\\nckh\\auditlog\\demo_system\\attacks'; .\\test_individual.ps1 -TechniqueID T1204.002\"", "matched_events": [{"event_id": 1, "timestamp": "2025-12-16 15:37:19", "image": "C:\\Windows\\System32\\WindowsPowerShell\\v1.0\\powershell.exe", "commandline": "\"C:\\Windows\\System32\\WindowsPowerShell\\v1.0\\powershell.exe\" -NoProfile -ExecutionPolicy Bypass -Command \"Set-Location -LiteralPath 'D:\\nckh\\auditlog\\demo_system\\attacks'; .\\test_individual.ps1 -TechniqueID T1204.002\"", "target_filename": "", "details": "", "user": "TRAN-LAPPY\\Ai Tran", "parent_image": "C:\\Windows\\System32\\WindowsPowerShell\\v1.0\\powershell.exe", "target_image": ""}]}, {"timestamp": "2025-12-16 15:37:23", "technique_id": "T1204.002", "technique_name": "Malicious File Execution", "confidence": 52.2, "patterns": ["cscript", ".vbs"], "source": "C:\\Windows\\System32\\timeout.exe", "event_id": 1, "command_line": "timeout  /t 8", "matched_events": [{"event_id": 1, "timestamp": "2025-12-16 15:37:22", "image": "C:\\Windows\\System32\\timeout.exe", "commandline": "timeout  /t 8", "target_filename": "", "details": "", "user": "TRAN-LAPPY\\Ai Tran", "parent_image": "C:\\Windows\\System32\\cmd.exe", "target_image": ""}]}, {"timestamp": "2025-12-16 15:40:34", "technique_id": "T1547.001", "technique_name": "Registry Run Keys Persistence", "confidence": 55.0, "patterns": ["startup"], "source": "C:\\Program Files (x86)\\Microsoft\\Edge\\Application\\msedge.exe", "event_id": 1, "command_line": "\"C:\\Program Files (x86)\\Microsoft\\Edge\\Application\\msedge.exe\" --type=renderer --pdf-upsell-enabled --dma-cps-flags=2048 --no-pre-read-main-dll --video-capture-use-gpu-memory-buffer --lang=en-US --js-flags --device-scale-factor=1.25 --num-raster-threads=4 --enable-main-frame-before-activation --renderer-client-id=199 --time-ticks-at-unix-epoch=-1765292561928459 --launch-time-ticks=581870805755 --skip-read-main-dll --metrics-shmem-handle=3832,i,11518412463344956827,15191582769359023483,2097152 --field-trial-handle=2348,i,3026412812974680021,9572377275827512412,262144 --variations-seed-version --trace-process-track-uuid=3190709172783199445 --mojo-platform-channel-handle=11584 /prefetch:1", "matched_events": [{"event_id": 1, "timestamp": "2025-12-16 15:40:32", "image": "C:\\Program Files (x86)\\Microsoft\\Edge\\Application\\msedge.exe", "commandline": "\"C:\\Program Files (x86)\\Microsoft\\Edge\\Application\\msedge.exe\" --type=renderer --pdf-upsell-enabled --dma-cps-flags=2048 --no-pre-read-main-dll --video-capture-use-gpu-memory-buffer --lang=en-US --js-flags --device-scale-factor=1.25 --num-raster-threads=4 --enable-main-frame-before-activation --renderer-client-id=199 --time-ticks-at-unix-epoch=-1765292561928459 --launch-time-ticks=581870805755 --skip-read-main-dll --metrics-shmem-handle=3832,i,11518412463344956827,15191582769359023483,2097152 --field-trial-handle=2348,i,3026412812974680021,9572377275827512412,262144 --variations-seed-version --trace-process-track-uuid=3190709172783199445 --mojo-platform-channel-handle=11584 /prefetch:1", "target_filename": "", "details": "", "user": "TRAN-LAPPY\\Ai Tran", "parent_image": "C:\\Program Files (x86)\\Microsoft\\Edge\\Application\\msedge.exe", "target_image": ""}]}, {"timestamp": "2025-12-16 15:40:39", "technique_id": "T1547.001", "technique_name": "Registry Run Keys Persistence", "confidence": 55.0, "patterns": ["startup"], "source": "C:\\Program Files (x86)\\Microsoft\\Edge\\Application\\msedge.exe", "event_id": 1, "command_line": "\"C:\\Program Files (x86)\\Microsoft\\Edge\\Application\\msedge.exe\" --type=renderer --pdf-upsell-enabled --dma-cps-flags=2048 --no-pre-read-main-dll --video-capture-use-gpu-memory-buffer --lang=en-US --js-flags --device-scale-factor=1.25 --num-raster-threads=4 --enable-main-frame-before-activation --renderer-client-id=203 --time-ticks-at-unix-epoch=-1765292561928459 --launch-time-ticks=581875933032 --skip-read-main-dll --metrics-shmem-handle=10236,i,9209037293117187225,9045767530163492748,2097152 --field-trial-handle=2348,i,3026412812974680021,9572377275827512412,262144 --variations-seed-version --trace-process-track-uuid=3190709176531366841 --mojo-platform-channel-handle=7228 /prefetch:1", "matched_events": [{"event_id": 1, "timestamp": "2025-12-16 15:40:37", "image": "C:\\Program Files (x86)\\Microsoft\\Edge\\Application\\msedge.exe", "commandline": "\"C:\\Program Files (x86)\\Microsoft\\Edge\\Application\\msedge.exe\" --type=renderer --pdf-upsell-enabled --dma-cps-flags=2048 --no-pre-read-main-dll --video-capture-use-gpu-memory-buffer --lang=en-US --js-flags --device-scale-factor=1.25 --num-raster-threads=4 --enable-main-frame-before-activation --renderer-client-id=203 --time-ticks-at-unix-epoch=-1765292561928459 --launch-time-ticks=581875933032 --skip-read-main-dll --metrics-shmem-handle=10236,i,9209037293117187225,9045767530163492748,2097152 --field-trial-handle=2348,i,3026412812974680021,9572377275827512412,262144 --variations-seed-version --trace-process-track-uuid=3190709176531366841 --mojo-platform-channel-handle=7228 /prefetch:1", "target_filename": "", "details": "", "user": "TRAN-LAPPY\\Ai Tran", "parent_image": "C:\\Program Files (x86)\\Microsoft\\Edge\\Application\\msedge.exe", "target_image": ""}]}, {"timestamp": "2025-12-16 15:41:03", "technique_id": "T1547.001", "technique_name": "Registry Run Keys Persistence", "confidence": 55.0, "patterns": ["startup"], "source": "C:\\Program Files (x86)\\Microsoft\\Edge\\Application\\msedge.exe", "event_id": 1, "command_line": "\"C:\\Program Files (x86)\\Microsoft\\Edge\\Application\\msedge.exe\" --type=renderer --pdf-upsell-enabled --dma-cps-flags=2048 --no-pre-read-main-dll --video-capture-use-gpu-memory-buffer --lang=en-US --js-flags --device-scale-factor=1.25 --num-raster-threads=4 --enable-main-frame-before-activation --renderer-client-id=211 --time-ticks-at-unix-epoch=-1765292561928459 --launch-time-ticks=581900353789 --ssd-no-pressure-read-main-dll --metrics-shmem-handle=12832,i,3053887521179385986,2943300598963948881,2097152 --field-trial-handle=2348,i,3026412812974680021,9572377275827512412,262144 --variations-seed-version --trace-process-track-uuid=3190709184027701633 --mojo-platform-channel-handle=13288 /prefetch:1", "matched_events": [{"event_id": 1, "timestamp": "2025-12-16 15:41:02", "image": "C:\\Program Files (x86)\\Microsoft\\Edge\\Application\\msedge.exe", "commandline": "\"C:\\Program Files (x86)\\Microsoft\\Edge\\Application\\msedge.exe\" --type=renderer --pdf-upsell-enabled --dma-cps-flags=2048 --no-pre-read-main-dll --video-capture-use-gpu-memory-buffer --lang=en-US --js-flags --device-scale-factor=1.25 --num-raster-threads=4 --enable-main-frame-before-activation --renderer-client-id=211 --time-ticks-at-unix-epoch=-1765292561928459 --launch-time-ticks=581900353789 --ssd-no-pressure-read-main-dll --metrics-shmem-handle=12832,i,3053887521179385986,2943300598963948881,2097152 --field-trial-handle=2348,i,3026412812974680021,9572377275827512412,262144 --variations-seed-version --trace-process-track-uuid=3190709184027701633 --mojo-platform-channel-handle=13288 /prefetch:1", "target_filename": "", "details": "", "user": "TRAN-LAPPY\\Ai Tran", "parent_image": "C:\\Program Files (x86)\\Microsoft\\Edge\\Application\\msedge.exe", "target_image": ""}]}, {"timestamp": "2025-12-16 15:44:26", "technique_id": "T1204.002", "technique_name": "Malicious File Execution", "confidence": 52.2, "patterns": ["cscript", ".vbs"], "source": "C:\\Windows\\System32\\timeout.exe", "event_id": 1, "command_line": "timeout  /t 8", "matched_events": [{"event_id": 1, "timestamp": "2025-12-16 15:44:25", "image": "C:\\Windows\\System32\\timeout.exe", "commandline": "timeout  /t 8", "target_filename": "", "details": "", "user": "TRAN-LAPPY\\Ai Tran", "parent_image": "C:\\Windows\\System32\\cmd.exe", "target_image": ""}]}, {"timestamp": "2025-12-16 15:44:26", "technique_id": "T1204.002", "technique_name": "Malicious File Execution", "confidence": 52.2, "patterns": ["cscript", ".vbs"], "source": "C:\\Windows\\System32\\cscript.exe", "event_id": 1, "command_line": "cscript  //nologo \"C:\\Users\\Admin\\AppData\\Local\\Temp\\demo_macro_20251216154424.vbs\"", "matched_events": [{"event_id": 1, "timestamp": "2025-12-16 15:44:24", "image": "C:\\Windows\\System32\\cscript.exe", "commandline": "cscript  //nologo \"C:\\Users\\Admin\\AppData\\Local\\Temp\\demo_macro_20251216154424.vbs\"", "target_filename": "", "details": "", "user": "TRAN-LAPPY\\Ai Tran", "parent_image": "C:\\Windows\\System32\\cmd.exe", "target_image": ""}]}, {"timestamp": "2025-12-16 15:44:43", "technique_id": "T1059.001", "technique_name": "PowerShell Execution", "confidence": 57.3, "patterns": ["powershell", "bypass", "-nop"], "source": "C:\\Windows\\System32\\WindowsPowerShell\\v1.0\\powershell.exe", "event_id": 1, "command_line": "\"C:\\Windows\\System32\\WindowsPowerShell\\v1.0\\powershell.exe\" -NoProfile -ExecutionPolicy Bypass -Command \"Set-Location -LiteralPath 'D:\\nckh\\auditlog\\demo_system\\attacks'; .\\test_individual.ps1 -TechniqueID T1204.002\"", "matched_events": [{"event_id": 1, "timestamp": "2025-12-16 15:44:42", "image": "C:\\Windows\\System32\\WindowsPowerShell\\v1.0\\powershell.exe", "commandline": "\"C:\\Windows\\System32\\WindowsPowerShell\\v1.0\\powershell.exe\" -NoProfile -ExecutionPolicy Bypass -Command \"Set-Location -LiteralPath 'D:\\nckh\\auditlog\\demo_system\\attacks'; .\\test_individual.ps1 -TechniqueID T1204.002\"", "target_filename": "", "details": "", "user": "TRAN-LAPPY\\Ai Tran", "parent_image": "C:\\Windows\\System32\\WindowsPowerShell\\v1.0\\powershell.exe", "target_image": ""}]}, {"timestamp": "2025-12-16 15:44:57", "technique_id": "T1204.002", "technique_name": "Malicious File Execution", "confidence": 52.2, "patterns": ["cscript", ".vbs"], "source": "C:\\Windows\\System32\\cscript.exe", "event_id": 1, "command_line": "cscript  //nologo \"C:\\Users\\Admin\\AppData\\Local\\Temp\\demo_macro_20251216154457.vbs\"", "matched_events": [{"event_id": 1, "timestamp": "2025-12-16 15:44:57", "image": "C:\\Windows\\System32\\cscript.exe", "commandline": "cscript  //nologo \"C:\\Users\\Admin\\AppData\\Local\\Temp\\demo_macro_20251216154457.vbs\"", "target_filename": "", "details": "", "user": "TRAN-LAPPY\\Ai Tran", "parent_image": "C:\\Windows\\System32\\cmd.exe", "target_image": ""}]}, {"timestamp": "2025-12-16 15:44:57", "technique_id": "T1059.001", "technique_name": "PowerShell Execution", "confidence": 57.3, "patterns": ["powershell", "bypass", "-nop"], "source": "C:\\Windows\\System32\\WindowsPowerShell\\v1.0\\powershell.exe", "event_id": 1, "command_line": "\"C:\\Windows\\System32\\WindowsPowerShell\\v1.0\\powershell.exe\" -NoProfile -ExecutionPolicy Bypass -Command \"Set-Location -LiteralPath 'D:\\nckh\\auditlog\\demo_system\\attacks'; .\\test_individual.ps1 -TechniqueID T1204.002\"", "matched_events": [{"event_id": 1, "timestamp": "2025-12-16 15:44:56", "image": "C:\\Windows\\System32\\WindowsPowerShell\\v1.0\\powershell.exe", "commandline": "\"C:\\Windows\\System32\\WindowsPowerShell\\v1.0\\powershell.exe\" -NoProfile -ExecutionPolicy Bypass -Command \"Set-Location -LiteralPath 'D:\\nckh\\auditlog\\demo_system\\attacks'; .\\test_individual.ps1 -TechniqueID T1204.002\"", "target_filename": "", "details": "", "user": "TRAN-LAPPY\\Ai Tran", "parent_image": "C:\\Windows\\System32\\WindowsPowerShell\\v1.0\\powershell.exe", "target_image": ""}]}, {"timestamp": "2025-12-16 15:45:10", "technique_id": "T1059.001", "technique_name": "PowerShell Execution", "confidence": 57.3, "patterns": ["powershell", "bypass", "-nop"], "source": "C:\\Windows\\System32\\WindowsPowerShell\\v1.0\\powershell.exe", "event_id": 1, "command_line": "\"C:\\Windows\\System32\\WindowsPowerShell\\v1.0\\powershell.exe\" -NoProfile -ExecutionPolicy Bypass -Command \"Set-Location -LiteralPath 'D:\\nckh\\auditlog\\demo_system\\attacks'; .\\test_individual.ps1 -TechniqueID T1204.002\"", "matched_events": [{"event_id": 1, "timestamp": "2025-12-16 15:45:09", "image": "C:\\Windows\\System32\\WindowsPowerShell\\v1.0\\powershell.exe", "commandline": "\"C:\\Windows\\System32\\WindowsPowerShell\\v1.0\\powershell.exe\" -NoProfile -ExecutionPolicy Bypass -Command \"Set-Location -LiteralPath 'D:\\nckh\\auditlog\\demo_system\\attacks'; .\\test_individual.ps1 -TechniqueID T1204.002\"", "target_filename": "", "details": "", "user": "TRAN-LAPPY\\Ai Tran", "parent_image": "C:\\Windows\\System32\\WindowsPowerShell\\v1.0\\powershell.exe", "target_image": ""}]}, {"timestamp": "2025-12-16 15:45:11", "technique_id": "T1204.002", "technique_name": "Malicious File Execution", "confidence": 52.2, "patterns": ["cscript", ".vbs"], "source": "C:\\Windows\\System32\\timeout.exe", "event_id": 1, "command_line": "timeout  /t 8", "matched_events": [{"event_id": 1, "timestamp": "2025-12-16 15:45:10", "image": "C:\\Windows\\System32\\timeout.exe", "commandline": "timeout  /t 8", "target_filename": "", "details": "", "user": "TRAN-LAPPY\\Ai Tran", "parent_image": "C:\\Windows\\System32\\cmd.exe", "target_image": ""}]}, {"timestamp": "2025-12-16 15:46:05", "technique_id": "T1204.002", "technique_name": "Malicious File Execution", "confidence": 52.2, "patterns": ["cscript", ".vbs"], "source": "C:\\Windows\\System32\\cscript.exe", "event_id": 1, "command_line": "cscript  //nologo \"C:\\Users\\Admin\\AppData\\Local\\Temp\\demo_macro_20251216154604.vbs\"", "matched_events": [{"event_id": 1, "timestamp": "2025-12-16 15:46:04", "image": "C:\\Windows\\System32\\cscript.exe", "commandline": "cscript  //nologo \"C:\\Users\\Admin\\AppData\\Local\\Temp\\demo_macro_20251216154604.vbs\"", "target_filename": "", "details": "", "user": "TRAN-LAPPY\\Ai Tran", "parent_image": "C:\\Windows\\System32\\cmd.exe", "target_image": ""}]}, {"timestamp": "2025-12-16 15:46:05", "technique_id": "T1059.001", "technique_name": "PowerShell Execution", "confidence": 57.3, "patterns": ["powershell", "bypass", "-nop"], "source": "C:\\Windows\\System32\\WindowsPowerShell\\v1.0\\powershell.exe", "event_id": 1, "command_line": "\"C:\\Windows\\System32\\WindowsPowerShell\\v1.0\\powershell.exe\" -NoProfile -ExecutionPolicy Bypass -Command \"Set-Location -LiteralPath 'D:\\nckh\\auditlog\\demo_system\\attacks'; .\\test_individual.ps1 -TechniqueID T1204.002\"", "matched_events": [{"event_id": 1, "timestamp": "2025-12-16 15:46:03", "image": "C:\\Windows\\System32\\WindowsPowerShell\\v1.0\\powershell.exe", "commandline": "\"C:\\Windows\\System32\\WindowsPowerShell\\v1.0\\powershell.exe\" -NoProfile -ExecutionPolicy Bypass -Command \"Set-Location -LiteralPath 'D:\\nckh\\auditlog\\demo_system\\attacks'; .\\test_individual.ps1 -TechniqueID T1204.002\"", "target_filename": "", "details": "", "user": "TRAN-LAPPY\\Ai Tran", "parent_image": "C:\\Windows\\System32\\WindowsPowerShell\\v1.0\\powershell.exe", "target_image": ""}]}, {"timestamp": "2025-12-16 15:47:57", "technique_id": "T1204.002", "technique_name": "Malicious File Execution", "confidence": 52.2, "patterns": ["cscript", ".vbs"], "source": "C:\\Windows\\System32\\timeout.exe", "event_id": 1, "command_line": "timeout  /t 8", "matched_events": [{"event_id": 1, "timestamp": "2025-12-16 15:47:55", "image": "C:\\Windows\\System32\\timeout.exe", "commandline": "timeout  /t 8", "target_filename": "", "details": "", "user": "TRAN-LAPPY\\Ai Tran", "parent_image": "C:\\Windows\\System32\\cmd.exe", "target_image": ""}]}, {"timestamp": "2025-12-16 15:48:36", "technique_id": "T1059.001", "technique_name": "PowerShell Execution", "confidence": 57.3, "patterns": ["powershell", "bypass", "-nop"], "source": "C:\\Windows\\System32\\WindowsPowerShell\\v1.0\\powershell.exe", "event_id": 1, "command_line": "\"C:\\Windows\\System32\\WindowsPowerShell\\v1.0\\powershell.exe\" -NoProfile -ExecutionPolicy Bypass -Command \"Set-Location -LiteralPath 'D:\\nckh\\auditlog\\demo_system\\attacks'; .\\test_individual.ps1 -TechniqueID T1218.011\"", "matched_events": [{"event_id": 1, "timestamp": "2025-12-16 15:48:35", "image": "C:\\Windows\\System32\\WindowsPowerShell\\v1.0\\powershell.exe", "commandline": "\"C:\\Windows\\System32\\WindowsPowerShell\\v1.0\\powershell.exe\" -NoProfile -ExecutionPolicy Bypass -Command \"Set-Location -LiteralPath 'D:\\nckh\\auditlog\\demo_system\\attacks'; .\\test_individual.ps1 -TechniqueID T1218.011\"", "target_filename": "", "details": "", "user": "TRAN-LAPPY\\Ai Tran", "parent_image": "C:\\Windows\\System32\\WindowsPowerShell\\v1.0\\powershell.exe", "target_image": ""}]}, {"timestamp": "2025-12-16 15:49:52", "technique_id": "T1218.011", "technique_name": "Rundll32 Execution", "confidence": 70.0, "patterns": ["rundll32", "javascript:"], "source": "C:\\Windows\\System32\\timeout.exe", "event_id": 1, "command_line": "timeout  /t 30", "matched_events": [{"event_id": 1, "timestamp": "2025-12-16 15:49:50", "image": "C:\\Windows\\System32\\timeout.exe", "commandline": "timeout  /t 30", "target_filename": "", "details": "", "user": "TRAN-LAPPY\\Ai Tran", "parent_image": "C:\\Windows\\System32\\cmd.exe", "target_image": ""}]}, {"timestamp": "2025-12-16 15:50:04", "technique_id": "T1059.001", "technique_name": "PowerShell Execution", "confidence": 57.3, "patterns": ["powershell", "bypass", "-nop"], "source": "C:\\Windows\\System32\\WindowsPowerShell\\v1.0\\powershell.exe", "event_id": 1, "command_line": "\"C:\\Windows\\System32\\WindowsPowerShell\\v1.0\\powershell.exe\" -NoProfile -ExecutionPolicy Bypass -Command \"Set-Location -LiteralPath 'D:\\nckh\\auditlog\\demo_system\\attacks'; .\\test_individual.ps1 -TechniqueID T1218.011\"", "matched_events": [{"event_id": 1, "timestamp": "2025-12-16 15:50:03", "image": "C:\\Windows\\System32\\WindowsPowerShell\\v1.0\\powershell.exe", "commandline": "\"C:\\Windows\\System32\\WindowsPowerShell\\v1.0\\powershell.exe\" -NoProfile -ExecutionPolicy Bypass -Command \"Set-Location -LiteralPath 'D:\\nckh\\auditlog\\demo_system\\attacks'; .\\test_individual.ps1 -TechniqueID T1218.011\"", "target_filename": "", "details": "", "user": "TRAN-LAPPY\\Ai Tran", "parent_image": "C:\\Windows\\System32\\WindowsPowerShell\\v1.0\\powershell.exe", "target_image": ""}]}, {"timestamp": "2025-12-16 15:50:15", "technique_id": "T1059.001", "technique_name": "PowerShell Execution", "confidence": 57.3, "patterns": ["powershell", "bypass", "-nop"], "source": "C:\\Windows\\System32\\notepad.exe", "event_id": 1, "command_line": "\"C:\\Windows\\System32\\notepad.exe\" rundll32.exe javascript:SafeDemo", "matched_events": [{"event_id": 1, "timestamp": "2025-12-16 15:50:14", "image": "C:\\Windows\\System32\\notepad.exe", "commandline": "\"C:\\Windows\\System32\\notepad.exe\" rundll32.exe javascript:SafeDemo", "target_filename": "", "details": "", "user": "TRAN-LAPPY\\Ai Tran", "parent_image": "C:\\Windows\\System32\\WindowsPowerShell\\v1.0\\powershell.exe", "target_image": ""}]}, {"timestamp": "2025-12-16 15:50:15", "technique_id": "T1218.011", "technique_name": "Rundll32 Execution", "confidence": 70.0, "patterns": ["rundll32", "javascript:"], "source": "C:\\Windows\\System32\\notepad.exe", "event_id": 1, "command_line": "\"C:\\Windows\\System32\\notepad.exe\" rundll32.exe javascript:SafeDemo", "matched_events": [{"event_id": 1, "timestamp": "2025-12-16 15:50:14", "image": "C:\\Windows\\System32\\notepad.exe", "commandline": "\"C:\\Windows\\System32\\notepad.exe\" rundll32.exe javascript:SafeDemo", "target_filename": "", "details": "", "user": "TRAN-LAPPY\\Ai Tran", "parent_image": "C:\\Windows\\System32\\WindowsPowerShell\\v1.0\\powershell.exe", "target_image": ""}]}, {"timestamp": "2025-12-16 15:50:29", "technique_id": "T1218.011", "technique_name": "Rundll32 Execution", "confidence": 70.0, "patterns": ["rundll32", "javascript:"], "source": "C:\\Windows\\System32\\timeout.exe", "event_id": 1, "command_line": "timeout  /t 30", "matched_events": [{"event_id": 1, "timestamp": "2025-12-16 15:50:28", "image": "C:\\Windows\\System32\\timeout.exe", "commandline": "timeout  /t 30", "target_filename": "", "details": "", "user": "TRAN-LAPPY\\Ai Tran", "parent_image": "C:\\Windows\\System32\\cmd.exe", "target_image": ""}]}, {"timestamp": "2025-12-16 15:52:46", "technique_id": "T1218.011", "technique_name": "Rundll32 Execution", "confidence": 50.0, "patterns": ["rundll32"], "source": "C:\\Windows\\System32\\rundll32.exe", "event_id": 5, "command_line": "", "matched_events": [{"event_id": 5, "timestamp": "2025-12-16 15:52:44", "image": "C:\\Windows\\System32\\rundll32.exe", "commandline": "", "target_filename": "", "details": "", "user": "NT AUTHORITY\\SYSTEM", "parent_image": "", "target_image": ""}]}, {"timestamp": "2025-12-16 16:21:58", "technique_id": "T1059.001", "technique_name": "PowerShell Execution", "confidence": 57.3, "patterns": ["powershell", "bypass", "-nop"], "source": "C:\\Windows\\System32\\notepad.exe", "event_id": 1, "command_line": "\"C:\\Windows\\System32\\notepad.exe\" rundll32.exe javascript:Secondary", "matched_events": [{"event_id": 1, "timestamp": "2025-12-16 16:21:57", "image": "C:\\Windows\\System32\\notepad.exe", "commandline": "\"C:\\Windows\\System32\\notepad.exe\" rundll32.exe javascript:Secondary", "target_filename": "", "details": "", "user": "TRAN-LAPPY\\Ai Tran", "parent_image": "C:\\Windows\\System32\\WindowsPowerShell\\v1.0\\powershell.exe", "target_image": ""}]}, {"timestamp": "2025-12-16 16:21:58", "technique_id": "T1218.011", "technique_name": "Rundll32 Execution", "confidence": 70.0, "patterns": ["rundll32", "javascript:"], "source": "C:\\Windows\\System32\\notepad.exe", "event_id": 1, "command_line": "\"C:\\Windows\\System32\\notepad.exe\" rundll32.exe javascript:Secondary", "matched_events": [{"event_id": 1, "timestamp": "2025-12-16 16:21:57", "image": "C:\\Windows\\System32\\notepad.exe", "commandline": "\"C:\\Windows\\System32\\notepad.exe\" rundll32.exe javascript:Secondary", "target_filename": "", "details": "", "user": "TRAN-LAPPY\\Ai Tran", "parent_image": "C:\\Windows\\System32\\WindowsPowerShell\\v1.0\\powershell.exe", "target_image": ""}]}, {"timestamp": "2025-12-16 16:22:11", "technique_id": "T1204.002", "technique_name": "Malicious File Execution", "confidence": 52.2, "patterns": ["cscript", ".vbs"], "source": "C:\\Windows\\System32\\timeout.exe", "event_id": 1, "command_line": "timeout  /t 8", "matched_events": [{"event_id": 1, "timestamp": "2025-12-16 16:22:10", "image": "C:\\Windows\\System32\\timeout.exe", "commandline": "timeout  /t 8", "target_filename": "", "details": "", "user": "TRAN-LAPPY\\Ai Tran", "parent_image": "C:\\Windows\\System32\\cmd.exe", "target_image": ""}]}, {"timestamp": "2025-12-16 17:07:22", "technique_id": "T1204.002", "technique_name": "Malicious File Execution", "confidence": 41.1, "patterns": ["mshta"], "source": "C:\\Windows\\System32\\conhost.exe", "event_id": 1, "command_line": "\\??\\C:\\Windows\\system32\\conhost.exe 0xffffffff -ForceV1", "matched_events": [{"event_id": 1, "timestamp": "2025-12-16 17:07:21", "image": "C:\\Windows\\System32\\conhost.exe", "commandline": "\\??\\C:\\Windows\\system32\\conhost.exe 0xffffffff -ForceV1", "target_filename": "", "details": "", "user": "TRAN-LAPPY\\Ai Tran", "parent_image": "C:\\Program Files\\Git\\cmd\\git.exe", "target_image": ""}]}, {"timestamp": "2025-12-16 17:07:22", "technique_id": "T1218.005", "technique_name": "Mshta Execution", "confidence": 63.3, "patterns": ["mshta"], "source": "C:\\Windows\\System32\\conhost.exe", "event_id": 1, "command_line": "\\??\\C:\\Windows\\system32\\conhost.exe 0xffffffff -ForceV1", "matched_events": [{"event_id": 1, "timestamp": "2025-12-16 17:07:21", "image": "C:\\Windows\\System32\\conhost.exe", "commandline": "\\??\\C:\\Windows\\system32\\conhost.exe 0xffffffff -ForceV1", "target_filename": "", "details": "", "user": "TRAN-LAPPY\\Ai Tran", "parent_image": "C:\\Program Files\\Git\\cmd\\git.exe", "target_image": ""}]}, {"timestamp": "2025-12-16 17:12:02", "technique_id": "T1059.001", "technique_name": "PowerShell Execution", "confidence": 48.2, "patterns": ["powershell", "-nop"], "source": "C:\\Windows\\System32\\WindowsPowerShell\\v1.0\\powershell.exe", "event_id": 1, "command_line": "\"C:\\Windows\\System32\\WindowsPowerShell\\v1.0\\powershell.exe\" -NoProfile -Command \"Get-CimInstance Win32_Process -Filter \\\" \"ProcessId=26300\\ | Select-Object CommandLine | Format-List\"", "matched_events": [{"event_id": 1, "timestamp": "2025-12-16 17:12:00", "image": "C:\\Windows\\System32\\WindowsPowerShell\\v1.0\\powershell.exe", "commandline": "\"C:\\Windows\\System32\\WindowsPowerShell\\v1.0\\powershell.exe\" -NoProfile -Command \"Get-CimInstance Win32_Process -Filter \\\" \"ProcessId=26300\\ | Select-Object CommandLine | Format-List\"", "target_filename": "", "details": "", "user": "TRAN-LAPPY\\Ai Tran", "parent_image": "C:\\Windows\\System32\\WindowsPowerShell\\v1.0\\powershell.exe", "target_image": ""}]}, {"timestamp": "2025-12-16 17:12:07", "technique_id": "T1059.001", "technique_name": "PowerShell Execution", "confidence": 48.2, "patterns": ["powershell", "-nop"], "source": "C:\\Windows\\System32\\WindowsPowerShell\\v1.0\\powershell.exe", "event_id": 1, "command_line": "\"C:\\Windows\\System32\\WindowsPowerShell\\v1.0\\powershell.exe\" -NoProfile -Command \"Get-CimInstance Win32_Process -Filter \"ProcessId=26300\" | Select-Object CommandLine | Format-List\"", "matched_events": [{"event_id": 1, "timestamp": "2025-12-16 17:12:05", "image": "C:\\Windows\\System32\\WindowsPowerShell\\v1.0\\powershell.exe", "commandline": "\"C:\\Windows\\System32\\WindowsPowerShell\\v1.0\\powershell.exe\" -NoProfile -Command \"Get-CimInstance Win32_Process -Filter \"ProcessId=26300\" | Select-Object CommandLine | Format-List\"", "target_filename": "", "details": "", "user": "TRAN-LAPPY\\Ai Tran", "parent_image": "C:\\Windows\\System32\\WindowsPowerShell\\v1.0\\powershell.exe", "target_image": ""}]}, {"timestamp": "2025-12-16 17:12:35", "technique_id": "T1059.001", "technique_name": "PowerShell Execution", "confidence": 48.2, "patterns": ["powershell", "-nop"], "source": "C:\\Windows\\System32\\WindowsPowerShell\\v1.0\\powershell.exe", "event_id": 1, "command_line": "\"C:\\Windows\\System32\\WindowsPowerShell\\v1.0\\powershell.exe\" -NoProfile -Command \"Get-Content \"D:\\nckh\\auditlog\\demo_system\\logs\\realtime_data.json\" -Tail 30\"", "matched_events": [{"event_id": 1, "timestamp": "2025-12-16 17:12:34", "image": "C:\\Windows\\System32\\WindowsPowerShell\\v1.0\\powershell.exe", "commandline": "\"C:\\Windows\\System32\\WindowsPowerShell\\v1.0\\powershell.exe\" -NoProfile -Command \"Get-Content \"D:\\nckh\\auditlog\\demo_system\\logs\\realtime_data.json\" -Tail 30\"", "target_filename": "", "details": "", "user": "TRAN-LAPPY\\Ai Tran", "parent_image": "C:\\Windows\\System32\\WindowsPowerShell\\v1.0\\powershell.exe", "target_image": ""}]}, {"timestamp": "2025-12-16 17:12:35", "technique_id": "T1204.002", "technique_name": "Malicious File Execution", "confidence": 41.1, "patterns": [".js"], "source": "C:\\Windows\\System32\\WindowsPowerShell\\v1.0\\powershell.exe", "event_id": 1, "command_line": "\"C:\\Windows\\System32\\WindowsPowerShell\\v1.0\\powershell.exe\" -NoProfile -Command \"Get-Content \"D:\\nckh\\auditlog\\demo_system\\logs\\realtime_data.json\" -Tail 30\"", "matched_events": [{"event_id": 1, "timestamp": "2025-12-16 17:12:34", "image": "C:\\Windows\\System32\\WindowsPowerShell\\v1.0\\powershell.exe", "commandline": "\"C:\\Windows\\System32\\WindowsPowerShell\\v1.0\\powershell.exe\" -NoProfile -Command \"Get-Content \"D:\\nckh\\auditlog\\demo_system\\logs\\realtime_data.json\" -Tail 30\"", "target_filename": "", "details": "", "user": "TRAN-LAPPY\\Ai Tran", "parent_image": "C:\\Windows\\System32\\WindowsPowerShell\\v1.0\\powershell.exe", "target_image": ""}]}, {"timestamp": "2025-12-16 17:13:57", "technique_id": "T1547.001", "technique_name": "Registry Run Keys Persistence", "confidence": 55.0, "patterns": ["startup"], "source": "C:\\Program Files (x86)\\Microsoft\\Edge\\Application\\msedge.exe", "event_id": 1, "command_line": "\"C:\\Program Files (x86)\\Microsoft\\Edge\\Application\\msedge.exe\" --type=renderer --pdf-upsell-enabled --dma-cps-flags=2048 --no-pre-read-main-dll --video-capture-use-gpu-memory-buffer --lang=en-US --js-flags --device-scale-factor=1.25 --num-raster-threads=4 --enable-main-frame-before-activation --renderer-client-id=230 --time-ticks-at-unix-epoch=-1765292561928459 --launch-time-ticks=587473845319 --skip-read-main-dll --metrics-shmem-handle=12792,i,5360861945745838038,4735434784984168845,2097152 --field-trial-handle=2348,i,3026412812974680021,9572377275827512412,262144 --variations-seed-version --trace-process-track-uuid=3190709201831496764 --mojo-platform-channel-handle=12984 /prefetch:1", "matched_events": [{"event_id": 1, "timestamp": "2025-12-16 17:13:55", "image": "C:\\Program Files (x86)\\Microsoft\\Edge\\Application\\msedge.exe", "commandline": "\"C:\\Program Files (x86)\\Microsoft\\Edge\\Application\\msedge.exe\" --type=renderer --pdf-upsell-enabled --dma-cps-flags=2048 --no-pre-read-main-dll --video-capture-use-gpu-memory-buffer --lang=en-US --js-flags --device-scale-factor=1.25 --num-raster-threads=4 --enable-main-frame-before-activation --renderer-client-id=230 --time-ticks-at-unix-epoch=-1765292561928459 --launch-time-ticks=587473845319 --skip-read-main-dll --metrics-shmem-handle=12792,i,5360861945745838038,4735434784984168845,2097152 --field-trial-handle=2348,i,3026412812974680021,9572377275827512412,262144 --variations-seed-version --trace-process-track-uuid=3190709201831496764 --mojo-platform-channel-handle=12984 /prefetch:1", "target_filename": "", "details": "", "user": "TRAN-LAPPY\\Ai Tran", "parent_image": "C:\\Program Files (x86)\\Microsoft\\Edge\\Application\\msedge.exe", "target_image": ""}]}, {"timestamp": "2025-12-16 17:17:51", "technique_id": "T1547.001", "technique_name": "Registry Run Keys Persistence", "confidence": 55.0, "patterns": ["startup"], "source": "C:\\Program Files (x86)\\Microsoft\\Edge\\Application\\msedge.exe", "event_id": 1, "command_line": "\"C:\\Program Files (x86)\\Microsoft\\Edge\\Application\\msedge.exe\" --type=renderer --pdf-upsell-enabled --dma-cps-flags=2048 --no-pre-read-main-dll --video-capture-use-gpu-memory-buffer --lang=en-US --js-flags --device-scale-factor=1.25 --num-raster-threads=4 --enable-main-frame-before-activation --renderer-client-id=233 --time-ticks-at-unix-epoch=-1765292561928459 --launch-time-ticks=587708995225 --skip-read-main-dll --metrics-shmem-handle=8280,i,1119131703573734648,3652459496662984066,2097152 --field-trial-handle=2348,i,3026412812974680021,9572377275827512412,262144 --variations-seed-version --trace-process-track-uuid=3190709204642622311 --mojo-platform-channel-handle=12840 /prefetch:1", "matched_events": [{"event_id": 1, "timestamp": "2025-12-16 17:17:50", "image": "C:\\Program Files (x86)\\Microsoft\\Edge\\Application\\msedge.exe", "commandline": "\"C:\\Program Files (x86)\\Microsoft\\Edge\\Application\\msedge.exe\" --type=renderer --pdf-upsell-enabled --dma-cps-flags=2048 --no-pre-read-main-dll --video-capture-use-gpu-memory-buffer --lang=en-US --js-flags --device-scale-factor=1.25 --num-raster-threads=4 --enable-main-frame-before-activation --renderer-client-id=233 --time-ticks-at-unix-epoch=-1765292561928459 --launch-time-ticks=587708995225 --skip-read-main-dll --metrics-shmem-handle=8280,i,1119131703573734648,3652459496662984066,2097152 --field-trial-handle=2348,i,3026412812974680021,9572377275827512412,262144 --variations-seed-version --trace-process-track-uuid=3190709204642622311 --mojo-platform-channel-handle=12840 /prefetch:1", "target_filename": "", "details": "", "user": "TRAN-LAPPY\\Ai Tran", "parent_image": "C:\\Program Files (x86)\\Microsoft\\Edge\\Application\\msedge.exe", "target_image": ""}]}, {"timestamp": "2025-12-16 17:18:55", "technique_id": "T1059.001", "technique_name": "PowerShell Execution", "confidence": 57.3, "patterns": ["powershell", "invoke-webrequest", "-nop"], "source": "C:\\Windows\\System32\\WindowsPowerShell\\v1.0\\powershell.exe", "event_id": 1, "command_line": "\"C:\\Windows\\System32\\WindowsPowerShell\\v1.0\\powershell.exe\" -NoProfile -Command \"try { =Invoke-WebRequest -Uri 'http://127.0.0.1:8501' -UseBasicParsing -TimeoutSec 5; Write-Output (.StatusCode.ToString() + ' ' + .StatusDescription) } catch { Write-Output ('ERR: ' + .Exception.Message) }\"", "matched_events": [{"event_id": 1, "timestamp": "2025-12-16 17:18:55", "image": "C:\\Windows\\System32\\WindowsPowerShell\\v1.0\\powershell.exe", "commandline": "\"C:\\Windows\\System32\\WindowsPowerShell\\v1.0\\powershell.exe\" -NoProfile -Command \"try { =Invoke-WebRequest -Uri 'http://127.0.0.1:8501' -UseBasicParsing -TimeoutSec 5; Write-Output (.StatusCode.ToString() + ' ' + .StatusDescription) } catch { Write-Output ('ERR: ' + .Exception.Message) }\"", "target_filename": "", "details": "", "user": "TRAN-LAPPY\\Ai Tran", "parent_image": "C:\\Windows\\System32\\WindowsPowerShell\\v1.0\\powershell.exe", "target_image": ""}]}, {"timestamp": "2025-12-16 17:19:32", "technique_id": "T1059.001", "technique_name": "PowerShell Execution", "confidence": 48.2, "patterns": ["powershell", "-nop"], "source": "C:\\Windows\\System32\\curl.exe", "event_id": 1, "command_line": "\"C:\\Windows\\system32\\curl.exe\" -I http://127.0.0.1:8501", "matched_events": [{"event_id": 1, "timestamp": "2025-12-16 17:19:29", "image": "C:\\Windows\\System32\\curl.exe", "commandline": "\"C:\\Windows\\system32\\curl.exe\" -I http://127.0.0.1:8501", "target_filename": "", "details": "", "user": "TRAN-LAPPY\\Ai Tran", "parent_image": "C:\\Windows\\System32\\WindowsPowerShell\\v1.0\\powershell.exe", "target_image": ""}]}, {"timestamp": "2025-12-16 17:20:07", "technique_id": "T1547.001", "technique_name": "Registry Run Keys Persistence", "confidence": 55.0, "patterns": ["startup"], "source": "C:\\Program Files (x86)\\Microsoft\\Edge\\Application\\msedge.exe", "event_id": 1, "command_line": "\"C:\\Program Files (x86)\\Microsoft\\Edge\\Application\\msedge.exe\" --type=renderer --pdf-upsell-enabled --dma-cps-flags=2048 --no-pre-read-main-dll --video-capture-use-gpu-memory-buffer --lang=en-US --js-flags --device-scale-factor=1.25 --num-raster-threads=4 --enable-main-frame-before-activation --renderer-client-id=235 --time-ticks-at-unix-epoch=-1765292561928459 --launch-time-ticks=587843267232 --ssd-no-pressure-read-main-dll --metrics-shmem-handle=9832,i,2622096370518550528,6542688486229796544,2097152 --field-trial-handle=2348,i,3026412812974680021,9572377275827512412,262144 --variations-seed-version --trace-process-track-uuid=3190709206516706009 --mojo-platform-channel-handle=6820 /prefetch:1", "matched_events": [{"event_id": 1, "timestamp": "2025-12-16 17:20:04", "image": "C:\\Program Files (x86)\\Microsoft\\Edge\\Application\\msedge.exe", "commandline": "\"C:\\Program Files (x86)\\Microsoft\\Edge\\Application\\msedge.exe\" --type=renderer --pdf-upsell-enabled --dma-cps-flags=2048 --no-pre-read-main-dll --video-capture-use-gpu-memory-buffer --lang=en-US --js-flags --device-scale-factor=1.25 --num-raster-threads=4 --enable-main-frame-before-activation --renderer-client-id=235 --time-ticks-at-unix-epoch=-1765292561928459 --launch-time-ticks=587843267232 --ssd-no-pressure-read-main-dll --metrics-shmem-handle=9832,i,2622096370518550528,6542688486229796544,2097152 --field-trial-handle=2348,i,3026412812974680021,9572377275827512412,262144 --variations-seed-version --trace-process-track-uuid=3190709206516706009 --mojo-platform-channel-handle=6820 /prefetch:1", "target_filename": "", "details": "", "user": "TRAN-LAPPY\\Ai Tran", "parent_image": "C:\\Program Files (x86)\\Microsoft\\Edge\\Application\\msedge.exe", "target_image": ""}]}, {"timestamp": "2025-12-16 17:20:28", "technique_id": "T1059.001", "technique_name": "PowerShell Execution", "confidence": 48.2, "patterns": ["powershell", "-nop"], "source": "C:\\Windows\\System32\\curl.exe", "event_id": 1, "command_line": "\"C:\\Windows\\system32\\curl.exe\" -I http://127.0.0.1:8501 -m 5", "matched_events": [{"event_id": 1, "timestamp": "2025-12-16 17:20:26", "image": "C:\\Windows\\System32\\curl.exe", "commandline": "\"C:\\Windows\\system32\\curl.exe\" -I http://127.0.0.1:8501 -m 5", "target_filename": "", "details": "", "user": "TRAN-LAPPY\\Ai Tran", "parent_image": "C:\\Windows\\System32\\WindowsPowerShell\\v1.0\\powershell.exe", "target_image": ""}]}, {"timestamp": "2025-12-16 17:20:38", "technique_id": "T1059.001", "technique_name": "PowerShell Execution", "confidence": 48.2, "patterns": ["powershell", "-nop"], "source": "C:\\Windows\\System32\\WindowsPowerShell\\v1.0\\powershell.exe", "event_id": 1, "command_line": "\"C:\\Windows\\System32\\WindowsPowerShell\\v1.0\\powershell.exe\" -NoProfile -Command \"Get-CimInstance Win32_Process -Filter \"ProcessId=7324\" | Select-Object CommandLine | Format-List\"", "matched_events": [{"event_id": 1, "timestamp": "2025-12-16 17:20:35", "image": "C:\\Windows\\System32\\WindowsPowerShell\\v1.0\\powershell.exe", "commandline": "\"C:\\Windows\\System32\\WindowsPowerShell\\v1.0\\powershell.exe\" -NoProfile -Command \"Get-CimInstance Win32_Process -Filter \"ProcessId=7324\" | Select-Object CommandLine | Format-List\"", "target_filename": "", "details": "", "user": "TRAN-LAPPY\\Ai Tran", "parent_image": "C:\\Windows\\System32\\WindowsPowerShell\\v1.0\\powershell.exe", "target_image": ""}]}, {"timestamp": "2025-12-16 17:22:07", "technique_id": "T1204.002", "technique_name": "Malicious File Execution", "confidence": 41.1, "patterns": [".js"], "source": "C:\\Users\\Admin\\AppData\\Local\\Programs\\Microsoft VS Code\\Code.exe", "event_id": 1, "command_line": "\"C:\\Users\\Admin\\AppData\\Local\\Programs\\Microsoft VS Code\\Code.exe\" --version", "matched_events": [{"event_id": 1, "timestamp": "2025-12-16 17:22:05", "image": "C:\\Users\\Admin\\AppData\\Local\\Programs\\Microsoft VS Code\\Code.exe", "commandline": "\"C:\\Users\\Admin\\AppData\\Local\\Programs\\Microsoft VS Code\\Code.exe\" --version", "target_filename": "", "details": "", "user": "TRAN-LAPPY\\Ai Tran", "parent_image": "C:\\Users\\Admin\\AppData\\Local\\Programs\\Microsoft VS Code\\Code.exe", "target_image": ""}]}, {"timestamp": "2025-12-16 17:23:31", "technique_id": "T1059.001", "technique_name": "PowerShell Execution", "confidence": 57.3, "patterns": ["powershell", "bypass", "-nop"], "source": "C:\\Windows\\System32\\WindowsPowerShell\\v1.0\\powershell.exe", "event_id": 1, "command_line": "\"C:\\Windows\\System32\\WindowsPowerShell\\v1.0\\powershell.exe\" -NoProfile -ExecutionPolicy Bypass -Command \"Set-Location -LiteralPath 'D:\\nckh\\auditlog\\demo_system\\attacks'; .\\test_individual.ps1 -TechniqueID T1204.002\"", "matched_events": [{"event_id": 1, "timestamp": "2025-12-16 17:23:29", "image": "C:\\Windows\\System32\\WindowsPowerShell\\v1.0\\powershell.exe", "commandline": "\"C:\\Windows\\System32\\WindowsPowerShell\\v1.0\\powershell.exe\" -NoProfile -ExecutionPolicy Bypass -Command \"Set-Location -LiteralPath 'D:\\nckh\\auditlog\\demo_system\\attacks'; .\\test_individual.ps1 -TechniqueID T1204.002\"", "target_filename": "", "details": "", "user": "TRAN-LAPPY\\Ai Tran", "parent_image": "C:\\Windows\\System32\\WindowsPowerShell\\v1.0\\powershell.exe", "target_image": ""}]}, {"timestamp": "2025-12-16 17:23:33", "technique_id": "T1204.002", "technique_name": "Malicious File Execution", "confidence": 52.2, "patterns": ["cscript", ".vbs"], "source": "C:\\Windows\\System32\\timeout.exe", "event_id": 1, "command_line": "timeout  /t 8", "matched_events": [{"event_id": 1, "timestamp": "2025-12-16 17:23:30", "image": "C:\\Windows\\System32\\timeout.exe", "commandline": "timeout  /t 8", "target_filename": "", "details": "", "user": "TRAN-LAPPY\\Ai Tran", "parent_image": "C:\\Windows\\System32\\cmd.exe", "target_image": ""}]}, {"timestamp": "2025-12-16 17:25:00", "technique_id": "T1547.001", "technique_name": "Registry Run Keys Persistence", "confidence": 55.0, "patterns": ["startup"], "source": "C:\\Program Files (x86)\\Microsoft\\Edge\\Application\\msedge.exe", "event_id": 1, "command_line": "\"C:\\Program Files (x86)\\Microsoft\\Edge\\Application\\msedge.exe\" --type=renderer --pdf-upsell-enabled --dma-cps-flags=2048 --no-pre-read-main-dll --video-capture-use-gpu-memory-buffer --lang=en-US --js-flags --device-scale-factor=1.25 --num-raster-threads=4 --enable-main-frame-before-activation --renderer-client-id=242 --time-ticks-at-unix-epoch=-1765292561928459 --launch-time-ticks=588137001661 --skip-read-main-dll --metrics-shmem-handle=6968,i,5788302304955229383,14222764083607048220,2097152 --field-trial-handle=2348,i,3026412812974680021,9572377275827512412,262144 --variations-seed-version --trace-process-track-uuid=3190709213075998952 --mojo-platform-channel-handle=11736 /prefetch:1", "matched_events": [{"event_id": 1, "timestamp": "2025-12-16 17:24:58", "image": "C:\\Program Files (x86)\\Microsoft\\Edge\\Application\\msedge.exe", "commandline": "\"C:\\Program Files (x86)\\Microsoft\\Edge\\Application\\msedge.exe\" --type=renderer --pdf-upsell-enabled --dma-cps-flags=2048 --no-pre-read-main-dll --video-capture-use-gpu-memory-buffer --lang=en-US --js-flags --device-scale-factor=1.25 --num-raster-threads=4 --enable-main-frame-before-activation --renderer-client-id=242 --time-ticks-at-unix-epoch=-1765292561928459 --launch-time-ticks=588137001661 --skip-read-main-dll --metrics-shmem-handle=6968,i,5788302304955229383,14222764083607048220,2097152 --field-trial-handle=2348,i,3026412812974680021,9572377275827512412,262144 --variations-seed-version --trace-process-track-uuid=3190709213075998952 --mojo-platform-channel-handle=11736 /prefetch:1", "target_filename": "", "details": "", "user": "TRAN-LAPPY\\Ai Tran", "parent_image": "C:\\Program Files (x86)\\Microsoft\\Edge\\Application\\msedge.exe", "target_image": ""}]}, {"timestamp": "2025-12-16 17:25:00", "technique_id": "T1547.001", "technique_name": "Registry Run Keys Persistence", "confidence": 55.0, "patterns": ["startup"], "source": "C:\\Program Files (x86)\\Microsoft\\Edge\\Application\\msedge.exe", "event_id": 1, "command_line": "\"C:\\Program Files (x86)\\Microsoft\\Edge\\Application\\msedge.exe\" --type=renderer --pdf-upsell-enabled --dma-cps-flags=2048 --no-pre-read-main-dll --video-capture-use-gpu-memory-buffer --lang=en-US --js-flags --device-scale-factor=1.25 --num-raster-threads=4 --enable-main-frame-before-activation --renderer-client-id=241 --time-ticks-at-unix-epoch=-1765292561928459 --launch-time-ticks=588136411758 --skip-read-main-dll --metrics-shmem-handle=8808,i,3623139907671000167,4456423331057945111,2097152 --field-trial-handle=2348,i,3026412812974680021,9572377275827512412,262144 --variations-seed-version --trace-process-track-uuid=3190709212138957103 --mojo-platform-channel-handle=10176 /prefetch:1", "matched_events": [{"event_id": 1, "timestamp": "2025-12-16 17:24:57", "image": "C:\\Program Files (x86)\\Microsoft\\Edge\\Application\\msedge.exe", "commandline": "\"C:\\Program Files (x86)\\Microsoft\\Edge\\Application\\msedge.exe\" --type=renderer --pdf-upsell-enabled --dma-cps-flags=2048 --no-pre-read-main-dll --video-capture-use-gpu-memory-buffer --lang=en-US --js-flags --device-scale-factor=1.25 --num-raster-threads=4 --enable-main-frame-before-activation --renderer-client-id=241 --time-ticks-at-unix-epoch=-1765292561928459 --launch-time-ticks=588136411758 --skip-read-main-dll --metrics-shmem-handle=8808,i,3623139907671000167,4456423331057945111,2097152 --field-trial-handle=2348,i,3026412812974680021,9572377275827512412,262144 --variations-seed-version --trace-process-track-uuid=3190709212138957103 --mojo-platform-channel-handle=10176 /prefetch:1", "target_filename": "", "details": "", "user": "TRAN-LAPPY\\Ai Tran", "parent_image": "C:\\Program Files (x86)\\Microsoft\\Edge\\Application\\msedge.exe", "target_image": ""}]}, 