{"updated": "2025-12-17 00:26:31", "stats": {"total_events": 195, "total_detections": 50, "uptime_seconds": 266}, "events": [{"timestamp": "2025-12-17 00:23:58", "event_id": 5, "image": "C:\\Windows\\System32\\conhost.exe", "commandline": "", "user": "TRAN-LAPPY\\Ai Tran", "target": "", "raw_message": "Process terminated:\r\nRuleName: -\r\nUtcTime: 2025-12-16 17:23:58.265\r\nProcessGuid: {8ba13930-95ae-6941-57c4-010000001a00}\r\nProcessId: 24392\r\nImage: C:\\Windows\\System32\\conhost.exe\r\nUser: TRAN-LAPPY\\Ai Tran"}, {"timestamp": "2025-12-17 00:23:57", "event_id": 5, "image": "C:\\Windows\\System32\\conhost.exe", "commandline": "", "user": "TRAN-LAPPY\\Ai Tran", "target": "", "raw_message": "Process terminated:\r\nRuleName: -\r\nUtcTime: 2025-12-16 17:23:57.831\r\nProcessGuid: {8ba13930-95ad-6941-49c4-010000001a00}\r\nProcessId: 22932\r\nImage: C:\\Windows\\System32\\conhost.exe\r\nUser: TRAN-LAPPY\\Ai Tran"}, {"timestamp": "2025-12-17 00:23:59", "event_id": 5, "image": "C:\\Windows\\System32\\conhost.exe", "commandline": "", "user": "TRAN-LAPPY\\Ai Tran", "target": "", "raw_message": "Process terminated:\r\nRuleName: -\r\nUtcTime: 2025-12-16 17:23:59.548\r\nProcessGuid: {8ba13930-95af-6941-6bc4-010000001a00}\r\nProcessId: 22084\r\nImage: C:\\Windows\\System32\\conhost.exe\r\nUser: TRAN-LAPPY\\Ai Tran"}, {"timestamp": "2025-12-17 00:24:01", "event_id": 5, "image": "C:\\Windows\\System32\\WindowsPowerShell\\v1.0\\powershell.exe", "commandline": "", "user": "TRAN-LAPPY\\Ai Tran", "target": "", "raw_message": "Process terminated:\r\nRuleName: -\r\nUtcTime: 2025-12-16 17:24:01.316\r\nProcessGuid: {8ba13930-95b0-6941-6dc4-010000001a00}\r\nProcessId: 12180\r\nImage: C:\\Windows\\System32\\WindowsPowerShell\\v1.0\\powershell.exe\r\nUser: TRAN-LAPPY\\Ai Tran"}, {"timestamp": "2025-12-17 00:24:02", "event_id": 5, "image": "C:\\Windows\\System32\\conhost.exe", "commandline": "", "user": "TRAN-LAPPY\\Ai Tran", "target": "", "raw_message": "Process terminated:\r\nRuleName: -\r\nUtcTime: 2025-12-16 17:24:02.930\r\nProcessGuid: {8ba13930-95b2-6941-78c4-010000001a00}\r\nProcessId: 22760\r\nImage: C:\\Windows\\System32\\conhost.exe\r\nUser: TRAN-LAPPY\\Ai Tran"}, {"timestamp": "2025-12-17 00:24:04", "event_id": 5, "image": "C:\\Windows\\System32\\WindowsPowerShell\\v1.0\\powershell.exe", "commandline": "", "user": "TRAN-LAPPY\\Ai Tran", "target": "", "raw_message": "Process terminated:\r\nRuleName: -\r\nUtcTime: 2025-12-16 17:24:04.108\r\nProcessGuid: {8ba13930-95b3-6941-7bc4-010000001a00}\r\nProcessId: 28224\r\nImage: C:\\Windows\\System32\\WindowsPowerShell\\v1.0\\powershell.exe\r\nUser: TRAN-LAPPY\\Ai Tran"}, {"timestamp": "2025-12-17 00:24:05", "event_id": 5, "image": "C:\\Windows\\System32\\WindowsPowerShell\\v1.0\\powershell.exe", "commandline": "", "user": "TRAN-LAPPY\\Ai Tran", "target": "", "raw_message": "Process terminated:\r\nRuleName: -\r\nUtcTime: 2025-12-16 17:24:05.532\r\nProcessGuid: {8ba13930-95b5-6941-7cc4-010000001a00}\r\nProcessId: 18724\r\nImage: C:\\Windows\\System32\\WindowsPowerShell\\v1.0\\powershell.exe\r\nUser: TRAN-LAPPY\\Ai Tran"}, {"timestamp": "2025-12-17 00:24:08", "event_id": 5, "image": "C:\\Windows\\System32\\WindowsPowerShell\\v1.0\\powershell.exe", "commandline": "", "user": "TRAN-LAPPY\\Ai Tran", "target": "", "raw_message": "Process terminated:\r\nRuleName: -\r\nUtcTime: 2025-12-16 17:24:08.977\r\nProcessGuid: {8ba13930-95b8-6941-8ac4-010000001a00}\r\nProcessId: 27736\r\nImage: C:\\Windows\\System32\\WindowsPowerShell\\v1.0\\powershell.exe\r\nUser: TRAN-LAPPY\\Ai Tran"}, {"timestamp": "2025-12-17 00:24:10", "event_id": 5, "image": "C:\\Windows\\System32\\WindowsPowerShell\\v1.0\\powershell.exe", "commandline": "", "user": "TRAN-LAPPY\\Ai Tran", "target": "", "raw_message": "Process terminated:\r\nRuleName: -\r\nUtcTime: 2025-12-16 17:24:10.350\r\nProcessGuid: {8ba13930-95b9-6941-8bc4-010000001a00}\r\nProcessId: 15968\r\nImage: C:\\Windows\\System32\\WindowsPowerShell\\v1.0\\powershell.exe\r\nUser: TRAN-LAPPY\\Ai Tran"}, {"timestamp": "2025-12-17 00:24:11", "event_id": 5, "image": "C:\\Windows\\System32\\WindowsPowerShell\\v1.0\\powershell.exe", "commandline": "", "user": "TRAN-LAPPY\\Ai Tran", "target": "", "raw_message": "Process terminated:\r\nRuleName: -\r\nUtcTime: 2025-12-16 17:24:11.737\r\nProcessGuid: {8ba13930-95bb-6941-8cc4-010000001a00}\r\nProcessId: 21760\r\nImage: C:\\Windows\\System32\\WindowsPowerShell\\v1.0\\powershell.exe\r\nUser: TRAN-LAPPY\\Ai Tran"}, {"timestamp": "2025-12-17 00:24:13", "event_id": 5, "image": "C:\\Windows\\System32\\conhost.exe", "commandline": "", "user": "TRAN-LAPPY\\Ai Tran", "target": "", "raw_message": "Process terminated:\r\nRuleName: -\r\nUtcTime: 2025-12-16 17:24:13.216\r\nProcessGuid: {8ba13930-95bd-6941-96c4-010000001a00}\r\nProcessId: 3080\r\nImage: C:\\Windows\\System32\\conhost.exe\r\nUser: TRAN-LAPPY\\Ai Tran"}, {"timestamp": "2025-12-17 00:24:14", "event_id": 5, "image": "C:\\Windows\\System32\\WindowsPowerShell\\v1.0\\powershell.exe", "commandline": "", "user": "TRAN-LAPPY\\Ai Tran", "target": "", "raw_message": "Process terminated:\r\nRuleName: -\r\nUtcTime: 2025-12-16 17:24:14.415\r\nProcessGuid: {8ba13930-95be-6941-9ac4-010000001a00}\r\nProcessId: 23200\r\nImage: C:\\Windows\\System32\\WindowsPowerShell\\v1.0\\powershell.exe\r\nUser: TRAN-LAPPY\\Ai Tran"}, {"timestamp": "2025-12-17 00:24:16", "event_id": 5, "image": "C:\\Users\\Admin\\AppData\\Local\\Programs\\Microsoft VS Code\\Code.exe", "commandline": "", "user": "TRAN-LAPPY\\Ai Tran", "target": "", "raw_message": "Process terminated:\r\nRuleName: -\r\nUtcTime: 2025-12-16 17:24:16.242\r\nProcessGuid: {8ba13930-95c0-6941-9cc4-010000001a00}\r\nProcessId: 22612\r\nImage: C:\\Users\\Admin\\AppData\\Local\\Programs\\Microsoft VS Code\\Code.exe\r\nUser: TRAN-LAPPY\\Ai Tran"}, {"timestamp": "2025-12-17 00:24:15", "event_id": 5, "image": "C:\\Windows\\System32\\WindowsPowerShell\\v1.0\\powershell.exe", "commandline": "", "user": "TRAN-LAPPY\\Ai Tran", "target": "", "raw_message": "Process terminated:\r\nRuleName: -\r\nUtcTime: 2025-12-16 17:24:15.905\r\nProcessGuid: {8ba13930-95bf-6941-9bc4-010000001a00}\r\nProcessId: 24456\r\nImage: C:\\Windows\\System32\\WindowsPowerShell\\v1.0\\powershell.exe\r\nUser: TRAN-LAPPY\\Ai Tran"}, {"timestamp": "2025-12-17 00:24:17", "event_id": 5, "image": "C:\\Windows\\System32\\WindowsPowerShell\\v1.0\\powershell.exe", "commandline": "", "user": "TRAN-LAPPY\\Ai Tran", "target": "", "raw_message": "Process terminated:\r\nRuleName: -\r\nUtcTime: 2025-12-16 17:24:17.373\r\nProcessGuid: {8ba13930-95c0-6941-9dc4-010000001a00}\r\nProcessId: 21200\r\nImage: C:\\Windows\\System32\\WindowsPowerShell\\v1.0\\powershell.exe\r\nUser: TRAN-LAPPY\\Ai Tran"}, {"timestamp": "2025-12-17 00:24:18", "event_id": 5, "image": "C:\\Windows\\System32\\WindowsPowerShell\\v1.0\\powershell.exe", "commandline": "", "user": "TRAN-LAPPY\\Ai Tran", "target": "", "raw_message": "Process terminated:\r\nRuleName: -\r\nUtcTime: 2025-12-16 17:24:18.842\r\nProcessGuid: {8ba13930-95c2-6941-aac4-010000001a00}\r\nProcessId: 15220\r\nImage: C:\\Windows\\System32\\WindowsPowerShell\\v1.0\\powershell.exe\r\nUser: TRAN-LAPPY\\Ai Tran"}, {"timestamp": "2025-12-17 00:24:20", "event_id": 5, "image": "C:\\Windows\\System32\\conhost.exe", "commandline": "", "user": "TRAN-LAPPY\\Ai Tran", "target": "", "raw_message": "Process terminated:\r\nRuleName: -\r\nUtcTime: 2025-12-16 17:24:20.617\r\nProcessGuid: {8ba13930-95c4-6941-c2c4-010000001a00}\r\nProcessId: 5824\r\nImage: C:\\Windows\\System32\\conhost.exe\r\nUser: TRAN-LAPPY\\Ai Tran"}, {"timestamp": "2025-12-17 00:24:21", "event_id": 5, "image": "C:\\Windows\\System32\\WindowsPowerShell\\v1.0\\powershell.exe", "commandline": "", "user": "TRAN-LAPPY\\Ai Tran", "target": "", "raw_message": "Process terminated:\r\nRuleName: -\r\nUtcTime: 2025-12-16 17:24:21.738\r\nProcessGuid: {8ba13930-95c5-6941-c4c4-010000001a00}\r\nProcessId: 2664\r\nImage: C:\\Windows\\System32\\WindowsPowerShell\\v1.0\\powershell.exe\r\nUser: TRAN-LAPPY\\Ai Tran"}, {"timestamp": "2025-12-17 00:24:23", "event_id": 5, "image": "C:\\Windows\\System32\\conhost.exe", "commandline": "", "user": "TRAN-LAPPY\\Ai Tran", "target": "", "raw_message": "Process terminated:\r\nRuleName: -\r\nUtcTime: 2025-12-16 17:24:23.479\r\nProcessGuid: {8ba13930-95c7-6941-e6c4-010000001a00}\r\nProcessId: 8340\r\nImage: C:\\Windows\\System32\\conhost.exe\r\nUser: TRAN-LAPPY\\Ai Tran"}, {"timestamp": "2025-12-17 00:24:24", "event_id": 5, "image": "C:\\Windows\\System32\\WindowsPowerShell\\v1.0\\powershell.exe", "commandline": "", "user": "TRAN-LAPPY\\Ai Tran", "target": "", "raw_message": "Process terminated:\r\nRuleName: -\r\nUtcTime: 2025-12-16 17:24:24.834\r\nProcessGuid: {8ba13930-95c8-6941-e9c4-010000001a00}\r\nProcessId: 6644\r\nImage: C:\\Windows\\System32\\WindowsPowerShell\\v1.0\\powershell.exe\r\nUser: TRAN-LAPPY\\Ai Tran"}, {"timestamp": "2025-12-17 00:24:26", "event_id": 5, "image": "C:\\Windows\\System32\\WindowsPowerShell\\v1.0\\powershell.exe", "commandline": "", "user": "TRAN-LAPPY\\Ai Tran", "target": "", "raw_message": "Process terminated:\r\nRuleName: -\r\nUtcTime: 2025-12-16 17:24:26.736\r\nProcessGuid: {8ba13930-95c9-6941-eac4-010000001a00}\r\nProcessId: 20420\r\nImage: C:\\Windows\\System32\\WindowsPowerShell\\v1.0\\powershell.exe\r\nUser: TRAN-LAPPY\\Ai Tran"}, {"timestamp": "2025-12-17 00:24:28", "event_id": 5, "image": "C:\\Windows\\System32\\WindowsPowerShell\\v1.0\\powershell.exe", "commandline": "", "user": "TRAN-LAPPY\\Ai Tran", "target": "", "raw_message": "Process terminated:\r\nRuleName: -\r\nUtcTime: 2025-12-16 17:24:28.493\r\nProcessGuid: {8ba13930-95cb-6941-ebc4-010000001a00}\r\nProcessId: 19304\r\nImage: C:\\Windows\\System32\\WindowsPowerShell\\v1.0\\powershell.exe\r\nUser: TRAN-LAPPY\\Ai Tran"}, {"timestamp": "2025-12-17 00:24:30", "event_id": 5, "image": "C:\\Windows\\System32\\WindowsPowerShell\\v1.0\\powershell.exe", "commandline": "", "user": "TRAN-LAPPY\\Ai Tran", "target": "", "raw_message": "Process terminated:\r\nRuleName: -\r\nUtcTime: 2025-12-16 17:24:30.138\r\nProcessGuid: {8ba13930-95cd-6941-ecc4-010000001a00}\r\nProcessId: 2932\r\nImage: C:\\Windows\\System32\\WindowsPowerShell\\v1.0\\powershell.exe\r\nUser: TRAN-LAPPY\\Ai Tran"}, {"timestamp": "2025-12-17 00:24:31", "event_id": 5, "image": "C:\\Windows\\System32\\WindowsPowerShell\\v1.0\\powershell.exe", "commandline": "", "user": "TRAN-LAPPY\\Ai Tran", "target": "", "raw_message": "Process terminated:\r\nRuleName: -\r\nUtcTime: 2025-12-16 17:24:31.903\r\nProcessGuid: {8ba13930-95cf-6941-edc4-010000001a00}\r\nProcessId: 14184\r\nImage: C:\\Windows\\System32\\WindowsPowerShell\\v1.0\\powershell.exe\r\nUser: TRAN-LAPPY\\Ai Tran"}, {"timestamp": "2025-12-17 00:24:33", "event_id": 5, "image": "C:\\Windows\\System32\\WindowsPowerShell\\v1.0\\powershell.exe", "commandline": "", "user": "TRAN-LAPPY\\Ai Tran", "target": "", "raw_message": "Process terminated:\r\nRuleName: -\r\nUtcTime: 2025-12-16 17:24:33.706\r\nProcessGuid: {8ba13930-95d0-6941-eec4-010000001a00}\r\nProcessId: 8404\r\nImage: C:\\Windows\\System32\\WindowsPowerShell\\v1.0\\powershell.exe\r\nUser: TRAN-LAPPY\\Ai Tran"}, {"timestamp": "2025-12-17 00:24:35", "event_id": 5, "image": "C:\\Windows\\System32\\WindowsPowerShell\\v1.0\\powershell.exe", "commandline": "", "user": "TRAN-LAPPY\\Ai Tran", "target": "", "raw_message": "Process terminated:\r\nRuleName: -\r\nUtcTime: 2025-12-16 17:24:35.483\r\nProcessGuid: {8ba13930-95d2-6941-efc4-010000001a00}\r\nProcessId: 28588\r\nImage: C:\\Windows\\System32\\WindowsPowerShell\\v1.0\\powershell.exe\r\nUser: TRAN-LAPPY\\Ai Tran"}, {"timestamp": "2025-12-17 00:24:37", "event_id": 5, "image": "C:\\Windows\\System32\\WindowsPowerShell\\v1.0\\powershell.exe", "commandline": "", "user": "TRAN-LAPPY\\Ai Tran", "target": "", "raw_message": "Process terminated:\r\nRuleName: -\r\nUtcTime: 2025-12-16 17:24:37.286\r\nProcessGuid: {8ba13930-95d4-6941-f0c4-010000001a00}\r\nProcessId: 23768\r\nImage: C:\\Windows\\System32\\WindowsPowerShell\\v1.0\\powershell.exe\r\nUser: TRAN-LAPPY\\Ai Tran"}, {"timestamp": "2025-12-17 00:24:39", "event_id": 5, "image": "C:\\Windows\\System32\\WindowsPowerShell\\v1.0\\powershell.exe", "commandline": "", "user": "TRAN-LAPPY\\Ai Tran", "target": "", "raw_message": "Process terminated:\r\nRuleName: -\r\nUtcTime: 2025-12-16 17:24:39.029\r\nProcessGuid: {8ba13930-95d6-6941-f1c4-010000001a00}\r\nProcessId: 2440\r\nImage: C:\\Windows\\System32\\WindowsPowerShell\\v1.0\\powershell.exe\r\nUser: TRAN-LAPPY\\Ai Tran"}, {"timestamp": "2025-12-17 00:24:40", "event_id": 5, "image": "C:\\Windows\\System32\\WindowsPowerShell\\v1.0\\powershell.exe", "commandline": "", "user": "TRAN-LAPPY\\Ai Tran", "target": "", "raw_message": "Process terminated:\r\nRuleName: -\r\nUtcTime: 2025-12-16 17:24:40.793\r\nProcessGuid: {8ba13930-95d8-6941-f2c4-010000001a00}\r\nProcessId: 17880\r\nImage: C:\\Windows\\System32\\WindowsPowerShell\\v1.0\\powershell.exe\r\nUser: TRAN-LAPPY\\Ai Tran"}, {"timestamp": "2025-12-17 00:24:42", "event_id": 5, "image": "C:\\Windows\\System32\\WindowsPowerShell\\v1.0\\powershell.exe", "commandline": "", "user": "TRAN-LAPPY\\Ai Tran", "target": "", "raw_message": "Process terminated:\r\nRuleName: -\r\nUtcTime: 2025-12-16 17:24:42.551\r\nProcessGuid: {8ba13930-95d9-6941-f3c4-010000001a00}\r\nProcessId: 20872\r\nImage: C:\\Windows\\System32\\WindowsPowerShell\\v1.0\\powershell.exe\r\nUser: TRAN-LAPPY\\Ai Tran"}, {"timestamp": "2025-12-17 00:24:44", "event_id": 5, "image": "C:\\Windows\\System32\\WindowsPowerShell\\v1.0\\powershell.exe", "commandline": "", "user": "TRAN-LAPPY\\Ai Tran", "target": "", "raw_message": "Process terminated:\r\nRuleName: -\r\nUtcTime: 2025-12-16 17:24:44.362\r\nProcessGuid: {8ba13930-95db-6941-f4c4-010000001a00}\r\nProcessId: 14032\r\nImage: C:\\Windows\\System32\\WindowsPowerShell\\v1.0\\powershell.exe\r\nUser: TRAN-LAPPY\\Ai Tran"}, {"timestamp": "2025-12-17 00:24:46", "event_id": 5, "image": "C:\\Windows\\System32\\WindowsPowerShell\\v1.0\\powershell.exe", "commandline": "", "user": "TRAN-LAPPY\\Ai Tran", "target": "", "raw_message": "Process terminated:\r\nRuleName: -\r\nUtcTime: 2025-12-16 17:24:46.145\r\nProcessGuid: {8ba13930-95dd-6941-f5c4-010000001a00}\r\nProcessId: 22624\r\nImage: C:\\Windows\\System32\\WindowsPowerShell\\v1.0\\powershell.exe\r\nUser: TRAN-LAPPY\\Ai Tran"}, {"timestamp": "2025-12-17 00:24:47", "event_id": 5, "image": "C:\\Windows\\System32\\WindowsPowerShell\\v1.0\\powershell.exe", "commandline": "", "user": "TRAN-LAPPY\\Ai Tran", "target": "", "raw_message": "Process terminated:\r\nRuleName: -\r\nUtcTime: 2025-12-16 17:24:47.927\r\nProcessGuid: {8ba13930-95df-6941-f6c4-010000001a00}\r\nProcessId: 4844\r\nImage: C:\\Windows\\System32\\WindowsPowerShell\\v1.0\\powershell.exe\r\nUser: TRAN-LAPPY\\Ai Tran"}, {"timestamp": "2025-12-17 00:24:49", "event_id": 5, "image": "C:\\Windows\\System32\\WindowsPowerShell\\v1.0\\powershell.exe", "commandline": "", "user": "TRAN-LAPPY\\Ai Tran", "target": "", "raw_message": "Process terminated:\r\nRuleName: -\r\nUtcTime: 2025-12-16 17:24:49.650\r\nProcessGuid: {8ba13930-95e0-6941-f7c4-010000001a00}\r\nProcessId: 2108\r\nImage: C:\\Windows\\System32\\WindowsPowerShell\\v1.0\\powershell.exe\r\nUser: TRAN-LAPPY\\Ai Tran"}, {"timestamp": "2025-12-17 00:24:51", "event_id": 5, "image": "C:\\Windows\\System32\\WindowsPowerShell\\v1.0\\powershell.exe", "commandline": "", "user": "TRAN-LAPPY\\Ai Tran", "target": "", "raw_message": "Process terminated:\r\nRuleName: -\r\nUtcTime: 2025-12-16 17:24:51.422\r\nProcessGuid: {8ba13930-95e2-6941-f8c4-010000001a00}\r\nProcessId: 3696\r\nImage: C:\\Windows\\System32\\WindowsPowerShell\\v1.0\\powershell.exe\r\nUser: TRAN-LAPPY\\Ai Tran"}, {"timestamp": "2025-12-17 00:24:53", "event_id": 5, "image": "C:\\Windows\\System32\\WindowsPowerShell\\v1.0\\powershell.exe", "commandline": "", "user": "TRAN-LAPPY\\Ai Tran", "target": "", "raw_message": "Process terminated:\r\nRuleName: -\r\nUtcTime: 2025-12-16 17:24:53.139\r\nProcessGuid: {8ba13930-95e4-6941-f9c4-010000001a00}\r\nProcessId: 27280\r\nImage: C:\\Windows\\System32\\WindowsPowerShell\\v1.0\\powershell.exe\r\nUser: TRAN-LAPPY\\Ai Tran"}, {"timestamp": "2025-12-17 00:24:54", "event_id": 5, "image": "C:\\Windows\\System32\\WindowsPowerShell\\v1.0\\powershell.exe", "commandline": "", "user": "TRAN-LAPPY\\Ai Tran", "target": "", "raw_message": "Process terminated:\r\nRuleName: -\r\nUtcTime: 2025-12-16 17:24:54.827\r\nProcessGuid: {8ba13930-95e6-6941-fac4-010000001a00}\r\nProcessId: 5388\r\nImage: C:\\Windows\\System32\\WindowsPowerShell\\v1.0\\powershell.exe\r\nUser: TRAN-LAPPY\\Ai Tran"}, {"timestamp": "2025-12-17 00:24:56", "event_id": 5, "image": "C:\\Windows\\System32\\WindowsPowerShell\\v1.0\\powershell.exe", "commandline": "", "user": "TRAN-LAPPY\\Ai Tran", "target": "", "raw_message": "Process terminated:\r\nRuleName: -\r\nUtcTime: 2025-12-16 17:24:56.662\r\nProcessGuid: {8ba13930-95e7-6941-fbc4-010000001a00}\r\nProcessId: 18444\r\nImage: C:\\Windows\\System32\\WindowsPowerShell\\v1.0\\powershell.exe\r\nUser: TRAN-LAPPY\\Ai Tran"}, {"timestamp": "2025-12-17 00:24:58", "event_id": 5, "image": "C:\\Windows\\System32\\WindowsPowerShell\\v1.0\\powershell.exe", "commandline": "", "user": "TRAN-LAPPY\\Ai Tran", "target": "", "raw_message": "Process terminated:\r\nRuleName: -\r\nUtcTime: 2025-12-16 17:24:58.322\r\nProcessGuid: {8ba13930-95e9-6941-fcc4-010000001a00}\r\nProcessId: 19688\r\nImage: C:\\Windows\\System32\\WindowsPowerShell\\v1.0\\powershell.exe\r\nUser: TRAN-LAPPY\\Ai Tran"}, {"timestamp": "2025-12-17 00:25:00", "event_id": 5, "image": "C:\\Windows\\System32\\WindowsPowerShell\\v1.0\\powershell.exe", "commandline": "", "user": "TRAN-LAPPY\\Ai Tran", "target": "", "raw_message": "Process terminated:\r\nRuleName: -\r\nUtcTime: 2025-12-16 17:25:00.095\r\nProcessGuid: {8ba13930-95eb-6941-fdc4-010000001a00}\r\nProcessId: 6824\r\nImage: C:\\Windows\\System32\\WindowsPowerShell\\v1.0\\powershell.exe\r\nUser: TRAN-LAPPY\\Ai Tran"}, {"timestamp": "2025-12-17 00:25:01", "event_id": 5, "image": "C:\\Windows\\System32\\WindowsPowerShell\\v1.0\\powershell.exe", "commandline": "", "user": "TRAN-LAPPY\\Ai Tran", "target": "", "raw_message": "Process terminated:\r\nRuleName: -\r\nUtcTime: 2025-12-16 17:25:01.841\r\nProcessGuid: {8ba13930-95ed-6941-fec4-010000001a00}\r\nProcessId: 4672\r\nImage: C:\\Windows\\System32\\WindowsPowerShell\\v1.0\\powershell.exe\r\nUser: TRAN-LAPPY\\Ai Tran"}, {"timestamp": "2025-12-17 00:25:03", "event_id": 5, "image": "C:\\Windows\\System32\\WindowsPowerShell\\v1.0\\powershell.exe", "commandline": "", "user": "TRAN-LAPPY\\Ai Tran", "target": "", "raw_message": "Process terminated:\r\nRuleName: -\r\nUtcTime: 2025-12-16 17:25:03.595\r\nProcessGuid: {8ba13930-95ee-6941-ffc4-010000001a00}\r\nProcessId: 15580\r\nImage: C:\\Windows\\System32\\WindowsPowerShell\\v1.0\\powershell.exe\r\nUser: TRAN-LAPPY\\Ai Tran"}, {"timestamp": "2025-12-17 00:25:05", "event_id": 5, "image": "C:\\Windows\\System32\\WindowsPowerShell\\v1.0\\powershell.exe", "commandline": "", "user": "TRAN-LAPPY\\Ai Tran", "target": "", "raw_message": "Process terminated:\r\nRuleName: -\r\nUtcTime: 2025-12-16 17:25:05.446\r\nProcessGuid: {8ba13930-95f0-6941-00c5-010000001a00}\r\nProcessId: 9288\r\nImage: C:\\Windows\\System32\\WindowsPowerShell\\v1.0\\powershell.exe\r\nUser: TRAN-LAPPY\\Ai Tran"}, {"timestamp": "2025-12-17 00:25:07", "event_id": 5, "image": "C:\\Windows\\System32\\WindowsPowerShell\\v1.0\\powershell.exe", "commandline": "", "user": "TRAN-LAPPY\\Ai Tran", "target": "", "raw_message": "Process terminated:\r\nRuleName: -\r\nUtcTime: 2025-12-16 17:25:07.336\r\nProcessGuid: {8ba13930-95f2-6941-01c5-010000001a00}\r\nProcessId: 14708\r\nImage: C:\\Windows\\System32\\WindowsPowerShell\\v1.0\\powershell.exe\r\nUser: TRAN-LAPPY\\Ai Tran"}, {"timestamp": "2025-12-17 00:25:09", "event_id": 5, "image": "C:\\Windows\\System32\\WindowsPowerShell\\v1.0\\powershell.exe", "commandline": "", "user": "TRAN-LAPPY\\Ai Tran", "target": "", "raw_message": "Process terminated:\r\nRuleName: -\r\nUtcTime: 2025-12-16 17:25:09.083\r\nProcessGuid: {8ba13930-95f4-6941-02c5-010000001a00}\r\nProcessId: 24856\r\nImage: C:\\Windows\\System32\\WindowsPowerShell\\v1.0\\powershell.exe\r\nUser: TRAN-LAPPY\\Ai Tran"}, {"timestamp": "2025-12-17 00:25:10", "event_id": 5, "image": "C:\\Windows\\System32\\WindowsPowerShell\\v1.0\\powershell.exe", "commandline": "", "user": "TRAN-LAPPY\\Ai Tran", "target": "", "raw_message": "Process terminated:\r\nRuleName: -\r\nUtcTime: 2025-12-16 17:25:10.778\r\nProcessGuid: {8ba13930-95f6-6941-03c5-010000001a00}\r\nProcessId: 25344\r\nImage: C:\\Windows\\System32\\WindowsPowerShell\\v1.0\\powershell.exe\r\nUser: TRAN-LAPPY\\Ai Tran"}, {"timestamp": "2025-12-17 00:25:12", "event_id": 5, "image": "C:\\Windows\\System32\\WindowsPowerShell\\v1.0\\powershell.exe", "commandline": "", "user": "TRAN-LAPPY\\Ai Tran", "target": "", "raw_message": "Process terminated:\r\nRuleName: -\r\nUtcTime: 2025-12-16 17:25:12.506\r\nProcessGuid: {8ba13930-95f7-6941-04c5-010000001a00}\r\nProcessId: 29072\r\nImage: C:\\Windows\\System32\\WindowsPowerShell\\v1.0\\powershell.exe\r\nUser: TRAN-LAPPY\\Ai Tran"}, {"timestamp": "2025-12-17 00:25:14", "event_id": 5, "image": "C:\\Windows\\System32\\conhost.exe", "commandline": "", "user": "TRAN-LAPPY\\Ai Tran", "target": "", "raw_message": "Process terminated:\r\nRuleName: -\r\nUtcTime: 2025-12-16 17:25:14.889\r\nProcessGuid: {8ba13930-95fa-6941-25c5-010000001a00}\r\nProcessId: 9144\r\nImage: C:\\Windows\\System32\\conhost.exe\r\nUser: TRAN-LAPPY\\Ai Tran"}, {"timestamp": "2025-12-17 00:25:13", "event_id": 5, "image": "C:\\Windows\\System32\\conhost.exe", "commandline": "", "user": "TRAN-LAPPY\\Ai Tran", "target": "", "raw_message": "Process terminated:\r\nRuleName: -\r\nUtcTime: 2025-12-16 17:25:13.977\r\nProcessGuid: {8ba13930-95f9-6941-1cc5-010000001a00}\r\nProcessId: 25604\r\nImage: C:\\Windows\\System32\\conhost.exe\r\nUser: TRAN-LAPPY\\Ai Tran"}, {"timestamp": "2025-12-17 00:25:15", "event_id": 5, "image": "C:\\Windows\\System32\\WindowsPowerShell\\v1.0\\powershell.exe", "commandline": "", "user": "TRAN-LAPPY\\Ai Tran", "target": "", "raw_message": "Process terminated:\r\nRuleName: -\r\nUtcTime: 2025-12-16 17:25:15.957\r\nProcessGuid: {8ba13930-95fb-6941-26c5-010000001a00}\r\nProcessId: 19616\r\nImage: C:\\Windows\\System32\\WindowsPowerShell\\v1.0\\powershell.exe\r\nUser: TRAN-LAPPY\\Ai Tran"}, {"timestamp": "2025-12-17 00:25:18", "event_id": 5, "image": "C:\\Windows\\System32\\conhost.exe", "commandline": "", "user": "TRAN-LAPPY\\Ai Tran", "target": "", "raw_message": "Process terminated:\r\nRuleName: -\r\nUtcTime: 2025-12-16 17:25:18.857\r\nProcessGuid: {8ba13930-95fe-6941-39c5-010000001a00}\r\nProcessId: 18968\r\nImage: C:\\Windows\\System32\\conhost.exe\r\nUser: TRAN-LAPPY\\Ai Tran"}, {"timestamp": "2025-12-17 00:25:20", "event_id": 5, "image": "C:\\Windows\\System32\\conhost.exe", "commandline": "", "user": "TRAN-LAPPY\\Ai Tran", "target": "", "raw_message": "Process terminated:\r\nRuleName: -\r\nUtcTime: 2025-12-16 17:25:20.156\r\nProcessGuid: {8ba13930-9600-6941-42c5-010000001a00}\r\nProcessId: 19824\r\nImage: C:\\Windows\\System32\\conhost.exe\r\nUser: TRAN-LAPPY\\Ai Tran"}, {"timestamp": "2025-12-17 00:25:19", "event_id": 5, "image": "C:\\Windows\\System32\\conhost.exe", "commandline": "", "user": "TRAN-LAPPY\\Ai Tran", "target": "", "raw_message": "Process terminated:\r\nRuleName: -\r\nUtcTime: 2025-12-16 17:25:19.506\r\nProcessGuid: {8ba13930-95ff-6941-3fc5-010000001a00}\r\nProcessId: 27356\r\nImage: C:\\Windows\\System32\\conhost.exe\r\nUser: TRAN-LAPPY\\Ai Tran"}, {"timestamp": "2025-12-17 00:25:21", "event_id": 5, "image": "C:\\Windows\\System32\\WindowsPowerShell\\v1.0\\powershell.exe", "commandline": "", "user": "TRAN-LAPPY\\Ai Tran", "target": "", "raw_message": "Process terminated:\r\nRuleName: -\r\nUtcTime: 2025-12-16 17:25:21.080\r\nProcessGuid: {8ba13930-9600-6941-44c5-010000001a00}\r\nProcessId: 27896\r\nImage: C:\\Windows\\System32\\WindowsPowerShell\\v1.0\\powershell.exe\r\nUser: TRAN-LAPPY\\Ai Tran"}, {"timestamp": "2025-12-17 00:25:22", "event_id": 5, "image": "C:\\Windows\\System32\\WindowsPowerShell\\v1.0\\powershell.exe", "commandline": "", "user": "TRAN-LAPPY\\Ai Tran", "target": "", "raw_message": "Process terminated:\r\nRuleName: -\r\nUtcTime: 2025-12-16 17:25:22.764\r\nProcessGuid: {8ba13930-9602-6941-48c5-010000001a00}\r\nProcessId: 7840\r\nImage: C:\\Windows\\System32\\WindowsPowerShell\\v1.0\\powershell.exe\r\nUser: TRAN-LAPPY\\Ai Tran"}, {"timestamp": "2025-12-17 00:25:24", "event_id": 5, "image": "C:\\Windows\\System32\\WindowsPowerShell\\v1.0\\powershell.exe", "commandline": "", "user": "TRAN-LAPPY\\Ai Tran", "target": "", "raw_message": "Process terminated:\r\nRuleName: -\r\nUtcTime: 2025-12-16 17:25:24.518\r\nProcessGuid: {8ba13930-9603-6941-5bc5-010000001a00}\r\nProcessId: 3768\r\nImage: C:\\Windows\\System32\\WindowsPowerShell\\v1.0\\powershell.exe\r\nUser: TRAN-LAPPY\\Ai Tran"}, {"timestamp": "2025-12-17 00:25:26", "event_id": 5, "image": "C:\\Windows\\System32\\WindowsPowerShell\\v1.0\\powershell.exe", "commandline": "", "user": "TRAN-LAPPY\\Ai Tran", "target": "", "raw_message": "Process terminated:\r\nRuleName: -\r\nUtcTime: 2025-12-16 17:25:26.253\r\nProcessGuid: {8ba13930-9605-6941-5fc5-010000001a00}\r\nProcessId: 12188\r\nImage: C:\\Windows\\System32\\WindowsPowerShell\\v1.0\\powershell.exe\r\nUser: TRAN-LAPPY\\Ai Tran"}, {"timestamp": "2025-12-17 00:25:27", "event_id": 5, "image": "C:\\Windows\\System32\\WindowsPowerShell\\v1.0\\powershell.exe", "commandline": "", "user": "TRAN-LAPPY\\Ai Tran", "target": "", "raw_message": "Process terminated:\r\nRuleName: -\r\nUtcTime: 2025-12-16 17:25:27.961\r\nProcessGuid: {8ba13930-9607-6941-60c5-010000001a00}\r\nProcessId: 12016\r\nImage: C:\\Windows\\System32\\WindowsPowerShell\\v1.0\\powershell.exe\r\nUser: TRAN-LAPPY\\Ai Tran"}, {"timestamp": "2025-12-17 00:25:29", "event_id": 5, "image": "C:\\Windows\\System32\\WindowsPowerShell\\v1.0\\powershell.exe", "commandline": "", "user": "TRAN-LAPPY\\Ai Tran", "target": "", "raw_message": "Process terminated:\r\nRuleName: -\r\nUtcTime: 2025-12-16 17:25:29.679\r\nProcessGuid: {8ba13930-9608-6941-6dc5-010000001a00}\r\nProcessId: 10148\r\nImage: C:\\Windows\\System32\\WindowsPowerShell\\v1.0\\powershell.exe\r\nUser: TRAN-LAPPY\\Ai Tran"}, {"timestamp": "2025-12-17 00:25:31", "event_id": 5, "image": "C:\\Windows\\System32\\WindowsPowerShell\\v1.0\\powershell.exe", "commandline": "", "user": "TRAN-LAPPY\\Ai Tran", "target": "", "raw_message": "Process terminated:\r\nRuleName: -\r\nUtcTime: 2025-12-16 17:25:31.342\r\nProcessGuid: {8ba13930-960a-6941-6ec5-010000001a00}\r\nProcessId: 28896\r\nImage: C:\\Windows\\System32\\WindowsPowerShell\\v1.0\\powershell.exe\r\nUser: TRAN-LAPPY\\Ai Tran"}, {"timestamp": "2025-12-17 00:25:33", "event_id": 5, "image": "C:\\Windows\\System32\\conhost.exe", "commandline": "", "user": "TRAN-LAPPY\\Ai Tran", "target": "", "raw_message": "Process terminated:\r\nRuleName: -\r\nUtcTime: 2025-12-16 17:25:33.567\r\nProcessGuid: {8ba13930-960d-6941-78c5-010000001a00}\r\nProcessId: 28504\r\nImage: C:\\Windows\\System32\\conhost.exe\r\nUser: TRAN-LAPPY\\Ai Tran"}, {"timestamp": "2025-12-17 00:25:36", "event_id": 5, "image": "C:\\Windows\\System32\\WindowsPowerShell\\v1.0\\powershell.exe", "commandline": "", "user": "TRAN-LAPPY\\Ai Tran", "target": "", "raw_message": "Process terminated:\r\nRuleName: -\r\nUtcTime: 2025-12-16 17:25:36.524\r\nProcessGuid: {8ba13930-960f-6941-7dc5-010000001a00}\r\nProcessId: 24824\r\nImage: C:\\Windows\\System32\\WindowsPowerShell\\v1.0\\powershell.exe\r\nUser: TRAN-LAPPY\\Ai Tran"}, {"timestamp": "2025-12-17 00:25:39", "event_id": 5, "image": "C:\\Windows\\System32\\conhost.exe", "commandline": "", "user": "TRAN-LAPPY\\Ai Tran", "target": "", "raw_message": "Process terminated:\r\nRuleName: -\r\nUtcTime: 2025-12-16 17:25:39.492\r\nProcessGuid: {8ba13930-9613-6941-9cc5-010000001a00}\r\nProcessId: 24652\r\nImage: C:\\Windows\\System32\\conhost.exe\r\nUser: TRAN-LAPPY\\Ai Tran"}, {"timestamp": "2025-12-17 00:25:38", "event_id": 5, "image": "C:\\Windows\\System32\\conhost.exe", "commandline": "", "user": "TRAN-LAPPY\\Ai Tran", "target": "", "raw_message": "Process terminated:\r\nRuleName: -\r\nUtcTime: 2025-12-16 17:25:38.673\r\nProcessGuid: {8ba13930-9612-6941-97c5-010000001a00}\r\nProcessId: 24600\r\nImage: C:\\Windows\\System32\\conhost.exe\r\nUser: TRAN-LAPPY\\Ai Tran"}, {"timestamp": "2025-12-17 00:25:40", "event_id": 5, "image": "C:\\Windows\\System32\\conhost.exe", "commandline": "", "user": "TRAN-LAPPY\\Ai Tran", "target": "", "raw_message": "Process terminated:\r\nRuleName: -\r\nUtcTime: 2025-12-16 17:25:40.536\r\nProcessGuid: {8ba13930-9614-6941-9fc5-010000001a00}\r\nProcessId: 22712\r\nImage: C:\\Windows\\System32\\conhost.exe\r\nUser: TRAN-LAPPY\\Ai Tran"}, {"timestamp": "2025-12-17 00:25:41", "event_id": 5, "image": "C:\\Windows\\System32\\WindowsPowerShell\\v1.0\\powershell.exe", "commandline": "", "user": "TRAN-LAPPY\\Ai Tran", "target": "", "raw_message": "Process terminated:\r\nRuleName: -\r\nUtcTime: 2025-12-16 17:25:41.752\r\nProcessGuid: {8ba13930-9615-6941-a1c5-010000001a00}\r\nProcessId: 18752\r\nImage: C:\\Windows\\System32\\WindowsPowerShell\\v1.0\\powershell.exe\r\nUser: TRAN-LAPPY\\Ai Tran"}, {"timestamp": "2025-12-17 00:25:43", "event_id": 5, "image": "C:\\Windows\\System32\\conhost.exe", "commandline": "", "user": "TRAN-LAPPY\\Ai Tran", "target": "", "raw_message": "Process terminated:\r\nRuleName: -\r\nUtcTime: 2025-12-16 17:25:43.809\r\nProcessGuid: {8ba13930-9617-6941-afc5-010000001a00}\r\nProcessId: 11808\r\nImage: C:\\Windows\\System32\\conhost.exe\r\nUser: TRAN-LAPPY\\Ai Tran"}, {"timestamp": "2025-12-17 00:25:45", "event_id": 5, "image": "C:\\Windows\\System32\\WindowsPowerShell\\v1.0\\powershell.exe", "commandline": "", "user": "TRAN-LAPPY\\Ai Tran", "target": "", "raw_message": "Process terminated:\r\nRuleName: -\r\nUtcTime: 2025-12-16 17:25:45.153\r\nProcessGuid: {8ba13930-9618-6941-b5c5-010000001a00}\r\nProcessId: 3132\r\nImage: C:\\Windows\\System32\\WindowsPowerShell\\v1.0\\powershell.exe\r\nUser: TRAN-LAPPY\\Ai Tran"}, {"timestamp": "2025-12-17 00:25:46", "event_id": 5, "image": "C:\\Windows\\System32\\WindowsPowerShell\\v1.0\\powershell.exe", "commandline": "", "user": "TRAN-LAPPY\\Ai Tran", "target": "", "raw_message": "Process terminated:\r\nRuleName: -\r\nUtcTime: 2025-12-16 17:25:46.823\r\nProcessGuid: {8ba13930-961a-6941-b9c5-010000001a00}\r\nProcessId: 9748\r\nImage: C:\\Windows\\System32\\WindowsPowerShell\\v1.0\\powershell.exe\r\nUser: TRAN-LAPPY\\Ai Tran"}, {"timestamp": "2025-12-17 00:25:49", "event_id": 5, "image": "C:\\Windows\\System32\\conhost.exe", "commandline": "", "user": "TRAN-LAPPY\\Ai Tran", "target": "", "raw_message": "Process terminated:\r\nRuleName: -\r\nUtcTime: 2025-12-16 17:25:49.319\r\nProcessGuid: {8ba13930-961d-6941-dcc5-010000001a00}\r\nProcessId: 19356\r\nImage: C:\\Windows\\System32\\conhost.exe\r\nUser: TRAN-LAPPY\\Ai Tran"}, {"timestamp": "2025-12-17 00:25:48", "event_id": 5, "image": "C:\\Windows\\System32\\conhost.exe", "commandline": "", "user": "TRAN-LAPPY\\Ai Tran", "target": "", "raw_message": "Process terminated:\r\nRuleName: -\r\nUtcTime: 2025-12-16 17:25:48.943\r\nProcessGuid: {8ba13930-961c-6941-d1c5-010000001a00}\r\nProcessId: 12652\r\nImage: C:\\Windows\\System32\\conhost.exe\r\nUser: TRAN-LAPPY\\Ai Tran"}, {"timestamp": "2025-12-17 00:25:50", "event_id": 5, "image": "C:\\Windows\\System32\\WindowsPowerShell\\v1.0\\powershell.exe", "commandline": "", "user": "TRAN-LAPPY\\Ai Tran", "target": "", "raw_message": "Process terminated:\r\nRuleName: -\r\nUtcTime: 2025-12-16 17:25:50.319\r\nProcessGuid: {8ba13930-961d-6941-e4c5-010000001a00}\r\nProcessId: 4864\r\nImage: C:\\Windows\\System32\\WindowsPowerShell\\v1.0\\powershell.exe\r\nUser: TRAN-LAPPY\\Ai Tran"}, {"timestamp": "2025-12-17 00:25:52", "event_id": 5, "image": "C:\\Windows\\System32\\WindowsPowerShell\\v1.0\\powershell.exe", "commandline": "", "user": "TRAN-LAPPY\\Ai Tran", "target": "", "raw_message": "Process terminated:\r\nRuleName: -\r\nUtcTime: 2025-12-16 17:25:52.059\r\nProcessGuid: {8ba13930-961f-6941-e5c5-010000001a00}\r\nProcessId: 27740\r\nImage: C:\\Windows\\System32\\WindowsPowerShell\\v1.0\\powershell.exe\r\nUser: TRAN-LAPPY\\Ai Tran"}, {"timestamp": "2025-12-17 00:25:51", "event_id": 5, "image": "C:\\Windows\\System32\\conhost.exe", "commandline": "", "user": "TRAN-LAPPY\\Ai Tran", "target": "", "raw_message": "Process terminated:\r\nRuleName: -\r\nUtcTime: 2025-12-16 17:25:51.542\r\nProcessGuid: {8ba13930-961f-6941-e7c5-010000001a00}\r\nProcessId: 14896\r\nImage: C:\\Windows\\System32\\conhost.exe\r\nUser: TRAN-LAPPY\\Ai Tran"}, {"timestamp": "2025-12-17 00:25:54", "event_id": 5, "image": "C:\\Windows\\System32\\conhost.exe", "commandline": "", "user": "TRAN-LAPPY\\Ai Tran", "target": "", "raw_message": "Process terminated:\r\nRuleName: -\r\nUtcTime: 2025-12-16 17:25:54.054\r\nProcessGuid: {8ba13930-9622-6941-f3c5-010000001a00}\r\nProcessId: 23392\r\nImage: C:\\Windows\\System32\\conhost.exe\r\nUser: TRAN-LAPPY\\Ai Tran"}, {"timestamp": "2025-12-17 00:25:53", "event_id": 1, "image": "C:\\Program Files\\Git\\mingw64\\bin\\git.exe", "commandline": "git.exe for-each-ref --format=%%(refname)The operation completed successfully. %%(upstream:short)The operation completed successfully. %%(objectname)The operation completed successfully. %%(upstream:t", "user": "TRAN-LAPPY\\Ai Tran", "target": "", "raw_message": "Process Create:\r\nRuleName: -\r\nUtcTime: 2025-12-16 17:25:53.983\r\nProcessGuid: {8ba13930-9621-6941-efc5-010000001a00}\r\nProcessId: 4328\r\nImage: C:\\Program Files\\Git\\mingw64\\bin\\git.exe\r\nFileVersion: 2.52.0.windows.1\r\nDescription: Git for Windows\r\nProduct: Git\r\nCompany: The Git Development Community\r\nOriginalFileName: git.exe\r\nCommandLine: git.exe for-each-ref --format=%%(refname)The operation completed successfully. %%(upstream:short)The operation completed successfully. %%(objectname)The operation completed successfully. %%(upstream:track)The operation completed successfully. %%(upstream:remotename)The operation completed successfully. %%(upstream:remoteref) --ignore-case refs/heads/feat/demo_system refs/remotes/feat/demo_system\r\nCurrentDirectory: D:\\nckh\\auditlog\\\r\nUser: TRAN-LAPPY\\Ai Tran\r\nLogonGuid: {8ba13930-78b7-6941-a4b4-fe2a00000000}\r\nLogonId: 0x2AFEB4A4\r\nTerminalSessionId: 17\r\nIntegrityLevel: Medium\r\nHashes: SHA256=FC0F1CAE1304FCDCF4D0749F421C5ED21471EFC856301F92F56D4B844BE84363\r"}, {"timestamp": "2025-12-17 00:25:55", "event_id": 5, "image": "C:\\Windows\\System32\\WindowsPowerShell\\v1.0\\powershell.exe", "commandline": "", "user": "TRAN-LAPPY\\Ai Tran", "target": "", "raw_message": "Process terminated:\r\nRuleName: -\r\nUtcTime: 2025-12-16 17:25:55.359\r\nProcessGuid: {8ba13930-9622-6941-f6c5-010000001a00}\r\nProcessId: 16916\r\nImage: C:\\Windows\\System32\\WindowsPowerShell\\v1.0\\powershell.exe\r\nUser: TRAN-LAPPY\\Ai Tran"}, {"timestamp": "2025-12-17 00:25:57", "event_id": 5, "image": "C:\\Windows\\System32\\conhost.exe", "commandline": "", "user": "TRAN-LAPPY\\Ai Tran", "target": "", "raw_message": "Process terminated:\r\nRuleName: -\r\nUtcTime: 2025-12-16 17:25:57.367\r\nProcessGuid: {8ba13930-9625-6941-03c6-010000001a00}\r\nProcessId: 21192\r\nImage: C:\\Windows\\System32\\conhost.exe\r\nUser: TRAN-LAPPY\\Ai Tran"}, {"timestamp": "2025-12-17 00:25:56", "event_id": 5, "image": "C:\\Windows\\System32\\conhost.exe", "commandline": "", "user": "TRAN-LAPPY\\Ai Tran", "target": "", "raw_message": "Process terminated:\r\nRuleName: -\r\nUtcTime: 2025-12-16 17:25:56.857\r\nProcessGuid: {8ba13930-9624-6941-ffc5-010000001a00}\r\nProcessId: 28468\r\nImage: C:\\Windows\\System32\\conhost.exe\r\nUser: TRAN-LAPPY\\Ai Tran"}, {"timestamp": "2025-12-17 00:25:59", "event_id": 5, "image": "C:\\Windows\\System32\\conhost.exe", "commandline": "", "user": "TRAN-LAPPY\\Ai Tran", "target": "", "raw_message": "Process terminated:\r\nRuleName: -\r\nUtcTime: 2025-12-16 17:25:59.192\r\nProcessGuid: {8ba13930-9627-6941-0fc6-010000001a00}\r\nProcessId: 5324\r\nImage: C:\\Windows\\System32\\conhost.exe\r\nUser: TRAN-LAPPY\\Ai Tran"}, {"timestamp": "2025-12-17 00:26:01", "event_id": 1, "image": "C:\\Program Files\\Git\\mingw64\\bin\\git.exe", "commandline": "git.exe log", "user": "TRAN-LAPPY\\Ai Tran", "target": "", "raw_message": "Process Create:\r\nRuleName: -\r\nUtcTime: 2025-12-16 17:26:01.828\r\nProcessGuid: {8ba13930-9629-6941-19c6-010000001a00}\r\nProcessId: 18236\r\nImage: C:\\Program Files\\Git\\mingw64\\bin\\git.exe\r\nFileVersion: 2.52.0.windows.1\r\nDescription: Git for Windows\r\nProduct: Git\r\nCompany: The Git Development Community\r\nOriginalFileName: git.exe\r\nCommandLine: git.exe log\r\nCurrentDirectory: D:\\nckh\\auditlog\\demo_system\\attacks\\\r\nUser: TRAN-LAPPY\\Ai Tran\r\nLogonGuid: {8ba13930-78b7-6941-a4b4-fe2a00000000}\r\nLogonId: 0x2AFEB4A4\r\nTerminalSessionId: 17\r\nIntegrityLevel: Medium\r\nHashes: SHA256=FC0F1CAE1304FCDCF4D0749F421C5ED21471EFC856301F92F56D4B844BE84363\r\nParentProcessGuid: {8ba13930-9629-6941-18c6-010000001a00}\r\nParentProcessId: 7560\r\nParentImage: C:\\Program Files\\Git\\cmd\\git.exe\r\nParentCommandLine: \"C:\\Program Files\\Git\\cmd\\git.exe\" log\r\nParentUser: TRAN-LAPPY\\Ai Tran"}, {"timestamp": "2025-12-17 00:26:00", "event_id": 5, "image": "C:\\Windows\\System32\\conhost.exe", "commandline": "", "user": "TRAN-LAPPY\\Ai Tran", "target": "", "raw_message": "Process terminated:\r\nRuleName: -\r\nUtcTime: 2025-12-16 17:26:00.884\r\nProcessGuid: {8ba13930-9628-6941-15c6-010000001a00}\r\nProcessId: 14152\r\nImage: C:\\Windows\\System32\\conhost.exe\r\nUser: TRAN-LAPPY\\Ai Tran"}, {"timestamp": "2025-12-17 00:26:00", "event_id": 5, "image": "C:\\Program Files\\Git\\cmd\\git.exe", "commandline": "", "user": "TRAN-LAPPY\\Ai Tran", "target": "", "raw_message": "Process terminated:\r\nRuleName: -\r\nUtcTime: 2025-12-16 17:26:00.883\r\nProcessGuid: {8ba13930-9628-6941-14c6-010000001a00}\r\nProcessId: 6036\r\nImage: C:\\Program Files\\Git\\cmd\\git.exe\r\nUser: TRAN-LAPPY\\Ai Tran"}, {"timestamp": "2025-12-17 00:26:02", "event_id": 5, "image": "C:\\Windows\\System32\\WindowsPowerShell\\v1.0\\powershell.exe", "commandline": "", "user": "TRAN-LAPPY\\Ai Tran", "target": "", "raw_message": "Process terminated:\r\nRuleName: -\r\nUtcTime: 2025-12-16 17:26:02.203\r\nProcessGuid: {8ba13930-9629-6941-17c6-010000001a00}\r\nProcessId: 12396\r\nImage: C:\\Windows\\System32\\WindowsPowerShell\\v1.0\\powershell.exe\r\nUser: TRAN-LAPPY\\Ai Tran"}, {"timestamp": "2025-12-17 00:26:01", "event_id": 5, "image": "C:\\Program Files\\Git\\cmd\\git.exe", "commandline": "", "user": "TRAN-LAPPY\\Ai Tran", "target": "", "raw_message": "Process terminated:\r\nRuleName: -\r\nUtcTime: 2025-12-16 17:26:01.865\r\nProcessGuid: {8ba13930-9629-6941-18c6-010000001a00}\r\nProcessId: 7560\r\nImage: C:\\Program Files\\Git\\cmd\\git.exe\r\nUser: TRAN-LAPPY\\Ai Tran"}, {"timestamp": "2025-12-17 00:26:03", "event_id": 5, "image": "C:\\Windows\\System32\\WindowsPowerShell\\v1.0\\powershell.exe", "commandline": "", "user": "TRAN-LAPPY\\Ai Tran", "target": "", "raw_message": "Process terminated:\r\nRuleName: -\r\nUtcTime: 2025-12-16 17:26:03.951\r\nProcessGuid: {8ba13930-962b-6941-1ac6-010000001a00}\r\nProcessId: 7684\r\nImage: C:\\Windows\\System32\\WindowsPowerShell\\v1.0\\powershell.exe\r\nUser: TRAN-LAPPY\\Ai Tran"}, {"timestamp": "2025-12-17 00:26:05", "event_id": 5, "image": "C:\\Windows\\System32\\WindowsPowerShell\\v1.0\\powershell.exe", "commandline": "", "user": "TRAN-LAPPY\\Ai Tran", "target": "", "raw_message": "Process terminated:\r\nRuleName: -\r\nUtcTime: 2025-12-16 17:26:05.615\r\nProcessGuid: {8ba13930-962c-6941-27c6-010000001a00}\r\nProcessId: 13416\r\nImage: C:\\Windows\\System32\\WindowsPowerShell\\v1.0\\powershell.exe\r\nUser: TRAN-LAPPY\\Ai Tran"}, {"timestamp": "2025-12-17 00:26:07", "event_id": 5, "image": "C:\\Windows\\System32\\WindowsPowerShell\\v1.0\\powershell.exe", "commandline": "", "user": "TRAN-LAPPY\\Ai Tran", "target": "", "raw_message": "Process terminated:\r\nRuleName: -\r\nUtcTime: 2025-12-16 17:26:07.275\r\nProcessGuid: {8ba13930-962e-6941-28c6-010000001a00}\r\nProcessId: 14560\r\nImage: C:\\Windows\\System32\\WindowsPowerShell\\v1.0\\powershell.exe\r\nUser: TRAN-LAPPY\\Ai Tran"}, {"timestamp": "2025-12-17 00:26:09", "event_id": 5, "image": "C:\\Windows\\System32\\conhost.exe", "commandline": "", "user": "TRAN-LAPPY\\Ai Tran", "target": "", "raw_message": "Process terminated:\r\nRuleName: -\r\nUtcTime: 2025-12-16 17:26:09.442\r\nProcessGuid: {8ba13930-9631-6941-33c6-010000001a00}\r\nProcessId: 29552\r\nImage: C:\\Windows\\System32\\conhost.exe\r\nUser: TRAN-LAPPY\\Ai Tran"}, {"timestamp": "2025-12-17 00:26:12", "event_id": 5, "image": "C:\\Program Files\\Git\\cmd\\git.exe", "commandline": "", "user": "TRAN-LAPPY\\Ai Tran", "target": "", "raw_message": "Process terminated:\r\nRuleName: -\r\nUtcTime: 2025-12-16 17:26:12.798\r\nProcessGuid: {8ba13930-9634-6941-38c6-010000001a00}\r\nProcessId: 23960\r\nImage: C:\\Program Files\\Git\\cmd\\git.exe\r\nUser: TRAN-LAPPY\\Ai Tran"}, {"timestamp": "2025-12-17 00:26:14", "event_id": 5, "image": "C:\\Windows\\System32\\conhost.exe", "commandline": "", "user": "TRAN-LAPPY\\Ai Tran", "target": "", "raw_message": "Process terminated:\r\nRuleName: -\r\nUtcTime: 2025-12-16 17:26:14.579\r\nProcessGuid: {8ba13930-9636-6941-43c6-010000001a00}\r\nProcessId: 28740\r\nImage: C:\\Windows\\System32\\conhost.exe\r\nUser: TRAN-LAPPY\\Ai Tran"}, {"timestamp": "2025-12-17 00:26:16", "event_id": 5, "image": "C:\\Windows\\System32\\WindowsPowerShell\\v1.0\\powershell.exe", "commandline": "", "user": "TRAN-LAPPY\\Ai Tran", "target": "", "raw_message": "Process terminated:\r\nRuleName: -\r\nUtcTime: 2025-12-16 17:26:16.042\r\nProcessGuid: {8ba13930-9637-6941-47c6-010000001a00}\r\nProcessId: 12108\r\nImage: C:\\Windows\\System32\\WindowsPowerShell\\v1.0\\powershell.exe\r\nUser: TRAN-LAPPY\\Ai Tran"}, {"timestamp": "2025-12-17 00:26:17", "event_id": 5, "image": "C:\\Windows\\System32\\WindowsPowerShell\\v1.0\\powershell.exe", "commandline": "", "user": "TRAN-LAPPY\\Ai Tran", "target": "", "raw_message": "Process terminated:\r\nRuleName: -\r\nUtcTime: 2025-12-16 17:26:17.638\r\nProcessGuid: {8ba13930-9639-6941-48c6-010000001a00}\r\nProcessId: 7232\r\nImage: C:\\Windows\\System32\\WindowsPowerShell\\v1.0\\powershell.exe\r\nUser: TRAN-LAPPY\\Ai Tran"}, {"timestamp": "2025-12-17 00:26:19", "event_id": 5, "image": "C:\\Windows\\System32\\conhost.exe", "commandline": "", "user": "TRAN-LAPPY\\Ai Tran", "target": "", "raw_message": "Process terminated:\r\nRuleName: -\r\nUtcTime: 2025-12-16 17:26:19.722\r\nProcessGuid: {8ba13930-963b-6941-52c6-010000001a00}\r\nProcessId: 5396\r\nImage: C:\\Windows\\System32\\conhost.exe\r\nUser: TRAN-LAPPY\\Ai Tran"}, {"timestamp": "2025-12-17 00:26:21", "event_id": 5, "image": "C:\\Windows\\System32\\WindowsPowerShell\\v1.0\\powershell.exe", "commandline": "", "user": "TRAN-LAPPY\\Ai Tran", "target": "", "raw_message": "Process terminated:\r\nRuleName: -\r\nUtcTime: 2025-12-16 17:26:21.054\r\nProcessGuid: {8ba13930-963c-6941-56c6-010000001a00}\r\nProcessId: 8040\r\nImage: C:\\Windows\\System32\\WindowsPowerShell\\v1.0\\powershell.exe\r\nUser: TRAN-LAPPY\\Ai Tran"}, {"timestamp": "2025-12-17 00:26:22", "event_id": 5, "image": "C:\\Windows\\System32\\WindowsPowerShell\\v1.0\\powershell.exe", "commandline": "", "user": "TRAN-LAPPY\\Ai Tran", "target": "", "raw_message": "Process terminated:\r\nRuleName: -\r\nUtcTime: 2025-12-16 17:26:22.783\r\nProcessGuid: {8ba13930-963e-6941-57c6-010000001a00}\r\nProcessId: 28424\r\nImage: C:\\Windows\\System32\\WindowsPowerShell\\v1.0\\powershell.exe\r\nUser: TRAN-LAPPY\\Ai Tran"}, {"timestamp": "2025-12-17 00:26:24", "event_id": 1, "image": "C:\\Windows\\System32\\conhost.exe", "commandline": "\\??\\C:\\Windows\\system32\\conhost.exe 0xffffffff -ForceV1", "user": "TRAN-LAPPY\\Ai Tran", "target": "", "raw_message": "Process Create:\r\nRuleName: -\r\nUtcTime: 2025-12-16 17:26:24.798\r\nProcessGuid: {8ba13930-9640-6941-62c6-010000001a00}\r\nProcessId: 20388\r\nImage: C:\\Windows\\System32\\conhost.exe\r\nFileVersion: 10.0.26100.7019 (WinBuild.160101.0800)\r\nDescription: Console Window Host\r\nProduct: Microsoftr Windowsr Operating System\r\nCompany: Microsoft Corporation\r\nOriginalFileName: CONHOST.EXE\r\nCommandLine: \\??\\C:\\Windows\\system32\\conhost.exe 0xffffffff -ForceV1\r\nCurrentDirectory: C:\\Windows\r\nUser: TRAN-LAPPY\\Ai Tran\r\nLogonGuid: {8ba13930-78b7-6941-a4b4-fe2a00000000}\r\nLogonId: 0x2AFEB4A4\r\nTerminalSessionId: 17\r\nIntegrityLevel: Medium\r\nHashes: SHA256=A29C38FE5566650658C1D6377AF7F5115D7C54F3AF7DE0A10E867DB25CB68F9F\r\nParentProcessGuid: {8ba13930-9640-6941-60c6-010000001a00}\r\nParentProcessId: 9272\r\nParentImage: C:\\Program Files\\Git\\cmd\\git.exe\r\nParentCommandLine: \"C:\\Program Files\\Git\\cmd\\git.exe\" for-each-ref --sort -committerdate --format %(refname)%00%(objectname)%00%(*objectname)\r\nParentUser: TRAN-LAPPY\\Ai Tran"}, {"timestamp": "2025-12-17 00:26:26", "event_id": 5, "image": "C:\\Windows\\System32\\WindowsPowerShell\\v1.0\\powershell.exe", "commandline": "", "user": "TRAN-LAPPY\\Ai Tran", "target": "", "raw_message": "Process terminated:\r\nRuleName: -\r\nUtcTime: 2025-12-16 17:26:26.069\r\nProcessGuid: {8ba13930-9641-6941-65c6-010000001a00}\r\nProcessId: 17344\r\nImage: C:\\Windows\\System32\\WindowsPowerShell\\v1.0\\powershell.exe\r\nUser: TRAN-LAPPY\\Ai Tran"}, {"timestamp": "2025-12-17 00:26:27", "event_id": 5, "image": "C:\\Windows\\System32\\WindowsPowerShell\\v1.0\\powershell.exe", "commandline": "", "user": "TRAN-LAPPY\\Ai Tran", "target": "", "raw_message": "Process terminated:\r\nRuleName: -\r\nUtcTime: 2025-12-16 17:26:27.781\r\nProcessGuid: {8ba13930-9643-6941-66c6-010000001a00}\r\nProcessId: 13184\r\nImage: C:\\Windows\\System32\\WindowsPowerShell\\v1.0\\powershell.exe\r\nUser: TRAN-LAPPY\\Ai Tran"}, {"timestamp": "2025-12-17 00:26:29", "event_id": 5, "image": "C:\\Windows\\System32\\conhost.exe", "commandline": "", "user": "TRAN-LAPPY\\Ai Tran", "target": "", "raw_message": "Process terminated:\r\nRuleName: -\r\nUtcTime: 2025-12-16 17:26:29.946\r\nProcessGuid: {8ba13930-9645-6941-70c6-010000001a00}\r\nProcessId: 23092\r\nImage: C:\\Windows\\System32\\conhost.exe\r\nUser: TRAN-LAPPY\\Ai Tran"}], "detections": [{"timestamp": "2025-12-16 17:19:32", "technique_id": "T1059.001", "technique_name": "PowerShell Execution", "confidence": 48.2, "patterns": ["powershell", "-nop"], "source": "C:\\Windows\\System32\\curl.exe", "event_id": 1, "command_line": "\"C:\\Windows\\system32\\curl.exe\" -I http://127.0.0.1:8501", "matched_events": [{"event_id": 1, "timestamp": "2025-12-16 17:19:29", "image": "C:\\Windows\\System32\\curl.exe", "commandline": "\"C:\\Windows\\system32\\curl.exe\" -I http://127.0.0.1:8501", "target_filename": "", "details": "", "user": "TRAN-LAPPY\\Ai Tran", "parent_image": "C:\\Windows\\System32\\WindowsPowerShell\\v1.0\\powershell.exe", "target_image": ""}]}, {"timestamp": "2025-12-16 17:20:07", "technique_id": "T1547.001", "technique_name": "Registry Run Keys Persistence", "confidence": 55.0, "patterns": ["startup"], "source": "C:\\Program Files (x86)\\Microsoft\\Edge\\Application\\msedge.exe", "event_id": 1, "command_line": "\"C:\\Program Files (x86)\\Microsoft\\Edge\\Application\\msedge.exe\" --type=renderer --pdf-upsell-enabled --dma-cps-flags=2048 --no-pre-read-main-dll --video-capture-use-gpu-memory-buffer --lang=en-US --js-flags --device-scale-factor=1.25 --num-raster-threads=4 --enable-main-frame-before-activation --renderer-client-id=235 --time-ticks-at-unix-epoch=-1765292561928459 --launch-time-ticks=587843267232 --ssd-no-pressure-read-main-dll --metrics-shmem-handle=9832,i,2622096370518550528,6542688486229796544,2097152 --field-trial-handle=2348,i,3026412812974680021,9572377275827512412,262144 --variations-seed-version --trace-process-track-uuid=3190709206516706009 --mojo-platform-channel-handle=6820 /prefetch:1", "matched_events": [{"event_id": 1, "timestamp": "2025-12-16 17:20:04", "image": "C:\\Program Files (x86)\\Microsoft\\Edge\\Application\\msedge.exe", "commandline": "\"C:\\Program Files (x86)\\Microsoft\\Edge\\Application\\msedge.exe\" --type=renderer --pdf-upsell-enabled --dma-cps-flags=2048 --no-pre-read-main-dll --video-capture-use-gpu-memory-buffer --lang=en-US --js-flags --device-scale-factor=1.25 --num-raster-threads=4 --enable-main-frame-before-activation --renderer-client-id=235 --time-ticks-at-unix-epoch=-1765292561928459 --launch-time-ticks=587843267232 --ssd-no-pressure-read-main-dll --metrics-shmem-handle=9832,i,2622096370518550528,6542688486229796544,2097152 --field-trial-handle=2348,i,3026412812974680021,9572377275827512412,262144 --variations-seed-version --trace-process-track-uuid=3190709206516706009 --mojo-platform-channel-handle=6820 /prefetch:1", "target_filename": "", "details": "", "user": "TRAN-LAPPY\\Ai Tran", "parent_image": "C:\\Program Files (x86)\\Microsoft\\Edge\\Application\\msedge.exe", "target_image": ""}]}, 