{"updated": "2025-12-16 15:32:38", "stats": {"total_events": 115, "total_detections": 50, "uptime_seconds": 142}, "events": [{"timestamp": "2025-12-16 15:30:35", "event_id": 1, "image": "C:\\Windows\\System32\\WindowsPowerShell\\v1.0\\powershell.exe", "commandline": "\"C:\\Windows\\System32\\WindowsPowerShell\\v1.0\\powershell.exe\" -NoP -sta -NonI -W Hidden -Enc VwByAGkAdABlAC0ASABvAHMAdAAgACcARABlAG0AbwAgAHAAYQB5AGwAbwBhAGQAJwA=", "user": "TRAN-LAPPY\\Ai Tran", "target": "", "raw_message": "Process Create:\r\nRuleName: -\r\nUtcTime: 2025-12-16 08:30:35.625\r\nProcessGuid: {8ba13930-18ab-6941-1e57-010000001a00}\r\nProcessId: 7924\r\nImage: C:\\Windows\\System32\\WindowsPowerShell\\v1.0\\powershell.exe\r\nFileVersion: 10.0.26100.5074 (WinBuild.160101.0800)\r\nDescription: Windows PowerShell\r\nProduct: Microsoftr Windowsr Operating System\r\nCompany: Microsoft Corporation\r\nOriginalFileName: PowerShell.EXE\r\nCommandLine: \"C:\\Windows\\System32\\WindowsPowerShell\\v1.0\\powershell.exe\" -NoP -sta -NonI -W Hidden -Enc VwByAGkAdABlAC0ASABvAHMAdAAgACcARABlAG0AbwAgAHAAYQB5AGwAbwBhAGQAJwA=\r\nCurrentDirectory: D:\\nckh\\auditlog\\demo_system\\attacks\\\r\nUser: TRAN-LAPPY\\Ai Tran\r\nLogonGuid: {8ba13930-ca9d-6940-295d-551b00000000}\r\nLogonId: 0x1B555D29\r\nTerminalSessionId: 16\r\nIntegrityLevel: Medium\r\nHashes: SHA256=0FF6F2C94BC7E2833A5F7E16DE1622E5DBA70396F31C7D5F56381870317E8C46\r\nParentProcessGuid: {8ba13930-18a4-6941-fa56-010000001a00}\r\nParentProcessId: 20756\r\nParentImage: C:\\Windows\\System32\\WindowsPowerShell\\v1.0\\power"}, {"timestamp": "2025-12-16 15:30:34", "event_id": 1, "image": "C:\\Windows\\System32\\conhost.exe", "commandline": "\\??\\C:\\Windows\\system32\\conhost.exe 0xffffffff -ForceV1", "user": "TRAN-LAPPY\\Ai Tran", "target": "", "raw_message": "Process Create:\r\nRuleName: -\r\nUtcTime: 2025-12-16 08:30:34.985\r\nProcessGuid: {8ba13930-18aa-6941-1d57-010000001a00}\r\nProcessId: 6520\r\nImage: C:\\Windows\\System32\\conhost.exe\r\nFileVersion: 10.0.26100.7019 (WinBuild.160101.0800)\r\nDescription: Console Window Host\r\nProduct: Microsoftr Windowsr Operating System\r\nCompany: Microsoft Corporation\r\nOriginalFileName: CONHOST.EXE\r\nCommandLine: \\??\\C:\\Windows\\system32\\conhost.exe 0xffffffff -ForceV1\r\nCurrentDirectory: C:\\Windows\r\nUser: TRAN-LAPPY\\Ai Tran\r\nLogonGuid: {8ba13930-ca9d-6940-295d-551b00000000}\r\nLogonId: 0x1B555D29\r\nTerminalSessionId: 16\r\nIntegrityLevel: Medium\r\nHashes: SHA256=A29C38FE5566650658C1D6377AF7F5115D7C54F3AF7DE0A10E867DB25CB68F9F\r\nParentProcessGuid: {8ba13930-18aa-6941-1c57-010000001a00}\r\nParentProcessId: 24500\r\nParentImage: C:\\Users\\Admin\\AppData\\Local\\Programs\\Microsoft VS Code\\resources\\app\\node_modules\\@vscode\\ripgrep\\bin\\rg.exe\r\nParentCommandLine: \"c:\\Users\\Admin\\AppData\\Local\\Programs\\Microsoft VS Code\\resources\\app\\node_m"}, {"timestamp": "2025-12-16 15:30:36", "event_id": 5, "image": "C:\\Windows\\System32\\WindowsPowerShell\\v1.0\\powershell.exe", "commandline": "", "user": "TRAN-LAPPY\\Ai Tran", "target": "", "raw_message": "Process terminated:\r\nRuleName: -\r\nUtcTime: 2025-12-16 08:30:36.655\r\nProcessGuid: {8ba13930-18ac-6941-2157-010000001a00}\r\nProcessId: 23696\r\nImage: C:\\Windows\\System32\\WindowsPowerShell\\v1.0\\powershell.exe\r\nUser: TRAN-LAPPY\\Ai Tran"}, {"timestamp": "2025-12-16 15:30:38", "event_id": 1, "image": "C:\\Windows\\System32\\conhost.exe", "commandline": "\\??\\C:\\Windows\\system32\\conhost.exe 0xffffffff -ForceV1", "user": "TRAN-LAPPY\\Ai Tran", "target": "", "raw_message": "Process Create:\r\nRuleName: -\r\nUtcTime: 2025-12-16 08:30:38.659\r\nProcessGuid: {8ba13930-18ae-6941-2657-010000001a00}\r\nProcessId: 5828\r\nImage: C:\\Windows\\System32\\conhost.exe\r\nFileVersion: 10.0.26100.7019 (WinBuild.160101.0800)\r\nDescription: Console Window Host\r\nProduct: Microsoftr Windowsr Operating System\r\nCompany: Microsoft Corporation\r\nOriginalFileName: CONHOST.EXE\r\nCommandLine: \\??\\C:\\Windows\\system32\\conhost.exe 0xffffffff -ForceV1\r\nCurrentDirectory: C:\\Windows\r\nUser: TRAN-LAPPY\\Ai Tran\r\nLogonGuid: {8ba13930-ca9d-6940-295d-551b00000000}\r\nLogonId: 0x1B555D29\r\nTerminalSessionId: 16\r\nIntegrityLevel: Medium\r\nHashes: SHA256=A29C38FE5566650658C1D6377AF7F5115D7C54F3AF7DE0A10E867DB25CB68F9F\r\nParentProcessGuid: {8ba13930-18ae-6941-2457-010000001a00}\r\nParentProcessId: 15236\r\nParentImage: C:\\Program Files\\Git\\cmd\\git.exe\r\nParentCommandLine: \"C:\\Program Files\\Git\\cmd\\git.exe\" for-each-ref --format=%(refname)%00%(upstream:short)%00%(objectname)%00%(upstream:track)%00%(upstream:remotename)%00%(u"}, {"timestamp": "2025-12-16 15:30:39", "event_id": 5, "image": "C:\\Windows\\System32\\WindowsPowerShell\\v1.0\\powershell.exe", "commandline": "", "user": "TRAN-LAPPY\\Ai Tran", "target": "", "raw_message": "Process terminated:\r\nRuleName: -\r\nUtcTime: 2025-12-16 08:30:39.477\r\nProcessGuid: {8ba13930-18af-6941-2f57-010000001a00}\r\nProcessId: 15508\r\nImage: C:\\Windows\\System32\\WindowsPowerShell\\v1.0\\powershell.exe\r\nUser: TRAN-LAPPY\\Ai Tran"}, {"timestamp": "2025-12-16 15:30:41", "event_id": 5, "image": "C:\\Windows\\System32\\WindowsPowerShell\\v1.0\\powershell.exe", "commandline": "", "user": "TRAN-LAPPY\\Ai Tran", "target": "", "raw_message": "Process terminated:\r\nRuleName: -\r\nUtcTime: 2025-12-16 08:30:41.000\r\nProcessGuid: {8ba13930-18b0-6941-3057-010000001a00}\r\nProcessId: 15988\r\nImage: C:\\Windows\\System32\\WindowsPowerShell\\v1.0\\powershell.exe\r\nUser: TRAN-LAPPY\\Ai Tran"}, {"timestamp": "2025-12-16 15:30:42", "event_id": 5, "image": "C:\\Windows\\System32\\WindowsPowerShell\\v1.0\\powershell.exe", "commandline": "", "user": "TRAN-LAPPY\\Ai Tran", "target": "", "raw_message": "Process terminated:\r\nRuleName: -\r\nUtcTime: 2025-12-16 08:30:42.364\r\nProcessGuid: {8ba13930-18b2-6941-3157-010000001a00}\r\nProcessId: 18880\r\nImage: C:\\Windows\\System32\\WindowsPowerShell\\v1.0\\powershell.exe\r\nUser: TRAN-LAPPY\\Ai Tran"}, {"timestamp": "2025-12-16 15:30:44", "event_id": 5, "image": "C:\\Windows\\System32\\WindowsPowerShell\\v1.0\\powershell.exe", "commandline": "", "user": "TRAN-LAPPY\\Ai Tran", "target": "", "raw_message": "Process terminated:\r\nRuleName: -\r\nUtcTime: 2025-12-16 08:30:44.430\r\nProcessGuid: {8ba13930-18a4-6941-fa56-010000001a00}\r\nProcessId: 20756\r\nImage: C:\\Windows\\System32\\WindowsPowerShell\\v1.0\\powershell.exe\r\nUser: TRAN-LAPPY\\Ai Tran"}, {"timestamp": "2025-12-16 15:30:43", "event_id": 5, "image": "C:\\Windows\\System32\\WindowsPowerShell\\v1.0\\powershell.exe", "commandline": "", "user": "TRAN-LAPPY\\Ai Tran", "target": "", "raw_message": "Process terminated:\r\nRuleName: -\r\nUtcTime: 2025-12-16 08:30:43.987\r\nProcessGuid: {8ba13930-18b3-6941-3257-010000001a00}\r\nProcessId: 4920\r\nImage: C:\\Windows\\System32\\WindowsPowerShell\\v1.0\\powershell.exe\r\nUser: TRAN-LAPPY\\Ai Tran"}, {"timestamp": "2025-12-16 15:30:45", "event_id": 5, "image": "C:\\Windows\\System32\\WindowsPowerShell\\v1.0\\powershell.exe", "commandline": "", "user": "TRAN-LAPPY\\Ai Tran", "target": "", "raw_message": "Process terminated:\r\nRuleName: -\r\nUtcTime: 2025-12-16 08:30:45.330\r\nProcessGuid: {8ba13930-18b5-6941-3f57-010000001a00}\r\nProcessId: 19552\r\nImage: C:\\Windows\\System32\\WindowsPowerShell\\v1.0\\powershell.exe\r\nUser: TRAN-LAPPY\\Ai Tran"}, {"timestamp": "2025-12-16 15:30:46", "event_id": 5, "image": "C:\\Windows\\System32\\WindowsPowerShell\\v1.0\\powershell.exe", "commandline": "", "user": "TRAN-LAPPY\\Ai Tran", "target": "", "raw_message": "Process terminated:\r\nRuleName: -\r\nUtcTime: 2025-12-16 08:30:46.698\r\nProcessGuid: {8ba13930-18b6-6941-4057-010000001a00}\r\nProcessId: 12036\r\nImage: C:\\Windows\\System32\\WindowsPowerShell\\v1.0\\powershell.exe\r\nUser: TRAN-LAPPY\\Ai Tran"}, {"timestamp": "2025-12-16 15:30:48", "event_id": 5, "image": "C:\\Windows\\System32\\WindowsPowerShell\\v1.0\\powershell.exe", "commandline": "", "user": "TRAN-LAPPY\\Ai Tran", "target": "", "raw_message": "Process terminated:\r\nRuleName: -\r\nUtcTime: 2025-12-16 08:30:48.182\r\nProcessGuid: {8ba13930-18b7-6941-4157-010000001a00}\r\nProcessId: 5752\r\nImage: C:\\Windows\\System32\\WindowsPowerShell\\v1.0\\powershell.exe\r\nUser: TRAN-LAPPY\\Ai Tran"}, {"timestamp": "2025-12-16 15:30:49", "event_id": 5, "image": "C:\\Windows\\System32\\WindowsPowerShell\\v1.0\\powershell.exe", "commandline": "", "user": "TRAN-LAPPY\\Ai Tran", "target": "", "raw_message": "Process terminated:\r\nRuleName: -\r\nUtcTime: 2025-12-16 08:30:49.687\r\nProcessGuid: {8ba13930-18b9-6941-4e57-010000001a00}\r\nProcessId: 5580\r\nImage: C:\\Windows\\System32\\WindowsPowerShell\\v1.0\\powershell.exe\r\nUser: TRAN-LAPPY\\Ai Tran"}, {"timestamp": "2025-12-16 15:30:51", "event_id": 5, "image": "C:\\Windows\\System32\\WindowsPowerShell\\v1.0\\powershell.exe", "commandline": "", "user": "TRAN-LAPPY\\Ai Tran", "target": "", "raw_message": "Process terminated:\r\nRuleName: -\r\nUtcTime: 2025-12-16 08:30:51.126\r\nProcessGuid: {8ba13930-18ba-6941-4f57-010000001a00}\r\nProcessId: 23736\r\nImage: C:\\Windows\\System32\\WindowsPowerShell\\v1.0\\powershell.exe\r\nUser: TRAN-LAPPY\\Ai Tran"}, {"timestamp": "2025-12-16 15:30:52", "event_id": 5, "image": "C:\\Windows\\System32\\WindowsPowerShell\\v1.0\\powershell.exe", "commandline": "", "user": "TRAN-LAPPY\\Ai Tran", "target": "", "raw_message": "Process terminated:\r\nRuleName: -\r\nUtcTime: 2025-12-16 08:30:52.438\r\nProcessGuid: {8ba13930-18bc-6941-5057-010000001a00}\r\nProcessId: 18640\r\nImage: C:\\Windows\\System32\\WindowsPowerShell\\v1.0\\powershell.exe\r\nUser: TRAN-LAPPY\\Ai Tran"}, {"timestamp": "2025-12-16 15:30:54", "event_id": 5, "image": "C:\\Windows\\System32\\conhost.exe", "commandline": "", "user": "TRAN-LAPPY\\Ai Tran", "target": "", "raw_message": "Process terminated:\r\nRuleName: -\r\nUtcTime: 2025-12-16 08:30:54.152\r\nProcessGuid: {8ba13930-18be-6941-5b57-010000001a00}\r\nProcessId: 10676\r\nImage: C:\\Windows\\System32\\conhost.exe\r\nUser: TRAN-LAPPY\\Ai Tran"}, {"timestamp": "2025-12-16 15:30:53", "event_id": 5, "image": "C:\\Windows\\System32\\WindowsPowerShell\\v1.0\\powershell.exe", "commandline": "", "user": "TRAN-LAPPY\\Ai Tran", "target": "", "raw_message": "Process terminated:\r\nRuleName: -\r\nUtcTime: 2025-12-16 08:30:53.826\r\nProcessGuid: {8ba13930-18bd-6941-5157-010000001a00}\r\nProcessId: 18140\r\nImage: C:\\Windows\\System32\\WindowsPowerShell\\v1.0\\powershell.exe\r\nUser: TRAN-LAPPY\\Ai Tran"}, {"timestamp": "2025-12-16 15:30:55", "event_id": 5, "image": "C:\\Windows\\System32\\cscript.exe", "commandline": "", "user": "TRAN-LAPPY\\Ai Tran", "target": "", "raw_message": "Process terminated:\r\nRuleName: -\r\nUtcTime: 2025-12-16 08:30:55.829\r\nProcessGuid: {8ba13930-18bf-6941-6057-010000001a00}\r\nProcessId: 6696\r\nImage: C:\\Windows\\System32\\cscript.exe\r\nUser: TRAN-LAPPY\\Ai Tran"}, {"timestamp": "2025-12-16 15:30:56", "event_id": 5, "image": "C:\\Windows\\System32\\WindowsPowerShell\\v1.0\\powershell.exe", "commandline": "", "user": "TRAN-LAPPY\\Ai Tran", "target": "", "raw_message": "Process terminated:\r\nRuleName: -\r\nUtcTime: 2025-12-16 08:30:56.675\r\nProcessGuid: {8ba13930-18c0-6941-6657-010000001a00}\r\nProcessId: 6792\r\nImage: C:\\Windows\\System32\\WindowsPowerShell\\v1.0\\powershell.exe\r\nUser: TRAN-LAPPY\\Ai Tran"}, {"timestamp": "2025-12-16 15:30:58", "event_id": 5, "image": "C:\\Windows\\System32\\WindowsPowerShell\\v1.0\\powershell.exe", "commandline": "", "user": "TRAN-LAPPY\\Ai Tran", "target": "", "raw_message": "Process terminated:\r\nRuleName: -\r\nUtcTime: 2025-12-16 08:30:58.086\r\nProcessGuid: {8ba13930-18c1-6941-6757-010000001a00}\r\nProcessId: 16932\r\nImage: C:\\Windows\\System32\\WindowsPowerShell\\v1.0\\powershell.exe\r\nUser: TRAN-LAPPY\\Ai Tran"}, {"timestamp": "2025-12-16 15:30:59", "event_id": 5, "image": "C:\\Windows\\System32\\WindowsPowerShell\\v1.0\\powershell.exe", "commandline": "", "user": "TRAN-LAPPY\\Ai Tran", "target": "", "raw_message": "Process terminated:\r\nRuleName: -\r\nUtcTime: 2025-12-16 08:30:59.474\r\nProcessGuid: {8ba13930-18c3-6941-6857-010000001a00}\r\nProcessId: 22176\r\nImage: C:\\Windows\\System32\\WindowsPowerShell\\v1.0\\powershell.exe\r\nUser: TRAN-LAPPY\\Ai Tran"}, {"timestamp": "2025-12-16 15:31:01", "event_id": 5, "image": "C:\\Windows\\System32\\WindowsPowerShell\\v1.0\\powershell.exe", "commandline": "", "user": "TRAN-LAPPY\\Ai Tran", "target": "", "raw_message": "Process terminated:\r\nRuleName: -\r\nUtcTime: 2025-12-16 08:31:01.125\r\nProcessGuid: {8ba13930-18c4-6941-7557-010000001a00}\r\nProcessId: 18040\r\nImage: C:\\Windows\\System32\\WindowsPowerShell\\v1.0\\powershell.exe\r\nUser: TRAN-LAPPY\\Ai Tran"}, {"timestamp": "2025-12-16 15:31:02", "event_id": 5, "image": "C:\\Windows\\System32\\WindowsPowerShell\\v1.0\\powershell.exe", "commandline": "", "user": "TRAN-LAPPY\\Ai Tran", "target": "", "raw_message": "Process terminated:\r\nRuleName: -\r\nUtcTime: 2025-12-16 08:31:02.455\r\nProcessGuid: {8ba13930-18c6-6941-7657-010000001a00}\r\nProcessId: 20528\r\nImage: C:\\Windows\\System32\\WindowsPowerShell\\v1.0\\powershell.exe\r\nUser: TRAN-LAPPY\\Ai Tran"}, {"timestamp": "2025-12-16 15:31:04", "event_id": 5, "image": "C:\\Windows\\System32\\WindowsPowerShell\\v1.0\\powershell.exe", "commandline": "", "user": "TRAN-LAPPY\\Ai Tran", "target": "", "raw_message": "Process terminated:\r\nRuleName: -\r\nUtcTime: 2025-12-16 08:31:04.444\r\nProcessGuid: {8ba13930-18bf-6941-5f57-010000001a00}\r\nProcessId: 21628\r\nImage: C:\\Windows\\System32\\WindowsPowerShell\\v1.0\\powershell.exe\r\nUser: TRAN-LAPPY\\Ai Tran"}, {"timestamp": "2025-12-16 15:31:03", "event_id": 5, "image": "C:\\Windows\\System32\\WindowsPowerShell\\v1.0\\powershell.exe", "commandline": "", "user": "TRAN-LAPPY\\Ai Tran", "target": "", "raw_message": "Process terminated:\r\nRuleName: -\r\nUtcTime: 2025-12-16 08:31:03.905\r\nProcessGuid: {8ba13930-18c7-6941-7757-010000001a00}\r\nProcessId: 1888\r\nImage: C:\\Windows\\System32\\WindowsPowerShell\\v1.0\\powershell.exe\r\nUser: TRAN-LAPPY\\Ai Tran"}, {"timestamp": "2025-12-16 15:31:05", "event_id": 5, "image": "C:\\Windows\\System32\\WindowsPowerShell\\v1.0\\powershell.exe", "commandline": "", "user": "TRAN-LAPPY\\Ai Tran", "target": "", "raw_message": "Process terminated:\r\nRuleName: -\r\nUtcTime: 2025-12-16 08:31:05.344\r\nProcessGuid: {8ba13930-18c8-6941-8457-010000001a00}\r\nProcessId: 6352\r\nImage: C:\\Windows\\System32\\WindowsPowerShell\\v1.0\\powershell.exe\r\nUser: TRAN-LAPPY\\Ai Tran"}, {"timestamp": "2025-12-16 15:31:06", "event_id": 5, "image": "C:\\Windows\\System32\\WindowsPowerShell\\v1.0\\powershell.exe", "commandline": "", "user": "TRAN-LAPPY\\Ai Tran", "target": "", "raw_message": "Process terminated:\r\nRuleName: -\r\nUtcTime: 2025-12-16 08:31:06.883\r\nProcessGuid: {8ba13930-18ca-6941-8557-010000001a00}\r\nProcessId: 14468\r\nImage: C:\\Windows\\System32\\WindowsPowerShell\\v1.0\\powershell.exe\r\nUser: TRAN-LAPPY\\Ai Tran"}, {"timestamp": "2025-12-16 15:31:08", "event_id": 1, "image": "C:\\Windows\\System32\\PING.EXE", "commandline": "ping  -n 6 127.0.0.1", "user": "TRAN-LAPPY\\Ai Tran", "target": "", "raw_message": "Process Create:\r\nRuleName: -\r\nUtcTime: 2025-12-16 08:31:08.894\r\nProcessGuid: {8ba13930-18cc-6941-8d57-010000001a00}\r\nProcessId: 18216\r\nImage: C:\\Windows\\System32\\PING.EXE\r\nFileVersion: 10.0.26100.1150 (WinBuild.160101.0800)\r\nDescription: TCP/IP Ping Command\r\nProduct: Microsoftr Windowsr Operating System\r\nCompany: Microsoft Corporation\r\nOriginalFileName: ping.exe\r\nCommandLine: ping  -n 6 127.0.0.1  \r\nCurrentDirectory: D:\\nckh\\auditlog\\demo_system\\attacks\\\r\nUser: TRAN-LAPPY\\Ai Tran\r\nLogonGuid: {8ba13930-ca9d-6940-295d-551b00000000}\r\nLogonId: 0x1B555D29\r\nTerminalSessionId: 16\r\nIntegrityLevel: Medium\r\nHashes: SHA256=96F2ABAC2542F4CD59628D14AF1F1935FEBFA56C675C3430E108B5465EBC823E\r\nParentProcessGuid: {8ba13930-18cc-6941-8957-010000001a00}\r\nParentProcessId: 2472\r\nParentImage: C:\\Windows\\System32\\cmd.exe\r\nParentCommandLine: \"C:\\Windows\\System32\\cmd.exe\" /c echo T1204.002 Demo - Child process spawned & ping -n 6 127.0.0.1 >nul \r\nParentUser: TRAN-LAPPY\\Ai Tran"}, {"timestamp": "2025-12-16 15:31:07", "event_id": 1, "image": "C:\\Windows\\System32\\WindowsPowerShell\\v1.0\\powershell.exe", "commandline": "\"C:\\Windows\\System32\\WindowsPowerShell\\v1.0\\powershell.exe\" -NoProfile -ExecutionPolicy Bypass -Command \"Set-Location -LiteralPath 'D:\\nckh\\auditlog\\demo_system\\attacks'; .\\test_individual.ps1 -Techni", "user": "TRAN-LAPPY\\Ai Tran", "target": "", "raw_message": "Process Create:\r\nRuleName: -\r\nUtcTime: 2025-12-16 08:31:07.940\r\nProcessGuid: {8ba13930-18cb-6941-8757-010000001a00}\r\nProcessId: 16152\r\nImage: C:\\Windows\\System32\\WindowsPowerShell\\v1.0\\powershell.exe\r\nFileVersion: 10.0.26100.5074 (WinBuild.160101.0800)\r\nDescription: Windows PowerShell\r\nProduct: Microsoftr Windowsr Operating System\r\nCompany: Microsoft Corporation\r\nOriginalFileName: PowerShell.EXE\r\nCommandLine: \"C:\\Windows\\System32\\WindowsPowerShell\\v1.0\\powershell.exe\" -NoProfile -ExecutionPolicy Bypass -Command \"Set-Location -LiteralPath 'D:\\nckh\\auditlog\\demo_system\\attacks'; .\\test_individual.ps1 -TechniqueID T1204.002\"\r\nCurrentDirectory: D:\\nckh\\auditlog\\\r\nUser: TRAN-LAPPY\\Ai Tran\r\nLogonGuid: {8ba13930-ca9d-6940-295d-551b00000000}\r\nLogonId: 0x1B555D29\r\nTerminalSessionId: 16\r\nIntegrityLevel: Medium\r\nHashes: SHA256=0FF6F2C94BC7E2833A5F7E16DE1622E5DBA70396F31C7D5F56381870317E8C46\r\nParentProcessGuid: {8ba13930-1345-6941-da4d-010000001a00}\r\nParentProcessId: 20924\r\nParentImage: C:\\Windows"}, {"timestamp": "2025-12-16 15:31:09", "event_id": 5, "image": "C:\\Windows\\System32\\WindowsPowerShell\\v1.0\\powershell.exe", "commandline": "", "user": "TRAN-LAPPY\\Ai Tran", "target": "", "raw_message": "Process terminated:\r\nRuleName: -\r\nUtcTime: 2025-12-16 08:31:09.739\r\nProcessGuid: {8ba13930-18cd-6941-8e57-010000001a00}\r\nProcessId: 14248\r\nImage: C:\\Windows\\System32\\WindowsPowerShell\\v1.0\\powershell.exe\r\nUser: TRAN-LAPPY\\Ai Tran"}, {"timestamp": "2025-12-16 15:31:11", "event_id": 5, "image": "C:\\Windows\\System32\\WindowsPowerShell\\v1.0\\powershell.exe", "commandline": "", "user": "TRAN-LAPPY\\Ai Tran", "target": "", "raw_message": "Process terminated:\r\nRuleName: -\r\nUtcTime: 2025-12-16 08:31:11.445\r\nProcessGuid: {8ba13930-18cf-6941-9b57-010000001a00}\r\nProcessId: 11548\r\nImage: C:\\Windows\\System32\\WindowsPowerShell\\v1.0\\powershell.exe\r\nUser: TRAN-LAPPY\\Ai Tran"}, {"timestamp": "2025-12-16 15:31:12", "event_id": 5, "image": "C:\\Windows\\System32\\WindowsPowerShell\\v1.0\\powershell.exe", "commandline": "", "user": "TRAN-LAPPY\\Ai Tran", "target": "", "raw_message": "Process terminated:\r\nRuleName: -\r\nUtcTime: 2025-12-16 08:31:12.743\r\nProcessGuid: {8ba13930-18d0-6941-9c57-010000001a00}\r\nProcessId: 10216\r\nImage: C:\\Windows\\System32\\WindowsPowerShell\\v1.0\\powershell.exe\r\nUser: TRAN-LAPPY\\Ai Tran"}, {"timestamp": "2025-12-16 15:31:14", "event_id": 5, "image": "C:\\Windows\\System32\\conhost.exe", "commandline": "", "user": "TRAN-LAPPY\\Ai Tran", "target": "", "raw_message": "Process terminated:\r\nRuleName: -\r\nUtcTime: 2025-12-16 08:31:14.680\r\nProcessGuid: {8ba13930-18d2-6941-a757-010000001a00}\r\nProcessId: 15560\r\nImage: C:\\Windows\\System32\\conhost.exe\r\nUser: TRAN-LAPPY\\Ai Tran"}, {"timestamp": "2025-12-16 15:31:13", "event_id": 5, "image": "C:\\Windows\\System32\\conhost.exe", "commandline": "", "user": "TRAN-LAPPY\\Ai Tran", "target": "", "raw_message": "Process terminated:\r\nRuleName: -\r\nUtcTime: 2025-12-16 08:31:13.943\r\nProcessGuid: {8ba13930-18cc-6941-8a57-010000001a00}\r\nProcessId: 16532\r\nImage: C:\\Windows\\System32\\conhost.exe\r\nUser: TRAN-LAPPY\\Ai Tran"}, {"timestamp": "2025-12-16 15:31:15", "event_id": 5, "image": "C:\\Windows\\System32\\WindowsPowerShell\\v1.0\\powershell.exe", "commandline": "", "user": "TRAN-LAPPY\\Ai Tran", "target": "", "raw_message": "Process terminated:\r\nRuleName: -\r\nUtcTime: 2025-12-16 08:31:15.673\r\nProcessGuid: {8ba13930-18d3-6941-aa57-010000001a00}\r\nProcessId: 8460\r\nImage: C:\\Windows\\System32\\WindowsPowerShell\\v1.0\\powershell.exe\r\nUser: TRAN-LAPPY\\Ai Tran"}, {"timestamp": "2025-12-16 15:31:17", "event_id": 5, "image": "C:\\Windows\\System32\\WindowsPowerShell\\v1.0\\powershell.exe", "commandline": "", "user": "TRAN-LAPPY\\Ai Tran", "target": "", "raw_message": "Process terminated:\r\nRuleName: -\r\nUtcTime: 2025-12-16 08:31:17.144\r\nProcessGuid: {8ba13930-18d4-6941-ab57-010000001a00}\r\nProcessId: 19500\r\nImage: C:\\Windows\\System32\\WindowsPowerShell\\v1.0\\powershell.exe\r\nUser: TRAN-LAPPY\\Ai Tran"}, {"timestamp": "2025-12-16 15:31:16", "event_id": 5, "image": "C:\\Windows\\System32\\WindowsPowerShell\\v1.0\\powershell.exe", "commandline": "", "user": "TRAN-LAPPY\\Ai Tran", "target": "", "raw_message": "Process terminated:\r\nRuleName: -\r\nUtcTime: 2025-12-16 08:31:16.988\r\nProcessGuid: {8ba13930-18cb-6941-8757-010000001a00}\r\nProcessId: 16152\r\nImage: C:\\Windows\\System32\\WindowsPowerShell\\v1.0\\powershell.exe\r\nUser: TRAN-LAPPY\\Ai Tran"}, {"timestamp": "2025-12-16 15:31:18", "event_id": 5, "image": "C:\\Windows\\System32\\WindowsPowerShell\\v1.0\\powershell.exe", "commandline": "", "user": "TRAN-LAPPY\\Ai Tran", "target": "", "raw_message": "Process terminated:\r\nRuleName: -\r\nUtcTime: 2025-12-16 08:31:18.708\r\nProcessGuid: {8ba13930-18d6-6941-bb57-010000001a00}\r\nProcessId: 17608\r\nImage: C:\\Windows\\System32\\WindowsPowerShell\\v1.0\\powershell.exe\r\nUser: TRAN-LAPPY\\Ai Tran"}, {"timestamp": "2025-12-16 15:31:20", "event_id": 5, "image": "C:\\Windows\\System32\\WindowsPowerShell\\v1.0\\powershell.exe", "commandline": "", "user": "TRAN-LAPPY\\Ai Tran", "target": "", "raw_message": "Process terminated:\r\nRuleName: -\r\nUtcTime: 2025-12-16 08:31:20.124\r\nProcessGuid: {8ba13930-18d7-6941-c057-010000001a00}\r\nProcessId: 8980\r\nImage: C:\\Windows\\System32\\WindowsPowerShell\\v1.0\\powershell.exe\r\nUser: TRAN-LAPPY\\Ai Tran"}, {"timestamp": "2025-12-16 15:31:19", "event_id": 5, "image": "C:\\Windows\\System32\\conhost.exe", "commandline": "", "user": "TRAN-LAPPY\\Ai Tran", "target": "", "raw_message": "Process terminated:\r\nRuleName: -\r\nUtcTime: 2025-12-16 08:31:19.829\r\nProcessGuid: {8ba13930-18d7-6941-c657-010000001a00}\r\nProcessId: 3804\r\nImage: C:\\Windows\\System32\\conhost.exe\r\nUser: TRAN-LAPPY\\Ai Tran"}, {"timestamp": "2025-12-16 15:31:21", "event_id": 5, "image": "C:\\Windows\\System32\\WindowsPowerShell\\v1.0\\powershell.exe", "commandline": "", "user": "TRAN-LAPPY\\Ai Tran", "target": "", "raw_message": "Process terminated:\r\nRuleName: -\r\nUtcTime: 2025-12-16 08:31:21.674\r\nProcessGuid: {8ba13930-18d9-6941-c957-010000001a00}\r\nProcessId: 17544\r\nImage: C:\\Windows\\System32\\WindowsPowerShell\\v1.0\\powershell.exe\r\nUser: TRAN-LAPPY\\Ai Tran"}, {"timestamp": "2025-12-16 15:31:23", "event_id": 5, "image": "C:\\Windows\\System32\\WindowsPowerShell\\v1.0\\powershell.exe", "commandline": "", "user": "TRAN-LAPPY\\Ai Tran", "target": "", "raw_message": "Process terminated:\r\nRuleName: -\r\nUtcTime: 2025-12-16 08:31:23.034\r\nProcessGuid: {8ba13930-18da-6941-ca57-010000001a00}\r\nProcessId: 10904\r\nImage: C:\\Windows\\System32\\WindowsPowerShell\\v1.0\\powershell.exe\r\nUser: TRAN-LAPPY\\Ai Tran"}, {"timestamp": "2025-12-16 15:31:24", "event_id": 5, "image": "C:\\Windows\\System32\\conhost.exe", "commandline": "", "user": "TRAN-LAPPY\\Ai Tran", "target": "", "raw_message": "Process terminated:\r\nRuleName: -\r\nUtcTime: 2025-12-16 08:31:24.966\r\nProcessGuid: {8ba13930-18dc-6941-d457-010000001a00}\r\nProcessId: 3416\r\nImage: C:\\Windows\\System32\\conhost.exe\r\nUser: TRAN-LAPPY\\Ai Tran"}, {"timestamp": "2025-12-16 15:31:25", "event_id": 5, "image": "C:\\Windows\\System32\\WindowsPowerShell\\v1.0\\powershell.exe", "commandline": "", "user": "TRAN-LAPPY\\Ai Tran", "target": "", "raw_message": "Process terminated:\r\nRuleName: -\r\nUtcTime: 2025-12-16 08:31:25.761\r\nProcessGuid: {8ba13930-18dd-6941-d857-010000001a00}\r\nProcessId: 10052\r\nImage: C:\\Windows\\System32\\WindowsPowerShell\\v1.0\\powershell.exe\r\nUser: TRAN-LAPPY\\Ai Tran"}, {"timestamp": "2025-12-16 15:31:27", "event_id": 5, "image": "C:\\Windows\\System32\\WindowsPowerShell\\v1.0\\powershell.exe", "commandline": "", "user": "TRAN-LAPPY\\Ai Tran", "target": "", "raw_message": "Process terminated:\r\nRuleName: -\r\nUtcTime: 2025-12-16 08:31:27.186\r\nProcessGuid: {8ba13930-18de-6941-d957-010000001a00}\r\nProcessId: 7440\r\nImage: C:\\Windows\\System32\\WindowsPowerShell\\v1.0\\powershell.exe\r\nUser: TRAN-LAPPY\\Ai Tran"}, {"timestamp": "2025-12-16 15:31:28", "event_id": 5, "image": "C:\\Windows\\System32\\WindowsPowerShell\\v1.0\\powershell.exe", "commandline": "", "user": "TRAN-LAPPY\\Ai Tran", "target": "", "raw_message": "Process terminated:\r\nRuleName: -\r\nUtcTime: 2025-12-16 08:31:28.633\r\nProcessGuid: {8ba13930-18e0-6941-da57-010000001a00}\r\nProcessId: 21872\r\nImage: C:\\Windows\\System32\\WindowsPowerShell\\v1.0\\powershell.exe\r\nUser: TRAN-LAPPY\\Ai Tran"}, {"timestamp": "2025-12-16 15:31:30", "event_id": 5, "image": "C:\\Windows\\System32\\conhost.exe", "commandline": "", "user": "TRAN-LAPPY\\Ai Tran", "target": "", "raw_message": "Process terminated:\r\nRuleName: -\r\nUtcTime: 2025-12-16 08:31:30.079\r\nProcessGuid: {8ba13930-18e2-6941-e557-010000001a00}\r\nProcessId: 12884\r\nImage: C:\\Windows\\System32\\conhost.exe\r\nUser: TRAN-LAPPY\\Ai Tran"}, {"timestamp": "2025-12-16 15:31:29", "event_id": 1, "image": "C:\\Windows\\System32\\conhost.exe", "commandline": "\\??\\C:\\Windows\\system32\\conhost.exe 0xffffffff -ForceV1", "user": "TRAN-LAPPY\\Ai Tran", "target": "", "raw_message": "Process Create:\r\nRuleName: -\r\nUtcTime: 2025-12-16 08:31:29.984\r\nProcessGuid: {8ba13930-18e1-6941-df57-010000001a00}\r\nProcessId: 8344\r\nImage: C:\\Windows\\System32\\conhost.exe\r\nFileVersion: 10.0.26100.7019 (WinBuild.160101.0800)\r\nDescription: Console Window Host\r\nProduct: Microsoftr Windowsr Operating System\r\nCompany: Microsoft Corporation\r\nOriginalFileName: CONHOST.EXE\r\nCommandLine: \\??\\C:\\Windows\\system32\\conhost.exe 0xffffffff -ForceV1\r\nCurrentDirectory: C:\\Windows\r\nUser: TRAN-LAPPY\\Ai Tran\r\nLogonGuid: {8ba13930-ca9d-6940-295d-551b00000000}\r\nLogonId: 0x1B555D29\r\nTerminalSessionId: 16\r\nIntegrityLevel: Medium\r\nHashes: SHA256=A29C38FE5566650658C1D6377AF7F5115D7C54F3AF7DE0A10E867DB25CB68F9F\r\nParentProcessGuid: {8ba13930-18e1-6941-dd57-010000001a00}\r\nParentProcessId: 19956\r\nParentImage: C:\\Program Files\\Git\\cmd\\git.exe\r\nParentCommandLine: \"C:\\Program Files\\Git\\cmd\\git.exe\" for-each-ref --format=%(refname)%00%(upstream:short)%00%(objectname)%00%(upstream:track)%00%(upstream:remotename)%00%(u"}, {"timestamp": "2025-12-16 15:31:31", "event_id": 5, "image": "C:\\Windows\\System32\\WindowsPowerShell\\v1.0\\powershell.exe", "commandline": "", "user": "TRAN-LAPPY\\Ai Tran", "target": "", "raw_message": "Process terminated:\r\nRuleName: -\r\nUtcTime: 2025-12-16 08:31:31.400\r\nProcessGuid: {8ba13930-18e2-6941-e857-010000001a00}\r\nProcessId: 22744\r\nImage: C:\\Windows\\System32\\WindowsPowerShell\\v1.0\\powershell.exe\r\nUser: TRAN-LAPPY\\Ai Tran"}, {"timestamp": "2025-12-16 15:31:32", "event_id": 5, "image": "C:\\Windows\\System32\\WindowsPowerShell\\v1.0\\powershell.exe", "commandline": "", "user": "TRAN-LAPPY\\Ai Tran", "target": "", "raw_message": "Process terminated:\r\nRuleName: -\r\nUtcTime: 2025-12-16 08:31:32.700\r\nProcessGuid: {8ba13930-18e4-6941-e957-010000001a00}\r\nProcessId: 13100\r\nImage: C:\\Windows\\System32\\WindowsPowerShell\\v1.0\\powershell.exe\r\nUser: TRAN-LAPPY\\Ai Tran"}, {"timestamp": "2025-12-16 15:31:34", "event_id": 5, "image": "C:\\Windows\\System32\\WindowsPowerShell\\v1.0\\powershell.exe", "commandline": "", "user": "TRAN-LAPPY\\Ai Tran", "target": "", "raw_message": "Process terminated:\r\nRuleName: -\r\nUtcTime: 2025-12-16 08:31:34.197\r\nProcessGuid: {8ba13930-18e5-6941-ea57-010000001a00}\r\nProcessId: 11424\r\nImage: C:\\Windows\\System32\\WindowsPowerShell\\v1.0\\powershell.exe\r\nUser: TRAN-LAPPY\\Ai Tran"}, {"timestamp": "2025-12-16 15:31:36", "event_id": 1, "image": "C:\\Windows\\System32\\cscript.exe", "commandline": "\"C:\\Windows\\system32\\cscript.exe\" //nologo C:\\Users\\Admin\\AppData\\Local\\Temp\\demo_macro_20251216153136.vbs", "user": "TRAN-LAPPY\\Ai Tran", "target": "", "raw_message": "Process Create:\r\nRuleName: -\r\nUtcTime: 2025-12-16 08:31:36.048\r\nProcessGuid: {8ba13930-18e8-6941-f957-010000001a00}\r\nProcessId: 17544\r\nImage: C:\\Windows\\System32\\cscript.exe\r\nFileVersion: 10.0.26100.7019\r\nDescription: Microsoft r Console Based Script Host\r\nProduct: Microsoft r Windows Script Host\r\nCompany: Microsoft Corporation\r\nOriginalFileName: cscript.exe\r\nCommandLine: \"C:\\Windows\\system32\\cscript.exe\" //nologo C:\\Users\\Admin\\AppData\\Local\\Temp\\demo_macro_20251216153136.vbs\r\nCurrentDirectory: D:\\nckh\\auditlog\\demo_system\\attacks\\\r\nUser: TRAN-LAPPY\\Ai Tran\r\nLogonGuid: {8ba13930-ca9d-6940-295d-551b00000000}\r\nLogonId: 0x1B555D29\r\nTerminalSessionId: 16\r\nIntegrityLevel: Medium\r\nHashes: SHA256=9521FCB41599FBEE8F44182F77E19F0FCA97D4E8199B1E8D97FCAD66B5A55DB2\r\nParentProcessGuid: {8ba13930-18e7-6941-f857-010000001a00}\r\nParentProcessId: 19872\r\nParentImage: C:\\Windows\\System32\\WindowsPowerShell\\v1.0\\powershell.exe\r\nParentCommandLine: \"C:\\Windows\\System32\\WindowsPowerShell\\v1.0\\powershell.exe\" "}, {"timestamp": "2025-12-16 15:31:35", "event_id": 1, "image": "C:\\Windows\\System32\\WindowsPowerShell\\v1.0\\powershell.exe", "commandline": "\"C:\\Windows\\System32\\WindowsPowerShell\\v1.0\\powershell.exe\" -NoProfile -ExecutionPolicy Bypass -Command \"Set-Location -LiteralPath 'D:\\nckh\\auditlog\\demo_system\\attacks'; .\\test_individual.ps1 -Techni", "user": "TRAN-LAPPY\\Ai Tran", "target": "", "raw_message": "Process Create:\r\nRuleName: -\r\nUtcTime: 2025-12-16 08:31:35.792\r\nProcessGuid: {8ba13930-18e7-6941-f857-010000001a00}\r\nProcessId: 19872\r\nImage: C:\\Windows\\System32\\WindowsPowerShell\\v1.0\\powershell.exe\r\nFileVersion: 10.0.26100.5074 (WinBuild.160101.0800)\r\nDescription: Windows PowerShell\r\nProduct: Microsoftr Windowsr Operating System\r\nCompany: Microsoft Corporation\r\nOriginalFileName: PowerShell.EXE\r\nCommandLine: \"C:\\Windows\\System32\\WindowsPowerShell\\v1.0\\powershell.exe\" -NoProfile -ExecutionPolicy Bypass -Command \"Set-Location -LiteralPath 'D:\\nckh\\auditlog\\demo_system\\attacks'; .\\test_individual.ps1 -TechniqueID T1204.002\"\r\nCurrentDirectory: D:\\nckh\\auditlog\\\r\nUser: TRAN-LAPPY\\Ai Tran\r\nLogonGuid: {8ba13930-ca9d-6940-295d-551b00000000}\r\nLogonId: 0x1B555D29\r\nTerminalSessionId: 16\r\nIntegrityLevel: Medium\r\nHashes: SHA256=0FF6F2C94BC7E2833A5F7E16DE1622E5DBA70396F31C7D5F56381870317E8C46\r\nParentProcessGuid: {8ba13930-1345-6941-da4d-010000001a00}\r\nParentProcessId: 20924\r\nParentImage: C:\\Windows"}, {"timestamp": "2025-12-16 15:31:37", "event_id": 5, "image": "C:\\Windows\\System32\\WindowsPowerShell\\v1.0\\powershell.exe", "commandline": "", "user": "TRAN-LAPPY\\Ai Tran", "target": "", "raw_message": "Process terminated:\r\nRuleName: -\r\nUtcTime: 2025-12-16 08:31:37.058\r\nProcessGuid: {8ba13930-18e8-6941-ff57-010000001a00}\r\nProcessId: 11560\r\nImage: C:\\Windows\\System32\\WindowsPowerShell\\v1.0\\powershell.exe\r\nUser: TRAN-LAPPY\\Ai Tran"}, {"timestamp": "2025-12-16 15:31:38", "event_id": 5, "image": "C:\\Windows\\System32\\WindowsPowerShell\\v1.0\\powershell.exe", "commandline": "", "user": "TRAN-LAPPY\\Ai Tran", "target": "", "raw_message": "Process terminated:\r\nRuleName: -\r\nUtcTime: 2025-12-16 08:31:38.729\r\nProcessGuid: {8ba13930-18ea-6941-0058-010000001a00}\r\nProcessId: 17660\r\nImage: C:\\Windows\\System32\\WindowsPowerShell\\v1.0\\powershell.exe\r\nUser: TRAN-LAPPY\\Ai Tran"}, {"timestamp": "2025-12-16 15:31:40", "event_id": 5, "image": "C:\\Windows\\System32\\conhost.exe", "commandline": "", "user": "TRAN-LAPPY\\Ai Tran", "target": "", "raw_message": "Process terminated:\r\nRuleName: -\r\nUtcTime: 2025-12-16 08:31:40.310\r\nProcessGuid: {8ba13930-18ec-6941-0a58-010000001a00}\r\nProcessId: 20892\r\nImage: C:\\Windows\\System32\\conhost.exe\r\nUser: TRAN-LAPPY\\Ai Tran"}, {"timestamp": "2025-12-16 15:31:41", "event_id": 5, "image": "C:\\Windows\\System32\\conhost.exe", "commandline": "", "user": "TRAN-LAPPY\\Ai Tran", "target": "", "raw_message": "Process terminated:\r\nRuleName: -\r\nUtcTime: 2025-12-16 08:31:41.769\r\nProcessGuid: {8ba13930-18e8-6941-fb57-010000001a00}\r\nProcessId: 2680\r\nImage: C:\\Windows\\System32\\conhost.exe\r\nUser: TRAN-LAPPY\\Ai Tran"}, {"timestamp": "2025-12-16 15:31:42", "event_id": 5, "image": "C:\\Windows\\System32\\WindowsPowerShell\\v1.0\\powershell.exe", "commandline": "", "user": "TRAN-LAPPY\\Ai Tran", "target": "", "raw_message": "Process terminated:\r\nRuleName: -\r\nUtcTime: 2025-12-16 08:31:42.827\r\nProcessGuid: {8ba13930-18ee-6941-0f58-010000001a00}\r\nProcessId: 4640\r\nImage: C:\\Windows\\System32\\WindowsPowerShell\\v1.0\\powershell.exe\r\nUser: TRAN-LAPPY\\Ai Tran"}, {"timestamp": "2025-12-16 15:31:44", "event_id": 5, "image": "C:\\Windows\\System32\\WindowsPowerShell\\v1.0\\powershell.exe", "commandline": "", "user": "TRAN-LAPPY\\Ai Tran", "target": "", "raw_message": "Process terminated:\r\nRuleName: -\r\nUtcTime: 2025-12-16 08:31:44.232\r\nProcessGuid: {8ba13930-18ef-6941-1058-010000001a00}\r\nProcessId: 15848\r\nImage: C:\\Windows\\System32\\WindowsPowerShell\\v1.0\\powershell.exe\r\nUser: TRAN-LAPPY\\Ai Tran"}, {"timestamp": "2025-12-16 15:31:45", "event_id": 5, "image": "C:\\Windows\\System32\\WindowsPowerShell\\v1.0\\powershell.exe", "commandline": "", "user": "TRAN-LAPPY\\Ai Tran", "target": "", "raw_message": "Process terminated:\r\nRuleName: -\r\nUtcTime: 2025-12-16 08:31:45.703\r\nProcessGuid: {8ba13930-18f1-6941-1158-010000001a00}\r\nProcessId: 18224\r\nImage: C:\\Windows\\System32\\WindowsPowerShell\\v1.0\\powershell.exe\r\nUser: TRAN-LAPPY\\Ai Tran"}, {"timestamp": "2025-12-16 15:31:47", "event_id": 1, "image": "C:\\Windows\\System32\\PING.EXE", "commandline": "ping  -n 6 127.0.0.1", "user": "TRAN-LAPPY\\Ai Tran", "target": "", "raw_message": "Process Create:\r\nRuleName: -\r\nUtcTime: 2025-12-16 08:31:47.521\r\nProcessGuid: {8ba13930-18f3-6941-2558-010000001a00}\r\nProcessId: 9020\r\nImage: C:\\Windows\\System32\\PING.EXE\r\nFileVersion: 10.0.26100.1150 (WinBuild.160101.0800)\r\nDescription: TCP/IP Ping Command\r\nProduct: Microsoftr Windowsr Operating System\r\nCompany: Microsoft Corporation\r\nOriginalFileName: ping.exe\r\nCommandLine: ping  -n 6 127.0.0.1  \r\nCurrentDirectory: D:\\nckh\\auditlog\\demo_system\\attacks\\\r\nUser: TRAN-LAPPY\\Ai Tran\r\nLogonGuid: {8ba13930-ca9d-6940-295d-551b00000000}\r\nLogonId: 0x1B555D29\r\nTerminalSessionId: 16\r\nIntegrityLevel: Medium\r\nHashes: SHA256=96F2ABAC2542F4CD59628D14AF1F1935FEBFA56C675C3430E108B5465EBC823E\r\nParentProcessGuid: {8ba13930-18f3-6941-2158-010000001a00}\r\nParentProcessId: 19608\r\nParentImage: C:\\Windows\\System32\\cmd.exe\r\nParentCommandLine: \"C:\\Windows\\System32\\cmd.exe\" /c echo T1204.002 Demo - Child process spawned & ping -n 6 127.0.0.1 >nul \r\nParentUser: TRAN-LAPPY\\Ai Tran"}, {"timestamp": "2025-12-16 15:31:46", "event_id": 1, "image": "C:\\Windows\\System32\\cscript.exe", "commandline": "\"C:\\Windows\\system32\\cscript.exe\" //nologo C:\\Users\\Admin\\AppData\\Local\\Temp\\demo_macro_20251216153146.vbs", "user": "TRAN-LAPPY\\Ai Tran", "target": "", "raw_message": "Process Create:\r\nRuleName: -\r\nUtcTime: 2025-12-16 08:31:46.847\r\nProcessGuid: {8ba13930-18f2-6941-2058-010000001a00}\r\nProcessId: 19560\r\nImage: C:\\Windows\\System32\\cscript.exe\r\nFileVersion: 10.0.26100.7019\r\nDescription: Microsoft r Console Based Script Host\r\nProduct: Microsoft r Windows Script Host\r\nCompany: Microsoft Corporation\r\nOriginalFileName: cscript.exe\r\nCommandLine: \"C:\\Windows\\system32\\cscript.exe\" //nologo C:\\Users\\Admin\\AppData\\Local\\Temp\\demo_macro_20251216153146.vbs\r\nCurrentDirectory: D:\\nckh\\auditlog\\demo_system\\attacks\\\r\nUser: TRAN-LAPPY\\Ai Tran\r\nLogonGuid: {8ba13930-ca9d-6940-295d-551b00000000}\r\nLogonId: 0x1B555D29\r\nTerminalSessionId: 16\r\nIntegrityLevel: Medium\r\nHashes: SHA256=9521FCB41599FBEE8F44182F77E19F0FCA97D4E8199B1E8D97FCAD66B5A55DB2\r\nParentProcessGuid: {8ba13930-18f2-6941-1e58-010000001a00}\r\nParentProcessId: 20256\r\nParentImage: C:\\Windows\\System32\\WindowsPowerShell\\v1.0\\powershell.exe\r\nParentCommandLine: \"C:\\Windows\\System32\\WindowsPowerShell\\v1.0\\powershell.exe\" "}, {"timestamp": "2025-12-16 15:31:48", "event_id": 5, "image": "C:\\Windows\\System32\\WindowsPowerShell\\v1.0\\powershell.exe", "commandline": "", "user": "TRAN-LAPPY\\Ai Tran", "target": "", "raw_message": "Process terminated:\r\nRuleName: -\r\nUtcTime: 2025-12-16 08:31:48.536\r\nProcessGuid: {8ba13930-18f4-6941-2658-010000001a00}\r\nProcessId: 16236\r\nImage: C:\\Windows\\System32\\WindowsPowerShell\\v1.0\\powershell.exe\r\nUser: TRAN-LAPPY\\Ai Tran"}, {"timestamp": "2025-12-16 15:31:50", "event_id": 1, "image": "C:\\Windows\\System32\\conhost.exe", "commandline": "\\??\\C:\\Windows\\system32\\conhost.exe 0xffffffff -ForceV1", "user": "TRAN-LAPPY\\Ai Tran", "target": "", "raw_message": "Process Create:\r\nRuleName: -\r\nUtcTime: 2025-12-16 08:31:50.549\r\nProcessGuid: {8ba13930-18f6-6941-3158-010000001a00}\r\nProcessId: 12748\r\nImage: C:\\Windows\\System32\\conhost.exe\r\nFileVersion: 10.0.26100.7019 (WinBuild.160101.0800)\r\nDescription: Console Window Host\r\nProduct: Microsoftr Windowsr Operating System\r\nCompany: Microsoft Corporation\r\nOriginalFileName: CONHOST.EXE\r\nCommandLine: \\??\\C:\\Windows\\system32\\conhost.exe 0xffffffff -ForceV1\r\nCurrentDirectory: C:\\Windows\r\nUser: TRAN-LAPPY\\Ai Tran\r\nLogonGuid: {8ba13930-ca9d-6940-295d-551b00000000}\r\nLogonId: 0x1B555D29\r\nTerminalSessionId: 16\r\nIntegrityLevel: Medium\r\nHashes: SHA256=A29C38FE5566650658C1D6377AF7F5115D7C54F3AF7DE0A10E867DB25CB68F9F\r\nParentProcessGuid: {8ba13930-18f6-6941-2f58-010000001a00}\r\nParentProcessId: 15856\r\nParentImage: C:\\Program Files\\Git\\cmd\\git.exe\r\nParentCommandLine: \"C:\\Program Files\\Git\\cmd\\git.exe\" for-each-ref --sort -committerdate --format %(refname)%00%(objectname)%00%(*objectname)\r\nParentUser: TRAN-LAPPY\\Ai Tra"}, {"timestamp": "2025-12-16 15:31:49", "event_id": 5, "image": "C:\\Windows\\System32\\WindowsPowerShell\\v1.0\\powershell.exe", "commandline": "", "user": "TRAN-LAPPY\\Ai Tran", "target": "", "raw_message": "Process terminated:\r\nRuleName: -\r\nUtcTime: 2025-12-16 08:31:49.924\r\nProcessGuid: {8ba13930-18f5-6941-2758-010000001a00}\r\nProcessId: 8268\r\nImage: C:\\Windows\\System32\\WindowsPowerShell\\v1.0\\powershell.exe\r\nUser: TRAN-LAPPY\\Ai Tran"}, {"timestamp": "2025-12-16 15:31:51", "event_id": 5, "image": "C:\\Windows\\System32\\WindowsPowerShell\\v1.0\\powershell.exe", "commandline": "", "user": "TRAN-LAPPY\\Ai Tran", "target": "", "raw_message": "Process terminated:\r\nRuleName: -\r\nUtcTime: 2025-12-16 08:31:51.360\r\nProcessGuid: {8ba13930-18f6-6941-3458-010000001a00}\r\nProcessId: 13656\r\nImage: C:\\Windows\\System32\\WindowsPowerShell\\v1.0\\powershell.exe\r\nUser: TRAN-LAPPY\\Ai Tran"}, {"timestamp": "2025-12-16 15:31:52", "event_id": 5, "image": "C:\\Windows\\System32\\WindowsPowerShell\\v1.0\\powershell.exe", "commandline": "", "user": "TRAN-LAPPY\\Ai Tran", "target": "", "raw_message": "Process terminated:\r\nRuleName: -\r\nUtcTime: 2025-12-16 08:31:52.861\r\nProcessGuid: {8ba13930-18f8-6941-3558-010000001a00}\r\nProcessId: 6640\r\nImage: C:\\Windows\\System32\\WindowsPowerShell\\v1.0\\powershell.exe\r\nUser: TRAN-LAPPY\\Ai Tran"}, {"timestamp": "2025-12-16 15:31:54", "event_id": 5, "image": "C:\\Windows\\System32\\WindowsPowerShell\\v1.0\\powershell.exe", "commandline": "", "user": "TRAN-LAPPY\\Ai Tran", "target": "", "raw_message": "Process terminated:\r\nRuleName: -\r\nUtcTime: 2025-12-16 08:31:54.173\r\nProcessGuid: {8ba13930-18f9-6941-3658-010000001a00}\r\nProcessId: 12516\r\nImage: C:\\Windows\\System32\\WindowsPowerShell\\v1.0\\powershell.exe\r\nUser: TRAN-LAPPY\\Ai Tran"}, {"timestamp": "2025-12-16 15:31:55", "event_id": 5, "image": "C:\\Windows\\System32\\conhost.exe", "commandline": "", "user": "TRAN-LAPPY\\Ai Tran", "target": "", "raw_message": "Process terminated:\r\nRuleName: -\r\nUtcTime: 2025-12-16 08:31:55.728\r\nProcessGuid: {8ba13930-18fb-6941-4158-010000001a00}\r\nProcessId: 1544\r\nImage: C:\\Windows\\System32\\conhost.exe\r\nUser: TRAN-LAPPY\\Ai Tran"}, {"timestamp": "2025-12-16 15:31:57", "event_id": 5, "image": "C:\\Windows\\System32\\WindowsPowerShell\\v1.0\\powershell.exe", "commandline": "", "user": "TRAN-LAPPY\\Ai Tran", "target": "", "raw_message": "Process terminated:\r\nRuleName: -\r\nUtcTime: 2025-12-16 08:31:57.006\r\nProcessGuid: {8ba13930-18fc-6941-4458-010000001a00}\r\nProcessId: 13360\r\nImage: C:\\Windows\\System32\\WindowsPowerShell\\v1.0\\powershell.exe\r\nUser: TRAN-LAPPY\\Ai Tran"}, {"timestamp": "2025-12-16 15:31:58", "event_id": 5, "image": "C:\\Windows\\System32\\WindowsPowerShell\\v1.0\\powershell.exe", "commandline": "", "user": "TRAN-LAPPY\\Ai Tran", "target": "", "raw_message": "Process terminated:\r\nRuleName: -\r\nUtcTime: 2025-12-16 08:31:58.397\r\nProcessGuid: {8ba13930-18fe-6941-4558-010000001a00}\r\nProcessId: 1872\r\nImage: C:\\Windows\\System32\\WindowsPowerShell\\v1.0\\powershell.exe\r\nUser: TRAN-LAPPY\\Ai Tran"}, {"timestamp": "2025-12-16 15:31:59", "event_id": 5, "image": "C:\\Windows\\System32\\WindowsPowerShell\\v1.0\\powershell.exe", "commandline": "", "user": "TRAN-LAPPY\\Ai Tran", "target": "", "raw_message": "Process terminated:\r\nRuleName: -\r\nUtcTime: 2025-12-16 08:31:59.763\r\nProcessGuid: {8ba13930-18ff-6941-4658-010000001a00}\r\nProcessId: 4416\r\nImage: C:\\Windows\\System32\\WindowsPowerShell\\v1.0\\powershell.exe\r\nUser: TRAN-LAPPY\\Ai Tran"}, {"timestamp": "2025-12-16 15:32:01", "event_id": 5, "image": "C:\\Windows\\System32\\WindowsPowerShell\\v1.0\\powershell.exe", "commandline": "", "user": "TRAN-LAPPY\\Ai Tran", "target": "", "raw_message": "Process terminated:\r\nRuleName: -\r\nUtcTime: 2025-12-16 08:32:01.063\r\nProcessGuid: {8ba13930-1900-6941-4d58-010000001a00}\r\nProcessId: 1064\r\nImage: C:\\Windows\\System32\\WindowsPowerShell\\v1.0\\powershell.exe\r\nUser: TRAN-LAPPY\\Ai Tran"}, {"timestamp": "2025-12-16 15:32:00", "event_id": 5, "image": "C:\\Windows\\System32\\conhost.exe", "commandline": "", "user": "TRAN-LAPPY\\Ai Tran", "target": "", "raw_message": "Process terminated:\r\nRuleName: -\r\nUtcTime: 2025-12-16 08:32:00.835\r\nProcessGuid: {8ba13930-1900-6941-5058-010000001a00}\r\nProcessId: 12368\r\nImage: C:\\Windows\\System32\\conhost.exe\r\nUser: TRAN-LAPPY\\Ai Tran"}, {"timestamp": "2025-12-16 15:32:02", "event_id": 5, "image": "C:\\Windows\\System32\\WindowsPowerShell\\v1.0\\powershell.exe", "commandline": "", "user": "TRAN-LAPPY\\Ai Tran", "target": "", "raw_message": "Process terminated:\r\nRuleName: -\r\nUtcTime: 2025-12-16 08:32:02.483\r\nProcessGuid: {8ba13930-1902-6941-5458-010000001a00}\r\nProcessId: 888\r\nImage: C:\\Windows\\System32\\WindowsPowerShell\\v1.0\\powershell.exe\r\nUser: TRAN-LAPPY\\Ai Tran"}, {"timestamp": "2025-12-16 15:32:03", "event_id": 5, "image": "C:\\Windows\\System32\\WindowsPowerShell\\v1.0\\powershell.exe", "commandline": "", "user": "TRAN-LAPPY\\Ai Tran", "target": "", "raw_message": "Process terminated:\r\nRuleName: -\r\nUtcTime: 2025-12-16 08:32:03.863\r\nProcessGuid: {8ba13930-1903-6941-5558-010000001a00}\r\nProcessId: 22044\r\nImage: C:\\Windows\\System32\\WindowsPowerShell\\v1.0\\powershell.exe\r\nUser: TRAN-LAPPY\\Ai Tran"}, {"timestamp": "2025-12-16 15:32:05", "event_id": 1, "image": "C:\\Windows\\System32\\conhost.exe", "commandline": "\\??\\C:\\Windows\\system32\\conhost.exe 0xffffffff -ForceV1", "user": "TRAN-LAPPY\\Ai Tran", "target": "", "raw_message": "Process Create:\r\nRuleName: -\r\nUtcTime: 2025-12-16 08:32:05.874\r\nProcessGuid: {8ba13930-1905-6941-5a58-010000001a00}\r\nProcessId: 7604\r\nImage: C:\\Windows\\System32\\conhost.exe\r\nFileVersion: 10.0.26100.7019 (WinBuild.160101.0800)\r\nDescription: Console Window Host\r\nProduct: Microsoftr Windowsr Operating System\r\nCompany: Microsoft Corporation\r\nOriginalFileName: CONHOST.EXE\r\nCommandLine: \\??\\C:\\Windows\\system32\\conhost.exe 0xffffffff -ForceV1\r\nCurrentDirectory: C:\\Windows\r\nUser: TRAN-LAPPY\\Ai Tran\r\nLogonGuid: {8ba13930-ca9d-6940-295d-551b00000000}\r\nLogonId: 0x1B555D29\r\nTerminalSessionId: 16\r\nIntegrityLevel: Medium\r\nHashes: SHA256=A29C38FE5566650658C1D6377AF7F5115D7C54F3AF7DE0A10E867DB25CB68F9F\r\nParentProcessGuid: {8ba13930-1905-6941-5858-010000001a00}\r\nParentProcessId: 15708\r\nParentImage: C:\\Program Files\\Git\\cmd\\git.exe\r\nParentCommandLine: \"C:\\Program Files\\Git\\cmd\\git.exe\" config --get commit.template\r\nParentUser: TRAN-LAPPY\\Ai Tran"}, {"timestamp": "2025-12-16 15:32:06", "event_id": 5, "image": "C:\\Windows\\System32\\WindowsPowerShell\\v1.0\\powershell.exe", "commandline": "", "user": "TRAN-LAPPY\\Ai Tran", "target": "", "raw_message": "Process terminated:\r\nRuleName: -\r\nUtcTime: 2025-12-16 08:32:06.718\r\nProcessGuid: {8ba13930-1906-6941-6358-010000001a00}\r\nProcessId: 2020\r\nImage: C:\\Windows\\System32\\WindowsPowerShell\\v1.0\\powershell.exe\r\nUser: TRAN-LAPPY\\Ai Tran"}, {"timestamp": "2025-12-16 15:32:08", "event_id": 5, "image": "C:\\Windows\\System32\\WindowsPowerShell\\v1.0\\powershell.exe", "commandline": "", "user": "TRAN-LAPPY\\Ai Tran", "target": "", "raw_message": "Process terminated:\r\nRuleName: -\r\nUtcTime: 2025-12-16 08:32:08.342\r\nProcessGuid: {8ba13930-1907-6941-6b58-010000001a00}\r\nProcessId: 23096\r\nImage: C:\\Windows\\System32\\WindowsPowerShell\\v1.0\\powershell.exe\r\nUser: TRAN-LAPPY\\Ai Tran"}, {"timestamp": "2025-12-16 15:32:09", "event_id": 5, "image": "C:\\Windows\\System32\\WindowsPowerShell\\v1.0\\powershell.exe", "commandline": "", "user": "TRAN-LAPPY\\Ai Tran", "target": "", "raw_message": "Process terminated:\r\nRuleName: -\r\nUtcTime: 2025-12-16 08:32:09.781\r\nProcessGuid: {8ba13930-1909-6941-6f58-010000001a00}\r\nProcessId: 23636\r\nImage: C:\\Windows\\System32\\WindowsPowerShell\\v1.0\\powershell.exe\r\nUser: TRAN-LAPPY\\Ai Tran"}, {"timestamp": "2025-12-16 15:32:11", "event_id": 5, "image": "C:\\Windows\\System32\\WindowsPowerShell\\v1.0\\powershell.exe", "commandline": "", "user": "TRAN-LAPPY\\Ai Tran", "target": "", "raw_message": "Process terminated:\r\nRuleName: -\r\nUtcTime: 2025-12-16 08:32:11.230\r\nProcessGuid: {8ba13930-190a-6941-7058-010000001a00}\r\nProcessId: 15988\r\nImage: C:\\Windows\\System32\\WindowsPowerShell\\v1.0\\powershell.exe\r\nUser: TRAN-LAPPY\\Ai Tran"}, {"timestamp": "2025-12-16 15:32:10", "event_id": 5, "image": "C:\\Program Files\\Git\\cmd\\git.exe", "commandline": "", "user": "TRAN-LAPPY\\Ai Tran", "target": "", "raw_message": "Process terminated:\r\nRuleName: -\r\nUtcTime: 2025-12-16 08:32:10.882\r\nProcessGuid: {8ba13930-190a-6941-7158-010000001a00}\r\nProcessId: 16700\r\nImage: C:\\Program Files\\Git\\cmd\\git.exe\r\nUser: TRAN-LAPPY\\Ai Tran"}, {"timestamp": "2025-12-16 15:32:12", "event_id": 5, "image": "C:\\Windows\\System32\\WindowsPowerShell\\v1.0\\powershell.exe", "commandline": "", "user": "TRAN-LAPPY\\Ai Tran", "target": "", "raw_message": "Process terminated:\r\nRuleName: -\r\nUtcTime: 2025-12-16 08:32:12.653\r\nProcessGuid: {8ba13930-190c-6941-8258-010000001a00}\r\nProcessId: 18036\r\nImage: C:\\Windows\\System32\\WindowsPowerShell\\v1.0\\powershell.exe\r\nUser: TRAN-LAPPY\\Ai Tran"}, {"timestamp": "2025-12-16 15:32:13", "event_id": 5, "image": "C:\\Windows\\System32\\WindowsPowerShell\\v1.0\\powershell.exe", "commandline": "", "user": "TRAN-LAPPY\\Ai Tran", "target": "", "raw_message": "Process terminated:\r\nRuleName: -\r\nUtcTime: 2025-12-16 08:32:13.999\r\nProcessGuid: {8ba13930-190d-6941-8b58-010000001a00}\r\nProcessId: 15372\r\nImage: C:\\Windows\\System32\\WindowsPowerShell\\v1.0\\powershell.exe\r\nUser: TRAN-LAPPY\\Ai Tran"}, {"timestamp": "2025-12-16 15:32:15", "event_id": 5, "image": "C:\\Windows\\System32\\WindowsPowerShell\\v1.0\\powershell.exe", "commandline": "", "user": "TRAN-LAPPY\\Ai Tran", "target": "", "raw_message": "Process terminated:\r\nRuleName: -\r\nUtcTime: 2025-12-16 08:32:15.506\r\nProcessGuid: {8ba13930-190f-6941-8c58-010000001a00}\r\nProcessId: 7408\r\nImage: C:\\Windows\\System32\\WindowsPowerShell\\v1.0\\powershell.exe\r\nUser: TRAN-LAPPY\\Ai Tran"}, {"timestamp": "2025-12-16 15:32:16", "event_id": 5, "image": "C:\\Windows\\System32\\WindowsPowerShell\\v1.0\\powershell.exe", "commandline": "", "user": "TRAN-LAPPY\\Ai Tran", "target": "", "raw_message": "Process terminated:\r\nRuleName: -\r\nUtcTime: 2025-12-16 08:32:16.991\r\nProcessGuid: {8ba13930-1910-6941-9958-010000001a00}\r\nProcessId: 13820\r\nImage: C:\\Windows\\System32\\WindowsPowerShell\\v1.0\\powershell.exe\r\nUser: TRAN-LAPPY\\Ai Tran"}, {"timestamp": "2025-12-16 15:32:18", "event_id": 5, "image": "C:\\Windows\\System32\\WindowsPowerShell\\v1.0\\powershell.exe", "commandline": "", "user": "TRAN-LAPPY\\Ai Tran", "target": "", "raw_message": "Process terminated:\r\nRuleName: -\r\nUtcTime: 2025-12-16 08:32:18.373\r\nProcessGuid: {8ba13930-1912-6941-9a58-010000001a00}\r\nProcessId: 18580\r\nImage: C:\\Windows\\System32\\WindowsPowerShell\\v1.0\\powershell.exe\r\nUser: TRAN-LAPPY\\Ai Tran"}, 