{"timestamp": "2025-12-16 15:46:23", "event_id": 5, "image": "C:\\Windows\\System32\\WindowsPowerShell\\v1.0\\powershell.exe", "commandline": "", "user": "TRAN-LAPPY\\Ai Tran", "target": "", "raw_message": "Process terminated:\r\nRuleName: -\r\nUtcTime: 2025-12-16 08:46:23.014\r\nProcessGuid: {8ba13930-1c5e-6941-5a5f-010000001a00}\r\nProcessId: 5812\r\nImage: C:\\Windows\\System32\\WindowsPowerShell\\v1.0\\powershell.exe\r\nUser: TRAN-LAPPY\\Ai Tran"}, {"timestamp": "2025-12-16 15:46:22", "event_id": 5, "image": "C:\\Windows\\System32\\conhost.exe", "commandline": "", "user": "TRAN-LAPPY\\Ai Tran", "target": "", "raw_message": "Process terminated:\r\nRuleName: -\r\nUtcTime: 2025-12-16 08:46:22.868\r\nProcessGuid: {8ba13930-1c5e-6941-645f-010000001a00}\r\nProcessId: 9388\r\nImage: C:\\Windows\\System32\\conhost.exe\r\nUser: TRAN-LAPPY\\Ai Tran"}, {"timestamp": "2025-12-16 15:46:24", "event_id": 5, "image": "C:\\Windows\\System32\\WindowsPowerShell\\v1.0\\powershell.exe", "commandline": "", "user": "TRAN-LAPPY\\Ai Tran", "target": "", "raw_message": "Process terminated:\r\nRuleName: -\r\nUtcTime: 2025-12-16 08:46:24.401\r\nProcessGuid: {8ba13930-1c60-6941-675f-010000001a00}\r\nProcessId: 19996\r\nImage: C:\\Windows\\System32\\WindowsPowerShell\\v1.0\\powershell.exe\r\nUser: TRAN-LAPPY\\Ai Tran"}, {"timestamp": "2025-12-16 15:46:25", "event_id": 5, "image": "C:\\Windows\\System32\\WindowsPowerShell\\v1.0\\powershell.exe", "commandline": "", "user": "TRAN-LAPPY\\Ai Tran", "target": "", "raw_message": "Process terminated:\r\nRuleName: -\r\nUtcTime: 2025-12-16 08:46:25.793\r\nProcessGuid: {8ba13930-1c61-6941-685f-010000001a00}\r\nProcessId: 5252\r\nImage: C:\\Windows\\System32\\WindowsPowerShell\\v1.0\\powershell.exe\r\nUser: TRAN-LAPPY\\Ai Tran"}, {"timestamp": "2025-12-16 15:46:27", "event_id": 5, "image": "C:\\Windows\\System32\\WindowsPowerShell\\v1.0\\powershell.exe", "commandline": "", "user": "TRAN-LAPPY\\Ai Tran", "target": "", "raw_message": "Process terminated:\r\nRuleName: -\r\nUtcTime: 2025-12-16 08:46:27.181\r\nProcessGuid: {8ba13930-1c62-6941-695f-010000001a00}\r\nProcessId: 12372\r\nImage: C:\\Windows\\System32\\WindowsPowerShell\\v1.0\\powershell.exe\r\nUser: TRAN-LAPPY\\Ai Tran"}, {"timestamp": "2025-12-16 15:46:28", "event_id": 5, "image": "C:\\Windows\\System32\\WindowsPowerShell\\v1.0\\powershell.exe", "commandline": "", "user": "TRAN-LAPPY\\Ai Tran", "target": "", "raw_message": "Process terminated:\r\nRuleName: -\r\nUtcTime: 2025-12-16 08:46:28.510\r\nProcessGuid: {8ba13930-1c64-6941-765f-010000001a00}\r\nProcessId: 18424\r\nImage: C:\\Windows\\System32\\WindowsPowerShell\\v1.0\\powershell.exe\r\nUser: TRAN-LAPPY\\Ai Tran"}, {"timestamp": "2025-12-16 15:46:30", "event_id": 5, "image": "C:\\Windows\\System32\\WindowsPowerShell\\v1.0\\powershell.exe", "commandline": "", "user": "TRAN-LAPPY\\Ai Tran", "target": "", "raw_message": "Process terminated:\r\nRuleName: -\r\nUtcTime: 2025-12-16 08:46:30.076\r\nProcessGuid: {8ba13930-1c65-6941-775f-010000001a00}\r\nProcessId: 10020\r\nImage: C:\\Windows\\System32\\WindowsPowerShell\\v1.0\\powershell.exe\r\nUser: TRAN-LAPPY\\Ai Tran"}, {"timestamp": "2025-12-16 15:46:32", "event_id": 5, "image": "C:\\Windows\\System32\\WindowsPowerShell\\v1.0\\powershell.exe", "commandline": "", "user": "TRAN-LAPPY\\Ai Tran", "target": "", "raw_message": "Process terminated:\r\nRuleName: -\r\nUtcTime: 2025-12-16 08:46:32.087\r\nProcessGuid: {8ba13930-1c67-6941-785f-010000001a00}\r\nProcessId: 6420\r\nImage: C:\\Windows\\System32\\WindowsPowerShell\\v1.0\\powershell.exe\r\nUser: TRAN-LAPPY\\Ai Tran"}, {"timestamp": "2025-12-16 15:46:36", "event_id": 5, "image": "C:\\Windows\\System32\\WindowsPowerShell\\v1.0\\powershell.exe", "commandline": "", "user": "TRAN-LAPPY\\Ai Tran", "target": "", "raw_message": "Process terminated:\r\nRuleName: -\r\nUtcTime: 2025-12-16 08:46:36.601\r\nProcessGuid: {8ba13930-1c6b-6941-7a5f-010000001a00}\r\nProcessId: 14968\r\nImage: C:\\Windows\\System32\\WindowsPowerShell\\v1.0\\powershell.exe\r\nUser: TRAN-LAPPY\\Ai Tran"}, {"timestamp": "2025-12-16 15:46:41", "event_id": 5, "image": "C:\\Windows\\System32\\WindowsPowerShell\\v1.0\\powershell.exe", "commandline": "", "user": "TRAN-LAPPY\\Ai Tran", "target": "", "raw_message": "Process terminated:\r\nRuleName: -\r\nUtcTime: 2025-12-16 08:46:41.280\r\nProcessGuid: {8ba13930-1c70-6941-7c5f-010000001a00}\r\nProcessId: 17516\r\nImage: C:\\Windows\\System32\\WindowsPowerShell\\v1.0\\powershell.exe\r\nUser: TRAN-LAPPY\\Ai Tran"}, {"timestamp": "2025-12-16 15:46:45", "event_id": 5, "image": "C:\\Windows\\System32\\WindowsPowerShell\\v1.0\\powershell.exe", "commandline": "", "user": "TRAN-LAPPY\\Ai Tran", "target": "", "raw_message": "Process terminated:\r\nRuleName: -\r\nUtcTime: 2025-12-16 08:46:45.595\r\nProcessGuid: {8ba13930-1c74-6941-8a5f-010000001a00}\r\nProcessId: 23476\r\nImage: C:\\Windows\\System32\\WindowsPowerShell\\v1.0\\powershell.exe\r\nUser: TRAN-LAPPY\\Ai Tran"}, {"timestamp": "2025-12-16 15:46:50", "event_id": 5, "image": "C:\\Windows\\System32\\WindowsPowerShell\\v1.0\\powershell.exe", "commandline": "", "user": "TRAN-LAPPY\\Ai Tran", "target": "", "raw_message": "Process terminated:\r\nRuleName: -\r\nUtcTime: 2025-12-16 08:46:50.293\r\nProcessGuid: {8ba13930-1c79-6941-8c5f-010000001a00}\r\nProcessId: 8800\r\nImage: C:\\Windows\\System32\\WindowsPowerShell\\v1.0\\powershell.exe\r\nUser: TRAN-LAPPY\\Ai Tran"}, {"timestamp": "2025-12-16 15:46:49", "event_id": 1, "image": "C:\\Program Files\\Git\\mingw64\\bin\\git.exe", "commandline": "git.exe for-each-ref --format=%%(refname)The operation completed successfully. %%(upstream:short)The operation completed successfully. %%(objectname)The operation completed successfully. %%(upstream:t", "user": "TRAN-LAPPY\\Ai Tran", "target": "", "raw_message": "Process Create:\r\nRuleName: -\r\nUtcTime: 2025-12-16 08:46:49.987\r\nProcessGuid: {8ba13930-1c79-6941-925f-010000001a00}\r\nProcessId: 17852\r\nImage: C:\\Program Files\\Git\\mingw64\\bin\\git.exe\r\nFileVersion: 2.52.0.windows.1\r\nDescription: Git for Windows\r\nProduct: Git\r\nCompany: The Git Development Community\r\nOriginalFileName: git.exe\r\nCommandLine: git.exe for-each-ref --format=%%(refname)The operation completed successfully. %%(upstream:short)The operation completed successfully. %%(objectname)The operation completed successfully. %%(upstream:track)The operation completed successfully. %%(upstream:remotename)The operation completed successfully. %%(upstream:remoteref) --ignore-case refs/heads/feat/demo_system refs/remotes/feat/demo_system\r\nCurrentDirectory: D:\\nckh\\auditlog\\\r\nUser: TRAN-LAPPY\\Ai Tran\r\nLogonGuid: {8ba13930-ca9d-6940-295d-551b00000000}\r\nLogonId: 0x1B555D29\r\nTerminalSessionId: 16\r\nIntegrityLevel: Medium\r\nHashes: SHA256=FC0F1CAE1304FCDCF4D0749F421C5ED21471EFC856301F92F56D4B844BE84363"}, {"timestamp": "2025-12-16 15:46:55", "event_id": 5, "image": "C:\\Windows\\System32\\conhost.exe", "commandline": "", "user": "TRAN-LAPPY\\Ai Tran", "target": "", "raw_message": "Process terminated:\r\nRuleName: -\r\nUtcTime: 2025-12-16 08:46:55.216\r\nProcessGuid: {8ba13930-1c7f-6941-a45f-010000001a00}\r\nProcessId: 18264\r\nImage: C:\\Windows\\System32\\conhost.exe\r\nUser: TRAN-LAPPY\\Ai Tran"}, {"timestamp": "2025-12-16 15:46:59", "event_id": 5, "image": "C:\\Windows\\System32\\WindowsPowerShell\\v1.0\\powershell.exe", "commandline": "", "user": "TRAN-LAPPY\\Ai Tran", "target": "", "raw_message": "Process terminated:\r\nRuleName: -\r\nUtcTime: 2025-12-16 08:46:59.522\r\nProcessGuid: {8ba13930-1c82-6941-a85f-010000001a00}\r\nProcessId: 2940\r\nImage: C:\\Windows\\System32\\WindowsPowerShell\\v1.0\\powershell.exe\r\nUser: TRAN-LAPPY\\Ai Tran"}, {"timestamp": "2025-12-16 15:47:04", "event_id": 5, "image": "C:\\Windows\\System32\\WindowsPowerShell\\v1.0\\powershell.exe", "commandline": "", "user": "TRAN-LAPPY\\Ai Tran", "target": "", "raw_message": "Process terminated:\r\nRuleName: -\r\nUtcTime: 2025-12-16 08:47:04.245\r\nProcessGuid: {8ba13930-1c87-6941-b65f-010000001a00}\r\nProcessId: 1184\r\nImage: C:\\Windows\\System32\\WindowsPowerShell\\v1.0\\powershell.exe\r\nUser: TRAN-LAPPY\\Ai Tran"}], "detections": [{"timestamp": "2025-12-16 14:30:35", "technique_id": "T1059.001", "technique_name": "PowerShell Execution", "confidence": 39.1, "patterns": ["powershell"], "source": "C:\\Windows\\System32\\conhost.exe", "event_id": 1, "command_line": "\\??\\C:\\Windows\\system32\\conhost.exe 0xffffffff -ForceV1", "matched_events": [{"event_id": 1, "timestamp": "2025-12-16 14:30:33", "image": "C:\\Windows\\System32\\conhost.exe", "commandline": "\\??\\C:\\Windows\\system32\\conhost.exe 0xffffffff -ForceV1", "target_filename": "", "details": "", "user": "TRAN-LAPPY\\Ai Tran", "parent_image": "C:\\Windows\\System32\\WindowsPowerShell\\v1.0\\powershell.exe", "target_image": ""}]}, {"timestamp": "2025-12-16 14:33:12", "technique_id": "T1003.001", "technique_name": "LSASS Memory Dump", "confidence": 58.6, "patterns": ["lsass", "procdump"], "source": "C:\\Windows\\System32\\conhost.exe", "event_id": 1, "command_line": "\\??\\C:\\Windows\\system32\\conhost.exe 0xffffffff -ForceV1", "matched_events": [{"event_id": 1, "timestamp": "2025-12-16 14:33:11", "image": "C:\\Windows\\System32\\conhost.exe", "commandline": "\\??\\C:\\Windows\\system32\\conhost.exe 0xffffffff -ForceV1", "target_filename": "", "details": "", "user": "TRAN-LAPPY\\Ai Tran", "parent_image": "C:\\Windows\\System32\\WindowsPowerShell\\v1.0\\powershell.exe", "target_image": ""}]}, {"timestamp": "2025-12-16 14:33:12", "technique_id": "T1059.001", "technique_name": "PowerShell Execution", "confidence": 39.1, "patterns": ["powershell"], "source": "C:\\Windows\\System32\\conhost.exe", "event_id": 1, "command_line": "\\??\\C:\\Windows\\system32\\conhost.exe 0xffffffff -ForceV1", "matched_events": [{"event_id": 1, "timestamp": "2025-12-16 14:33:11", "image": "C:\\Windows\\System32\\conhost.exe", "commandline": "\\??\\C:\\Windows\\system32\\conhost.exe 0xffffffff -ForceV1", "target_filename": "", "details": "", "user": "TRAN-LAPPY\\Ai Tran", "parent_image": "C:\\Windows\\System32\\WindowsPowerShell\\v1.0\\powershell.exe", "target_image": ""}]}, {"timestamp": "2025-12-16 14:34:46", "technique_id": "T1059.001", "technique_name": "PowerShell Execution", "confidence": 66.4, "patterns": ["powershell", "-encodedcommand", "-enc", "-nop"], "source": "C:\\Windows\\System32\\WindowsPowerShell\\v1.0\\powershell.exe", "event_id": 1, "command_line": "\"C:\\Windows\\System32\\WindowsPowerShell\\v1.0\\powershell.exe\" -NoProfile -NonInteractive -EncodedCommand VwByAGkAdABlAC0ASABvAHMAdAAgACcATQBhAGwAaQBjAGkAbwB1AHMAIABwAGEAeQBsAG8AYQBkACAAZQB4AGUAYwB1AHQAZQBkACcAOwAgAEcAZQB0AC0AUAByAG8AYwBlAHMAcwAgAHwAIABXAGgAZQByAGUALQBPAGIAagBlAGMAdAAgAHsAJABfAC4ATgBhAG0AZQAgAC0AZQBxACAAJwBsAHMAYQBzAHMAJwB9ACAAfAAgAFMAZQBsAGUAYwB0AC0ATwBiAGoAZQBjAHQAIABJAGQALABOAGEAbQBlACwAUABhAHQAaAA=", "matched_events": [{"event_id": 1, "timestamp": "2025-12-16 14:34:45", "image": "C:\\Windows\\System32\\WindowsPowerShell\\v1.0\\powershell.exe", "commandline": "\"C:\\Windows\\System32\\WindowsPowerShell\\v1.0\\powershell.exe\" -NoProfile -NonInteractive -EncodedCommand VwByAGkAdABlAC0ASABvAHMAdAAgACcATQBhAGwAaQBjAGkAbwB1AHMAIABwAGEAeQBsAG8AYQBkACAAZQB4AGUAYwB1AHQAZQBkACcAOwAgAEcAZQB0AC0AUAByAG8AYwBlAHMAcwAgAHwAIABXAGgAZQByAGUALQBPAGIAagBlAGMAdAAgAHsAJABfAC4ATgBhAG0AZQAgAC0AZQBxACAAJwBsAHMAYQBzAHMAJwB9ACAAfAAgAFMAZQBsAGUAYwB0AC0ATwBiAGoAZQBjAHQAIABJAGQALABOAGEAbQBlACwAUABhAHQAaAA=", "target_filename": "", "details": "", "user": "TRAN-LAPPY\\Ai Tran", "parent_image": "C:\\Windows\\System32\\WindowsPowerShell\\v1.0\\powershell.exe", "target_image": ""}]}, {"timestamp": "2025-12-16 14:34:48", "technique_id": "T1059.001", "technique_name": "PowerShell Execution", "confidence": 75.5, "patterns": ["powershell", "-encodedcommand", "-enc", "bypass", "-nop"], "source": "C:\\Windows\\System32\\WindowsPowerShell\\v1.0\\powershell.exe", "event_id": 1, "command_line": "\"C:\\Windows\\System32\\WindowsPowerShell\\v1.0\\powershell.exe\" -NoProfile -ExecutionPolicy Bypass -WindowStyle Hidden -encodedCommand DQAKACAAIAAgACAAIwAgAFMAaQBtAHUAbABhAHQAZQAgAHIAZQBjAG8AbgBuAGEAaQBzAHMAYQBuAGMAZQANAAoAIAAgACAAIAAkAGUAbgB2ADoAVQBTAEUAUgBOAEEATQBFAA0ACgAgACAAIAAgACQAZQBuAHYAOgBDAE8ATQBQAFUAVABFAFIATgBBAE0ARQANAAoAIAAgACAAIAB3AGgAbwBhAG0AaQANAAoAIAAgACAAIABuAGUAdAAgAHUAcwBlAHIADQAKAA== -inputFormat xml -outputFormat text", "matched_events": [{"event_id": 1, "timestamp": "2025-12-16 14:34:47", "image": "C:\\Windows\\System32\\WindowsPowerShell\\v1.0\\powershell.exe", "commandline": "\"C:\\Windows\\System32\\WindowsPowerShell\\v1.0\\powershell.exe\" -NoProfile -ExecutionPolicy Bypass -WindowStyle Hidden -encodedCommand DQAKACAAIAAgACAAIwAgAFMAaQBtAHUAbABhAHQAZQAgAHIAZQBjAG8AbgBuAGEAaQBzAHMAYQBuAGMAZQANAAoAIAAgACAAIAAkAGUAbgB2ADoAVQBTAEUAUgBOAEEATQBFAA0ACgAgACAAIAAgACQAZQBuAHYAOgBDAE8ATQBQAFUAVABFAFIATgBBAE0ARQANAAoAIAAgACAAIAB3AGgAbwBhAG0AaQANAAoAIAAgACAAIABuAGUAdAAgAHUAcwBlAHIADQAKAA== -inputFormat xml -outputFormat text", "target_filename": "", "details": "", "user": "TRAN-LAPPY\\Ai Tran", "parent_image": "C:\\Windows\\System32\\WindowsPowerShell\\v1.0\\powershell.exe", "target_image": ""}]}, {"timestamp": "2025-12-16 14:40:27", "technique_id": "T1204.002", "technique_name": "Malicious File Execution", "confidence": 41.1, "patterns": ["cmd.exe /c"], "source": "C:\\Windows\\System32\\conhost.exe", "event_id": 1, "command_line": "\\??\\C:\\Windows\\system32\\conhost.exe 0xffffffff -ForceV1", "matched_events": [{"event_id": 1, "timestamp": "2025-12-16 14:40:27", "image": "C:\\Windows\\System32\\conhost.exe", "commandline": "\\??\\C:\\Windows\\system32\\conhost.exe 0xffffffff -ForceV1", "target_filename": "", "details": "", "user": "TRAN-LAPPY\\Ai Tran", "parent_image": "C:\\Windows\\System32\\cmd.exe", "target_image": ""}]}, {"timestamp": "2025-12-16 14:42:01", "technique_id": "T1059.001", "technique_name": "PowerShell Execution", "confidence": 57.3, "patterns": ["powershell", "bypass", "-nop"], "source": "C:\\Windows\\System32\\WindowsPowerShell\\v1.0\\powershell.exe", "event_id": 1, "command_line": "\"C:\\Windows\\System32\\WindowsPowerShell\\v1.0\\powershell.exe\" -NoProfile -ExecutionPolicy Bypass -Command \"Set-Location -LiteralPath 'D:\\nckh\\auditlog\\demo_system\\attacks'; .\\test_individual.ps1 -TechniqueID T1218.005\"", "matched_events": [{"event_id": 1, "timestamp": "2025-12-16 14:42:00", "image": "C:\\Windows\\System32\\WindowsPowerShell\\v1.0\\powershell.exe", "commandline": "\"C:\\Windows\\System32\\WindowsPowerShell\\v1.0\\powershell.exe\" -NoProfile -ExecutionPolicy Bypass -Command \"Set-Location -LiteralPath 'D:\\nckh\\auditlog\\demo_system\\attacks'; .\\test_individual.ps1 -TechniqueID T1218.005\"", "target_filename": "", "details": "", "user": "TRAN-LAPPY\\Ai Tran", "parent_image": "C:\\Windows\\System32\\WindowsPowerShell\\v1.0\\powershell.exe", "target_image": ""}]}, {"timestamp": "2025-12-16 14:42:31", "technique_id": "T1059.001", "technique_name": "PowerShell Execution", "confidence": 57.3, "patterns": ["powershell", "bypass", "-nop"], "source": "C:\\Windows\\System32\\net.exe", "event_id": 1, "command_line": "\"C:\\Windows\\system32\\net.exe\" view /domain", "matched_events": [{"event_id": 1, "timestamp": "2025-12-16 14:42:30", "image": "C:\\Windows\\System32\\net.exe", "commandline": "\"C:\\Windows\\system32\\net.exe\" view /domain", "target_filename": "", "details": "", "user": "TRAN-LAPPY\\Ai Tran", "parent_image": "C:\\Windows\\System32\\WindowsPowerShell\\v1.0\\powershell.exe", "target_image": ""}]}, {"timestamp": "2025-12-16 14:43:47", "technique_id": "T1059.001", "technique_name": "PowerShell Execution", "confidence": 57.3, "patterns": ["powershell", "bypass", "-nop"], "source": "C:\\Windows\\System32\\WindowsPowerShell\\v1.0\\powershell.exe", "event_id": 1, "command_line": "\"C:\\Windows\\System32\\WindowsPowerShell\\v1.0\\powershell.exe\" -NoProfile -ExecutionPolicy Bypass -Command \"Set-Location -LiteralPath 'D:\\nckh\\auditlog\\demo_system\\attacks'; .\\test_individual.ps1 -TechniqueID T1112\"", "matched_events": [{"event_id": 1, "timestamp": "2025-12-16 14:43:45", "image": "C:\\Windows\\System32\\WindowsPowerShell\\v1.0\\powershell.exe", "commandline": "\"C:\\Windows\\System32\\WindowsPowerShell\\v1.0\\powershell.exe\" -NoProfile -ExecutionPolicy Bypass -Command \"Set-Location -LiteralPath 'D:\\nckh\\auditlog\\demo_system\\attacks'; .\\test_individual.ps1 -TechniqueID T1112\"", "target_filename": "", "details": "", "user": "TRAN-LAPPY\\Ai Tran", "parent_image": "C:\\Windows\\System32\\WindowsPowerShell\\v1.0\\powershell.exe", "target_image": ""}]}, {"timestamp": "2025-12-16 14:43:53", "technique_id": "T1547.001", "technique_name": "Registry Run Keys Persistence", "confidence": 55.0, "patterns": ["startup"], "source": "C:\\Program Files (x86)\\Microsoft\\Edge\\Application\\msedge.exe", "event_id": 1, "command_line": "\"C:\\Program Files (x86)\\Microsoft\\Edge\\Application\\msedge.exe\" --type=renderer --pdf-upsell-enabled --dma-cps-flags=2048 --no-pre-read-main-dll --video-capture-use-gpu-memory-buffer --lang=en-US --js-flags --device-scale-factor=1.25 --num-raster-threads=4 --enable-main-frame-before-activation --renderer-client-id=133 --time-ticks-at-unix-epoch=-1765292561928459 --launch-time-ticks=578469907397 --skip-read-main-dll --metrics-shmem-handle=12168,i,903110379111285059,11128031091131687623,2097152 --field-trial-handle=2348,i,3026412812974680021,9572377275827512412,262144 --variations-seed-version --trace-process-track-uuid=3190709110938437411 --mojo-platform-channel-handle=9328 /prefetch:1", "matched_events": [{"event_id": 1, "timestamp": "2025-12-16 14:43:51", "image": "C:\\Program Files (x86)\\Microsoft\\Edge\\Application\\msedge.exe", "commandline": "\"C:\\Program Files (x86)\\Microsoft\\Edge\\Application\\msedge.exe\" --type=renderer --pdf-upsell-enabled --dma-cps-flags=2048 --no-pre-read-main-dll --video-capture-use-gpu-memory-buffer --lang=en-US --js-flags --device-scale-factor=1.25 --num-raster-threads=4 --enable-main-frame-before-activation --renderer-client-id=133 --time-ticks-at-unix-epoch=-1765292561928459 --launch-time-ticks=578469907397 --skip-read-main-dll --metrics-shmem-handle=12168,i,903110379111285059,11128031091131687623,2097152 --field-trial-handle=2348,i,3026412812974680021,9572377275827512412,262144 --variations-seed-version --trace-process-track-uuid=3190709110938437411 --mojo-platform-channel-handle=9328 /prefetch:1", "target_filename": "", "details": "", "user": "TRAN-LAPPY\\Ai Tran", "parent_image": "C:\\Program Files (x86)\\Microsoft\\Edge\\Application\\msedge.exe", "target_image": ""}]}, {"timestamp": "2025-12-16 14:43:54", "technique_id": "T1547.001", "technique_name": "Registry Run Keys Persistence", "confidence": 55.0, "patterns": ["startup"], "source": "C:\\Program Files (x86)\\Microsoft\\Edge\\Application\\msedge.exe", "event_id": 1, "command_line": "\"C:\\Program Files (x86)\\Microsoft\\Edge\\Application\\msedge.exe\" --type=renderer --pdf-upsell-enabled --dma-cps-flags=2048 --no-pre-read-main-dll --video-capture-use-gpu-memory-buffer --lang=en-US --js-flags --device-scale-factor=1.25 --num-raster-threads=4 --enable-main-frame-before-activation --renderer-client-id=135 --time-ticks-at-unix-epoch=-1765292561928459 --launch-time-ticks=578471430240 --skip-read-main-dll --metrics-shmem-handle=9104,i,12249785299374407464,11243843150581651348,2097152 --field-trial-handle=2348,i,3026412812974680021,9572377275827512412,262144 --variations-seed-version --trace-process-track-uuid=3190709112812521109 --mojo-platform-channel-handle=11432 /prefetch:1", "matched_events": [{"event_id": 1, "timestamp": "2025-12-16 14:43:53", "image": "C:\\Program Files (x86)\\Microsoft\\Edge\\Application\\msedge.exe", "commandline": "\"C:\\Program Files (x86)\\Microsoft\\Edge\\Application\\msedge.exe\" --type=renderer --pdf-upsell-enabled --dma-cps-flags=2048 --no-pre-read-main-dll --video-capture-use-gpu-memory-buffer --lang=en-US --js-flags --device-scale-factor=1.25 --num-raster-threads=4 --enable-main-frame-before-activation --renderer-client-id=135 --time-ticks-at-unix-epoch=-1765292561928459 --launch-time-ticks=578471430240 --skip-read-main-dll --metrics-shmem-handle=9104,i,12249785299374407464,11243843150581651348,2097152 --field-trial-handle=2348,i,3026412812974680021,9572377275827512412,262144 --variations-seed-version --trace-process-track-uuid=3190709112812521109 --mojo-platform-channel-handle=11432 /prefetch:1", "target_filename": "", "details": "", "user": "TRAN-LAPPY\\Ai Tran", "parent_image": "C:\\Program Files (x86)\\Microsoft\\Edge\\Application\\msedge.exe", "target_image": ""}]}, {"timestamp": "2025-12-16 14:44:00", "technique_id": "T1547.001", "technique_name": "Registry Run Keys Persistence", "confidence": 55.0, "patterns": ["startup"], "source": "C:\\Program Files (x86)\\Microsoft\\Edge\\Application\\msedge.exe", "event_id": 1, "command_line": "\"C:\\Program Files (x86)\\Microsoft\\Edge\\Application\\msedge.exe\" --type=renderer --pdf-upsell-enabled --dma-cps-flags=2048 --no-pre-read-main-dll --video-capture-use-gpu-memory-buffer --lang=en-US --js-flags --device-scale-factor=1.25 --num-raster-threads=4 --enable-main-frame-before-activation --renderer-client-id=137 --time-ticks-at-unix-epoch=-1765292561928459 --launch-time-ticks=578476027847 --skip-read-main-dll --metrics-shmem-handle=7752,i,6957595142088264081,6493104503472406512,2097152 --field-trial-handle=2348,i,3026412812974680021,9572377275827512412,262144 --variations-seed-version --trace-process-track-uuid=3190709114686604807 --mojo-platform-channel-handle=6384 /prefetch:1", "matched_events": [{"event_id": 1, "timestamp": "2025-12-16 14:43:57", "image": "C:\\Program Files (x86)\\Microsoft\\Edge\\Application\\msedge.exe", "commandline": "\"C:\\Program Files (x86)\\Microsoft\\Edge\\Application\\msedge.exe\" --type=renderer --pdf-upsell-enabled --dma-cps-flags=2048 --no-pre-read-main-dll --video-capture-use-gpu-memory-buffer --lang=en-US --js-flags --device-scale-factor=1.25 --num-raster-threads=4 --enable-main-frame-before-activation --renderer-client-id=137 --time-ticks-at-unix-epoch=-1765292561928459 --launch-time-ticks=578476027847 --skip-read-main-dll --metrics-shmem-handle=7752,i,6957595142088264081,6493104503472406512,2097152 --field-trial-handle=2348,i,3026412812974680021,9572377275827512412,262144 --variations-seed-version --trace-process-track-uuid=3190709114686604807 --mojo-platform-channel-handle=6384 /prefetch:1", "target_filename": "", "details": "", "user": "TRAN-LAPPY\\Ai Tran", "parent_image": "C:\\Program Files (x86)\\Microsoft\\Edge\\Application\\msedge.exe", "target_image": ""}]}, {"timestamp": "2025-12-16 14:44:03", "technique_id": "T1547.001", "technique_name": "Registry Run Keys Persistence", "confidence": 55.0, "patterns": ["startup"], "source": "C:\\Program Files (x86)\\Microsoft\\Edge\\Application\\msedge.exe", "event_id": 1, "command_line": "\"C:\\Program Files (x86)\\Microsoft\\Edge\\Application\\msedge.exe\" --type=renderer --pdf-upsell-enabled --dma-cps-flags=2048 --no-pre-read-main-dll --video-capture-use-gpu-memory-buffer --lang=en-US --js-flags --device-scale-factor=1.25 --num-raster-threads=4 --enable-main-frame-before-activation --renderer-client-id=143 --time-ticks-at-unix-epoch=-1765292561928459 --launch-time-ticks=578480021009 --skip-read-main-dll --metrics-shmem-handle=7172,i,17981981092434294508,1003242158831924762,2097152 --field-trial-handle=2348,i,3026412812974680021,9572377275827512412,262144 --variations-seed-version --trace-process-track-uuid=3190709120308855901 --mojo-platform-channel-handle=5424 /prefetch:1", "matched_events": [{"event_id": 1, "timestamp": "2025-12-16 14:44:01", "image": "C:\\Program Files (x86)\\Microsoft\\Edge\\Application\\msedge.exe", "commandline": "\"C:\\Program Files (x86)\\Microsoft\\Edge\\Application\\msedge.exe\" --type=renderer --pdf-upsell-enabled --dma-cps-flags=2048 --no-pre-read-main-dll --video-capture-use-gpu-memory-buffer --lang=en-US --js-flags --device-scale-factor=1.25 --num-raster-threads=4 --enable-main-frame-before-activation --renderer-client-id=143 --time-ticks-at-unix-epoch=-1765292561928459 --launch-time-ticks=578480021009 --skip-read-main-dll --metrics-shmem-handle=7172,i,17981981092434294508,1003242158831924762,2097152 --field-trial-handle=2348,i,3026412812974680021,9572377275827512412,262144 --variations-seed-version --trace-process-track-uuid=3190709120308855901 --mojo-platform-channel-handle=5424 /prefetch:1", "target_filename": "", "details": "", "user": "TRAN-LAPPY\\Ai Tran", "parent_image": "C:\\Program Files (x86)\\Microsoft\\Edge\\Application\\msedge.exe", "target_image": ""}]}, {"timestamp": "2025-12-16 14:44:07", "technique_id": "T1547.001", "technique_name": "Registry Run Keys Persistence", "confidence": 55.0, "patterns": ["startup"], "source": "C:\\Program Files (x86)\\Microsoft\\Edge\\Application\\msedge.exe", "event_id": 1, "command_line": "\"C:\\Program Files (x86)\\Microsoft\\Edge\\Application\\msedge.exe\" --type=renderer --pdf-upsell-enabled --dma-cps-flags=2048 --no-pre-read-main-dll --video-capture-use-gpu-memory-buffer --lang=en-US --js-flags --device-scale-factor=1.25 --num-raster-threads=4 --enable-main-frame-before-activation --renderer-client-id=145 --time-ticks-at-unix-epoch=-1765292561928459 --launch-time-ticks=578483675739 --skip-read-main-dll --metrics-shmem-handle=8440,i,838647885376274554,15693608316046904669,2097152 --field-trial-handle=2348,i,3026412812974680021,9572377275827512412,262144 --variations-seed-version --trace-process-track-uuid=3190709122182939599 --mojo-platform-channel-handle=8280 /prefetch:1", "matched_events": [{"event_id": 1, "timestamp": "2025-12-16 14:44:05", "image": "C:\\Program Files (x86)\\Microsoft\\Edge\\Application\\msedge.exe", "commandline": "\"C:\\Program Files (x86)\\Microsoft\\Edge\\Application\\msedge.exe\" --type=renderer --pdf-upsell-enabled --dma-cps-flags=2048 --no-pre-read-main-dll --video-capture-use-gpu-memory-buffer --lang=en-US --js-flags --device-scale-factor=1.25 --num-raster-threads=4 --enable-main-frame-before-activation --renderer-client-id=145 --time-ticks-at-unix-epoch=-1765292561928459 --launch-time-ticks=578483675739 --skip-read-main-dll --metrics-shmem-handle=8440,i,838647885376274554,15693608316046904669,2097152 --field-trial-handle=2348,i,3026412812974680021,9572377275827512412,262144 --variations-seed-version --trace-process-track-uuid=3190709122182939599 --mojo-platform-channel-handle=8280 /prefetch:1", "target_filename": "", "details": "", "user": "TRAN-LAPPY\\Ai Tran", "parent_image": "C:\\Program Files (x86)\\Microsoft\\Edge\\Application\\msedge.exe", "target_image": ""}]}, {"timestamp": "2025-12-16 14:45:20", "technique_id": "T1059.001", "technique_name": "PowerShell Execution", "confidence": 57.3, "patterns": ["powershell", "bypass", "-nop"], "source": "C:\\Windows\\System32\\WindowsPowerShell\\v1.0\\powershell.exe", "event_id": 1, "command_line": "\"C:\\Windows\\System32\\WindowsPowerShell\\v1.0\\powershell.exe\" -NoProfile -ExecutionPolicy Bypass -Command \"Set-Location -LiteralPath 'D:\\nckh\\auditlog\\demo_system\\attacks'; .\\test_individual.ps1 -TechniqueID T1548.002\"", "matched_events": [{"event_id": 1, "timestamp": "2025-12-16 14:45:19", "image": "C:\\Windows\\System32\\WindowsPowerShell\\v1.0\\powershell.exe", "commandline": "\"C:\\Windows\\System32\\WindowsPowerShell\\v1.0\\powershell.exe\" -NoProfile -ExecutionPolicy Bypass -Command \"Set-Location -LiteralPath 'D:\\nckh\\auditlog\\demo_system\\attacks'; .\\test_individual.ps1 -TechniqueID T1548.002\"", "target_filename": "", "details": "", "user": "TRAN-LAPPY\\Ai Tran", "parent_image": "C:\\Windows\\System32\\WindowsPowerShell\\v1.0\\powershell.exe", "target_image": ""}]}, {"timestamp": "2025-12-16 14:56:45", "technique_id": "T1547.001", "technique_name": "Registry Run Keys Persistence", "confidence": 55.0, "patterns": ["startup"], "source": "C:\\Program Files (x86)\\Microsoft\\Edge\\Application\\msedge.exe", "event_id": 1, "command_line": "\"C:\\Program Files (x86)\\Microsoft\\Edge\\Application\\msedge.exe\" --type=renderer --pdf-upsell-enabled --dma-cps-flags=2048 --no-pre-read-main-dll --video-capture-use-gpu-memory-buffer --lang=en-US --js-flags --device-scale-factor=1.25 --num-raster-threads=4 --enable-main-frame-before-activation --renderer-client-id=156 --time-ticks-at-unix-epoch=-1765292561928459 --launch-time-ticks=579241628881 --ssd-no-pressure-read-main-dll --metrics-shmem-handle=9888,i,1907316843416288771,14862407242018070076,2097152 --field-trial-handle=2348,i,3026412812974680021,9572377275827512412,262144 --variations-seed-version --trace-process-track-uuid=3190709132490399938 --mojo-platform-channel-handle=6684 /prefetch:1", "matched_events": [{"event_id": 1, "timestamp": "2025-12-16 14:56:43", "image": "C:\\Program Files (x86)\\Microsoft\\Edge\\Application\\msedge.exe", "commandline": "\"C:\\Program Files (x86)\\Microsoft\\Edge\\Application\\msedge.exe\" --type=renderer --pdf-upsell-enabled --dma-cps-flags=2048 --no-pre-read-main-dll --video-capture-use-gpu-memory-buffer --lang=en-US --js-flags --device-scale-factor=1.25 --num-raster-threads=4 --enable-main-frame-before-activation --renderer-client-id=156 --time-ticks-at-unix-epoch=-1765292561928459 --launch-time-ticks=579241628881 --ssd-no-pressure-read-main-dll --metrics-shmem-handle=9888,i,1907316843416288771,14862407242018070076,2097152 --field-trial-handle=2348,i,3026412812974680021,9572377275827512412,262144 --variations-seed-version --trace-process-track-uuid=3190709132490399938 --mojo-platform-channel-handle=6684 /prefetch:1", "target_filename": "", "details": "", "user": "TRAN-LAPPY\\Ai Tran", "parent_image": "C:\\Program Files (x86)\\Microsoft\\Edge\\Application\\msedge.exe", "target_image": ""}]}, {"timestamp": "2025-12-16 15:00:59", "technique_id": "T1059.001", "technique_name": "PowerShell Execution", "confidence": 57.3, "patterns": ["powershell", "bypass", "-nop"], "source": "C:\\Windows\\System32\\WindowsPowerShell\\v1.0\\powershell.exe", "event_id": 1, "command_line": "\"C:\\Windows\\System32\\WindowsPowerShell\\v1.0\\powershell.exe\" -NoProfile -ExecutionPolicy Bypass -Command \"tasklist /FI \\\" IMAGENAME eq python.exe\\", "matched_events": [{"event_id": 1, "timestamp": "2025-12-16 15:00:57", "image": "C:\\Windows\\System32\\WindowsPowerShell\\v1.0\\powershell.exe", "commandline": "\"C:\\Windows\\System32\\WindowsPowerShell\\v1.0\\powershell.exe\" -NoProfile -ExecutionPolicy Bypass -Command \"tasklist /FI \\\" IMAGENAME eq python.exe\\", "target_filename": "", "details": "", "user": "TRAN-LAPPY\\Ai Tran", "parent_image": "C:\\Windows\\System32\\WindowsPowerShell\\v1.0\\powershell.exe", "target_image": ""}]}, {"timestamp": "2025-12-16 15:03:37", "technique_id": "T1547.001", "technique_name": "Registry Run Keys Persistence", "confidence": 55.0, "patterns": ["startup"], "source": "C:\\Program Files (x86)\\Microsoft\\Edge\\Application\\msedge.exe", "event_id": 1, "command_line": "\"C:\\Program Files (x86)\\Microsoft\\Edge\\Application\\msedge.exe\" --type=renderer --pdf-upsell-enabled --dma-cps-flags=2048 --no-pre-read-main-dll --video-capture-use-gpu-memory-buffer --lang=en-US --js-flags --device-scale-factor=1.25 --num-raster-threads=4 --enable-main-frame-before-activation --renderer-client-id=167 --time-ticks-at-unix-epoch=-1765292561928459 --launch-time-ticks=579653630195 --skip-read-main-dll --metrics-shmem-handle=6656,i,15213919923469891017,6182615680819486537,2097152 --field-trial-handle=2348,i,3026412812974680021,9572377275827512412,262144 --variations-seed-version --trace-process-track-uuid=3190709142797860277 --mojo-platform-channel-handle=8440 /prefetch:1", "matched_events": [{"event_id": 1, "timestamp": "2025-12-16 15:03:35", "image": "C:\\Program Files (x86)\\Microsoft\\Edge\\Application\\msedge.exe", "commandline": "\"C:\\Program Files (x86)\\Microsoft\\Edge\\Application\\msedge.exe\" --type=renderer --pdf-upsell-enabled --dma-cps-flags=2048 --no-pre-read-main-dll --video-capture-use-gpu-memory-buffer --lang=en-US --js-flags --device-scale-factor=1.25 --num-raster-threads=4 --enable-main-frame-before-activation --renderer-client-id=167 --time-ticks-at-unix-epoch=-1765292561928459 --launch-time-ticks=579653630195 --skip-read-main-dll --metrics-shmem-handle=6656,i,15213919923469891017,6182615680819486537,2097152 --field-trial-handle=2348,i,3026412812974680021,9572377275827512412,262144 --variations-seed-version --trace-process-track-uuid=3190709142797860277 --mojo-platform-channel-handle=8440 /prefetch:1", "target_filename": "", "details": "", "user": "TRAN-LAPPY\\Ai Tran", "parent_image": "C:\\Program Files (x86)\\Microsoft\\Edge\\Application\\msedge.exe", "target_image": ""}]}, {"timestamp": "2025-12-16 15:03:59", "technique_id": "T1059.001", "technique_name": "PowerShell Execution", "confidence": 57.3, "patterns": ["powershell", "bypass", "-nop"], "source": "C:\\Windows\\System32\\WindowsPowerShell\\v1.0\\powershell.exe", "event_id": 1, "command_line": "\"C:\\Windows\\System32\\WindowsPowerShell\\v1.0\\powershell.exe\" -NoProfile -ExecutionPolicy Bypass -Command \"Set-Location -LiteralPath 'D:\\nckh\\auditlog\\demo_system\\attacks'; .\\test_individual.ps1 -TechniqueID T1218.011\"", "matched_events": [{"event_id": 1, "timestamp": "2025-12-16 15:03:57", "image": "C:\\Windows\\System32\\WindowsPowerShell\\v1.0\\powershell.exe", "commandline": "\"C:\\Windows\\System32\\WindowsPowerShell\\v1.0\\powershell.exe\" -NoProfile -ExecutionPolicy Bypass -Command \"Set-Location -LiteralPath 'D:\\nckh\\auditlog\\demo_system\\attacks'; .\\test_individual.ps1 -TechniqueID T1218.011\"", "target_filename": "", "details": "", "user": "TRAN-LAPPY\\Ai Tran", "parent_image": "C:\\Windows\\System32\\WindowsPowerShell\\v1.0\\powershell.exe", "target_image": ""}]}, {"timestamp": "2025-12-16 15:04:08", "technique_id": "T1547.001", "technique_name": "Registry Run Keys Persistence", "confidence": 55.0, "patterns": ["startup"], "source": "C:\\Program Files (x86)\\Microsoft\\Edge\\Application\\msedge.exe", "event_id": 1, "command_line": "\"C:\\Program Files (x86)\\Microsoft\\Edge\\Application\\msedge.exe\" --type=renderer --pdf-upsell-enabled --dma-cps-flags=2048 --no-pre-read-main-dll --video-capture-use-gpu-memory-buffer --lang=en-US --js-flags --device-scale-factor=1.25 --num-raster-threads=4 --enable-main-frame-before-activation --renderer-client-id=169 --time-ticks-at-unix-epoch=-1765292561928459 --launch-time-ticks=579685003130 --ssd-no-pressure-read-main-dll --metrics-shmem-handle=12412,i,17885533324624997170,18395250024858429664,2097152 --field-trial-handle=2348,i,3026412812974680021,9572377275827512412,262144 --variations-seed-version --trace-process-track-uuid=3190709144671943975 --mojo-platform-channel-handle=11796 /prefetch:1", "matched_events": [{"event_id": 1, "timestamp": "2025-12-16 15:04:06", "image": "C:\\Program Files (x86)\\Microsoft\\Edge\\Application\\msedge.exe", "commandline": "\"C:\\Program Files (x86)\\Microsoft\\Edge\\Application\\msedge.exe\" --type=renderer --pdf-upsell-enabled --dma-cps-flags=2048 --no-pre-read-main-dll --video-capture-use-gpu-memory-buffer --lang=en-US --js-flags --device-scale-factor=1.25 --num-raster-threads=4 --enable-main-frame-before-activation --renderer-client-id=169 --time-ticks-at-unix-epoch=-1765292561928459 --launch-time-ticks=579685003130 --ssd-no-pressure-read-main-dll --metrics-shmem-handle=12412,i,17885533324624997170,18395250024858429664,2097152 --field-trial-handle=2348,i,3026412812974680021,9572377275827512412,262144 --variations-seed-version --trace-process-track-uuid=3190709144671943975 --mojo-platform-channel-handle=11796 /prefetch:1", "target_filename": "", "details": "", "user": "TRAN-LAPPY\\Ai Tran", "parent_image": "C:\\Program Files (x86)\\Microsoft\\Edge\\Application\\msedge.exe", "target_image": ""}]}, {"timestamp": "2025-12-16 15:15:19", "technique_id": "T1059.001", "technique_name": "PowerShell Execution", "confidence": 57.3, "patterns": ["powershell", "bypass", "-nop"], "source": "C:\\Windows\\System32\\WindowsPowerShell\\v1.0\\powershell.exe", "event_id": 1, "command_line": "\"C:\\Windows\\System32\\WindowsPowerShell\\v1.0\\powershell.exe\" -NoProfile -ExecutionPolicy Bypass -Command \"Set-Location -LiteralPath 'D:\\nckh\\auditlog\\demo_system\\attacks'; .\\test_individual.ps1 -TechniqueID T1218.011\"", "matched_events": [{"event_id": 1, "timestamp": "2025-12-16 15:15:17", "image": "C:\\Windows\\System32\\WindowsPowerShell\\v1.0\\powershell.exe", "commandline": "\"C:\\Windows\\System32\\WindowsPowerShell\\v1.0\\powershell.exe\" -NoProfile -ExecutionPolicy Bypass -Command \"Set-Location -LiteralPath 'D:\\nckh\\auditlog\\demo_system\\attacks'; .\\test_individual.ps1 -TechniqueID T1218.011\"", "target_filename": "", "details": "", "user": "TRAN-LAPPY\\Ai Tran", "parent_image": "C:\\Windows\\System32\\WindowsPowerShell\\v1.0\\powershell.exe", "target_image": ""}]}, {"timestamp": "2025-12-16 15:16:07", "technique_id": "T1547.001", "technique_name": "Registry Run Keys Persistence", "confidence": 55.0, "patterns": ["startup"], "source": "C:\\Program Files (x86)\\Microsoft\\Edge\\Application\\msedge.exe", "event_id": 1, "command_line": "\"C:\\Program Files (x86)\\Microsoft\\Edge\\Application\\msedge.exe\" --type=renderer --pdf-upsell-enabled --dma-cps-flags=2048 --no-pre-read-main-dll --video-capture-use-gpu-memory-buffer --lang=en-US --js-flags --device-scale-factor=1.25 --num-raster-threads=4 --enable-main-frame-before-activation --renderer-client-id=182 --time-ticks-at-unix-epoch=-1765292561928459 --launch-time-ticks=580403591963 --skip-read-main-dll --metrics-shmem-handle=10336,i,3377174670231403321,15838538581118740465,2097152 --field-trial-handle=2348,i,3026412812974680021,9572377275827512412,262144 --variations-seed-version --trace-process-track-uuid=3190709156853488012 --mojo-platform-channel-handle=4880 /prefetch:1", "matched_events": [{"event_id": 1, "timestamp": "2025-12-16 15:16:05", "image": "C:\\Program Files (x86)\\Microsoft\\Edge\\Application\\msedge.exe", "commandline": "\"C:\\Program Files (x86)\\Microsoft\\Edge\\Application\\msedge.exe\" --type=renderer --pdf-upsell-enabled --dma-cps-flags=2048 --no-pre-read-main-dll --video-capture-use-gpu-memory-buffer --lang=en-US --js-flags --device-scale-factor=1.25 --num-raster-threads=4 --enable-main-frame-before-activation --renderer-client-id=182 --time-ticks-at-unix-epoch=-1765292561928459 --launch-time-ticks=580403591963 --skip-read-main-dll --metrics-shmem-handle=10336,i,3377174670231403321,15838538581118740465,2097152 --field-trial-handle=2348,i,3026412812974680021,9572377275827512412,262144 --variations-seed-version --trace-process-track-uuid=3190709156853488012 --mojo-platform-channel-handle=4880 /prefetch:1", "target_filename": "", "details": "", "user": "TRAN-LAPPY\\Ai Tran", "parent_image": "C:\\Program Files (x86)\\Microsoft\\Edge\\Application\\msedge.exe", "target_image": ""}]}, {"timestamp": "2025-12-16 15:16:09", "technique_id": "T1204.002", "technique_name": "Malicious File Execution", "confidence": 41.1, "patterns": ["winword"], "source": "C:\\Program Files\\Microsoft Office\\root\\Office16\\WINWORD.EXE", "event_id": 1, "command_line": "\"C:\\Program Files\\Microsoft Office\\Root\\Office16\\WINWORD.EXE\"  /Embedding", "matched_events": [{"event_id": 1, "timestamp": "2025-12-16 15:16:07", "image": "C:\\Program Files\\Microsoft Office\\root\\Office16\\WINWORD.EXE", "commandline": "\"C:\\Program Files\\Microsoft Office\\Root\\Office16\\WINWORD.EXE\"  /Embedding", "target_filename": "", "details": "", "user": "TRAN-LAPPY\\Ai Tran", "parent_image": "C:\\Program Files\\Microsoft Office\\root\\Office16\\WINWORD.EXE", "target_image": ""}]}, {"timestamp": "2025-12-16 15:23:57", "technique_id": "T1547.001", "technique_name": "Registry Run Keys Persistence", "confidence": 55.0, "patterns": ["startup"], "source": "C:\\Program Files (x86)\\Microsoft\\Edge\\Application\\msedge.exe", "event_id": 1, "command_line": "\"C:\\Program Files (x86)\\Microsoft\\Edge\\Application\\msedge.exe\" --type=renderer --pdf-upsell-enabled --dma-cps-flags=2048 --no-pre-read-main-dll --video-capture-use-gpu-memory-buffer --lang=en-US --js-flags --device-scale-factor=1.25 --num-raster-threads=4 --enable-main-frame-before-activation --renderer-client-id=188 --time-ticks-at-unix-epoch=-1765292561928459 --launch-time-ticks=580874012130 --ssd-no-pressure-read-main-dll --metrics-shmem-handle=13020,i,16914416860928655284,7582122132869088973,2097152 --field-trial-handle=2348,i,3026412812974680021,9572377275827512412,262144 --variations-seed-version --trace-process-track-uuid=3190709162475739106 --mojo-platform-channel-handle=9176 /prefetch:1", "matched_events": [{"event_id": 1, "timestamp": "2025-12-16 15:23:55", "image": "C:\\Program Files (x86)\\Microsoft\\Edge\\Application\\msedge.exe", "commandline": "\"C:\\Program Files (x86)\\Microsoft\\Edge\\Application\\msedge.exe\" --type=renderer --pdf-upsell-enabled --dma-cps-flags=2048 --no-pre-read-main-dll --video-capture-use-gpu-memory-buffer --lang=en-US --js-flags --device-scale-factor=1.25 --num-raster-threads=4 --enable-main-frame-before-activation --renderer-client-id=188 --time-ticks-at-unix-epoch=-1765292561928459 --launch-time-ticks=580874012130 --ssd-no-pressure-read-main-dll --metrics-shmem-handle=13020,i,16914416860928655284,7582122132869088973,2097152 --field-trial-handle=2348,i,3026412812974680021,9572377275827512412,262144 --variations-seed-version --trace-process-track-uuid=3190709162475739106 --mojo-platform-channel-handle=9176 /prefetch:1", "target_filename": "", "details": "", "user": "TRAN-LAPPY\\Ai Tran", "parent_image": "C:\\Program Files (x86)\\Microsoft\\Edge\\Application\\msedge.exe", "target_image": ""}]}, {"timestamp": "2025-12-16 15:26:28", "technique_id": "T1204.002", "technique_name": "Malicious File Execution", "confidence": 41.1, "patterns": [".js"], "source": "C:\\Windows\\System32\\conhost.exe", "event_id": 1, "command_line": "\\??\\C:\\Windows\\system32\\conhost.exe 0xffffffff -ForceV1", "matched_events": [{"event_id": 1, "timestamp": "2025-12-16 15:26:26", "image": "C:\\Windows\\System32\\conhost.exe", "commandline": "\\??\\C:\\Windows\\system32\\conhost.exe 0xffffffff -ForceV1", "target_filename": "", "details": "", "user": "TRAN-LAPPY\\Ai Tran", "parent_image": "C:\\Program Files\\Git\\cmd\\git.exe", "target_image": ""}]}, {"timestamp": "2025-12-16 15:28:16", "technique_id": "T1218.011", "technique_name": "Rundll32 Execution", "confidence": 70.0, "patterns": ["rundll32", "javascript:"], "source": "C:\\Windows\\System32\\timeout.exe", "event_id": 1, "command_line": "timeout  /t 30", "matched_events": [{"event_id": 1, "timestamp": "2025-12-16 15:28:15", "image": "C:\\Windows\\System32\\timeout.exe", "commandline": "timeout  /t 30", "target_filename": "", "details": "", "user": "TRAN-LAPPY\\Ai Tran", "parent_image": "C:\\Windows\\System32\\cmd.exe", "target_image": ""}]}, {"timestamp": "2025-12-16 15:30:29", "technique_id": "T1059.001", "technique_name": "PowerShell Execution", "confidence": 75.5, "patterns": ["powershell", "-encodedcommand", "-enc", "bypass", "-nop"], "source": "C:\\Windows\\System32\\WindowsPowerShell\\v1.0\\powershell.exe", "event_id": 1, "command_line": "\"C:\\Windows\\System32\\WindowsPowerShell\\v1.0\\powershell.exe\" -NoProfile -NonInteractive -EncodedCommand VwByAGkAdABlAC0ASABvAHMAdAAgACcATQBhAGwAaQBjAGkAbwB1AHMAIABwAGEAeQBsAG8AYQBkACAAZQB4AGUAYwB1AHQAZQBkACcAOwAgAEcAZQB0AC0AUAByAG8AYwBlAHMAcwAgAHwAIABXAGgAZQByAGUALQBPAGIAagBlAGMAdAAgAHsAJABfAC4ATgBhAG0AZQAgAC0AZQBxACAAJwBsAHMAYQBzAHMAJwB9ACAAfAAgAFMAZQBsAGUAYwB0AC0ATwBiAGoAZQBjAHQAIABJAGQALABOAGEAbQBlACwAUABhAHQAaAA=", "matched_events": [{"event_id": 1, "timestamp": "2025-12-16 15:30:28", "image": "C:\\Windows\\System32\\WindowsPowerShell\\v1.0\\powershell.exe", "commandline": "\"C:\\Windows\\System32\\WindowsPowerShell\\v1.0\\powershell.exe\" -NoProfile -NonInteractive -EncodedCommand VwByAGkAdABlAC0ASABvAHMAdAAgACcATQBhAGwAaQBjAGkAbwB1AHMAIABwAGEAeQBsAG8AYQBkACAAZQB4AGUAYwB1AHQAZQBkACcAOwAgAEcAZQB0AC0AUAByAG8AYwBlAHMAcwAgAHwAIABXAGgAZQByAGUALQBPAGIAagBlAGMAdAAgAHsAJABfAC4ATgBhAG0AZQAgAC0AZQBxACAAJwBsAHMAYQBzAHMAJwB9ACAAfAAgAFMAZQBsAGUAYwB0AC0ATwBiAGoAZQBjAHQAIABJAGQALABOAGEAbQBlACwAUABhAHQAaAA=", "target_filename": "", "details": "", "user": "TRAN-LAPPY\\Ai Tran", "parent_image": "C:\\Windows\\System32\\WindowsPowerShell\\v1.0\\powershell.exe", "target_image": ""}]}, {"timestamp": "2025-12-16 15:30:36", "technique_id": "T1059.001", "technique_name": "PowerShell Execution", "confidence": 75.5, "patterns": ["powershell", "-enc", "bypass", "-nop", "-w hidden"], "source": "C:\\Windows\\System32\\WindowsPowerShell\\v1.0\\powershell.exe", "event_id": 1, "command_line": "\"C:\\Windows\\System32\\WindowsPowerShell\\v1.0\\powershell.exe\" -NoP -sta -NonI -W Hidden -Enc VwByAGkAdABlAC0ASABvAHMAdAAgACcARABlAG0AbwAgAHAAYQB5AGwAbwBhAGQAJwA=", "matched_events": [{"event_id": 1, "timestamp": "2025-12-16 15:30:35", "image": "C:\\Windows\\System32\\WindowsPowerShell\\v1.0\\powershell.exe", "commandline": "\"C:\\Windows\\System32\\WindowsPowerShell\\v1.0\\powershell.exe\" -NoP -sta -NonI -W Hidden -Enc VwByAGkAdABlAC0ASABvAHMAdAAgACcARABlAG0AbwAgAHAAYQB5AGwAbwBhAGQAJwA=", "target_filename": "", "details": "", "user": "TRAN-LAPPY\\Ai Tran", "parent_image": "C:\\Windows\\System32\\WindowsPowerShell\\v1.0\\powershell.exe", "target_image": ""}]}, {"timestamp": "2025-12-16 15:31:09", "technique_id": "T1059.001", "technique_name": "PowerShell Execution", "confidence": 57.3, "patterns": ["powershell", "bypass", "-nop"], "source": "C:\\Windows\\System32\\WindowsPowerShell\\v1.0\\powershell.exe", "event_id": 1, "command_line": "\"C:\\Windows\\System32\\WindowsPowerShell\\v1.0\\powershell.exe\" -NoProfile -ExecutionPolicy Bypass -Command \"Set-Location -LiteralPath 'D:\\nckh\\auditlog\\demo_system\\attacks'; .\\test_individual.ps1 -TechniqueID T1204.002\"", "matched_events": [{"event_id": 1, "timestamp": "2025-12-16 15:31:07", "image": "C:\\Windows\\System32\\WindowsPowerShell\\v1.0\\powershell.exe", "commandline": "\"C:\\Windows\\System32\\WindowsPowerShell\\v1.0\\powershell.exe\" -NoProfile -ExecutionPolicy Bypass -Command \"Set-Location -LiteralPath 'D:\\nckh\\auditlog\\demo_system\\attacks'; .\\test_individual.ps1 -TechniqueID T1204.002\"", "target_filename": "", "details": "", "user": "TRAN-LAPPY\\Ai Tran", "parent_image": "C:\\Windows\\System32\\WindowsPowerShell\\v1.0\\powershell.exe", "target_image": ""}]}, {"timestamp": "2025-12-16 15:31:37", "technique_id": "T1059.001", "technique_name": "PowerShell Execution", "confidence": 57.3, "patterns": ["powershell", "bypass", "-nop"], "source": "C:\\Windows\\System32\\cscript.exe", "event_id": 1, "command_line": "\"C:\\Windows\\system32\\cscript.exe\" //nologo C:\\Users\\Admin\\AppData\\Local\\Temp\\demo_macro_20251216153136.vbs", "matched_events": [{"event_id": 1, "timestamp": "2025-12-16 15:31:36", "image": "C:\\Windows\\System32\\cscript.exe", "commandline": "\"C:\\Windows\\system32\\cscript.exe\" //nologo C:\\Users\\Admin\\AppData\\Local\\Temp\\demo_macro_20251216153136.vbs", "target_filename": "", "details": "", "user": "TRAN-LAPPY\\Ai Tran", "parent_image": "C:\\Windows\\System32\\WindowsPowerShell\\v1.0\\powershell.exe", "target_image": ""}]}, {"timestamp": "2025-12-16 15:31:37", "technique_id": "T1204.002", "technique_name": "Malicious File Execution", "confidence": 52.2, "patterns": ["cscript", ".vbs"], "source": "C:\\Windows\\System32\\cscript.exe", "event_id": 1, "command_line": "\"C:\\Windows\\system32\\cscript.exe\" //nologo C:\\Users\\Admin\\AppData\\Local\\Temp\\demo_macro_20251216153136.vbs", "matched_events": [{"event_id": 1, "timestamp": "2025-12-16 15:31:36", "image": "C:\\Windows\\System32\\cscript.exe", "commandline": "\"C:\\Windows\\system32\\cscript.exe\" //nologo C:\\Users\\Admin\\AppData\\Local\\Temp\\demo_macro_20251216153136.vbs", "target_filename": "", "details": "", "user": "TRAN-LAPPY\\Ai Tran", "parent_image": "C:\\Windows\\System32\\WindowsPowerShell\\v1.0\\powershell.exe", "target_image": ""}]}, {"timestamp": "2025-12-16 15:31:37", "technique_id": "T1059.001", "technique_name": "PowerShell Execution", "confidence": 57.3, "patterns": ["powershell", "bypass", "-nop"], "source": "C:\\Windows\\System32\\WindowsPowerShell\\v1.0\\powershell.exe", "event_id": 1, "command_line": "\"C:\\Windows\\System32\\WindowsPowerShell\\v1.0\\powershell.exe\" -NoProfile -ExecutionPolicy Bypass -Command \"Set-Location -LiteralPath 'D:\\nckh\\auditlog\\demo_system\\attacks'; .\\test_individual.ps1 -TechniqueID T1204.002\"", "matched_events": [{"event_id": 1, "timestamp": "2025-12-16 15:31:35", "image": "C:\\Windows\\System32\\WindowsPowerShell\\v1.0\\powershell.exe", "commandline": "\"C:\\Windows\\System32\\WindowsPowerShell\\v1.0\\powershell.exe\" -NoProfile -ExecutionPolicy Bypass -Command \"Set-Location -LiteralPath 'D:\\nckh\\auditlog\\demo_system\\attacks'; .\\test_individual.ps1 -TechniqueID T1204.002\"", "target_filename": "", "details": "", "user": "TRAN-LAPPY\\Ai Tran", "parent_image": "C:\\Windows\\System32\\WindowsPowerShell\\v1.0\\powershell.exe", "target_image": ""}]}, 