{"updated": "2025-12-16 17:27:36", "stats": {"total_events": 165, "total_detections": 50, "uptime_seconds": 286}, "events": [{"timestamp": "2025-12-16 17:24:38", "event_id": 5, "image": "C:\\Windows\\System32\\WindowsPowerShell\\v1.0\\powershell.exe", "commandline": "", "user": "TRAN-LAPPY\\Ai Tran", "target": "", "raw_message": "Process terminated:\r\nRuleName: -\r\nUtcTime: 2025-12-16 10:24:38.510\r\nProcessGuid: {8ba13930-3365-6941-1683-010000001a00}\r\nProcessId: 22960\r\nImage: C:\\Windows\\System32\\WindowsPowerShell\\v1.0\\powershell.exe\r\nUser: TRAN-LAPPY\\Ai Tran"}, {"timestamp": "2025-12-16 17:24:40", "event_id": 5, "image": "C:\\Windows\\System32\\WindowsPowerShell\\v1.0\\powershell.exe", "commandline": "", "user": "TRAN-LAPPY\\Ai Tran", "target": "", "raw_message": "Process terminated:\r\nRuleName: -\r\nUtcTime: 2025-12-16 10:24:40.376\r\nProcessGuid: {8ba13930-3367-6941-1783-010000001a00}\r\nProcessId: 27836\r\nImage: C:\\Windows\\System32\\WindowsPowerShell\\v1.0\\powershell.exe\r\nUser: TRAN-LAPPY\\Ai Tran"}, {"timestamp": "2025-12-16 17:24:42", "event_id": 5, "image": "C:\\Windows\\System32\\WindowsPowerShell\\v1.0\\powershell.exe", "commandline": "", "user": "TRAN-LAPPY\\Ai Tran", "target": "", "raw_message": "Process terminated:\r\nRuleName: -\r\nUtcTime: 2025-12-16 10:24:42.077\r\nProcessGuid: {8ba13930-3369-6941-1b83-010000001a00}\r\nProcessId: 29436\r\nImage: C:\\Windows\\System32\\WindowsPowerShell\\v1.0\\powershell.exe\r\nUser: TRAN-LAPPY\\Ai Tran"}, {"timestamp": "2025-12-16 17:24:43", "event_id": 5, "image": "C:\\Windows\\System32\\WindowsPowerShell\\v1.0\\powershell.exe", "commandline": "", "user": "TRAN-LAPPY\\Ai Tran", "target": "", "raw_message": "Process terminated:\r\nRuleName: -\r\nUtcTime: 2025-12-16 10:24:43.806\r\nProcessGuid: {8ba13930-336b-6941-1c83-010000001a00}\r\nProcessId: 27108\r\nImage: C:\\Windows\\System32\\WindowsPowerShell\\v1.0\\powershell.exe\r\nUser: TRAN-LAPPY\\Ai Tran"}, {"timestamp": "2025-12-16 17:24:45", "event_id": 5, "image": "C:\\Windows\\System32\\WindowsPowerShell\\v1.0\\powershell.exe", "commandline": "", "user": "TRAN-LAPPY\\Ai Tran", "target": "", "raw_message": "Process terminated:\r\nRuleName: -\r\nUtcTime: 2025-12-16 10:24:45.550\r\nProcessGuid: {8ba13930-336c-6941-1d83-010000001a00}\r\nProcessId: 12096\r\nImage: C:\\Windows\\System32\\WindowsPowerShell\\v1.0\\powershell.exe\r\nUser: TRAN-LAPPY\\Ai Tran"}, {"timestamp": "2025-12-16 17:24:47", "event_id": 5, "image": "C:\\Windows\\System32\\WindowsPowerShell\\v1.0\\powershell.exe", "commandline": "", "user": "TRAN-LAPPY\\Ai Tran", "target": "", "raw_message": "Process terminated:\r\nRuleName: -\r\nUtcTime: 2025-12-16 10:24:47.454\r\nProcessGuid: {8ba13930-336e-6941-1e83-010000001a00}\r\nProcessId: 20672\r\nImage: C:\\Windows\\System32\\WindowsPowerShell\\v1.0\\powershell.exe\r\nUser: TRAN-LAPPY\\Ai Tran"}, {"timestamp": "2025-12-16 17:24:49", "event_id": 5, "image": "C:\\Windows\\System32\\WindowsPowerShell\\v1.0\\powershell.exe", "commandline": "", "user": "TRAN-LAPPY\\Ai Tran", "target": "", "raw_message": "Process terminated:\r\nRuleName: -\r\nUtcTime: 2025-12-16 10:24:49.273\r\nProcessGuid: {8ba13930-3370-6941-1f83-010000001a00}\r\nProcessId: 9924\r\nImage: C:\\Windows\\System32\\WindowsPowerShell\\v1.0\\powershell.exe\r\nUser: TRAN-LAPPY\\Ai Tran"}, {"timestamp": "2025-12-16 17:24:51", "event_id": 5, "image": "C:\\Windows\\System32\\WindowsPowerShell\\v1.0\\powershell.exe", "commandline": "", "user": "TRAN-LAPPY\\Ai Tran", "target": "", "raw_message": "Process terminated:\r\nRuleName: -\r\nUtcTime: 2025-12-16 10:24:51.266\r\nProcessGuid: {8ba13930-3372-6941-2083-010000001a00}\r\nProcessId: 9056\r\nImage: C:\\Windows\\System32\\WindowsPowerShell\\v1.0\\powershell.exe\r\nUser: TRAN-LAPPY\\Ai Tran"}, {"timestamp": "2025-12-16 17:24:52", "event_id": 5, "image": "C:\\Windows\\System32\\WindowsPowerShell\\v1.0\\powershell.exe", "commandline": "", "user": "TRAN-LAPPY\\Ai Tran", "target": "", "raw_message": "Process terminated:\r\nRuleName: -\r\nUtcTime: 2025-12-16 10:24:52.996\r\nProcessGuid: {8ba13930-3374-6941-2183-010000001a00}\r\nProcessId: 28376\r\nImage: C:\\Windows\\System32\\WindowsPowerShell\\v1.0\\powershell.exe\r\nUser: TRAN-LAPPY\\Ai Tran"}, {"timestamp": "2025-12-16 17:24:54", "event_id": 5, "image": "C:\\Windows\\System32\\WindowsPowerShell\\v1.0\\powershell.exe", "commandline": "", "user": "TRAN-LAPPY\\Ai Tran", "target": "", "raw_message": "Process terminated:\r\nRuleName: -\r\nUtcTime: 2025-12-16 10:24:54.707\r\nProcessGuid: {8ba13930-3376-6941-2283-010000001a00}\r\nProcessId: 9416\r\nImage: C:\\Windows\\System32\\WindowsPowerShell\\v1.0\\powershell.exe\r\nUser: TRAN-LAPPY\\Ai Tran"}, {"timestamp": "2025-12-16 17:24:56", "event_id": 5, "image": "C:\\Windows\\System32\\WindowsPowerShell\\v1.0\\powershell.exe", "commandline": "", "user": "TRAN-LAPPY\\Ai Tran", "target": "", "raw_message": "Process terminated:\r\nRuleName: -\r\nUtcTime: 2025-12-16 10:24:56.605\r\nProcessGuid: {8ba13930-3377-6941-2383-010000001a00}\r\nProcessId: 13104\r\nImage: C:\\Windows\\System32\\WindowsPowerShell\\v1.0\\powershell.exe\r\nUser: TRAN-LAPPY\\Ai Tran"}, {"timestamp": "2025-12-16 17:24:58", "event_id": 1, "image": "C:\\Program Files (x86)\\Microsoft\\Edge\\Application\\msedge.exe", "commandline": "\"C:\\Program Files (x86)\\Microsoft\\Edge\\Application\\msedge.exe\" --type=renderer --pdf-upsell-enabled --dma-cps-flags=2048 --no-pre-read-main-dll --video-capture-use-gpu-memory-buffer --lang=en-US --js-", "user": "TRAN-LAPPY\\Ai Tran", "target": "", "raw_message": "Process Create:\r\nRuleName: -\r\nUtcTime: 2025-12-16 10:24:58.568\r\nProcessGuid: {8ba13930-337a-6941-2783-010000001a00}\r\nProcessId: 11552\r\nImage: C:\\Program Files (x86)\\Microsoft\\Edge\\Application\\msedge.exe\r\nFileVersion: 143.0.3650.80\r\nDescription: Microsoft Edge\r\nProduct: Microsoft Edge\r\nCompany: Microsoft Corporation\r\nOriginalFileName: msedge.exe\r\nCommandLine: \"C:\\Program Files (x86)\\Microsoft\\Edge\\Application\\msedge.exe\" --type=renderer --pdf-upsell-enabled --dma-cps-flags=2048 --no-pre-read-main-dll --video-capture-use-gpu-memory-buffer --lang=en-US --js-flags --device-scale-factor=1.25 --num-raster-threads=4 --enable-main-frame-before-activation --renderer-client-id=242 --time-ticks-at-unix-epoch=-1765292561928459 --launch-time-ticks=588137001661 --skip-read-main-dll --metrics-shmem-handle=6968,i,5788302304955229383,14222764083607048220,2097152 --field-trial-handle=2348,i,3026412812974680021,9572377275827512412,262144 --variations-seed-version --trace-process-track-uuid=31907092130759"}, {"timestamp": "2025-12-16 17:24:57", "event_id": 1, "image": "C:\\Program Files (x86)\\Microsoft\\Edge\\Application\\msedge.exe", "commandline": "\"C:\\Program Files (x86)\\Microsoft\\Edge\\Application\\msedge.exe\" --type=renderer --pdf-upsell-enabled --dma-cps-flags=2048 --no-pre-read-main-dll --video-capture-use-gpu-memory-buffer --lang=en-US --js-", "user": "TRAN-LAPPY\\Ai Tran", "target": "", "raw_message": "Process Create:\r\nRuleName: -\r\nUtcTime: 2025-12-16 10:24:57.977\r\nProcessGuid: {8ba13930-3379-6941-2683-010000001a00}\r\nProcessId: 26436\r\nImage: C:\\Program Files (x86)\\Microsoft\\Edge\\Application\\msedge.exe\r\nFileVersion: 143.0.3650.80\r\nDescription: Microsoft Edge\r\nProduct: Microsoft Edge\r\nCompany: Microsoft Corporation\r\nOriginalFileName: msedge.exe\r\nCommandLine: \"C:\\Program Files (x86)\\Microsoft\\Edge\\Application\\msedge.exe\" --type=renderer --pdf-upsell-enabled --dma-cps-flags=2048 --no-pre-read-main-dll --video-capture-use-gpu-memory-buffer --lang=en-US --js-flags --device-scale-factor=1.25 --num-raster-threads=4 --enable-main-frame-before-activation --renderer-client-id=241 --time-ticks-at-unix-epoch=-1765292561928459 --launch-time-ticks=588136411758 --skip-read-main-dll --metrics-shmem-handle=8808,i,3623139907671000167,4456423331057945111,2097152 --field-trial-handle=2348,i,3026412812974680021,9572377275827512412,262144 --variations-seed-version --trace-process-track-uuid=319070921213895"}, {"timestamp": "2025-12-16 17:25:01", "event_id": 1, "image": "C:\\Program Files (x86)\\Microsoft\\Edge\\Application\\msedge.exe", "commandline": "\"C:\\Program Files (x86)\\Microsoft\\Edge\\Application\\msedge.exe\" --type=renderer --pdf-upsell-enabled --dma-cps-flags=2048 --no-pre-read-main-dll --video-capture-use-gpu-memory-buffer --lang=en-US --js-", "user": "TRAN-LAPPY\\Ai Tran", "target": "", "raw_message": "Process Create:\r\nRuleName: -\r\nUtcTime: 2025-12-16 10:25:01.072\r\nProcessGuid: {8ba13930-337d-6941-2a83-010000001a00}\r\nProcessId: 24740\r\nImage: C:\\Program Files (x86)\\Microsoft\\Edge\\Application\\msedge.exe\r\nFileVersion: 143.0.3650.80\r\nDescription: Microsoft Edge\r\nProduct: Microsoft Edge\r\nCompany: Microsoft Corporation\r\nOriginalFileName: msedge.exe\r\nCommandLine: \"C:\\Program Files (x86)\\Microsoft\\Edge\\Application\\msedge.exe\" --type=renderer --pdf-upsell-enabled --dma-cps-flags=2048 --no-pre-read-main-dll --video-capture-use-gpu-memory-buffer --lang=en-US --js-flags --device-scale-factor=1.25 --num-raster-threads=4 --enable-main-frame-before-activation --renderer-client-id=245 --time-ticks-at-unix-epoch=-1765292561928459 --launch-time-ticks=588139506093 --skip-read-main-dll --metrics-shmem-handle=7912,i,17196958231498993759,1645454778393677834,2097152 --field-trial-handle=2348,i,3026412812974680021,9572377275827512412,262144 --variations-seed-version --trace-process-track-uuid=31907092158871"}, {"timestamp": "2025-12-16 17:25:00", "event_id": 5, "image": "C:\\Windows\\System32\\WindowsPowerShell\\v1.0\\powershell.exe", "commandline": "", "user": "TRAN-LAPPY\\Ai Tran", "target": "", "raw_message": "Process terminated:\r\nRuleName: -\r\nUtcTime: 2025-12-16 10:25:00.090\r\nProcessGuid: {8ba13930-337b-6941-2983-010000001a00}\r\nProcessId: 27900\r\nImage: C:\\Windows\\System32\\WindowsPowerShell\\v1.0\\powershell.exe\r\nUser: TRAN-LAPPY\\Ai Tran"}, {"timestamp": "2025-12-16 17:25:03", "event_id": 1, "image": "C:\\Program Files (x86)\\Microsoft\\Edge\\Application\\msedge.exe", "commandline": "\"C:\\Program Files (x86)\\Microsoft\\Edge\\Application\\msedge.exe\" --type=renderer --pdf-upsell-enabled --dma-cps-flags=2048 --no-pre-read-main-dll --video-capture-use-gpu-memory-buffer --lang=en-US --js-", "user": "TRAN-LAPPY\\Ai Tran", "target": "", "raw_message": "Process Create:\r\nRuleName: -\r\nUtcTime: 2025-12-16 10:25:03.738\r\nProcessGuid: {8ba13930-337f-6941-2d83-010000001a00}\r\nProcessId: 24672\r\nImage: C:\\Program Files (x86)\\Microsoft\\Edge\\Application\\msedge.exe\r\nFileVersion: 143.0.3650.80\r\nDescription: Microsoft Edge\r\nProduct: Microsoft Edge\r\nCompany: Microsoft Corporation\r\nOriginalFileName: msedge.exe\r\nCommandLine: \"C:\\Program Files (x86)\\Microsoft\\Edge\\Application\\msedge.exe\" --type=renderer --pdf-upsell-enabled --dma-cps-flags=2048 --no-pre-read-main-dll --video-capture-use-gpu-memory-buffer --lang=en-US --js-flags --device-scale-factor=1.25 --num-raster-threads=4 --enable-main-frame-before-activation --renderer-client-id=246 --time-ticks-at-unix-epoch=-1765292561928459 --launch-time-ticks=588142171805 --skip-read-main-dll --metrics-shmem-handle=13004,i,8959897581700494056,10485932738830560007,2097152 --field-trial-handle=2348,i,3026412812974680021,9572377275827512412,262144 --variations-seed-version --trace-process-track-uuid=3190709216824"}, {"timestamp": "2025-12-16 17:25:05", "event_id": 5, "image": "C:\\Windows\\System32\\WindowsPowerShell\\v1.0\\powershell.exe", "commandline": "", "user": "TRAN-LAPPY\\Ai Tran", "target": "", "raw_message": "Process terminated:\r\nRuleName: -\r\nUtcTime: 2025-12-16 10:25:05.539\r\nProcessGuid: {8ba13930-3380-6941-3083-010000001a00}\r\nProcessId: 29372\r\nImage: C:\\Windows\\System32\\WindowsPowerShell\\v1.0\\powershell.exe\r\nUser: TRAN-LAPPY\\Ai Tran"}, {"timestamp": "2025-12-16 17:25:07", "event_id": 5, "image": "C:\\Windows\\System32\\WindowsPowerShell\\v1.0\\powershell.exe", "commandline": "", "user": "TRAN-LAPPY\\Ai Tran", "target": "", "raw_message": "Process terminated:\r\nRuleName: -\r\nUtcTime: 2025-12-16 10:25:07.233\r\nProcessGuid: {8ba13930-3382-6941-3183-010000001a00}\r\nProcessId: 14084\r\nImage: C:\\Windows\\System32\\WindowsPowerShell\\v1.0\\powershell.exe\r\nUser: TRAN-LAPPY\\Ai Tran"}, {"timestamp": "2025-12-16 17:25:09", "event_id": 5, "image": "C:\\Program Files (x86)\\Microsoft\\Edge\\Application\\msedge.exe", "commandline": "", "user": "TRAN-LAPPY\\Ai Tran", "target": "", "raw_message": "Process terminated:\r\nRuleName: -\r\nUtcTime: 2025-12-16 10:25:09.393\r\nProcessGuid: {8ba13930-3380-6941-2f83-010000001a00}\r\nProcessId: 12284\r\nImage: C:\\Program Files (x86)\\Microsoft\\Edge\\Application\\msedge.exe\r\nUser: TRAN-LAPPY\\Ai Tran"}, {"timestamp": "2025-12-16 17:25:12", "event_id": 5, "image": "C:\\Windows\\System32\\WindowsPowerShell\\v1.0\\powershell.exe", "commandline": "", "user": "TRAN-LAPPY\\Ai Tran", "target": "", "raw_message": "Process terminated:\r\nRuleName: -\r\nUtcTime: 2025-12-16 10:25:12.597\r\nProcessGuid: {8ba13930-3387-6941-3583-010000001a00}\r\nProcessId: 29692\r\nImage: C:\\Windows\\System32\\WindowsPowerShell\\v1.0\\powershell.exe\r\nUser: TRAN-LAPPY\\Ai Tran"}, {"timestamp": "2025-12-16 17:25:14", "event_id": 5, "image": "C:\\Windows\\System32\\WindowsPowerShell\\v1.0\\powershell.exe", "commandline": "", "user": "TRAN-LAPPY\\Ai Tran", "target": "", "raw_message": "Process terminated:\r\nRuleName: -\r\nUtcTime: 2025-12-16 10:25:14.311\r\nProcessGuid: {8ba13930-3389-6941-3683-010000001a00}\r\nProcessId: 5320\r\nImage: C:\\Windows\\System32\\WindowsPowerShell\\v1.0\\powershell.exe\r\nUser: TRAN-LAPPY\\Ai Tran"}, {"timestamp": "2025-12-16 17:25:15", "event_id": 5, "image": "C:\\Windows\\System32\\WindowsPowerShell\\v1.0\\powershell.exe", "commandline": "", "user": "TRAN-LAPPY\\Ai Tran", "target": "", "raw_message": "Process terminated:\r\nRuleName: -\r\nUtcTime: 2025-12-16 10:25:15.974\r\nProcessGuid: {8ba13930-338b-6941-3783-010000001a00}\r\nProcessId: 12556\r\nImage: C:\\Windows\\System32\\WindowsPowerShell\\v1.0\\powershell.exe\r\nUser: TRAN-LAPPY\\Ai Tran"}, {"timestamp": "2025-12-16 17:25:17", "event_id": 5, "image": "C:\\Windows\\System32\\WindowsPowerShell\\v1.0\\powershell.exe", "commandline": "", "user": "TRAN-LAPPY\\Ai Tran", "target": "", "raw_message": "Process terminated:\r\nRuleName: -\r\nUtcTime: 2025-12-16 10:25:17.691\r\nProcessGuid: {8ba13930-338c-6941-3883-010000001a00}\r\nProcessId: 15520\r\nImage: C:\\Windows\\System32\\WindowsPowerShell\\v1.0\\powershell.exe\r\nUser: TRAN-LAPPY\\Ai Tran"}, {"timestamp": "2025-12-16 17:25:19", "event_id": 5, "image": "C:\\Windows\\System32\\WindowsPowerShell\\v1.0\\powershell.exe", "commandline": "", "user": "TRAN-LAPPY\\Ai Tran", "target": "", "raw_message": "Process terminated:\r\nRuleName: -\r\nUtcTime: 2025-12-16 10:25:19.417\r\nProcessGuid: {8ba13930-338e-6941-3983-010000001a00}\r\nProcessId: 15240\r\nImage: C:\\Windows\\System32\\WindowsPowerShell\\v1.0\\powershell.exe\r\nUser: TRAN-LAPPY\\Ai Tran"}, {"timestamp": "2025-12-16 17:25:21", "event_id": 5, "image": "C:\\Windows\\System32\\WindowsPowerShell\\v1.0\\powershell.exe", "commandline": "", "user": "TRAN-LAPPY\\Ai Tran", "target": "", "raw_message": "Process terminated:\r\nRuleName: -\r\nUtcTime: 2025-12-16 10:25:21.180\r\nProcessGuid: {8ba13930-3390-6941-3a83-010000001a00}\r\nProcessId: 26112\r\nImage: C:\\Windows\\System32\\WindowsPowerShell\\v1.0\\powershell.exe\r\nUser: TRAN-LAPPY\\Ai Tran"}, {"timestamp": "2025-12-16 17:25:22", "event_id": 5, "image": "C:\\Windows\\System32\\WindowsPowerShell\\v1.0\\powershell.exe", "commandline": "", "user": "TRAN-LAPPY\\Ai Tran", "target": "", "raw_message": "Process terminated:\r\nRuleName: -\r\nUtcTime: 2025-12-16 10:25:22.875\r\nProcessGuid: {8ba13930-3392-6941-3b83-010000001a00}\r\nProcessId: 23024\r\nImage: C:\\Windows\\System32\\WindowsPowerShell\\v1.0\\powershell.exe\r\nUser: TRAN-LAPPY\\Ai Tran"}, {"timestamp": "2025-12-16 17:25:24", "event_id": 5, "image": "C:\\Windows\\System32\\WindowsPowerShell\\v1.0\\powershell.exe", "commandline": "", "user": "TRAN-LAPPY\\Ai Tran", "target": "", "raw_message": "Process terminated:\r\nRuleName: -\r\nUtcTime: 2025-12-16 10:25:24.617\r\nProcessGuid: {8ba13930-3393-6941-3c83-010000001a00}\r\nProcessId: 23168\r\nImage: C:\\Windows\\System32\\WindowsPowerShell\\v1.0\\powershell.exe\r\nUser: TRAN-LAPPY\\Ai Tran"}, {"timestamp": "2025-12-16 17:25:26", "event_id": 5, "image": "C:\\Windows\\System32\\WindowsPowerShell\\v1.0\\powershell.exe", "commandline": "", "user": "TRAN-LAPPY\\Ai Tran", "target": "", "raw_message": "Process terminated:\r\nRuleName: -\r\nUtcTime: 2025-12-16 10:25:26.331\r\nProcessGuid: {8ba13930-3395-6941-3d83-010000001a00}\r\nProcessId: 29668\r\nImage: C:\\Windows\\System32\\WindowsPowerShell\\v1.0\\powershell.exe\r\nUser: TRAN-LAPPY\\Ai Tran"}, {"timestamp": "2025-12-16 17:25:28", "event_id": 5, "image": "C:\\Windows\\System32\\WindowsPowerShell\\v1.0\\powershell.exe", "commandline": "", "user": "TRAN-LAPPY\\Ai Tran", "target": "", "raw_message": "Process terminated:\r\nRuleName: -\r\nUtcTime: 2025-12-16 10:25:28.187\r\nProcessGuid: {8ba13930-3397-6941-3e83-010000001a00}\r\nProcessId: 22512\r\nImage: C:\\Windows\\System32\\WindowsPowerShell\\v1.0\\powershell.exe\r\nUser: TRAN-LAPPY\\Ai Tran"}, {"timestamp": "2025-12-16 17:25:30", "event_id": 5, "image": "C:\\Windows\\System32\\WindowsPowerShell\\v1.0\\powershell.exe", "commandline": "", "user": "TRAN-LAPPY\\Ai Tran", "target": "", "raw_message": "Process terminated:\r\nRuleName: -\r\nUtcTime: 2025-12-16 10:25:30.232\r\nProcessGuid: {8ba13930-3399-6941-3f83-010000001a00}\r\nProcessId: 27164\r\nImage: C:\\Windows\\System32\\WindowsPowerShell\\v1.0\\powershell.exe\r\nUser: TRAN-LAPPY\\Ai Tran"}, {"timestamp": "2025-12-16 17:25:32", "event_id": 5, "image": "C:\\Windows\\System32\\WindowsPowerShell\\v1.0\\powershell.exe", "commandline": "", "user": "TRAN-LAPPY\\Ai Tran", "target": "", "raw_message": "Process terminated:\r\nRuleName: -\r\nUtcTime: 2025-12-16 10:25:32.179\r\nProcessGuid: {8ba13930-339b-6941-4083-010000001a00}\r\nProcessId: 28420\r\nImage: C:\\Windows\\System32\\WindowsPowerShell\\v1.0\\powershell.exe\r\nUser: TRAN-LAPPY\\Ai Tran"}, {"timestamp": "2025-12-16 17:25:33", "event_id": 5, "image": "C:\\Windows\\System32\\WindowsPowerShell\\v1.0\\powershell.exe", "commandline": "", "user": "TRAN-LAPPY\\Ai Tran", "target": "", "raw_message": "Process terminated:\r\nRuleName: -\r\nUtcTime: 2025-12-16 10:25:33.901\r\nProcessGuid: {8ba13930-339d-6941-4183-010000001a00}\r\nProcessId: 14208\r\nImage: C:\\Windows\\System32\\WindowsPowerShell\\v1.0\\powershell.exe\r\nUser: TRAN-LAPPY\\Ai Tran"}, {"timestamp": "2025-12-16 17:25:35", "event_id": 5, "image": "C:\\Windows\\System32\\WindowsPowerShell\\v1.0\\powershell.exe", "commandline": "", "user": "TRAN-LAPPY\\Ai Tran", "target": "", "raw_message": "Process terminated:\r\nRuleName: -\r\nUtcTime: 2025-12-16 10:25:35.625\r\nProcessGuid: {8ba13930-339e-6941-4283-010000001a00}\r\nProcessId: 13580\r\nImage: C:\\Windows\\System32\\WindowsPowerShell\\v1.0\\powershell.exe\r\nUser: TRAN-LAPPY\\Ai Tran"}, {"timestamp": "2025-12-16 17:25:37", "event_id": 5, "image": "C:\\Windows\\System32\\WindowsPowerShell\\v1.0\\powershell.exe", "commandline": "", "user": "TRAN-LAPPY\\Ai Tran", "target": "", "raw_message": "Process terminated:\r\nRuleName: -\r\nUtcTime: 2025-12-16 10:25:37.372\r\nProcessGuid: {8ba13930-33a0-6941-4383-010000001a00}\r\nProcessId: 11380\r\nImage: C:\\Windows\\System32\\WindowsPowerShell\\v1.0\\powershell.exe\r\nUser: TRAN-LAPPY\\Ai Tran"}, {"timestamp": "2025-12-16 17:25:38", "event_id": 5, "image": "C:\\Windows\\System32\\WindowsPowerShell\\v1.0\\powershell.exe", "commandline": "", "user": "TRAN-LAPPY\\Ai Tran", "target": "", "raw_message": "Process terminated:\r\nRuleName: -\r\nUtcTime: 2025-12-16 10:25:38.998\r\nProcessGuid: {8ba13930-33a2-6941-4483-010000001a00}\r\nProcessId: 25816\r\nImage: C:\\Windows\\System32\\WindowsPowerShell\\v1.0\\powershell.exe\r\nUser: TRAN-LAPPY\\Ai Tran"}, {"timestamp": "2025-12-16 17:25:41", "event_id": 1, "image": "C:\\Windows\\System32\\WindowsPowerShell\\v1.0\\powershell.exe", "commandline": "C:\\Windows\\System32\\WindowsPowerShell\\v1.0\\powershell.exe -noexit -command \"try { . \\\"c:\\Users\\Admin\\AppData\\Local\\Programs\\Microsoft VS Code\\resources\\app\\out\\vs\\workbench\\contrib\\terminal\\common\\scr", "user": "TRAN-LAPPY\\Ai Tran", "target": "", "raw_message": "Process Create:\r\nRuleName: -\r\nUtcTime: 2025-12-16 10:25:41.020\r\nProcessGuid: {8ba13930-33a5-6941-4b83-010000001a00}\r\nProcessId: 27972\r\nImage: C:\\Windows\\System32\\WindowsPowerShell\\v1.0\\powershell.exe\r\nFileVersion: 10.0.26100.5074 (WinBuild.160101.0800)\r\nDescription: Windows PowerShell\r\nProduct: Microsoftr Windowsr Operating System\r\nCompany: Microsoft Corporation\r\nOriginalFileName: PowerShell.EXE\r\nCommandLine: C:\\Windows\\System32\\WindowsPowerShell\\v1.0\\powershell.exe -noexit -command \"try { . \\\"c:\\Users\\Admin\\AppData\\Local\\Programs\\Microsoft VS Code\\resources\\app\\out\\vs\\workbench\\contrib\\terminal\\common\\scripts\\shellIntegration.ps1\\\" } catch {}\"\r\nCurrentDirectory: D:\\nckh\\auditlog\\\r\nUser: TRAN-LAPPY\\Ai Tran\r\nLogonGuid: {8ba13930-ca9d-6940-295d-551b00000000}\r\nLogonId: 0x1B555D29\r\nTerminalSessionId: 16\r\nIntegrityLevel: Medium\r\nHashes: SHA256=0FF6F2C94BC7E2833A5F7E16DE1622E5DBA70396F31C7D5F56381870317E8C46\r\nParentProcessGuid: {8ba13930-03e8-6941-d030-010000001a00}\r\nParentProcessId: 13356\r\n"}, {"timestamp": "2025-12-16 17:25:40", "event_id": 5, "image": "C:\\Windows\\System32\\conhost.exe", "commandline": "", "user": "TRAN-LAPPY\\Ai Tran", "target": "", "raw_message": "Process terminated:\r\nRuleName: -\r\nUtcTime: 2025-12-16 10:25:40.973\r\nProcessGuid: {8ba13930-33a4-6941-4783-010000001a00}\r\nProcessId: 22852\r\nImage: C:\\Windows\\System32\\conhost.exe\r\nUser: TRAN-LAPPY\\Ai Tran"}, {"timestamp": "2025-12-16 17:25:42", "event_id": 5, "image": "C:\\Windows\\System32\\WindowsPowerShell\\v1.0\\powershell.exe", "commandline": "", "user": "TRAN-LAPPY\\Ai Tran", "target": "", "raw_message": "Process terminated:\r\nRuleName: -\r\nUtcTime: 2025-12-16 10:25:42.590\r\nProcessGuid: {8ba13930-33a6-6941-5983-010000001a00}\r\nProcessId: 6816\r\nImage: C:\\Windows\\System32\\WindowsPowerShell\\v1.0\\powershell.exe\r\nUser: TRAN-LAPPY\\Ai Tran"}, {"timestamp": "2025-12-16 17:25:44", "event_id": 5, "image": "C:\\Windows\\System32\\WindowsPowerShell\\v1.0\\powershell.exe", "commandline": "", "user": "TRAN-LAPPY\\Ai Tran", "target": "", "raw_message": "Process terminated:\r\nRuleName: -\r\nUtcTime: 2025-12-16 10:25:44.257\r\nProcessGuid: {8ba13930-33a7-6941-5a83-010000001a00}\r\nProcessId: 27852\r\nImage: C:\\Windows\\System32\\WindowsPowerShell\\v1.0\\powershell.exe\r\nUser: TRAN-LAPPY\\Ai Tran"}, {"timestamp": "2025-12-16 17:25:46", "event_id": 5, "image": "C:\\Windows\\System32\\WindowsPowerShell\\v1.0\\powershell.exe", "commandline": "", "user": "TRAN-LAPPY\\Ai Tran", "target": "", "raw_message": "Process terminated:\r\nRuleName: -\r\nUtcTime: 2025-12-16 10:25:46.011\r\nProcessGuid: {8ba13930-33a9-6941-5b83-010000001a00}\r\nProcessId: 18236\r\nImage: C:\\Windows\\System32\\WindowsPowerShell\\v1.0\\powershell.exe\r\nUser: TRAN-LAPPY\\Ai Tran"}, {"timestamp": "2025-12-16 17:25:47", "event_id": 5, "image": "C:\\Windows\\System32\\WindowsPowerShell\\v1.0\\powershell.exe", "commandline": "", "user": "TRAN-LAPPY\\Ai Tran", "target": "", "raw_message": "Process terminated:\r\nRuleName: -\r\nUtcTime: 2025-12-16 10:25:47.742\r\nProcessGuid: {8ba13930-33ab-6941-5c83-010000001a00}\r\nProcessId: 3404\r\nImage: C:\\Windows\\System32\\WindowsPowerShell\\v1.0\\powershell.exe\r\nUser: TRAN-LAPPY\\Ai Tran"}, {"timestamp": "2025-12-16 17:25:49", "event_id": 5, "image": "C:\\Windows\\System32\\WindowsPowerShell\\v1.0\\powershell.exe", "commandline": "", "user": "TRAN-LAPPY\\Ai Tran", "target": "", "raw_message": "Process terminated:\r\nRuleName: -\r\nUtcTime: 2025-12-16 10:25:49.522\r\nProcessGuid: {8ba13930-33ac-6941-5d83-010000001a00}\r\nProcessId: 24664\r\nImage: C:\\Windows\\System32\\WindowsPowerShell\\v1.0\\powershell.exe\r\nUser: TRAN-LAPPY\\Ai Tran"}, {"timestamp": "2025-12-16 17:25:51", "event_id": 5, "image": "C:\\Windows\\System32\\WindowsPowerShell\\v1.0\\powershell.exe", "commandline": "", "user": "TRAN-LAPPY\\Ai Tran", "target": "", "raw_message": "Process terminated:\r\nRuleName: -\r\nUtcTime: 2025-12-16 10:25:51.168\r\nProcessGuid: {8ba13930-33ae-6941-5e83-010000001a00}\r\nProcessId: 26268\r\nImage: C:\\Windows\\System32\\WindowsPowerShell\\v1.0\\powershell.exe\r\nUser: TRAN-LAPPY\\Ai Tran"}, {"timestamp": "2025-12-16 17:25:52", "event_id": 5, "image": "C:\\Windows\\System32\\WindowsPowerShell\\v1.0\\powershell.exe", "commandline": "", "user": "TRAN-LAPPY\\Ai Tran", "target": "", "raw_message": "Process terminated:\r\nRuleName: -\r\nUtcTime: 2025-12-16 10:25:52.892\r\nProcessGuid: {8ba13930-33b0-6941-5f83-010000001a00}\r\nProcessId: 24740\r\nImage: C:\\Windows\\System32\\WindowsPowerShell\\v1.0\\powershell.exe\r\nUser: TRAN-LAPPY\\Ai Tran"}, {"timestamp": "2025-12-16 17:25:54", "event_id": 5, "image": "C:\\Windows\\System32\\WindowsPowerShell\\v1.0\\powershell.exe", "commandline": "", "user": "TRAN-LAPPY\\Ai Tran", "target": "", "raw_message": "Process terminated:\r\nRuleName: -\r\nUtcTime: 2025-12-16 10:25:54.659\r\nProcessGuid: {8ba13930-33b1-6941-6183-010000001a00}\r\nProcessId: 29516\r\nImage: C:\\Windows\\System32\\WindowsPowerShell\\v1.0\\powershell.exe\r\nUser: TRAN-LAPPY\\Ai Tran"}, {"timestamp": "2025-12-16 17:25:56", "event_id": 5, "image": "C:\\Windows\\System32\\WindowsPowerShell\\v1.0\\powershell.exe", "commandline": "", "user": "TRAN-LAPPY\\Ai Tran", "target": "", "raw_message": "Process terminated:\r\nRuleName: -\r\nUtcTime: 2025-12-16 10:25:56.284\r\nProcessGuid: {8ba13930-33b3-6941-6483-010000001a00}\r\nProcessId: 10444\r\nImage: C:\\Windows\\System32\\WindowsPowerShell\\v1.0\\powershell.exe\r\nUser: TRAN-LAPPY\\Ai Tran"}, {"timestamp": "2025-12-16 17:25:57", "event_id": 5, "image": "C:\\Windows\\System32\\WindowsPowerShell\\v1.0\\powershell.exe", "commandline": "", "user": "TRAN-LAPPY\\Ai Tran", "target": "", "raw_message": "Process terminated:\r\nRuleName: -\r\nUtcTime: 2025-12-16 10:25:57.995\r\nProcessGuid: {8ba13930-33b5-6941-6583-010000001a00}\r\nProcessId: 25460\r\nImage: C:\\Windows\\System32\\WindowsPowerShell\\v1.0\\powershell.exe\r\nUser: TRAN-LAPPY\\Ai Tran"}, {"timestamp": "2025-12-16 17:25:59", "event_id": 5, "image": "C:\\Windows\\System32\\WindowsPowerShell\\v1.0\\powershell.exe", "commandline": "", "user": "TRAN-LAPPY\\Ai Tran", "target": "", "raw_message": "Process terminated:\r\nRuleName: -\r\nUtcTime: 2025-12-16 10:25:59.777\r\nProcessGuid: {8ba13930-33b7-6941-6683-010000001a00}\r\nProcessId: 10584\r\nImage: C:\\Windows\\System32\\WindowsPowerShell\\v1.0\\powershell.exe\r\nUser: TRAN-LAPPY\\Ai Tran"}, {"timestamp": "2025-12-16 17:26:01", "event_id": 5, "image": "C:\\Windows\\System32\\WindowsPowerShell\\v1.0\\powershell.exe", "commandline": "", "user": "TRAN-LAPPY\\Ai Tran", "target": "", "raw_message": "Process terminated:\r\nRuleName: -\r\nUtcTime: 2025-12-16 10:26:01.514\r\nProcessGuid: {8ba13930-33b8-6941-6783-010000001a00}\r\nProcessId: 26644\r\nImage: C:\\Windows\\System32\\WindowsPowerShell\\v1.0\\powershell.exe\r\nUser: TRAN-LAPPY\\Ai Tran"}, {"timestamp": "2025-12-16 17:26:03", "event_id": 5, "image": "C:\\Windows\\System32\\WindowsPowerShell\\v1.0\\powershell.exe", "commandline": "", "user": "TRAN-LAPPY\\Ai Tran", "target": "", "raw_message": "Process terminated:\r\nRuleName: -\r\nUtcTime: 2025-12-16 10:26:03.203\r\nProcessGuid: {8ba13930-33ba-6941-6883-010000001a00}\r\nProcessId: 5320\r\nImage: C:\\Windows\\System32\\WindowsPowerShell\\v1.0\\powershell.exe\r\nUser: TRAN-LAPPY\\Ai Tran"}, {"timestamp": "2025-12-16 17:26:04", "event_id": 5, "image": "C:\\Windows\\System32\\WindowsPowerShell\\v1.0\\powershell.exe", "commandline": "", "user": "TRAN-LAPPY\\Ai Tran", "target": "", "raw_message": "Process terminated:\r\nRuleName: -\r\nUtcTime: 2025-12-16 10:26:04.903\r\nProcessGuid: {8ba13930-33bc-6941-6983-010000001a00}\r\nProcessId: 26656\r\nImage: C:\\Windows\\System32\\WindowsPowerShell\\v1.0\\powershell.exe\r\nUser: TRAN-LAPPY\\Ai Tran"}, {"timestamp": "2025-12-16 17:26:06", "event_id": 5, "image": "C:\\Windows\\System32\\WindowsPowerShell\\v1.0\\powershell.exe", "commandline": "", "user": "TRAN-LAPPY\\Ai Tran", "target": "", "raw_message": "Process terminated:\r\nRuleName: -\r\nUtcTime: 2025-12-16 10:26:06.579\r\nProcessGuid: {8ba13930-33bd-6941-6a83-010000001a00}\r\nProcessId: 13128\r\nImage: C:\\Windows\\System32\\WindowsPowerShell\\v1.0\\powershell.exe\r\nUser: TRAN-LAPPY\\Ai Tran"}, {"timestamp": "2025-12-16 17:26:08", "event_id": 5, "image": "C:\\Windows\\System32\\WindowsPowerShell\\v1.0\\powershell.exe", "commandline": "", "user": "TRAN-LAPPY\\Ai Tran", "target": "", "raw_message": "Process terminated:\r\nRuleName: -\r\nUtcTime: 2025-12-16 10:26:08.430\r\nProcessGuid: {8ba13930-33bf-6941-6b83-010000001a00}\r\nProcessId: 25300\r\nImage: C:\\Windows\\System32\\WindowsPowerShell\\v1.0\\powershell.exe\r\nUser: TRAN-LAPPY\\Ai Tran"}, {"timestamp": "2025-12-16 17:26:10", "event_id": 5, "image": "C:\\Windows\\System32\\WindowsPowerShell\\v1.0\\powershell.exe", "commandline": "", "user": "TRAN-LAPPY\\Ai Tran", "target": "", "raw_message": "Process terminated:\r\nRuleName: -\r\nUtcTime: 2025-12-16 10:26:10.148\r\nProcessGuid: {8ba13930-33c1-6941-6d83-010000001a00}\r\nProcessId: 3416\r\nImage: C:\\Windows\\System32\\WindowsPowerShell\\v1.0\\powershell.exe\r\nUser: TRAN-LAPPY\\Ai Tran"}, {"timestamp": "2025-12-16 17:26:11", "event_id": 5, "image": "C:\\Windows\\System32\\WindowsPowerShell\\v1.0\\powershell.exe", "commandline": "", "user": "TRAN-LAPPY\\Ai Tran", "target": "", "raw_message": "Process terminated:\r\nRuleName: -\r\nUtcTime: 2025-12-16 10:26:11.983\r\nProcessGuid: {8ba13930-33c3-6941-6e83-010000001a00}\r\nProcessId: 25412\r\nImage: C:\\Windows\\System32\\WindowsPowerShell\\v1.0\\powershell.exe\r\nUser: TRAN-LAPPY\\Ai Tran"}, {"timestamp": "2025-12-16 17:26:13", "event_id": 5, "image": "C:\\Windows\\System32\\WindowsPowerShell\\v1.0\\powershell.exe", "commandline": "", "user": "TRAN-LAPPY\\Ai Tran", "target": "", "raw_message": "Process terminated:\r\nRuleName: -\r\nUtcTime: 2025-12-16 10:26:13.823\r\nProcessGuid: {8ba13930-33c5-6941-6f83-010000001a00}\r\nProcessId: 28352\r\nImage: C:\\Windows\\System32\\WindowsPowerShell\\v1.0\\powershell.exe\r\nUser: TRAN-LAPPY\\Ai Tran"}, {"timestamp": "2025-12-16 17:26:15", "event_id": 5, "image": "C:\\Windows\\System32\\WindowsPowerShell\\v1.0\\powershell.exe", "commandline": "", "user": "TRAN-LAPPY\\Ai Tran", "target": "", "raw_message": "Process terminated:\r\nRuleName: -\r\nUtcTime: 2025-12-16 10:26:15.625\r\nProcessGuid: {8ba13930-33c6-6941-7083-010000001a00}\r\nProcessId: 28608\r\nImage: C:\\Windows\\System32\\WindowsPowerShell\\v1.0\\powershell.exe\r\nUser: TRAN-LAPPY\\Ai Tran"}, {"timestamp": "2025-12-16 17:26:17", "event_id": 5, "image": "C:\\Windows\\System32\\WindowsPowerShell\\v1.0\\powershell.exe", "commandline": "", "user": "TRAN-LAPPY\\Ai Tran", "target": "", "raw_message": "Process terminated:\r\nRuleName: -\r\nUtcTime: 2025-12-16 10:26:17.440\r\nProcessGuid: {8ba13930-33c8-6941-7183-010000001a00}\r\nProcessId: 16708\r\nImage: C:\\Windows\\System32\\WindowsPowerShell\\v1.0\\powershell.exe\r\nUser: TRAN-LAPPY\\Ai Tran"}, {"timestamp": "2025-12-16 17:26:20", "event_id": 5, "image": "C:\\Windows\\System32\\WindowsPowerShell\\v1.0\\powershell.exe", "commandline": "", "user": "TRAN-LAPPY\\Ai Tran", "target": "", "raw_message": "Process terminated:\r\nRuleName: -\r\nUtcTime: 2025-12-16 10:26:20.823\r\nProcessGuid: {8ba13930-33cc-6941-7583-010000001a00}\r\nProcessId: 9332\r\nImage: C:\\Windows\\System32\\WindowsPowerShell\\v1.0\\powershell.exe\r\nUser: TRAN-LAPPY\\Ai Tran"}, {"timestamp": "2025-12-16 17:26:22", "event_id": 5, "image": "C:\\Windows\\System32\\WindowsPowerShell\\v1.0\\powershell.exe", "commandline": "", "user": "TRAN-LAPPY\\Ai Tran", "target": "", "raw_message": "Process terminated:\r\nRuleName: -\r\nUtcTime: 2025-12-16 10:26:22.413\r\nProcessGuid: {8ba13930-33cd-6941-7883-010000001a00}\r\nProcessId: 10744\r\nImage: C:\\Windows\\System32\\WindowsPowerShell\\v1.0\\powershell.exe\r\nUser: TRAN-LAPPY\\Ai Tran"}, {"timestamp": "2025-12-16 17:26:24", "event_id": 5, "image": "C:\\Windows\\System32\\WindowsPowerShell\\v1.0\\powershell.exe", "commandline": "", "user": "TRAN-LAPPY\\Ai Tran", "target": "", "raw_message": "Process terminated:\r\nRuleName: -\r\nUtcTime: 2025-12-16 10:26:24.112\r\nProcessGuid: {8ba13930-33cf-6941-7983-010000001a00}\r\nProcessId: 25788\r\nImage: C:\\Windows\\System32\\WindowsPowerShell\\v1.0\\powershell.exe\r\nUser: TRAN-LAPPY\\Ai Tran"}, {"timestamp": "2025-12-16 17:26:25", "event_id": 5, "image": "C:\\Windows\\System32\\WindowsPowerShell\\v1.0\\powershell.exe", "commandline": "", "user": "TRAN-LAPPY\\Ai Tran", "target": "", "raw_message": "Process terminated:\r\nRuleName: -\r\nUtcTime: 2025-12-16 10:26:25.769\r\nProcessGuid: {8ba13930-33d1-6941-7a83-010000001a00}\r\nProcessId: 18408\r\nImage: C:\\Windows\\System32\\WindowsPowerShell\\v1.0\\powershell.exe\r\nUser: TRAN-LAPPY\\Ai Tran"}, {"timestamp": "2025-12-16 17:26:27", "event_id": 5, "image": "C:\\Windows\\System32\\WindowsPowerShell\\v1.0\\powershell.exe", "commandline": "", "user": "TRAN-LAPPY\\Ai Tran", "target": "", "raw_message": "Process terminated:\r\nRuleName: -\r\nUtcTime: 2025-12-16 10:26:27.654\r\nProcessGuid: {8ba13930-33d2-6941-7b83-010000001a00}\r\nProcessId: 23632\r\nImage: C:\\Windows\\System32\\WindowsPowerShell\\v1.0\\powershell.exe\r\nUser: TRAN-LAPPY\\Ai Tran"}, {"timestamp": "2025-12-16 17:26:29", "event_id": 5, "image": "C:\\Windows\\System32\\WindowsPowerShell\\v1.0\\powershell.exe", "commandline": "", "user": "TRAN-LAPPY\\Ai Tran", "target": "", "raw_message": "Process terminated:\r\nRuleName: -\r\nUtcTime: 2025-12-16 10:26:29.519\r\nProcessGuid: {8ba13930-33d4-6941-7c83-010000001a00}\r\nProcessId: 26152\r\nImage: C:\\Windows\\System32\\WindowsPowerShell\\v1.0\\powershell.exe\r\nUser: TRAN-LAPPY\\Ai Tran"}, {"timestamp": "2025-12-16 17:26:31", "event_id": 5, "image": "C:\\Windows\\System32\\WindowsPowerShell\\v1.0\\powershell.exe", "commandline": "", "user": "TRAN-LAPPY\\Ai Tran", "target": "", "raw_message": "Process terminated:\r\nRuleName: -\r\nUtcTime: 2025-12-16 10:26:31.336\r\nProcessGuid: {8ba13930-33d6-6941-7d83-010000001a00}\r\nProcessId: 10880\r\nImage: C:\\Windows\\System32\\WindowsPowerShell\\v1.0\\powershell.exe\r\nUser: TRAN-LAPPY\\Ai Tran"}, {"timestamp": "2025-12-16 17:26:33", "event_id": 5, "image": "C:\\Windows\\System32\\WindowsPowerShell\\v1.0\\powershell.exe", "commandline": "", "user": "TRAN-LAPPY\\Ai Tran", "target": "", "raw_message": "Process terminated:\r\nRuleName: -\r\nUtcTime: 2025-12-16 10:26:33.117\r\nProcessGuid: {8ba13930-33d8-6941-7e83-010000001a00}\r\nProcessId: 12236\r\nImage: C:\\Windows\\System32\\WindowsPowerShell\\v1.0\\powershell.exe\r\nUser: TRAN-LAPPY\\Ai Tran"}, {"timestamp": "2025-12-16 17:26:34", "event_id": 5, "image": "C:\\Windows\\System32\\WindowsPowerShell\\v1.0\\powershell.exe", "commandline": "", "user": "TRAN-LAPPY\\Ai Tran", "target": "", "raw_message": "Process terminated:\r\nRuleName: -\r\nUtcTime: 2025-12-16 10:26:34.939\r\nProcessGuid: {8ba13930-33da-6941-8b83-010000001a00}\r\nProcessId: 26476\r\nImage: C:\\Windows\\System32\\WindowsPowerShell\\v1.0\\powershell.exe\r\nUser: TRAN-LAPPY\\Ai Tran"}, {"timestamp": "2025-12-16 17:26:36", "event_id": 5, "image": "C:\\Windows\\System32\\WindowsPowerShell\\v1.0\\powershell.exe", "commandline": "", "user": "TRAN-LAPPY\\Ai Tran", "target": "", "raw_message": "Process terminated:\r\nRuleName: -\r\nUtcTime: 2025-12-16 10:26:36.754\r\nProcessGuid: {8ba13930-33db-6941-8c83-010000001a00}\r\nProcessId: 6928\r\nImage: C:\\Windows\\System32\\WindowsPowerShell\\v1.0\\powershell.exe\r\nUser: TRAN-LAPPY\\Ai Tran"}, {"timestamp": "2025-12-16 17:26:38", "event_id": 5, "image": "C:\\Windows\\System32\\WindowsPowerShell\\v1.0\\powershell.exe", "commandline": "", "user": "TRAN-LAPPY\\Ai Tran", "target": "", "raw_message": "Process terminated:\r\nRuleName: -\r\nUtcTime: 2025-12-16 10:26:38.654\r\nProcessGuid: {8ba13930-33dd-6941-8d83-010000001a00}\r\nProcessId: 14352\r\nImage: C:\\Windows\\System32\\WindowsPowerShell\\v1.0\\powershell.exe\r\nUser: TRAN-LAPPY\\Ai Tran"}, {"timestamp": "2025-12-16 17:26:40", "event_id": 5, "image": "C:\\Windows\\System32\\WindowsPowerShell\\v1.0\\powershell.exe", "commandline": "", "user": "TRAN-LAPPY\\Ai Tran", "target": "", "raw_message": "Process terminated:\r\nRuleName: -\r\nUtcTime: 2025-12-16 10:26:40.417\r\nProcessGuid: {8ba13930-33df-6941-8e83-010000001a00}\r\nProcessId: 27576\r\nImage: C:\\Windows\\System32\\WindowsPowerShell\\v1.0\\powershell.exe\r\nUser: TRAN-LAPPY\\Ai Tran"}, {"timestamp": "2025-12-16 17:26:42", "event_id": 5, "image": "C:\\Windows\\System32\\WindowsPowerShell\\v1.0\\powershell.exe", "commandline": "", "user": "TRAN-LAPPY\\Ai Tran", "target": "", "raw_message": "Process terminated:\r\nRuleName: -\r\nUtcTime: 2025-12-16 10:26:42.265\r\nProcessGuid: {8ba13930-33e1-6941-9283-010000001a00}\r\nProcessId: 25760\r\nImage: C:\\Windows\\System32\\WindowsPowerShell\\v1.0\\powershell.exe\r\nUser: TRAN-LAPPY\\Ai Tran"}, {"timestamp": "2025-12-16 17:26:44", "event_id": 5, "image": "C:\\Windows\\System32\\WindowsPowerShell\\v1.0\\powershell.exe", "commandline": "", "user": "TRAN-LAPPY\\Ai Tran", "target": "", "raw_message": "Process terminated:\r\nRuleName: -\r\nUtcTime: 2025-12-16 10:26:44.081\r\nProcessGuid: {8ba13930-33e3-6941-9383-010000001a00}\r\nProcessId: 8720\r\nImage: C:\\Windows\\System32\\WindowsPowerShell\\v1.0\\powershell.exe\r\nUser: TRAN-LAPPY\\Ai Tran"}, {"timestamp": "2025-12-16 17:26:45", "event_id": 5, "image": "C:\\Windows\\System32\\WindowsPowerShell\\v1.0\\powershell.exe", "commandline": "", "user": "TRAN-LAPPY\\Ai Tran", "target": "", "raw_message": "Process terminated:\r\nRuleName: -\r\nUtcTime: 2025-12-16 10:26:45.899\r\nProcessGuid: {8ba13930-33e5-6941-9483-010000001a00}\r\nProcessId: 25852\r\nImage: C:\\Windows\\System32\\WindowsPowerShell\\v1.0\\powershell.exe\r\nUser: TRAN-LAPPY\\Ai Tran"}, {"timestamp": "2025-12-16 17:26:47", "event_id": 5, "image": "C:\\Windows\\System32\\WindowsPowerShell\\v1.0\\powershell.exe", "commandline": "", "user": "TRAN-LAPPY\\Ai Tran", "target": "", "raw_message": "Process terminated:\r\nRuleName: -\r\nUtcTime: 2025-12-16 10:26:47.621\r\nProcessGuid: {8ba13930-33e6-6941-9583-010000001a00}\r\nProcessId: 19432\r\nImage: C:\\Windows\\System32\\WindowsPowerShell\\v1.0\\powershell.exe\r\nUser: TRAN-LAPPY\\Ai Tran"}, {"timestamp": "2025-12-16 17:26:49", "event_id": 5, "image": "C:\\Windows\\System32\\WindowsPowerShell\\v1.0\\powershell.exe", "commandline": "", "user": "TRAN-LAPPY\\Ai Tran", "target": "", "raw_message": "Process terminated:\r\nRuleName: -\r\nUtcTime: 2025-12-16 10:26:49.514\r\nProcessGuid: {8ba13930-33e8-6941-9683-010000001a00}\r\nProcessId: 12260\r\nImage: C:\\Windows\\System32\\WindowsPowerShell\\v1.0\\powershell.exe\r\nUser: TRAN-LAPPY\\Ai Tran"}, {"timestamp": "2025-12-16 17:26:51", "event_id": 5, "image": "C:\\Windows\\System32\\WindowsPowerShell\\v1.0\\powershell.exe", "commandline": "", "user": "TRAN-LAPPY\\Ai Tran", "target": "", "raw_message": "Process terminated:\r\nRuleName: -\r\nUtcTime: 2025-12-16 10:26:51.292\r\nProcessGuid: {8ba13930-33ea-6941-9783-010000001a00}\r\nProcessId: 27028\r\nImage: C:\\Windows\\System32\\WindowsPowerShell\\v1.0\\powershell.exe\r\nUser: TRAN-LAPPY\\Ai Tran"}, {"timestamp": "2025-12-16 17:26:53", "event_id": 5, "image": "C:\\Windows\\System32\\WindowsPowerShell\\v1.0\\powershell.exe", "commandline": "", "user": "TRAN-LAPPY\\Ai Tran", "target": "", "raw_message": "Process terminated:\r\nRuleName: -\r\nUtcTime: 2025-12-16 10:26:53.028\r\nProcessGuid: {8ba13930-33ec-6941-9883-010000001a00}\r\nProcessId: 16508\r\nImage: C:\\Windows\\System32\\WindowsPowerShell\\v1.0\\powershell.exe\r\nUser: TRAN-LAPPY\\Ai Tran"}, {"timestamp": "2025-12-16 17:26:54", "event_id": 5, "image": "C:\\Windows\\System32\\WindowsPowerShell\\v1.0\\powershell.exe", "commandline": "", "user": "TRAN-LAPPY\\Ai Tran", "target": "", "raw_message": "Process terminated:\r\nRuleName: -\r\nUtcTime: 2025-12-16 10:26:54.966\r\nProcessGuid: {8ba13930-33ee-6941-9983-010000001a00}\r\nProcessId: 29400\r\nImage: C:\\Windows\\System32\\WindowsPowerShell\\v1.0\\powershell.exe\r\nUser: TRAN-LAPPY\\Ai Tran"}, {"timestamp": "2025-12-16 17:26:56", "event_id": 5, "image": "C:\\Windows\\System32\\WindowsPowerShell\\v1.0\\powershell.exe", "commandline": "", "user": "TRAN-LAPPY\\Ai Tran", "target": "", "raw_message": "Process terminated:\r\nRuleName: -\r\nUtcTime: 2025-12-16 10:26:56.724\r\nProcessGuid: {8ba13930-33ef-6941-9a83-010000001a00}\r\nProcessId: 27212\r\nImage: C:\\Windows\\System32\\WindowsPowerShell\\v1.0\\powershell.exe\r\nUser: TRAN-LAPPY\\Ai Tran"}, {"timestamp": "2025-12-16 17:26:58", "event_id": 5, "image": "C:\\Windows\\System32\\WindowsPowerShell\\v1.0\\powershell.exe", "commandline": "", "user": "TRAN-LAPPY\\Ai Tran", "target": "", "raw_message": "Process terminated:\r\nRuleName: -\r\nUtcTime: 2025-12-16 10:26:58.552\r\nProcessGuid: {8ba13930-33f1-6941-9b83-010000001a00}\r\nProcessId: 27172\r\nImage: C:\\Windows\\System32\\WindowsPowerShell\\v1.0\\powershell.exe\r\nUser: TRAN-LAPPY\\Ai Tran"}, {"timestamp": "2025-12-16 17:27:00", "event_id": 5, "image": "C:\\Windows\\System32\\WindowsPowerShell\\v1.0\\powershell.exe", "commandline": "", "user": "TRAN-LAPPY\\Ai Tran", "target": "", "raw_message": "Process terminated:\r\nRuleName: -\r\nUtcTime: 2025-12-16 10:27:00.319\r\nProcessGuid: {8ba13930-33f3-6941-9c83-010000001a00}\r\nProcessId: 14016\r\nImage: C:\\Windows\\System32\\WindowsPowerShell\\v1.0\\powershell.exe\r\nUser: TRAN-LAPPY\\Ai Tran"}, {"timestamp": "2025-12-16 17:27:02", "event_id": 5, "image": "C:\\Windows\\System32\\WindowsPowerShell\\v1.0\\powershell.exe", "commandline": "", "user": "TRAN-LAPPY\\Ai Tran", "target": "", "raw_message": "Process terminated:\r\nRuleName: -\r\nUtcTime: 2025-12-16 10:27:02.066\r\nProcessGuid: {8ba13930-33f5-6941-9d83-010000001a00}\r\nProcessId: 29240\r\nImage: C:\\Windows\\System32\\WindowsPowerShell\\v1.0\\powershell.exe\r\nUser: TRAN-LAPPY\\Ai Tran"}, {"timestamp": "2025-12-16 17:27:03", "event_id": 5, "image": "C:\\Windows\\System32\\WindowsPowerShell\\v1.0\\powershell.exe", "commandline": "", "user": "TRAN-LAPPY\\Ai Tran", "target": "", "raw_message": "Process terminated:\r\nRuleName: -\r\nUtcTime: 2025-12-16 10:27:03.984\r\nProcessGuid: {8ba13930-33f7-6941-9e83-010000001a00}\r\nProcessId: 27908\r\nImage: C:\\Windows\\System32\\WindowsPowerShell\\v1.0\\powershell.exe\r\nUser: TRAN-LAPPY\\Ai Tran"}, {"timestamp": "2025-12-16 17:27:05", "event_id": 5, "image": "C:\\Windows\\System32\\WindowsPowerShell\\v1.0\\powershell.exe", "commandline": "", "user": "TRAN-LAPPY\\Ai Tran", "target": "", "raw_message": "Process terminated:\r\nRuleName: -\r\nUtcTime: 2025-12-16 10:27:05.787\r\nProcessGuid: {8ba13930-33f9-6941-9f83-010000001a00}\r\nProcessId: 26500\r\nImage: C:\\Windows\\System32\\WindowsPowerShell\\v1.0\\powershell.exe\r\nUser: TRAN-LAPPY\\Ai Tran"}, {"timestamp": "2025-12-16 17:27:07", "event_id": 5, "image": "C:\\Windows\\System32\\WindowsPowerShell\\v1.0\\powershell.exe", "commandline": "", "user": "TRAN-LAPPY\\Ai Tran", "target": "", "raw_message": "Process terminated:\r\nRuleName: -\r\nUtcTime: 2025-12-16 10:27:07.549\r\nProcessGuid: {8ba13930-33fa-6941-ac83-010000001a00}\r\nProcessId: 17608\r\nImage: C:\\Windows\\System32\\WindowsPowerShell\\v1.0\\powershell.exe\r\nUser: TRAN-LAPPY\\Ai Tran"}, {"timestamp": "2025-12-16 17:27:09", "event_id": 5, "image": "C:\\Windows\\System32\\WindowsPowerShell\\v1.0\\powershell.exe", "commandline": "", "user": "TRAN-LAPPY\\Ai Tran", "target": "", "raw_message": "Process terminated:\r\nRuleName: -\r\nUtcTime: 2025-12-16 10:27:09.372\r\nProcessGuid: {8ba13930-33fc-6941-ad83-010000001a00}\r\nProcessId: 14476\r\nImage: C:\\Windows\\System32\\WindowsPowerShell\\v1.0\\powershell.exe\r\nUser: TRAN-LAPPY\\Ai Tran"}, {"timestamp": "2025-12-16 17:27:11", "event_id": 5, "image": "C:\\Windows\\System32\\WindowsPowerShell\\v1.0\\powershell.exe", "commandline": "", "user": "TRAN-LAPPY\\Ai Tran", "target": "", "raw_message": "Process terminated:\r\nRuleName: -\r\nUtcTime: 2025-12-16 10:27:11.282\r\nProcessGuid: {8ba13930-33fe-6941-ae83-010000001a00}\r\nProcessId: 25536\r\nImage: C:\\Windows\\System32\\WindowsPowerShell\\v1.0\\powershell.exe\r\nUser: TRAN-LAPPY\\Ai Tran"}, {"timestamp": "2025-12-16 17:27:13", "event_id": 5, "image": "C:\\Windows\\System32\\WindowsPowerShell\\v1.0\\powershell.exe", "commandline": "", "user": "TRAN-LAPPY\\Ai Tran", "target": "", "raw_message": "Process terminated:\r\nRuleName: -\r\nUtcTime: 2025-12-16 10:27:13.144\r\nProcessGuid: {8ba13930-3400-6941-bb83-010000001a00}\r\nProcessId: 4768\r\nImage: C:\\Windows\\System32\\WindowsPowerShell\\v1.0\\powershell.exe\r\nUser: TRAN-LAPPY\\Ai Tran"}, {"timestamp": "2025-12-16 17:27:14", "event_id": 5, "image": "C:\\Windows\\System32\\WindowsPowerShell\\v1.0\\powershell.exe", "commandline": "", "user": "TRAN-LAPPY\\Ai Tran", "target": "", "raw_message": "Process terminated:\r\nRuleName: -\r\nUtcTime: 2025-12-16 10:27:14.957\r\nProcessGuid: {8ba13930-3402-6941-bc83-010000001a00}\r\nProcessId: 13404\r\nImage: C:\\Windows\\System32\\WindowsPowerShell\\v1.0\\powershell.exe\r\nUser: TRAN-LAPPY\\Ai Tran"}, {"timestamp": "2025-12-16 17:27:16", "event_id": 5, "image": "C:\\Windows\\System32\\WindowsPowerShell\\v1.0\\powershell.exe", "commandline": "", "user": "TRAN-LAPPY\\Ai Tran", "target": "", "raw_message": "Process terminated:\r\nRuleName: -\r\nUtcTime: 2025-12-16 10:27:16.822\r\nProcessGuid: {8ba13930-3403-6941-ca83-010000001a00}\r\nProcessId: 26284\r\nImage: C:\\Windows\\System32\\WindowsPowerShell\\v1.0\\powershell.exe\r\nUser: TRAN-LAPPY\\Ai Tran"}, {"timestamp": "2025-12-16 17:27:18", "event_id": 5, "image": "C:\\Windows\\System32\\WindowsPowerShell\\v1.0\\powershell.exe", "commandline": "", "user": "TRAN-LAPPY\\Ai Tran", "target": "", "raw_message": "Process terminated:\r\nRuleName: -\r\nUtcTime: 2025-12-16 10:27:18.657\r\nProcessGuid: {8ba13930-3405-6941-cb83-010000001a00}\r\nProcessId: 19844\r\nImage: C:\\Windows\\System32\\WindowsPowerShell\\v1.0\\powershell.exe\r\nUser: TRAN-LAPPY\\Ai Tran"}, {"timestamp": "2025-12-16 17:27:20", "event_id": 5, "image": "C:\\Windows\\System32\\WindowsPowerShell\\v1.0\\powershell.exe", "commandline": "", "user": "TRAN-LAPPY\\Ai Tran", "target": "", "raw_message": "Process terminated:\r\nRuleName: -\r\nUtcTime: 2025-12-16 10:27:20.472\r\nProcessGuid: {8ba13930-3407-6941-cc83-010000001a00}\r\nProcessId: 18324\r\nImage: C:\\Windows\\System32\\WindowsPowerShell\\v1.0\\powershell.exe\r\nUser: TRAN-LAPPY\\Ai Tran"}, {"timestamp": "2025-12-16 17:27:22", "event_id": 5, "image": "C:\\Windows\\System32\\WindowsPowerShell\\v1.0\\powershell.exe", "commandline": "", "user": "TRAN-LAPPY\\Ai Tran", "target": "", "raw_message": "Process terminated:\r\nRuleName: -\r\nUtcTime: 2025-12-16 10:27:22.374\r\nProcessGuid: {8ba13930-3409-6941-cd83-010000001a00}\r\nProcessId: 27824\r\nImage: C:\\Windows\\System32\\WindowsPowerShell\\v1.0\\powershell.exe\r\nUser: TRAN-LAPPY\\Ai Tran"}, {"timestamp": "2025-12-16 17:27:24", "event_id": 5, "image": "C:\\Windows\\System32\\WindowsPowerShell\\v1.0\\powershell.exe", "commandline": "", "user": "TRAN-LAPPY\\Ai Tran", "target": "", "raw_message": "Process terminated:\r\nRuleName: -\r\nUtcTime: 2025-12-16 10:27:24.027\r\nProcessGuid: {8ba13930-340b-6941-ce83-010000001a00}\r\nProcessId: 15352\r\nImage: C:\\Windows\\System32\\WindowsPowerShell\\v1.0\\powershell.exe\r\nUser: TRAN-LAPPY\\Ai Tran"}, {"timestamp": "2025-12-16 17:27:25", "event_id": 5, "image": "C:\\Windows\\System32\\WindowsPowerShell\\v1.0\\powershell.exe", "commandline": "", "user": "TRAN-LAPPY\\Ai Tran", "target": "", "raw_message": "Process terminated:\r\nRuleName: -\r\nUtcTime: 2025-12-16 10:27:25.674\r\nProcessGuid: {8ba13930-340d-6941-cf83-010000001a00}\r\nProcessId: 26984\r\nImage: C:\\Windows\\System32\\WindowsPowerShell\\v1.0\\powershell.exe\r\nUser: TRAN-LAPPY\\Ai Tran"}, {"timestamp": "2025-12-16 17:27:27", "event_id": 5, "image": "C:\\Windows\\System32\\WindowsPowerShell\\v1.0\\powershell.exe", "commandline": "", "user": "TRAN-LAPPY\\Ai Tran", "target": "", "raw_message": "Process terminated:\r\nRuleName: -\r\nUtcTime: 2025-12-16 10:27:27.424\r\nProcessGuid: {8ba13930-340e-6941-d083-010000001a00}\r\nProcessId: 4304\r\nImage: C:\\Windows\\System32\\WindowsPowerShell\\v1.0\\powershell.exe\r\nUser: TRAN-LAPPY\\Ai Tran"}, {"timestamp": "2025-12-16 17:27:29", "event_id": 5, "image": "C:\\Windows\\System32\\WindowsPowerShell\\v1.0\\powershell.exe", "commandline": "", "user": "TRAN-LAPPY\\Ai Tran", "target": "", "raw_message": "Process terminated:\r\nRuleName: -\r\nUtcTime: 2025-12-16 10:27:29.194\r\nProcessGuid: {8ba13930-3410-6941-d183-010000001a00}\r\nProcessId: 29516\r\nImage: C:\\Windows\\System32\\WindowsPowerShell\\v1.0\\powershell.exe\r\nUser: TRAN-LAPPY\\Ai Tran"}, {"timestamp": "2025-12-16 17:27:31", "event_id": 5, "image": "C:\\Windows\\System32\\WindowsPowerShell\\v1.0\\powershell.exe", "commandline": "", "user": "TRAN-LAPPY\\Ai Tran", "target": "", "raw_message": "Process terminated:\r\nRuleName: -\r\nUtcTime: 2025-12-16 10:27:31.118\r\nProcessGuid: {8ba13930-3412-6941-d283-010000001a00}\r\nProcessId: 26076\r\nImage: C:\\Windows\\System32\\WindowsPowerShell\\v1.0\\powershell.exe\r\nUser: TRAN-LAPPY\\Ai Tran"}, 