{"timestamp": "2025-12-16 15:32:20", "event_id": 5, "image": "C:\\Windows\\System32\\WindowsPowerShell\\v1.0\\powershell.exe", "commandline": "", "user": "TRAN-LAPPY\\Ai Tran", "target": "", "raw_message": "Process terminated:\r\nRuleName: -\r\nUtcTime: 2025-12-16 08:32:20.069\r\nProcessGuid: {8ba13930-1913-6941-9b58-010000001a00}\r\nProcessId: 18732\r\nImage: C:\\Windows\\System32\\WindowsPowerShell\\v1.0\\powershell.exe\r\nUser: TRAN-LAPPY\\Ai Tran"}, {"timestamp": "2025-12-16 15:32:21", "event_id": 5, "image": "C:\\Windows\\System32\\WindowsPowerShell\\v1.0\\powershell.exe", "commandline": "", "user": "TRAN-LAPPY\\Ai Tran", "target": "", "raw_message": "Process terminated:\r\nRuleName: -\r\nUtcTime: 2025-12-16 08:32:21.425\r\nProcessGuid: {8ba13930-1915-6941-9c58-010000001a00}\r\nProcessId: 19872\r\nImage: C:\\Windows\\System32\\WindowsPowerShell\\v1.0\\powershell.exe\r\nUser: TRAN-LAPPY\\Ai Tran"}, {"timestamp": "2025-12-16 15:32:22", "event_id": 5, "image": "C:\\Windows\\System32\\WindowsPowerShell\\v1.0\\powershell.exe", "commandline": "", "user": "TRAN-LAPPY\\Ai Tran", "target": "", "raw_message": "Process terminated:\r\nRuleName: -\r\nUtcTime: 2025-12-16 08:32:22.861\r\nProcessGuid: {8ba13930-1916-6941-a958-010000001a00}\r\nProcessId: 10276\r\nImage: C:\\Windows\\System32\\WindowsPowerShell\\v1.0\\powershell.exe\r\nUser: TRAN-LAPPY\\Ai Tran"}, {"timestamp": "2025-12-16 15:32:24", "event_id": 5, "image": "C:\\Windows\\System32\\WindowsPowerShell\\v1.0\\powershell.exe", "commandline": "", "user": "TRAN-LAPPY\\Ai Tran", "target": "", "raw_message": "Process terminated:\r\nRuleName: -\r\nUtcTime: 2025-12-16 08:32:24.255\r\nProcessGuid: {8ba13930-1917-6941-aa58-010000001a00}\r\nProcessId: 22424\r\nImage: C:\\Windows\\System32\\WindowsPowerShell\\v1.0\\powershell.exe\r\nUser: TRAN-LAPPY\\Ai Tran"}, {"timestamp": "2025-12-16 15:32:25", "event_id": 5, "image": "C:\\Windows\\System32\\WindowsPowerShell\\v1.0\\powershell.exe", "commandline": "", "user": "TRAN-LAPPY\\Ai Tran", "target": "", "raw_message": "Process terminated:\r\nRuleName: -\r\nUtcTime: 2025-12-16 08:32:25.598\r\nProcessGuid: {8ba13930-1919-6941-ab58-010000001a00}\r\nProcessId: 22856\r\nImage: C:\\Windows\\System32\\WindowsPowerShell\\v1.0\\powershell.exe\r\nUser: TRAN-LAPPY\\Ai Tran"}, {"timestamp": "2025-12-16 15:32:27", "event_id": 5, "image": "C:\\Windows\\System32\\WindowsPowerShell\\v1.0\\powershell.exe", "commandline": "", "user": "TRAN-LAPPY\\Ai Tran", "target": "", "raw_message": "Process terminated:\r\nRuleName: -\r\nUtcTime: 2025-12-16 08:32:27.476\r\nProcessGuid: {8ba13930-191b-6941-b858-010000001a00}\r\nProcessId: 24312\r\nImage: C:\\Windows\\System32\\WindowsPowerShell\\v1.0\\powershell.exe\r\nUser: TRAN-LAPPY\\Ai Tran"}, {"timestamp": "2025-12-16 15:32:28", "event_id": 5, "image": "C:\\Windows\\System32\\WindowsPowerShell\\v1.0\\powershell.exe", "commandline": "", "user": "TRAN-LAPPY\\Ai Tran", "target": "", "raw_message": "Process terminated:\r\nRuleName: -\r\nUtcTime: 2025-12-16 08:32:28.833\r\nProcessGuid: {8ba13930-191c-6941-b958-010000001a00}\r\nProcessId: 15732\r\nImage: C:\\Windows\\System32\\WindowsPowerShell\\v1.0\\powershell.exe\r\nUser: TRAN-LAPPY\\Ai Tran"}, {"timestamp": "2025-12-16 15:32:30", "event_id": 5, "image": "C:\\Windows\\System32\\WindowsPowerShell\\v1.0\\powershell.exe", "commandline": "", "user": "TRAN-LAPPY\\Ai Tran", "target": "", "raw_message": "Process terminated:\r\nRuleName: -\r\nUtcTime: 2025-12-16 08:32:30.231\r\nProcessGuid: {8ba13930-191d-6941-ba58-010000001a00}\r\nProcessId: 20148\r\nImage: C:\\Windows\\System32\\WindowsPowerShell\\v1.0\\powershell.exe\r\nUser: TRAN-LAPPY\\Ai Tran"}, {"timestamp": "2025-12-16 15:32:31", "event_id": 5, "image": "C:\\Windows\\System32\\WindowsPowerShell\\v1.0\\powershell.exe", "commandline": "", "user": "TRAN-LAPPY\\Ai Tran", "target": "", "raw_message": "Process terminated:\r\nRuleName: -\r\nUtcTime: 2025-12-16 08:32:31.628\r\nProcessGuid: {8ba13930-191f-6941-bb58-010000001a00}\r\nProcessId: 13956\r\nImage: C:\\Windows\\System32\\WindowsPowerShell\\v1.0\\powershell.exe\r\nUser: TRAN-LAPPY\\Ai Tran"}, {"timestamp": "2025-12-16 15:32:33", "event_id": 5, "image": "C:\\Windows\\System32\\WindowsPowerShell\\v1.0\\powershell.exe", "commandline": "", "user": "TRAN-LAPPY\\Ai Tran", "target": "", "raw_message": "Process terminated:\r\nRuleName: -\r\nUtcTime: 2025-12-16 08:32:33.062\r\nProcessGuid: {8ba13930-1920-6941-c858-010000001a00}\r\nProcessId: 11040\r\nImage: C:\\Windows\\System32\\WindowsPowerShell\\v1.0\\powershell.exe\r\nUser: TRAN-LAPPY\\Ai Tran"}, {"timestamp": "2025-12-16 15:32:34", "event_id": 5, "image": "C:\\Windows\\System32\\WindowsPowerShell\\v1.0\\powershell.exe", "commandline": "", "user": "TRAN-LAPPY\\Ai Tran", "target": "", "raw_message": "Process terminated:\r\nRuleName: -\r\nUtcTime: 2025-12-16 08:32:34.700\r\nProcessGuid: {8ba13930-1922-6941-c958-010000001a00}\r\nProcessId: 6420\r\nImage: C:\\Windows\\System32\\WindowsPowerShell\\v1.0\\powershell.exe\r\nUser: TRAN-LAPPY\\Ai Tran"}, {"timestamp": "2025-12-16 15:32:36", "event_id": 5, "image": "C:\\Windows\\System32\\conhost.exe", "commandline": "", "user": "TRAN-LAPPY\\Ai Tran", "target": "", "raw_message": "Process terminated:\r\nRuleName: -\r\nUtcTime: 2025-12-16 08:32:36.731\r\nProcessGuid: {8ba13930-1924-6941-d358-010000001a00}\r\nProcessId: 21540\r\nImage: C:\\Windows\\System32\\conhost.exe\r\nUser: TRAN-LAPPY\\Ai Tran"}, {"timestamp": "2025-12-16 15:32:37", "event_id": 5, "image": "C:\\Windows\\System32\\WindowsPowerShell\\v1.0\\powershell.exe", "commandline": "", "user": "TRAN-LAPPY\\Ai Tran", "target": "", "raw_message": "Process terminated:\r\nRuleName: -\r\nUtcTime: 2025-12-16 08:32:37.485\r\nProcessGuid: {8ba13930-1925-6941-d758-010000001a00}\r\nProcessId: 19872\r\nImage: C:\\Windows\\System32\\WindowsPowerShell\\v1.0\\powershell.exe\r\nUser: TRAN-LAPPY\\Ai Tran"}], "detections": [{"timestamp": "2025-12-16 13:29:52", "technique_id": "T1059.001", "technique_name": "PowerShell Execution", "confidence": 74.4, "patterns": ["-encodedcommand", "-enc", "-noprofile", "-noninteractive"], "source": "C:\\Windows\\System32\\WindowsPowerShell\\v1.0\\powershell.exe", "event_id": 1, "command_line": "\"C:\\Windows\\System32\\WindowsPowerShell\\v1.0\\powershell.exe\" -NoProfile -NonInteractive -EncodedCommand VwByAGkAdABlAC0ASABvAHMAdAAgACcATQBhAGwAaQBjAGkAbwB1AHMAIABwAGEAeQBsAG8AYQBkACAAZQB4AGUAYwB1AHQAZQBkACcAOwAgAEcAZQB0AC0AUAByAG8AYwBlAHMAcwAgAHwAIABXAGgAZQByAGUALQBPAGIAagBlAGMAdAAgAHsAJABfAC4ATgBhAG0AZQAgAC0AZQBxACAAJwBsAHMAYQBzAHMAJwB9ACAAfAAgAFMAZQBsAGUAYwB0AC0ATwBiAGoAZQBjAHQAIABJAGQALABOAGEAbQBlACwAUABhAHQAaAA=", "matched_events": [{"event_id": 1, "timestamp": "2025-12-16 13:29:47", "image": "C:\\Windows\\System32\\WindowsPowerShell\\v1.0\\powershell.exe", "commandline": "\"C:\\Windows\\System32\\WindowsPowerShell\\v1.0\\powershell.exe\" -NoProfile -NonInteractive -EncodedCommand VwByAGkAdABlAC0ASABvAHMAdAAgACcATQBhAGwAaQBjAGkAbwB1AHMAIABwAGEAeQBsAG8AYQBkACAAZQB4AGUAYwB1AHQAZQBkACcAOwAgAEcAZQB0AC0AUAByAG8AYwBlAHMAcwAgAHwAIABXAGgAZQByAGUALQBPAGIAagBlAGMAdAAgAHsAJABfAC4ATgBhAG0AZQAgAC0AZQBxACAAJwBsAHMAYQBzAHMAJwB9ACAAfAAgAFMAZQBsAGUAYwB0AC0ATwBiAGoAZQBjAHQAIABJAGQALABOAGEAbQBlACwAUABhAHQAaAA=", "target_filename": "", "details": "", "user": "TRAN-LAPPY\\Ai Tran", "parent_image": "C:\\Windows\\System32\\WindowsPowerShell\\v1.0\\powershell.exe", "target_image": ""}]}, {"timestamp": "2025-12-16 13:33:37", "technique_id": "T1059.001", "technique_name": "PowerShell Execution", "confidence": 74.4, "patterns": ["-encodedcommand", "-enc", "-noprofile", "-noninteractive"], "source": "C:\\Windows\\System32\\WindowsPowerShell\\v1.0\\powershell.exe", "event_id": 1, "command_line": "\"C:\\Windows\\System32\\WindowsPowerShell\\v1.0\\powershell.exe\" -NoProfile -NonInteractive -EncodedCommand VwByAGkAdABlAC0ASABvAHMAdAAgACcATQBhAGwAaQBjAGkAbwB1AHMAIABwAGEAeQBsAG8AYQBkACAAZQB4AGUAYwB1AHQAZQBkACcAOwAgAEcAZQB0AC0AUAByAG8AYwBlAHMAcwAgAHwAIABXAGgAZQByAGUALQBPAGIAagBlAGMAdAAgAHsAJABfAC4ATgBhAG0AZQAgAC0AZQBxACAAJwBsAHMAYQBzAHMAJwB9ACAAfAAgAFMAZQBsAGUAYwB0AC0ATwBiAGoAZQBjAHQAIABJAGQALABOAGEAbQBlACwAUABhAHQAaAA=", "matched_events": [{"event_id": 1, "timestamp": "2025-12-16 13:33:33", "image": "C:\\Windows\\System32\\WindowsPowerShell\\v1.0\\powershell.exe", "commandline": "\"C:\\Windows\\System32\\WindowsPowerShell\\v1.0\\powershell.exe\" -NoProfile -NonInteractive -EncodedCommand VwByAGkAdABlAC0ASABvAHMAdAAgACcATQBhAGwAaQBjAGkAbwB1AHMAIABwAGEAeQBsAG8AYQBkACAAZQB4AGUAYwB1AHQAZQBkACcAOwAgAEcAZQB0AC0AUAByAG8AYwBlAHMAcwAgAHwAIABXAGgAZQByAGUALQBPAGIAagBlAGMAdAAgAHsAJABfAC4ATgBhAG0AZQAgAC0AZQBxACAAJwBsAHMAYQBzAHMAJwB9ACAAfAAgAFMAZQBsAGUAYwB0AC0ATwBiAGoAZQBjAHQAIABJAGQALABOAGEAbQBlACwAUABhAHQAaAA=", "target_filename": "", "details": "", "user": "TRAN-LAPPY\\Ai Tran", "parent_image": "C:\\Windows\\System32\\WindowsPowerShell\\v1.0\\powershell.exe", "target_image": ""}]}, {"timestamp": "2025-12-16 13:38:36", "technique_id": "T1059.001", "technique_name": "PowerShell Execution", "confidence": 85.6, "patterns": ["-encodedcommand", "-enc", "-noprofile", "bypass", "hidden"], "source": "C:\\Windows\\System32\\WindowsPowerShell\\v1.0\\powershell.exe", "event_id": 1, "command_line": "\"C:\\Windows\\System32\\WindowsPowerShell\\v1.0\\powershell.exe\" -NoProfile -ExecutionPolicy Bypass -WindowStyle Hidden -encodedCommand DQAKACAAIAAgACAAIwAgAFMAaQBtAHUAbABhAHQAZQAgAHIAZQBjAG8AbgBuAGEAaQBzAHMAYQBuAGMAZQANAAoAIAAgACAAIAAkAGUAbgB2ADoAVQBTAEUAUgBOAEEATQBFAA0ACgAgACAAIAAgACQAZQBuAHYAOgBDAE8ATQBQAFUAVABFAFIATgBBAE0ARQANAAoAIAAgACAAIAB3AGgAbwBhAG0AaQANAAoAIAAgACAAIABuAGUAdAAgAHUAcwBlAHIADQAKAA== -inputFormat xml -outputFormat text", "matched_events": [{"event_id": 1, "timestamp": "2025-12-16 13:38:31", "image": "C:\\Windows\\System32\\WindowsPowerShell\\v1.0\\powershell.exe", "commandline": "\"C:\\Windows\\System32\\WindowsPowerShell\\v1.0\\powershell.exe\" -NoProfile -ExecutionPolicy Bypass -WindowStyle Hidden -encodedCommand DQAKACAAIAAgACAAIwAgAFMAaQBtAHUAbABhAHQAZQAgAHIAZQBjAG8AbgBuAGEAaQBzAHMAYQBuAGMAZQANAAoAIAAgACAAIAAkAGUAbgB2ADoAVQBTAEUAUgBOAEEATQBFAA0ACgAgACAAIAAgACQAZQBuAHYAOgBDAE8ATQBQAFUAVABFAFIATgBBAE0ARQANAAoAIAAgACAAIAB3AGgAbwBhAG0AaQANAAoAIAAgACAAIABuAGUAdAAgAHUAcwBlAHIADQAKAA== -inputFormat xml -outputFormat text", "target_filename": "", "details": "", "user": "TRAN-LAPPY\\Ai Tran", "parent_image": "C:\\Windows\\System32\\WindowsPowerShell\\v1.0\\powershell.exe", "target_image": ""}]}, {"timestamp": "2025-12-16 14:09:30", "technique_id": "T1059.001", "technique_name": "PowerShell Execution", "confidence": 66.4, "patterns": ["powershell", "-enc", "-nop", "-w hidden"], "source": "C:\\Windows\\System32\\WindowsPowerShell\\v1.0\\powershell.exe", "event_id": 1, "command_line": "\"C:\\Windows\\System32\\WindowsPowerShell\\v1.0\\powershell.exe\" -NoP -sta -NonI -W Hidden -Enc VwByAGkAdABlAC0ASABvAHMAdAAgACcARABlAG0AbwAgAHAAYQB5AGwAbwBhAGQAJwA=", "matched_events": [{"event_id": 1, "timestamp": "2025-12-16 14:09:30", "image": "C:\\Windows\\System32\\WindowsPowerShell\\v1.0\\powershell.exe", "commandline": "\"C:\\Windows\\System32\\WindowsPowerShell\\v1.0\\powershell.exe\" -NoP -sta -NonI -W Hidden -Enc VwByAGkAdABlAC0ASABvAHMAdAAgACcARABlAG0AbwAgAHAAYQB5AGwAbwBhAGQAJwA=", "target_filename": "", "details": "", "user": "TRAN-LAPPY\\Ai Tran", "parent_image": "C:\\Windows\\System32\\WindowsPowerShell\\v1.0\\powershell.exe", "target_image": ""}]}, {"timestamp": "2025-12-16 14:11:01", "technique_id": "T1059.001", "technique_name": "PowerShell Execution", "confidence": 39.1, "patterns": ["powershell"], "source": "C:\\Windows\\System32\\cscript.exe", "event_id": 1, "command_line": "\"C:\\Windows\\system32\\cscript.exe\" //nologo C:\\Users\\Admin\\AppData\\Local\\Temp\\demo_macro_20251216141100.vbs", "matched_events": [{"event_id": 1, "timestamp": "2025-12-16 14:11:00", "image": "C:\\Windows\\System32\\cscript.exe", "commandline": "\"C:\\Windows\\system32\\cscript.exe\" //nologo C:\\Users\\Admin\\AppData\\Local\\Temp\\demo_macro_20251216141100.vbs", "target_filename": "", "details": "", "user": "TRAN-LAPPY\\Ai Tran", "parent_image": "C:\\Windows\\System32\\WindowsPowerShell\\v1.0\\powershell.exe", "target_image": ""}]}, {"timestamp": "2025-12-16 14:11:01", "technique_id": "T1204.002", "technique_name": "Malicious File Execution", "confidence": 52.2, "patterns": ["cscript", ".vbs"], "source": "C:\\Windows\\System32\\cscript.exe", "event_id": 1, "command_line": "\"C:\\Windows\\system32\\cscript.exe\" //nologo C:\\Users\\Admin\\AppData\\Local\\Temp\\demo_macro_20251216141100.vbs", "matched_events": [{"event_id": 1, "timestamp": "2025-12-16 14:11:00", "image": "C:\\Windows\\System32\\cscript.exe", "commandline": "\"C:\\Windows\\system32\\cscript.exe\" //nologo C:\\Users\\Admin\\AppData\\Local\\Temp\\demo_macro_20251216141100.vbs", "target_filename": "", "details": "", "user": "TRAN-LAPPY\\Ai Tran", "parent_image": "C:\\Windows\\System32\\WindowsPowerShell\\v1.0\\powershell.exe", "target_image": ""}]}, {"timestamp": "2025-12-16 14:11:24", "technique_id": "T1059.001", "technique_name": "PowerShell Execution", "confidence": 39.1, "patterns": ["powershell"], "source": "C:\\Windows\\System32\\cscript.exe", "event_id": 1, "command_line": "\"C:\\Windows\\system32\\cscript.exe\" //nologo C:\\Users\\Admin\\AppData\\Local\\Temp\\demo_macro_20251216141123.vbs", "matched_events": [{"event_id": 1, "timestamp": "2025-12-16 14:11:23", "image": "C:\\Windows\\System32\\cscript.exe", "commandline": "\"C:\\Windows\\system32\\cscript.exe\" //nologo C:\\Users\\Admin\\AppData\\Local\\Temp\\demo_macro_20251216141123.vbs", "target_filename": "", "details": "", "user": "TRAN-LAPPY\\Ai Tran", "parent_image": "C:\\Windows\\System32\\WindowsPowerShell\\v1.0\\powershell.exe", "target_image": ""}]}, {"timestamp": "2025-12-16 14:11:24", "technique_id": "T1204.002", "technique_name": "Malicious File Execution", "confidence": 52.2, "patterns": ["cscript", ".vbs"], "source": "C:\\Windows\\System32\\cscript.exe", "event_id": 1, "command_line": "\"C:\\Windows\\system32\\cscript.exe\" //nologo C:\\Users\\Admin\\AppData\\Local\\Temp\\demo_macro_20251216141123.vbs", "matched_events": [{"event_id": 1, "timestamp": "2025-12-16 14:11:23", "image": "C:\\Windows\\System32\\cscript.exe", "commandline": "\"C:\\Windows\\system32\\cscript.exe\" //nologo C:\\Users\\Admin\\AppData\\Local\\Temp\\demo_macro_20251216141123.vbs", "target_filename": "", "details": "", "user": "TRAN-LAPPY\\Ai Tran", "parent_image": "C:\\Windows\\System32\\WindowsPowerShell\\v1.0\\powershell.exe", "target_image": ""}]}, {"timestamp": "2025-12-16 14:12:08", "technique_id": "T1059.001", "technique_name": "PowerShell Execution", "confidence": 39.1, "patterns": ["powershell"], "source": "C:\\Windows\\System32\\net.exe", "event_id": 1, "command_line": "\"C:\\Windows\\system32\\net.exe\" view /domain", "matched_events": [{"event_id": 1, "timestamp": "2025-12-16 14:12:07", "image": "C:\\Windows\\System32\\net.exe", "commandline": "\"C:\\Windows\\system32\\net.exe\" view /domain", "target_filename": "", "details": "", "user": "TRAN-LAPPY\\Ai Tran", "parent_image": "C:\\Windows\\System32\\WindowsPowerShell\\v1.0\\powershell.exe", "target_image": ""}]}, {"timestamp": "2025-12-16 14:14:56", "technique_id": "T1059.001", "technique_name": "PowerShell Execution", "confidence": 39.1, "patterns": ["powershell"], "source": "C:\\Windows\\System32\\net.exe", "event_id": 1, "command_line": "\"C:\\Windows\\system32\\net.exe\" view /domain", "matched_events": [{"event_id": 1, "timestamp": "2025-12-16 14:14:54", "image": "C:\\Windows\\System32\\net.exe", "commandline": "\"C:\\Windows\\system32\\net.exe\" view /domain", "target_filename": "", "details": "", "user": "TRAN-LAPPY\\Ai Tran", "parent_image": "C:\\Windows\\System32\\WindowsPowerShell\\v1.0\\powershell.exe", "target_image": ""}]}, {"timestamp": "2025-12-16 14:17:57", "technique_id": "T1059.001", "technique_name": "PowerShell Execution", "confidence": 39.1, "patterns": ["bypass"], "source": "C:\\Users\\Admin\\AppData\\Local\\AnthropicClaude\\app-1.0.1768\\claude.exe", "event_id": 1, "command_line": "\"C:\\Users\\Admin\\AppData\\Local\\AnthropicClaude\\app-1.0.1768\\claude.exe\" --type=utility --utility-sub-type=network.mojom.NetworkService --lang=en-US --service-sandbox-type=none --user-data-dir=\"C:\\Users\\Admin\\AppData\\Roaming\\Claude\" --secure-schemes=sentry-ipc --bypasscsp-schemes=sentry-ipc --cors-schemes=sentry-ipc --fetch-schemes=sentry-ipc --field-trial-handle=1752,i,13415076950276605161,7112598824666143203,262144 --enable-features=DocumentPolicyIncludeJSCallStacksInCrashReports,EnableTransparentHwndEnlargement,PdfUseShowSaveFilePicker --disable-features=ScreenAIOCREnabled,SpareRendererForSitePerProcess,WinDelaySpellcheckServiceInit --variations-seed-version --mojo-platform-channel-handle=1804 /prefetch:11", "matched_events": [{"event_id": 1, "timestamp": "2025-12-16 14:17:54", "image": "C:\\Users\\Admin\\AppData\\Local\\AnthropicClaude\\app-1.0.1768\\claude.exe", "commandline": "\"C:\\Users\\Admin\\AppData\\Local\\AnthropicClaude\\app-1.0.1768\\claude.exe\" --type=utility --utility-sub-type=network.mojom.NetworkService --lang=en-US --service-sandbox-type=none --user-data-dir=\"C:\\Users\\Admin\\AppData\\Roaming\\Claude\" --secure-schemes=sentry-ipc --bypasscsp-schemes=sentry-ipc --cors-schemes=sentry-ipc --fetch-schemes=sentry-ipc --field-trial-handle=1752,i,13415076950276605161,7112598824666143203,262144 --enable-features=DocumentPolicyIncludeJSCallStacksInCrashReports,EnableTransparentHwndEnlargement,PdfUseShowSaveFilePicker --disable-features=ScreenAIOCREnabled,SpareRendererForSitePerProcess,WinDelaySpellcheckServiceInit --variations-seed-version --mojo-platform-channel-handle=1804 /prefetch:11", "target_filename": "", "details": "", "user": "TRAN-LAPPY\\Ai Tran", "parent_image": "C:\\Users\\Admin\\AppData\\Local\\AnthropicClaude\\app-1.0.1768\\claude.exe", "target_image": ""}]}, {"timestamp": "2025-12-16 14:21:15", "technique_id": "T1204.002", "technique_name": "Malicious File Execution", "confidence": 41.1, "patterns": [".js"], "source": "C:\\Users\\Admin\\AppData\\Local\\Programs\\Microsoft VS Code\\Code.exe", "event_id": 1, "command_line": "\"C:\\Users\\Admin\\AppData\\Local\\Programs\\Microsoft VS Code\\Code.exe\" \"c:\\Users\\Admin\\AppData\\Local\\Programs\\Microsoft VS Code\\resources\\app\\extensions\\git\\dist\\askpass-main.js\" Username for 'https://github.com':", "matched_events": [{"event_id": 1, "timestamp": "2025-12-16 14:21:12", "image": "C:\\Users\\Admin\\AppData\\Local\\Programs\\Microsoft VS Code\\Code.exe", "commandline": "\"C:\\Users\\Admin\\AppData\\Local\\Programs\\Microsoft VS Code\\Code.exe\" \"c:\\Users\\Admin\\AppData\\Local\\Programs\\Microsoft VS Code\\resources\\app\\extensions\\git\\dist\\askpass-main.js\" Username for 'https://github.com':", "target_filename": "", "details": "", "user": "TRAN-LAPPY\\Ai Tran", "parent_image": "C:\\Program Files\\Git\\usr\\bin\\sh.exe", "target_image": ""}]}, {"timestamp": "2025-12-16 14:21:29", "technique_id": "T1547.001", "technique_name": "Registry Run Keys Persistence", "confidence": 55.0, "patterns": ["startup"], "source": "C:\\Program Files (x86)\\Microsoft\\Edge\\Application\\msedge.exe", "event_id": 1, "command_line": "\"C:\\Program Files (x86)\\Microsoft\\Edge\\Application\\msedge.exe\" --type=renderer --instant-process --pdf-upsell-enabled --dma-cps-flags=2048 --no-pre-read-main-dll --video-capture-use-gpu-memory-buffer --lang=en-US --js-flags --device-scale-factor=1.25 --num-raster-threads=4 --enable-main-frame-before-activation --renderer-client-id=115 --time-ticks-at-unix-epoch=-1765292561928459 --launch-time-ticks=577125760639 --skip-read-main-dll --metrics-shmem-handle=8692,i,5508090133562748021,11316777626845456209,2097152 --field-trial-handle=2348,i,3026412812974680021,9572377275827512412,262144 --variations-seed-version --trace-process-track-uuid=3190709094071684129 --mojo-platform-channel-handle=6368 /prefetch:1", "matched_events": [{"event_id": 1, "timestamp": "2025-12-16 14:21:27", "image": "C:\\Program Files (x86)\\Microsoft\\Edge\\Application\\msedge.exe", "commandline": "\"C:\\Program Files (x86)\\Microsoft\\Edge\\Application\\msedge.exe\" --type=renderer --instant-process --pdf-upsell-enabled --dma-cps-flags=2048 --no-pre-read-main-dll --video-capture-use-gpu-memory-buffer --lang=en-US --js-flags --device-scale-factor=1.25 --num-raster-threads=4 --enable-main-frame-before-activation --renderer-client-id=115 --time-ticks-at-unix-epoch=-1765292561928459 --launch-time-ticks=577125760639 --skip-read-main-dll --metrics-shmem-handle=8692,i,5508090133562748021,11316777626845456209,2097152 --field-trial-handle=2348,i,3026412812974680021,9572377275827512412,262144 --variations-seed-version --trace-process-track-uuid=3190709094071684129 --mojo-platform-channel-handle=6368 /prefetch:1", "target_filename": "", "details": "", "user": "TRAN-LAPPY\\Ai Tran", "parent_image": "C:\\Program Files (x86)\\Microsoft\\Edge\\Application\\msedge.exe", "target_image": ""}]}, {"timestamp": "2025-12-16 14:21:31", "technique_id": "T1547.001", "technique_name": "Registry Run Keys Persistence", "confidence": 55.0, "patterns": ["startup"], "source": "C:\\Program Files (x86)\\Microsoft\\Edge\\Application\\msedge.exe", "event_id": 1, "command_line": "\"C:\\Program Files (x86)\\Microsoft\\Edge\\Application\\msedge.exe\" --type=renderer --pdf-upsell-enabled --dma-cps-flags=2048 --no-pre-read-main-dll --video-capture-use-gpu-memory-buffer --lang=en-US --js-flags --device-scale-factor=1.25 --num-raster-threads=4 --enable-main-frame-before-activation --renderer-client-id=117 --time-ticks-at-unix-epoch=-1765292561928459 --launch-time-ticks=577127478487 --skip-read-main-dll --metrics-shmem-handle=6064,i,1800377329632263912,13257095093987105404,2097152 --field-trial-handle=2348,i,3026412812974680021,9572377275827512412,262144 --variations-seed-version --trace-process-track-uuid=3190709095945767827 --mojo-platform-channel-handle=9148 /prefetch:1", "matched_events": [{"event_id": 1, "timestamp": "2025-12-16 14:21:29", "image": "C:\\Program Files (x86)\\Microsoft\\Edge\\Application\\msedge.exe", "commandline": "\"C:\\Program Files (x86)\\Microsoft\\Edge\\Application\\msedge.exe\" --type=renderer --pdf-upsell-enabled --dma-cps-flags=2048 --no-pre-read-main-dll --video-capture-use-gpu-memory-buffer --lang=en-US --js-flags --device-scale-factor=1.25 --num-raster-threads=4 --enable-main-frame-before-activation --renderer-client-id=117 --time-ticks-at-unix-epoch=-1765292561928459 --launch-time-ticks=577127478487 --skip-read-main-dll --metrics-shmem-handle=6064,i,1800377329632263912,13257095093987105404,2097152 --field-trial-handle=2348,i,3026412812974680021,9572377275827512412,262144 --variations-seed-version --trace-process-track-uuid=3190709095945767827 --mojo-platform-channel-handle=9148 /prefetch:1", "target_filename": "", "details": "", "user": "TRAN-LAPPY\\Ai Tran", "parent_image": "C:\\Program Files (x86)\\Microsoft\\Edge\\Application\\msedge.exe", "target_image": ""}]}, {"timestamp": "2025-12-16 14:21:38", "technique_id": "T1547.001", "technique_name": "Registry Run Keys Persistence", "confidence": 55.0, "patterns": ["startup"], "source": "C:\\Program Files (x86)\\Microsoft\\Edge\\Application\\msedge.exe", "event_id": 1, "command_line": "\"C:\\Program Files (x86)\\Microsoft\\Edge\\Application\\msedge.exe\" --type=utility --utility-sub-type=edge_xpay_wallet.mojom.EdgeXPayWalletService --lang=en-US --service-sandbox-type=utility --video-capture-use-gpu-memory-buffer --no-pre-read-main-dll --skip-read-main-dll --metrics-shmem-handle=11904,i,3877703594300904886,2293105116342363043,524288 --field-trial-handle=2348,i,3026412812974680021,9572377275827512412,262144 --variations-seed-version --trace-process-track-uuid=3190709096882809676 --mojo-platform-channel-handle=7564 /prefetch:14", "matched_events": [{"event_id": 1, "timestamp": "2025-12-16 14:21:36", "image": "C:\\Program Files (x86)\\Microsoft\\Edge\\Application\\msedge.exe", "commandline": "\"C:\\Program Files (x86)\\Microsoft\\Edge\\Application\\msedge.exe\" --type=utility --utility-sub-type=edge_xpay_wallet.mojom.EdgeXPayWalletService --lang=en-US --service-sandbox-type=utility --video-capture-use-gpu-memory-buffer --no-pre-read-main-dll --skip-read-main-dll --metrics-shmem-handle=11904,i,3877703594300904886,2293105116342363043,524288 --field-trial-handle=2348,i,3026412812974680021,9572377275827512412,262144 --variations-seed-version --trace-process-track-uuid=3190709096882809676 --mojo-platform-channel-handle=7564 /prefetch:14", "target_filename": "", "details": "", "user": "TRAN-LAPPY\\Ai Tran", "parent_image": "C:\\Program Files (x86)\\Microsoft\\Edge\\Application\\msedge.exe", "target_image": ""}]}, {"timestamp": "2025-12-16 14:30:35", "technique_id": "T1003.001", "technique_name": "LSASS Memory Dump", "confidence": 58.6, "patterns": ["lsass", "procdump"], "source": "C:\\Windows\\System32\\conhost.exe", "event_id": 1, "command_line": "\\??\\C:\\Windows\\system32\\conhost.exe 0xffffffff -ForceV1", "matched_events": [{"event_id": 1, "timestamp": "2025-12-16 14:30:33", "image": "C:\\Windows\\System32\\conhost.exe", "commandline": "\\??\\C:\\Windows\\system32\\conhost.exe 0xffffffff -ForceV1", "target_filename": "", "details": "", "user": "TRAN-LAPPY\\Ai Tran", "parent_image": "C:\\Windows\\System32\\WindowsPowerShell\\v1.0\\powershell.exe", "target_image": ""}]}, {"timestamp": "2025-12-16 14:30:35", "technique_id": "T1059.001", "technique_name": "PowerShell Execution", "confidence": 39.1, "patterns": ["powershell"], "source": "C:\\Windows\\System32\\conhost.exe", "event_id": 1, "command_line": "\\??\\C:\\Windows\\system32\\conhost.exe 0xffffffff -ForceV1", "matched_events": [{"event_id": 1, "timestamp": "2025-12-16 14:30:33", "image": "C:\\Windows\\System32\\conhost.exe", "commandline": "\\??\\C:\\Windows\\system32\\conhost.exe 0xffffffff -ForceV1", "target_filename": "", "details": "", "user": "TRAN-LAPPY\\Ai Tran", "parent_image": "C:\\Windows\\System32\\WindowsPowerShell\\v1.0\\powershell.exe", "target_image": ""}]}, {"timestamp": "2025-12-16 14:33:12", "technique_id": "T1003.001", "technique_name": "LSASS Memory Dump", "confidence": 58.6, "patterns": ["lsass", "procdump"], "source": "C:\\Windows\\System32\\conhost.exe", "event_id": 1, "command_line": "\\??\\C:\\Windows\\system32\\conhost.exe 0xffffffff -ForceV1", "matched_events": [{"event_id": 1, "timestamp": "2025-12-16 14:33:11", "image": "C:\\Windows\\System32\\conhost.exe", "commandline": "\\??\\C:\\Windows\\system32\\conhost.exe 0xffffffff -ForceV1", "target_filename": "", "details": "", "user": "TRAN-LAPPY\\Ai Tran", "parent_image": "C:\\Windows\\System32\\WindowsPowerShell\\v1.0\\powershell.exe", "target_image": ""}]}, {"timestamp": "2025-12-16 14:33:12", "technique_id": "T1059.001", "technique_name": "PowerShell Execution", "confidence": 39.1, "patterns": ["powershell"], "source": "C:\\Windows\\System32\\conhost.exe", "event_id": 1, "command_line": "\\??\\C:\\Windows\\system32\\conhost.exe 0xffffffff -ForceV1", "matched_events": [{"event_id": 1, "timestamp": "2025-12-16 14:33:11", "image": "C:\\Windows\\System32\\conhost.exe", "commandline": "\\??\\C:\\Windows\\system32\\conhost.exe 0xffffffff -ForceV1", "target_filename": "", "details": "", "user": "TRAN-LAPPY\\Ai Tran", "parent_image": "C:\\Windows\\System32\\WindowsPowerShell\\v1.0\\powershell.exe", "target_image": ""}]}, {"timestamp": "2025-12-16 14:34:46", "technique_id": "T1059.001", "technique_name": "PowerShell Execution", "confidence": 66.4, "patterns": ["powershell", "-encodedcommand", "-enc", "-nop"], "source": "C:\\Windows\\System32\\WindowsPowerShell\\v1.0\\powershell.exe", "event_id": 1, "command_line": "\"C:\\Windows\\System32\\WindowsPowerShell\\v1.0\\powershell.exe\" -NoProfile -NonInteractive -EncodedCommand VwByAGkAdABlAC0ASABvAHMAdAAgACcATQBhAGwAaQBjAGkAbwB1AHMAIABwAGEAeQBsAG8AYQBkACAAZQB4AGUAYwB1AHQAZQBkACcAOwAgAEcAZQB0AC0AUAByAG8AYwBlAHMAcwAgAHwAIABXAGgAZQByAGUALQBPAGIAagBlAGMAdAAgAHsAJABfAC4ATgBhAG0AZQAgAC0AZQBxACAAJwBsAHMAYQBzAHMAJwB9ACAAfAAgAFMAZQBsAGUAYwB0AC0ATwBiAGoAZQBjAHQAIABJAGQALABOAGEAbQBlACwAUABhAHQAaAA=", "matched_events": [{"event_id": 1, "timestamp": "2025-12-16 14:34:45", "image": "C:\\Windows\\System32\\WindowsPowerShell\\v1.0\\powershell.exe", "commandline": "\"C:\\Windows\\System32\\WindowsPowerShell\\v1.0\\powershell.exe\" -NoProfile -NonInteractive -EncodedCommand VwByAGkAdABlAC0ASABvAHMAdAAgACcATQBhAGwAaQBjAGkAbwB1AHMAIABwAGEAeQBsAG8AYQBkACAAZQB4AGUAYwB1AHQAZQBkACcAOwAgAEcAZQB0AC0AUAByAG8AYwBlAHMAcwAgAHwAIABXAGgAZQByAGUALQBPAGIAagBlAGMAdAAgAHsAJABfAC4ATgBhAG0AZQAgAC0AZQBxACAAJwBsAHMAYQBzAHMAJwB9ACAAfAAgAFMAZQBsAGUAYwB0AC0ATwBiAGoAZQBjAHQAIABJAGQALABOAGEAbQBlACwAUABhAHQAaAA=", "target_filename": "", "details": "", "user": "TRAN-LAPPY\\Ai Tran", "parent_image": "C:\\Windows\\System32\\WindowsPowerShell\\v1.0\\powershell.exe", "target_image": ""}]}, {"timestamp": "2025-12-16 14:34:48", "technique_id": "T1059.001", "technique_name": "PowerShell Execution", "confidence": 75.5, "patterns": ["powershell", "-encodedcommand", "-enc", "bypass", "-nop"], "source": "C:\\Windows\\System32\\WindowsPowerShell\\v1.0\\powershell.exe", "event_id": 1, "command_line": "\"C:\\Windows\\System32\\WindowsPowerShell\\v1.0\\powershell.exe\" -NoProfile -ExecutionPolicy Bypass -WindowStyle Hidden -encodedCommand DQAKACAAIAAgACAAIwAgAFMAaQBtAHUAbABhAHQAZQAgAHIAZQBjAG8AbgBuAGEAaQBzAHMAYQBuAGMAZQANAAoAIAAgACAAIAAkAGUAbgB2ADoAVQBTAEUAUgBOAEEATQBFAA0ACgAgACAAIAAgACQAZQBuAHYAOgBDAE8ATQBQAFUAVABFAFIATgBBAE0ARQANAAoAIAAgACAAIAB3AGgAbwBhAG0AaQANAAoAIAAgACAAIABuAGUAdAAgAHUAcwBlAHIADQAKAA== -inputFormat xml -outputFormat text", "matched_events": [{"event_id": 1, "timestamp": "2025-12-16 14:34:47", "image": "C:\\Windows\\System32\\WindowsPowerShell\\v1.0\\powershell.exe", "commandline": "\"C:\\Windows\\System32\\WindowsPowerShell\\v1.0\\powershell.exe\" -NoProfile -ExecutionPolicy Bypass -WindowStyle Hidden -encodedCommand DQAKACAAIAAgACAAIwAgAFMAaQBtAHUAbABhAHQAZQAgAHIAZQBjAG8AbgBuAGEAaQBzAHMAYQBuAGMAZQANAAoAIAAgACAAIAAkAGUAbgB2ADoAVQBTAEUAUgBOAEEATQBFAA0ACgAgACAAIAAgACQAZQBuAHYAOgBDAE8ATQBQAFUAVABFAFIATgBBAE0ARQANAAoAIAAgACAAIAB3AGgAbwBhAG0AaQANAAoAIAAgACAAIABuAGUAdAAgAHUAcwBlAHIADQAKAA== -inputFormat xml -outputFormat text", "target_filename": "", "details": "", "user": "TRAN-LAPPY\\Ai Tran", "parent_image": "C:\\Windows\\System32\\WindowsPowerShell\\v1.0\\powershell.exe", "target_image": ""}]}, {"timestamp": "2025-12-16 14:40:27", "technique_id": "T1204.002", "technique_name": "Malicious File Execution", "confidence": 41.1, "patterns": ["cmd.exe /c"], "source": "C:\\Windows\\System32\\conhost.exe", "event_id": 1, "command_line": "\\??\\C:\\Windows\\system32\\conhost.exe 0xffffffff -ForceV1", "matched_events": [{"event_id": 1, "timestamp": "2025-12-16 14:40:27", "image": "C:\\Windows\\System32\\conhost.exe", "commandline": "\\??\\C:\\Windows\\system32\\conhost.exe 0xffffffff -ForceV1", "target_filename": "", "details": "", "user": "TRAN-LAPPY\\Ai Tran", "parent_image": "C:\\Windows\\System32\\cmd.exe", "target_image": ""}]}, {"timestamp": "2025-12-16 14:42:01", "technique_id": "T1059.001", "technique_name": "PowerShell Execution", "confidence": 57.3, "patterns": ["powershell", "bypass", "-nop"], "source": "C:\\Windows\\System32\\WindowsPowerShell\\v1.0\\powershell.exe", "event_id": 1, "command_line": "\"C:\\Windows\\System32\\WindowsPowerShell\\v1.0\\powershell.exe\" -NoProfile -ExecutionPolicy Bypass -Command \"Set-Location -LiteralPath 'D:\\nckh\\auditlog\\demo_system\\attacks'; .\\test_individual.ps1 -TechniqueID T1218.005\"", "matched_events": [{"event_id": 1, "timestamp": "2025-12-16 14:42:00", "image": "C:\\Windows\\System32\\WindowsPowerShell\\v1.0\\powershell.exe", "commandline": "\"C:\\Windows\\System32\\WindowsPowerShell\\v1.0\\powershell.exe\" -NoProfile -ExecutionPolicy Bypass -Command \"Set-Location -LiteralPath 'D:\\nckh\\auditlog\\demo_system\\attacks'; .\\test_individual.ps1 -TechniqueID T1218.005\"", "target_filename": "", "details": "", "user": "TRAN-LAPPY\\Ai Tran", "parent_image": "C:\\Windows\\System32\\WindowsPowerShell\\v1.0\\powershell.exe", "target_image": ""}]}, {"timestamp": "2025-12-16 14:42:31", "technique_id": "T1059.001", "technique_name": "PowerShell Execution", "confidence": 57.3, "patterns": ["powershell", "bypass", "-nop"], "source": "C:\\Windows\\System32\\net.exe", "event_id": 1, "command_line": "\"C:\\Windows\\system32\\net.exe\" view /domain", "matched_events": [{"event_id": 1, "timestamp": "2025-12-16 14:42:30", "image": "C:\\Windows\\System32\\net.exe", "commandline": "\"C:\\Windows\\system32\\net.exe\" view /domain", "target_filename": "", "details": "", "user": "TRAN-LAPPY\\Ai Tran", "parent_image": "C:\\Windows\\System32\\WindowsPowerShell\\v1.0\\powershell.exe", "target_image": ""}]}, {"timestamp": "2025-12-16 14:43:47", "technique_id": "T1059.001", "technique_name": "PowerShell Execution", "confidence": 57.3, "patterns": ["powershell", "bypass", "-nop"], "source": "C:\\Windows\\System32\\WindowsPowerShell\\v1.0\\powershell.exe", "event_id": 1, "command_line": "\"C:\\Windows\\System32\\WindowsPowerShell\\v1.0\\powershell.exe\" -NoProfile -ExecutionPolicy Bypass -Command \"Set-Location -LiteralPath 'D:\\nckh\\auditlog\\demo_system\\attacks'; .\\test_individual.ps1 -TechniqueID T1112\"", "matched_events": [{"event_id": 1, "timestamp": "2025-12-16 14:43:45", "image": "C:\\Windows\\System32\\WindowsPowerShell\\v1.0\\powershell.exe", "commandline": "\"C:\\Windows\\System32\\WindowsPowerShell\\v1.0\\powershell.exe\" -NoProfile -ExecutionPolicy Bypass -Command \"Set-Location -LiteralPath 'D:\\nckh\\auditlog\\demo_system\\attacks'; .\\test_individual.ps1 -TechniqueID T1112\"", "target_filename": "", "details": "", "user": "TRAN-LAPPY\\Ai Tran", "parent_image": "C:\\Windows\\System32\\WindowsPowerShell\\v1.0\\powershell.exe", "target_image": ""}]}, {"timestamp": "2025-12-16 14:43:53", "technique_id": "T1547.001", "technique_name": "Registry Run Keys Persistence", "confidence": 55.0, "patterns": ["startup"], "source": "C:\\Program Files (x86)\\Microsoft\\Edge\\Application\\msedge.exe", "event_id": 1, "command_line": "\"C:\\Program Files (x86)\\Microsoft\\Edge\\Application\\msedge.exe\" --type=renderer --pdf-upsell-enabled --dma-cps-flags=2048 --no-pre-read-main-dll --video-capture-use-gpu-memory-buffer --lang=en-US --js-flags --device-scale-factor=1.25 --num-raster-threads=4 --enable-main-frame-before-activation --renderer-client-id=133 --time-ticks-at-unix-epoch=-1765292561928459 --launch-time-ticks=578469907397 --skip-read-main-dll --metrics-shmem-handle=12168,i,903110379111285059,11128031091131687623,2097152 --field-trial-handle=2348,i,3026412812974680021,9572377275827512412,262144 --variations-seed-version --trace-process-track-uuid=3190709110938437411 --mojo-platform-channel-handle=9328 /prefetch:1", "matched_events": [{"event_id": 1, "timestamp": "2025-12-16 14:43:51", "image": "C:\\Program Files (x86)\\Microsoft\\Edge\\Application\\msedge.exe", "commandline": "\"C:\\Program Files (x86)\\Microsoft\\Edge\\Application\\msedge.exe\" --type=renderer --pdf-upsell-enabled --dma-cps-flags=2048 --no-pre-read-main-dll --video-capture-use-gpu-memory-buffer --lang=en-US --js-flags --device-scale-factor=1.25 --num-raster-threads=4 --enable-main-frame-before-activation --renderer-client-id=133 --time-ticks-at-unix-epoch=-1765292561928459 --launch-time-ticks=578469907397 --skip-read-main-dll --metrics-shmem-handle=12168,i,903110379111285059,11128031091131687623,2097152 --field-trial-handle=2348,i,3026412812974680021,9572377275827512412,262144 --variations-seed-version --trace-process-track-uuid=3190709110938437411 --mojo-platform-channel-handle=9328 /prefetch:1", "target_filename": "", "details": "", "user": "TRAN-LAPPY\\Ai Tran", "parent_image": "C:\\Program Files (x86)\\Microsoft\\Edge\\Application\\msedge.exe", "target_image": ""}]}, {"timestamp": "2025-12-16 14:43:54", "technique_id": "T1547.001", "technique_name": "Registry Run Keys Persistence", "confidence": 55.0, "patterns": ["startup"], "source": "C:\\Program Files (x86)\\Microsoft\\Edge\\Application\\msedge.exe", "event_id": 1, "command_line": "\"C:\\Program Files (x86)\\Microsoft\\Edge\\Application\\msedge.exe\" --type=renderer --pdf-upsell-enabled --dma-cps-flags=2048 --no-pre-read-main-dll --video-capture-use-gpu-memory-buffer --lang=en-US --js-flags --device-scale-factor=1.25 --num-raster-threads=4 --enable-main-frame-before-activation --renderer-client-id=135 --time-ticks-at-unix-epoch=-1765292561928459 --launch-time-ticks=578471430240 --skip-read-main-dll --metrics-shmem-handle=9104,i,12249785299374407464,11243843150581651348,2097152 --field-trial-handle=2348,i,3026412812974680021,9572377275827512412,262144 --variations-seed-version --trace-process-track-uuid=3190709112812521109 --mojo-platform-channel-handle=11432 /prefetch:1", "matched_events": [{"event_id": 1, "timestamp": "2025-12-16 14:43:53", "image": "C:\\Program Files (x86)\\Microsoft\\Edge\\Application\\msedge.exe", "commandline": "\"C:\\Program Files (x86)\\Microsoft\\Edge\\Application\\msedge.exe\" --type=renderer --pdf-upsell-enabled --dma-cps-flags=2048 --no-pre-read-main-dll --video-capture-use-gpu-memory-buffer --lang=en-US --js-flags --device-scale-factor=1.25 --num-raster-threads=4 --enable-main-frame-before-activation --renderer-client-id=135 --time-ticks-at-unix-epoch=-1765292561928459 --launch-time-ticks=578471430240 --skip-read-main-dll --metrics-shmem-handle=9104,i,12249785299374407464,11243843150581651348,2097152 --field-trial-handle=2348,i,3026412812974680021,9572377275827512412,262144 --variations-seed-version --trace-process-track-uuid=3190709112812521109 --mojo-platform-channel-handle=11432 /prefetch:1", "target_filename": "", "details": "", "user": "TRAN-LAPPY\\Ai Tran", "parent_image": "C:\\Program Files (x86)\\Microsoft\\Edge\\Application\\msedge.exe", "target_image": ""}]}, {"timestamp": "2025-12-16 14:44:00", "technique_id": "T1547.001", "technique_name": "Registry Run Keys Persistence", "confidence": 55.0, "patterns": ["startup"], "source": "C:\\Program Files (x86)\\Microsoft\\Edge\\Application\\msedge.exe", "event_id": 1, "command_line": "\"C:\\Program Files (x86)\\Microsoft\\Edge\\Application\\msedge.exe\" --type=renderer --pdf-upsell-enabled --dma-cps-flags=2048 --no-pre-read-main-dll --video-capture-use-gpu-memory-buffer --lang=en-US --js-flags --device-scale-factor=1.25 --num-raster-threads=4 --enable-main-frame-before-activation --renderer-client-id=137 --time-ticks-at-unix-epoch=-1765292561928459 --launch-time-ticks=578476027847 --skip-read-main-dll --metrics-shmem-handle=7752,i,6957595142088264081,6493104503472406512,2097152 --field-trial-handle=2348,i,3026412812974680021,9572377275827512412,262144 --variations-seed-version --trace-process-track-uuid=3190709114686604807 --mojo-platform-channel-handle=6384 /prefetch:1", "matched_events": [{"event_id": 1, "timestamp": "2025-12-16 14:43:57", "image": "C:\\Program Files (x86)\\Microsoft\\Edge\\Application\\msedge.exe", "commandline": "\"C:\\Program Files (x86)\\Microsoft\\Edge\\Application\\msedge.exe\" --type=renderer --pdf-upsell-enabled --dma-cps-flags=2048 --no-pre-read-main-dll --video-capture-use-gpu-memory-buffer --lang=en-US --js-flags --device-scale-factor=1.25 --num-raster-threads=4 --enable-main-frame-before-activation --renderer-client-id=137 --time-ticks-at-unix-epoch=-1765292561928459 --launch-time-ticks=578476027847 --skip-read-main-dll --metrics-shmem-handle=7752,i,6957595142088264081,6493104503472406512,2097152 --field-trial-handle=2348,i,3026412812974680021,9572377275827512412,262144 --variations-seed-version --trace-process-track-uuid=3190709114686604807 --mojo-platform-channel-handle=6384 /prefetch:1", "target_filename": "", "details": "", "user": "TRAN-LAPPY\\Ai Tran", "parent_image": "C:\\Program Files (x86)\\Microsoft\\Edge\\Application\\msedge.exe", "target_image": ""}]}, {"timestamp": "2025-12-16 14:44:03", "technique_id": "T1547.001", "technique_name": "Registry Run Keys Persistence", "confidence": 55.0, "patterns": ["startup"], "source": "C:\\Program Files (x86)\\Microsoft\\Edge\\Application\\msedge.exe", "event_id": 1, "command_line": "\"C:\\Program Files (x86)\\Microsoft\\Edge\\Application\\msedge.exe\" --type=renderer --pdf-upsell-enabled --dma-cps-flags=2048 --no-pre-read-main-dll --video-capture-use-gpu-memory-buffer --lang=en-US --js-flags --device-scale-factor=1.25 --num-raster-threads=4 --enable-main-frame-before-activation --renderer-client-id=143 --time-ticks-at-unix-epoch=-1765292561928459 --launch-time-ticks=578480021009 --skip-read-main-dll --metrics-shmem-handle=7172,i,17981981092434294508,1003242158831924762,2097152 --field-trial-handle=2348,i,3026412812974680021,9572377275827512412,262144 --variations-seed-version --trace-process-track-uuid=3190709120308855901 --mojo-platform-channel-handle=5424 /prefetch:1", "matched_events": [{"event_id": 1, "timestamp": "2025-12-16 14:44:01", "image": "C:\\Program Files (x86)\\Microsoft\\Edge\\Application\\msedge.exe", "commandline": "\"C:\\Program Files (x86)\\Microsoft\\Edge\\Application\\msedge.exe\" --type=renderer --pdf-upsell-enabled --dma-cps-flags=2048 --no-pre-read-main-dll --video-capture-use-gpu-memory-buffer --lang=en-US --js-flags --device-scale-factor=1.25 --num-raster-threads=4 --enable-main-frame-before-activation --renderer-client-id=143 --time-ticks-at-unix-epoch=-1765292561928459 --launch-time-ticks=578480021009 --skip-read-main-dll --metrics-shmem-handle=7172,i,17981981092434294508,1003242158831924762,2097152 --field-trial-handle=2348,i,3026412812974680021,9572377275827512412,262144 --variations-seed-version --trace-process-track-uuid=3190709120308855901 --mojo-platform-channel-handle=5424 /prefetch:1", "target_filename": "", "details": "", "user": "TRAN-LAPPY\\Ai Tran", "parent_image": "C:\\Program Files (x86)\\Microsoft\\Edge\\Application\\msedge.exe", "target_image": ""}]}, {"timestamp": "2025-12-16 14:44:07", "technique_id": "T1547.001", "technique_name": "Registry Run Keys Persistence", "confidence": 55.0, "patterns": ["startup"], "source": "C:\\Program Files (x86)\\Microsoft\\Edge\\Application\\msedge.exe", "event_id": 1, "command_line": "\"C:\\Program Files (x86)\\Microsoft\\Edge\\Application\\msedge.exe\" --type=renderer --pdf-upsell-enabled --dma-cps-flags=2048 --no-pre-read-main-dll --video-capture-use-gpu-memory-buffer --lang=en-US --js-flags --device-scale-factor=1.25 --num-raster-threads=4 --enable-main-frame-before-activation --renderer-client-id=145 --time-ticks-at-unix-epoch=-1765292561928459 --launch-time-ticks=578483675739 --skip-read-main-dll --metrics-shmem-handle=8440,i,838647885376274554,15693608316046904669,2097152 --field-trial-handle=2348,i,3026412812974680021,9572377275827512412,262144 --variations-seed-version --trace-process-track-uuid=3190709122182939599 --mojo-platform-channel-handle=8280 /prefetch:1", "matched_events": [{"event_id": 1, "timestamp": "2025-12-16 14:44:05", "image": "C:\\Program Files (x86)\\Microsoft\\Edge\\Application\\msedge.exe", "commandline": "\"C:\\Program Files (x86)\\Microsoft\\Edge\\Application\\msedge.exe\" --type=renderer --pdf-upsell-enabled --dma-cps-flags=2048 --no-pre-read-main-dll --video-capture-use-gpu-memory-buffer --lang=en-US --js-flags --device-scale-factor=1.25 --num-raster-threads=4 --enable-main-frame-before-activation --renderer-client-id=145 --time-ticks-at-unix-epoch=-1765292561928459 --launch-time-ticks=578483675739 --skip-read-main-dll --metrics-shmem-handle=8440,i,838647885376274554,15693608316046904669,2097152 --field-trial-handle=2348,i,3026412812974680021,9572377275827512412,262144 --variations-seed-version --trace-process-track-uuid=3190709122182939599 --mojo-platform-channel-handle=8280 /prefetch:1", "target_filename": "", "details": "", "user": "TRAN-LAPPY\\Ai Tran", "parent_image": "C:\\Program Files (x86)\\Microsoft\\Edge\\Application\\msedge.exe", "target_image": ""}]}, {"timestamp": "2025-12-16 14:45:20", "technique_id": "T1059.001", "technique_name": "PowerShell Execution", "confidence": 57.3, "patterns": ["powershell", "bypass", "-nop"], "source": "C:\\Windows\\System32\\WindowsPowerShell\\v1.0\\powershell.exe", "event_id": 1, "command_line": "\"C:\\Windows\\System32\\WindowsPowerShell\\v1.0\\powershell.exe\" -NoProfile -ExecutionPolicy Bypass -Command \"Set-Location -LiteralPath 'D:\\nckh\\auditlog\\demo_system\\attacks'; .\\test_individual.ps1 -TechniqueID T1548.002\"", "matched_events": [{"event_id": 1, "timestamp": "2025-12-16 14:45:19", "image": "C:\\Windows\\System32\\WindowsPowerShell\\v1.0\\powershell.exe", "commandline": "\"C:\\Windows\\System32\\WindowsPowerShell\\v1.0\\powershell.exe\" -NoProfile -ExecutionPolicy Bypass -Command \"Set-Location -LiteralPath 'D:\\nckh\\auditlog\\demo_system\\attacks'; .\\test_individual.ps1 -TechniqueID T1548.002\"", "target_filename": "", "details": "", "user": "TRAN-LAPPY\\Ai Tran", "parent_image": "C:\\Windows\\System32\\WindowsPowerShell\\v1.0\\powershell.exe", "target_image": ""}]}, {"timestamp": "2025-12-16 14:56:45", "technique_id": "T1547.001", "technique_name": "Registry Run Keys Persistence", "confidence": 55.0, "patterns": ["startup"], "source": "C:\\Program Files (x86)\\Microsoft\\Edge\\Application\\msedge.exe", "event_id": 1, "command_line": "\"C:\\Program Files (x86)\\Microsoft\\Edge\\Application\\msedge.exe\" --type=renderer --pdf-upsell-enabled --dma-cps-flags=2048 --no-pre-read-main-dll --video-capture-use-gpu-memory-buffer --lang=en-US --js-flags --device-scale-factor=1.25 --num-raster-threads=4 --enable-main-frame-before-activation --renderer-client-id=156 --time-ticks-at-unix-epoch=-1765292561928459 --launch-time-ticks=579241628881 --ssd-no-pressure-read-main-dll --metrics-shmem-handle=9888,i,1907316843416288771,14862407242018070076,2097152 --field-trial-handle=2348,i,3026412812974680021,9572377275827512412,262144 --variations-seed-version --trace-process-track-uuid=3190709132490399938 --mojo-platform-channel-handle=6684 /prefetch:1", "matched_events": [{"event_id": 1, "timestamp": "2025-12-16 14:56:43", "image": "C:\\Program Files (x86)\\Microsoft\\Edge\\Application\\msedge.exe", "commandline": "\"C:\\Program Files (x86)\\Microsoft\\Edge\\Application\\msedge.exe\" --type=renderer --pdf-upsell-enabled --dma-cps-flags=2048 --no-pre-read-main-dll --video-capture-use-gpu-memory-buffer --lang=en-US --js-flags --device-scale-factor=1.25 --num-raster-threads=4 --enable-main-frame-before-activation --renderer-client-id=156 --time-ticks-at-unix-epoch=-1765292561928459 --launch-time-ticks=579241628881 --ssd-no-pressure-read-main-dll --metrics-shmem-handle=9888,i,1907316843416288771,14862407242018070076,2097152 --field-trial-handle=2348,i,3026412812974680021,9572377275827512412,262144 --variations-seed-version --trace-process-track-uuid=3190709132490399938 --mojo-platform-channel-handle=6684 /prefetch:1", "target_filename": "", "details": "", "user": "TRAN-LAPPY\\Ai Tran", "parent_image": "C:\\Program Files (x86)\\Microsoft\\Edge\\Application\\msedge.exe", "target_image": ""}]}, {"timestamp": "2025-12-16 15:00:59", "technique_id": "T1059.001", "technique_name": "PowerShell Execution", "confidence": 57.3, "patterns": ["powershell", "bypass", "-nop"], "source": "C:\\Windows\\System32\\WindowsPowerShell\\v1.0\\powershell.exe", "event_id": 1, "command_line": "\"C:\\Windows\\System32\\WindowsPowerShell\\v1.0\\powershell.exe\" -NoProfile -ExecutionPolicy Bypass -Command \"tasklist /FI \\\" IMAGENAME eq python.exe\\", "matched_events": [{"event_id": 1, "timestamp": "2025-12-16 15:00:57", "image": "C:\\Windows\\System32\\WindowsPowerShell\\v1.0\\powershell.exe", "commandline": "\"C:\\Windows\\System32\\WindowsPowerShell\\v1.0\\powershell.exe\" -NoProfile -ExecutionPolicy Bypass -Command \"tasklist /FI \\\" IMAGENAME eq python.exe\\", "target_filename": "", "details": "", "user": "TRAN-LAPPY\\Ai Tran", "parent_image": "C:\\Windows\\System32\\WindowsPowerShell\\v1.0\\powershell.exe", "target_image": ""}]}, 