{"updated": "2025-12-16 15:47:08", "stats": {"total_events": 650, "total_detections": 50, "uptime_seconds": 1012}, "events": [{"timestamp": "2025-12-16 15:44:23", "event_id": 5, "image": "C:\\Windows\\System32\\WindowsPowerShell\\v1.0\\powershell.exe", "commandline": "", "user": "TRAN-LAPPY\\Ai Tran", "target": "", "raw_message": "Process terminated:\r\nRuleName: -\r\nUtcTime: 2025-12-16 08:44:23.530\r\nProcessGuid: {8ba13930-1be6-6941-e95d-010000001a00}\r\nProcessId: 1888\r\nImage: C:\\Windows\\System32\\WindowsPowerShell\\v1.0\\powershell.exe\r\nUser: TRAN-LAPPY\\Ai Tran"}, {"timestamp": "2025-12-16 15:44:25", "event_id": 1, "image": "C:\\Windows\\System32\\timeout.exe", "commandline": "timeout  /t 8", "user": "TRAN-LAPPY\\Ai Tran", "target": "", "raw_message": "Process Create:\r\nRuleName: -\r\nUtcTime: 2025-12-16 08:44:25.475\r\nProcessGuid: {8ba13930-1be9-6941-f05d-010000001a00}\r\nProcessId: 17032\r\nImage: C:\\Windows\\System32\\timeout.exe\r\nFileVersion: 10.0.26100.1 (WinBuild.160101.0800)\r\nDescription: timeout - pauses command processing\r\nProduct: Microsoftr Windowsr Operating System\r\nCompany: Microsoft Corporation\r\nOriginalFileName: timeout.exe\r\nCommandLine: timeout  /t 8 \r\nCurrentDirectory: D:\\nckh\\auditlog\\demo_system\\attacks\\\r\nUser: TRAN-LAPPY\\Ai Tran\r\nLogonGuid: {8ba13930-ca9d-6940-295d-551b00000000}\r\nLogonId: 0x1B555D29\r\nTerminalSessionId: 16\r\nIntegrityLevel: Medium\r\nHashes: SHA256=106490870753D87D0C5A1B4FE83045A06518D415EC595BD1D0C30FE3ED4149C1\r\nParentProcessGuid: {8ba13930-1be8-6941-ed5d-010000001a00}\r\nParentProcessId: 10676\r\nParentImage: C:\\Windows\\System32\\cmd.exe\r\nParentCommandLine: \"C:\\Windows\\System32\\cmd.exe\" /k cscript //nologo \"C:\\Users\\Admin\\AppData\\Local\\Temp\\demo_macro_20251216154424.vbs\" & timeout /t 8 \r\nParentUser: TRAN-LAPPY\\Ai "}, {"timestamp": "2025-12-16 15:44:24", "event_id": 1, "image": "C:\\Windows\\System32\\cscript.exe", "commandline": "cscript  //nologo \"C:\\Users\\Admin\\AppData\\Local\\Temp\\demo_macro_20251216154424.vbs\"", "user": "TRAN-LAPPY\\Ai Tran", "target": "", "raw_message": "Process Create:\r\nRuleName: -\r\nUtcTime: 2025-12-16 08:44:24.911\r\nProcessGuid: {8ba13930-1be8-6941-ef5d-010000001a00}\r\nProcessId: 14276\r\nImage: C:\\Windows\\System32\\cscript.exe\r\nFileVersion: 10.0.26100.7019\r\nDescription: Microsoft r Console Based Script Host\r\nProduct: Microsoft r Windows Script Host\r\nCompany: Microsoft Corporation\r\nOriginalFileName: cscript.exe\r\nCommandLine: cscript  //nologo \"C:\\Users\\Admin\\AppData\\Local\\Temp\\demo_macro_20251216154424.vbs\" \r\nCurrentDirectory: D:\\nckh\\auditlog\\demo_system\\attacks\\\r\nUser: TRAN-LAPPY\\Ai Tran\r\nLogonGuid: {8ba13930-ca9d-6940-295d-551b00000000}\r\nLogonId: 0x1B555D29\r\nTerminalSessionId: 16\r\nIntegrityLevel: Medium\r\nHashes: SHA256=9521FCB41599FBEE8F44182F77E19F0FCA97D4E8199B1E8D97FCAD66B5A55DB2\r\nParentProcessGuid: {8ba13930-1be8-6941-ed5d-010000001a00}\r\nParentProcessId: 10676\r\nParentImage: C:\\Windows\\System32\\cmd.exe\r\nParentCommandLine: \"C:\\Windows\\System32\\cmd.exe\" /k cscript //nologo \"C:\\Users\\Admin\\AppData\\Local\\Temp\\demo_macro_20251216154424.v"}, {"timestamp": "2025-12-16 15:44:28", "event_id": 5, "image": "C:\\Windows\\System32\\WindowsPowerShell\\v1.0\\powershell.exe", "commandline": "", "user": "TRAN-LAPPY\\Ai Tran", "target": "", "raw_message": "Process terminated:\r\nRuleName: -\r\nUtcTime: 2025-12-16 08:44:28.872\r\nProcessGuid: {8ba13930-1beb-6941-fe5d-010000001a00}\r\nProcessId: 20328\r\nImage: C:\\Windows\\System32\\WindowsPowerShell\\v1.0\\powershell.exe\r\nUser: TRAN-LAPPY\\Ai Tran"}, {"timestamp": "2025-12-16 15:44:30", "event_id": 5, "image": "C:\\Windows\\System32\\WindowsPowerShell\\v1.0\\powershell.exe", "commandline": "", "user": "TRAN-LAPPY\\Ai Tran", "target": "", "raw_message": "Process terminated:\r\nRuleName: -\r\nUtcTime: 2025-12-16 08:44:30.593\r\nProcessGuid: {8ba13930-1bed-6941-ff5d-010000001a00}\r\nProcessId: 13756\r\nImage: C:\\Windows\\System32\\WindowsPowerShell\\v1.0\\powershell.exe\r\nUser: TRAN-LAPPY\\Ai Tran"}, {"timestamp": "2025-12-16 15:44:32", "event_id": 5, "image": "C:\\Windows\\System32\\WindowsPowerShell\\v1.0\\powershell.exe", "commandline": "", "user": "TRAN-LAPPY\\Ai Tran", "target": "", "raw_message": "Process terminated:\r\nRuleName: -\r\nUtcTime: 2025-12-16 08:44:32.429\r\nProcessGuid: {8ba13930-1bef-6941-005e-010000001a00}\r\nProcessId: 14328\r\nImage: C:\\Windows\\System32\\WindowsPowerShell\\v1.0\\powershell.exe\r\nUser: TRAN-LAPPY\\Ai Tran"}, {"timestamp": "2025-12-16 15:44:34", "event_id": 5, "image": "C:\\Windows\\System32\\WindowsPowerShell\\v1.0\\powershell.exe", "commandline": "", "user": "TRAN-LAPPY\\Ai Tran", "target": "", "raw_message": "Process terminated:\r\nRuleName: -\r\nUtcTime: 2025-12-16 08:44:34.307\r\nProcessGuid: {8ba13930-1bf1-6941-0d5e-010000001a00}\r\nProcessId: 19096\r\nImage: C:\\Windows\\System32\\WindowsPowerShell\\v1.0\\powershell.exe\r\nUser: TRAN-LAPPY\\Ai Tran"}, {"timestamp": "2025-12-16 15:44:36", "event_id": 5, "image": "C:\\Windows\\System32\\WindowsPowerShell\\v1.0\\powershell.exe", "commandline": "", "user": "TRAN-LAPPY\\Ai Tran", "target": "", "raw_message": "Process terminated:\r\nRuleName: -\r\nUtcTime: 2025-12-16 08:44:36.116\r\nProcessGuid: {8ba13930-1bf3-6941-0e5e-010000001a00}\r\nProcessId: 6644\r\nImage: C:\\Windows\\System32\\WindowsPowerShell\\v1.0\\powershell.exe\r\nUser: TRAN-LAPPY\\Ai Tran"}, {"timestamp": "2025-12-16 15:44:37", "event_id": 5, "image": "C:\\Windows\\System32\\WindowsPowerShell\\v1.0\\powershell.exe", "commandline": "", "user": "TRAN-LAPPY\\Ai Tran", "target": "", "raw_message": "Process terminated:\r\nRuleName: -\r\nUtcTime: 2025-12-16 08:44:37.870\r\nProcessGuid: {8ba13930-1bf5-6941-1b5e-010000001a00}\r\nProcessId: 19996\r\nImage: C:\\Windows\\System32\\WindowsPowerShell\\v1.0\\powershell.exe\r\nUser: TRAN-LAPPY\\Ai Tran"}, {"timestamp": "2025-12-16 15:44:39", "event_id": 5, "image": "C:\\Windows\\System32\\WindowsPowerShell\\v1.0\\powershell.exe", "commandline": "", "user": "TRAN-LAPPY\\Ai Tran", "target": "", "raw_message": "Process terminated:\r\nRuleName: -\r\nUtcTime: 2025-12-16 08:44:39.328\r\nProcessGuid: {8ba13930-1bf6-6941-1c5e-010000001a00}\r\nProcessId: 7684\r\nImage: C:\\Windows\\System32\\WindowsPowerShell\\v1.0\\powershell.exe\r\nUser: TRAN-LAPPY\\Ai Tran"}, {"timestamp": "2025-12-16 15:44:40", "event_id": 5, "image": "C:\\Windows\\System32\\WindowsPowerShell\\v1.0\\powershell.exe", "commandline": "", "user": "TRAN-LAPPY\\Ai Tran", "target": "", "raw_message": "Process terminated:\r\nRuleName: -\r\nUtcTime: 2025-12-16 08:44:40.633\r\nProcessGuid: {8ba13930-1bf8-6941-1d5e-010000001a00}\r\nProcessId: 20504\r\nImage: C:\\Windows\\System32\\WindowsPowerShell\\v1.0\\powershell.exe\r\nUser: TRAN-LAPPY\\Ai Tran"}, {"timestamp": "2025-12-16 15:44:42", "event_id": 1, "image": "C:\\Windows\\System32\\WindowsPowerShell\\v1.0\\powershell.exe", "commandline": "\"C:\\Windows\\System32\\WindowsPowerShell\\v1.0\\powershell.exe\" -NoProfile -ExecutionPolicy Bypass -Command \"Set-Location -LiteralPath 'D:\\nckh\\auditlog\\demo_system\\attacks'; .\\test_individual.ps1 -Techni", "user": "TRAN-LAPPY\\Ai Tran", "target": "", "raw_message": "Process Create:\r\nRuleName: -\r\nUtcTime: 2025-12-16 08:44:42.450\r\nProcessGuid: {8ba13930-1bfa-6941-2b5e-010000001a00}\r\nProcessId: 21860\r\nImage: C:\\Windows\\System32\\WindowsPowerShell\\v1.0\\powershell.exe\r\nFileVersion: 10.0.26100.5074 (WinBuild.160101.0800)\r\nDescription: Windows PowerShell\r\nProduct: Microsoftr Windowsr Operating System\r\nCompany: Microsoft Corporation\r\nOriginalFileName: PowerShell.EXE\r\nCommandLine: \"C:\\Windows\\System32\\WindowsPowerShell\\v1.0\\powershell.exe\" -NoProfile -ExecutionPolicy Bypass -Command \"Set-Location -LiteralPath 'D:\\nckh\\auditlog\\demo_system\\attacks'; .\\test_individual.ps1 -TechniqueID T1204.002\"\r\nCurrentDirectory: D:\\nckh\\auditlog\\\r\nUser: TRAN-LAPPY\\Ai Tran\r\nLogonGuid: {8ba13930-ca9d-6940-295d-551b00000000}\r\nLogonId: 0x1B555D29\r\nTerminalSessionId: 16\r\nIntegrityLevel: Medium\r\nHashes: SHA256=0FF6F2C94BC7E2833A5F7E16DE1622E5DBA70396F31C7D5F56381870317E8C46\r\nParentProcessGuid: {8ba13930-1345-6941-da4d-010000001a00}\r\nParentProcessId: 20924\r\nParentImage: C:\\Windows"}, {"timestamp": "2025-12-16 15:44:41", "event_id": 1, "image": "C:\\Windows\\System32\\conhost.exe", "commandline": "\\??\\C:\\Windows\\system32\\conhost.exe 0xffffffff -ForceV1", "user": "TRAN-LAPPY\\Ai Tran", "target": "", "raw_message": "Process Create:\r\nRuleName: -\r\nUtcTime: 2025-12-16 08:44:41.994\r\nProcessGuid: {8ba13930-1bf9-6941-285e-010000001a00}\r\nProcessId: 10352\r\nImage: C:\\Windows\\System32\\conhost.exe\r\nFileVersion: 10.0.26100.7019 (WinBuild.160101.0800)\r\nDescription: Console Window Host\r\nProduct: Microsoftr Windowsr Operating System\r\nCompany: Microsoft Corporation\r\nOriginalFileName: CONHOST.EXE\r\nCommandLine: \\??\\C:\\Windows\\system32\\conhost.exe 0xffffffff -ForceV1\r\nCurrentDirectory: C:\\Windows\r\nUser: TRAN-LAPPY\\Ai Tran\r\nLogonGuid: {8ba13930-ca9d-6940-295d-551b00000000}\r\nLogonId: 0x1B555D29\r\nTerminalSessionId: 16\r\nIntegrityLevel: Medium\r\nHashes: SHA256=A29C38FE5566650658C1D6377AF7F5115D7C54F3AF7DE0A10E867DB25CB68F9F\r\nParentProcessGuid: {8ba13930-1bf9-6941-265e-010000001a00}\r\nParentProcessId: 23564\r\nParentImage: C:\\Program Files\\Git\\cmd\\git.exe\r\nParentCommandLine: \"C:\\Program Files\\Git\\cmd\\git.exe\" for-each-ref --sort -committerdate --format %(refname)%00%(objectname)%00%(*objectname)\r\nParentUser: TRAN-LAPPY\\Ai Tra"}, {"timestamp": "2025-12-16 15:44:43", "event_id": 5, "image": "C:\\Windows\\System32\\WindowsPowerShell\\v1.0\\powershell.exe", "commandline": "", "user": "TRAN-LAPPY\\Ai Tran", "target": "", "raw_message": "Process terminated:\r\nRuleName: -\r\nUtcTime: 2025-12-16 08:44:43.401\r\nProcessGuid: {8ba13930-1bfb-6941-2f5e-010000001a00}\r\nProcessId: 22512\r\nImage: C:\\Windows\\System32\\WindowsPowerShell\\v1.0\\powershell.exe\r\nUser: TRAN-LAPPY\\Ai Tran"}, {"timestamp": "2025-12-16 15:44:44", "event_id": 5, "image": "C:\\Windows\\System32\\WindowsPowerShell\\v1.0\\powershell.exe", "commandline": "", "user": "TRAN-LAPPY\\Ai Tran", "target": "", "raw_message": "Process terminated:\r\nRuleName: -\r\nUtcTime: 2025-12-16 08:44:44.719\r\nProcessGuid: {8ba13930-1bfc-6941-315e-010000001a00}\r\nProcessId: 11604\r\nImage: C:\\Windows\\System32\\WindowsPowerShell\\v1.0\\powershell.exe\r\nUser: TRAN-LAPPY\\Ai Tran"}, {"timestamp": "2025-12-16 15:44:46", "event_id": 5, "image": "C:\\Windows\\System32\\WindowsPowerShell\\v1.0\\powershell.exe", "commandline": "", "user": "TRAN-LAPPY\\Ai Tran", "target": "", "raw_message": "Process terminated:\r\nRuleName: -\r\nUtcTime: 2025-12-16 08:44:46.039\r\nProcessGuid: {8ba13930-1bfd-6941-325e-010000001a00}\r\nProcessId: 13092\r\nImage: C:\\Windows\\System32\\WindowsPowerShell\\v1.0\\powershell.exe\r\nUser: TRAN-LAPPY\\Ai Tran"}, {"timestamp": "2025-12-16 15:44:47", "event_id": 5, "image": "C:\\Windows\\System32\\WindowsPowerShell\\v1.0\\powershell.exe", "commandline": "", "user": "TRAN-LAPPY\\Ai Tran", "target": "", "raw_message": "Process terminated:\r\nRuleName: -\r\nUtcTime: 2025-12-16 08:44:47.423\r\nProcessGuid: {8ba13930-1bff-6941-345e-010000001a00}\r\nProcessId: 10692\r\nImage: C:\\Windows\\System32\\WindowsPowerShell\\v1.0\\powershell.exe\r\nUser: TRAN-LAPPY\\Ai Tran"}, {"timestamp": "2025-12-16 15:44:48", "event_id": 5, "image": "C:\\Windows\\System32\\WindowsPowerShell\\v1.0\\powershell.exe", "commandline": "", "user": "TRAN-LAPPY\\Ai Tran", "target": "", "raw_message": "Process terminated:\r\nRuleName: -\r\nUtcTime: 2025-12-16 08:44:48.750\r\nProcessGuid: {8ba13930-1c00-6941-405e-010000001a00}\r\nProcessId: 13816\r\nImage: C:\\Windows\\System32\\WindowsPowerShell\\v1.0\\powershell.exe\r\nUser: TRAN-LAPPY\\Ai Tran"}, {"timestamp": "2025-12-16 15:44:50", "event_id": 5, "image": "C:\\Windows\\System32\\WindowsPowerShell\\v1.0\\powershell.exe", "commandline": "", "user": "TRAN-LAPPY\\Ai Tran", "target": "", "raw_message": "Process terminated:\r\nRuleName: -\r\nUtcTime: 2025-12-16 08:44:50.174\r\nProcessGuid: {8ba13930-1c01-6941-415e-010000001a00}\r\nProcessId: 7560\r\nImage: C:\\Windows\\System32\\WindowsPowerShell\\v1.0\\powershell.exe\r\nUser: TRAN-LAPPY\\Ai Tran"}, {"timestamp": "2025-12-16 15:44:51", "event_id": 5, "image": "C:\\Windows\\System32\\WindowsPowerShell\\v1.0\\powershell.exe", "commandline": "", "user": "TRAN-LAPPY\\Ai Tran", "target": "", "raw_message": "Process terminated:\r\nRuleName: -\r\nUtcTime: 2025-12-16 08:44:51.554\r\nProcessGuid: {8ba13930-1c03-6941-425e-010000001a00}\r\nProcessId: 3368\r\nImage: C:\\Windows\\System32\\WindowsPowerShell\\v1.0\\powershell.exe\r\nUser: TRAN-LAPPY\\Ai Tran"}, {"timestamp": "2025-12-16 15:44:53", "event_id": 5, "image": "C:\\Windows\\System32\\WindowsPowerShell\\v1.0\\powershell.exe", "commandline": "", "user": "TRAN-LAPPY\\Ai Tran", "target": "", "raw_message": "Process terminated:\r\nRuleName: -\r\nUtcTime: 2025-12-16 08:44:53.018\r\nProcessGuid: {8ba13930-1c04-6941-4f5e-010000001a00}\r\nProcessId: 13248\r\nImage: C:\\Windows\\System32\\WindowsPowerShell\\v1.0\\powershell.exe\r\nUser: TRAN-LAPPY\\Ai Tran"}, {"timestamp": "2025-12-16 15:44:57", "event_id": 1, "image": "C:\\Windows\\System32\\cscript.exe", "commandline": "cscript  //nologo \"C:\\Users\\Admin\\AppData\\Local\\Temp\\demo_macro_20251216154457.vbs\"", "user": "TRAN-LAPPY\\Ai Tran", "target": "", "raw_message": "Process Create:\r\nRuleName: -\r\nUtcTime: 2025-12-16 08:44:57.118\r\nProcessGuid: {8ba13930-1c09-6941-555e-010000001a00}\r\nProcessId: 16092\r\nImage: C:\\Windows\\System32\\cscript.exe\r\nFileVersion: 10.0.26100.7019\r\nDescription: Microsoft r Console Based Script Host\r\nProduct: Microsoft r Windows Script Host\r\nCompany: Microsoft Corporation\r\nOriginalFileName: cscript.exe\r\nCommandLine: cscript  //nologo \"C:\\Users\\Admin\\AppData\\Local\\Temp\\demo_macro_20251216154457.vbs\" \r\nCurrentDirectory: D:\\nckh\\auditlog\\demo_system\\attacks\\\r\nUser: TRAN-LAPPY\\Ai Tran\r\nLogonGuid: {8ba13930-ca9d-6940-295d-551b00000000}\r\nLogonId: 0x1B555D29\r\nTerminalSessionId: 16\r\nIntegrityLevel: Medium\r\nHashes: SHA256=9521FCB41599FBEE8F44182F77E19F0FCA97D4E8199B1E8D97FCAD66B5A55DB2\r\nParentProcessGuid: {8ba13930-1c09-6941-535e-010000001a00}\r\nParentProcessId: 14328\r\nParentImage: C:\\Windows\\System32\\cmd.exe\r\nParentCommandLine: \"C:\\Windows\\System32\\cmd.exe\" /k cscript //nologo \"C:\\Users\\Admin\\AppData\\Local\\Temp\\demo_macro_20251216154457.v"}, {"timestamp": "2025-12-16 15:44:56", "event_id": 1, "image": "C:\\Windows\\System32\\WindowsPowerShell\\v1.0\\powershell.exe", "commandline": "\"C:\\Windows\\System32\\WindowsPowerShell\\v1.0\\powershell.exe\" -NoProfile -ExecutionPolicy Bypass -Command \"Set-Location -LiteralPath 'D:\\nckh\\auditlog\\demo_system\\attacks'; .\\test_individual.ps1 -Techni", "user": "TRAN-LAPPY\\Ai Tran", "target": "", "raw_message": "Process Create:\r\nRuleName: -\r\nUtcTime: 2025-12-16 08:44:56.810\r\nProcessGuid: {8ba13930-1c08-6941-525e-010000001a00}\r\nProcessId: 16468\r\nImage: C:\\Windows\\System32\\WindowsPowerShell\\v1.0\\powershell.exe\r\nFileVersion: 10.0.26100.5074 (WinBuild.160101.0800)\r\nDescription: Windows PowerShell\r\nProduct: Microsoftr Windowsr Operating System\r\nCompany: Microsoft Corporation\r\nOriginalFileName: PowerShell.EXE\r\nCommandLine: \"C:\\Windows\\System32\\WindowsPowerShell\\v1.0\\powershell.exe\" -NoProfile -ExecutionPolicy Bypass -Command \"Set-Location -LiteralPath 'D:\\nckh\\auditlog\\demo_system\\attacks'; .\\test_individual.ps1 -TechniqueID T1204.002\"\r\nCurrentDirectory: D:\\nckh\\auditlog\\\r\nUser: TRAN-LAPPY\\Ai Tran\r\nLogonGuid: {8ba13930-ca9d-6940-295d-551b00000000}\r\nLogonId: 0x1B555D29\r\nTerminalSessionId: 16\r\nIntegrityLevel: Medium\r\nHashes: SHA256=0FF6F2C94BC7E2833A5F7E16DE1622E5DBA70396F31C7D5F56381870317E8C46\r\nParentProcessGuid: {8ba13930-1345-6941-da4d-010000001a00}\r\nParentProcessId: 20924\r\nParentImage: C:\\Windows"}, {"timestamp": "2025-12-16 15:44:59", "event_id": 5, "image": "C:\\Windows\\System32\\WindowsPowerShell\\v1.0\\powershell.exe", "commandline": "", "user": "TRAN-LAPPY\\Ai Tran", "target": "", "raw_message": "Process terminated:\r\nRuleName: -\r\nUtcTime: 2025-12-16 08:44:59.355\r\nProcessGuid: {8ba13930-1c0a-6941-645e-010000001a00}\r\nProcessId: 9776\r\nImage: C:\\Windows\\System32\\WindowsPowerShell\\v1.0\\powershell.exe\r\nUser: TRAN-LAPPY\\Ai Tran"}, {"timestamp": "2025-12-16 15:45:00", "event_id": 5, "image": "C:\\Windows\\System32\\WindowsPowerShell\\v1.0\\powershell.exe", "commandline": "", "user": "TRAN-LAPPY\\Ai Tran", "target": "", "raw_message": "Process terminated:\r\nRuleName: -\r\nUtcTime: 2025-12-16 08:45:00.705\r\nProcessGuid: {8ba13930-1c0c-6941-655e-010000001a00}\r\nProcessId: 21940\r\nImage: C:\\Windows\\System32\\WindowsPowerShell\\v1.0\\powershell.exe\r\nUser: TRAN-LAPPY\\Ai Tran"}, {"timestamp": "2025-12-16 15:45:02", "event_id": 5, "image": "C:\\Windows\\System32\\conhost.exe", "commandline": "", "user": "TRAN-LAPPY\\Ai Tran", "target": "", "raw_message": "Process terminated:\r\nRuleName: -\r\nUtcTime: 2025-12-16 08:45:02.574\r\nProcessGuid: {8ba13930-1c0e-6941-6f5e-010000001a00}\r\nProcessId: 8764\r\nImage: C:\\Windows\\System32\\conhost.exe\r\nUser: TRAN-LAPPY\\Ai Tran"}, {"timestamp": "2025-12-16 15:45:03", "event_id": 5, "image": "C:\\Windows\\System32\\WindowsPowerShell\\v1.0\\powershell.exe", "commandline": "", "user": "TRAN-LAPPY\\Ai Tran", "target": "", "raw_message": "Process terminated:\r\nRuleName: -\r\nUtcTime: 2025-12-16 08:45:03.403\r\nProcessGuid: {8ba13930-1c0f-6941-735e-010000001a00}\r\nProcessId: 17772\r\nImage: C:\\Windows\\System32\\WindowsPowerShell\\v1.0\\powershell.exe\r\nUser: TRAN-LAPPY\\Ai Tran"}, {"timestamp": "2025-12-16 15:45:05", "event_id": 5, "image": "C:\\Windows\\System32\\timeout.exe", "commandline": "", "user": "TRAN-LAPPY\\Ai Tran", "target": "", "raw_message": "Process terminated:\r\nRuleName: -\r\nUtcTime: 2025-12-16 08:45:05.117\r\nProcessGuid: {8ba13930-1c09-6941-635e-010000001a00}\r\nProcessId: 21260\r\nImage: C:\\Windows\\System32\\timeout.exe\r\nUser: TRAN-LAPPY\\Ai Tran"}, {"timestamp": "2025-12-16 15:45:04", "event_id": 5, "image": "C:\\Windows\\System32\\WindowsPowerShell\\v1.0\\powershell.exe", "commandline": "", "user": "TRAN-LAPPY\\Ai Tran", "target": "", "raw_message": "Process terminated:\r\nRuleName: -\r\nUtcTime: 2025-12-16 08:45:04.718\r\nProcessGuid: {8ba13930-1c10-6941-745e-010000001a00}\r\nProcessId: 23032\r\nImage: C:\\Windows\\System32\\WindowsPowerShell\\v1.0\\powershell.exe\r\nUser: TRAN-LAPPY\\Ai Tran"}, {"timestamp": "2025-12-16 15:45:06", "event_id": 5, "image": "C:\\Windows\\System32\\WindowsPowerShell\\v1.0\\powershell.exe", "commandline": "", "user": "TRAN-LAPPY\\Ai Tran", "target": "", "raw_message": "Process terminated:\r\nRuleName: -\r\nUtcTime: 2025-12-16 08:45:06.096\r\nProcessGuid: {8ba13930-1c11-6941-755e-010000001a00}\r\nProcessId: 12580\r\nImage: C:\\Windows\\System32\\WindowsPowerShell\\v1.0\\powershell.exe\r\nUser: TRAN-LAPPY\\Ai Tran"}, {"timestamp": "2025-12-16 15:45:07", "event_id": 5, "image": "C:\\Windows\\System32\\conhost.exe", "commandline": "", "user": "TRAN-LAPPY\\Ai Tran", "target": "", "raw_message": "Process terminated:\r\nRuleName: -\r\nUtcTime: 2025-12-16 08:45:07.714\r\nProcessGuid: {8ba13930-1c13-6941-805e-010000001a00}\r\nProcessId: 23468\r\nImage: C:\\Windows\\System32\\conhost.exe\r\nUser: TRAN-LAPPY\\Ai Tran"}, {"timestamp": "2025-12-16 15:45:09", "event_id": 1, "image": "C:\\Windows\\System32\\WindowsPowerShell\\v1.0\\powershell.exe", "commandline": "\"C:\\Windows\\System32\\WindowsPowerShell\\v1.0\\powershell.exe\" -NoProfile -ExecutionPolicy Bypass -Command \"Set-Location -LiteralPath 'D:\\nckh\\auditlog\\demo_system\\attacks'; .\\test_individual.ps1 -Techni", "user": "TRAN-LAPPY\\Ai Tran", "target": "", "raw_message": "Process Create:\r\nRuleName: -\r\nUtcTime: 2025-12-16 08:45:09.384\r\nProcessGuid: {8ba13930-1c15-6941-845e-010000001a00}\r\nProcessId: 17876\r\nImage: C:\\Windows\\System32\\WindowsPowerShell\\v1.0\\powershell.exe\r\nFileVersion: 10.0.26100.5074 (WinBuild.160101.0800)\r\nDescription: Windows PowerShell\r\nProduct: Microsoftr Windowsr Operating System\r\nCompany: Microsoft Corporation\r\nOriginalFileName: PowerShell.EXE\r\nCommandLine: \"C:\\Windows\\System32\\WindowsPowerShell\\v1.0\\powershell.exe\" -NoProfile -ExecutionPolicy Bypass -Command \"Set-Location -LiteralPath 'D:\\nckh\\auditlog\\demo_system\\attacks'; .\\test_individual.ps1 -TechniqueID T1204.002\"\r\nCurrentDirectory: D:\\nckh\\auditlog\\\r\nUser: TRAN-LAPPY\\Ai Tran\r\nLogonGuid: {8ba13930-ca9d-6940-295d-551b00000000}\r\nLogonId: 0x1B555D29\r\nTerminalSessionId: 16\r\nIntegrityLevel: Medium\r\nHashes: SHA256=0FF6F2C94BC7E2833A5F7E16DE1622E5DBA70396F31C7D5F56381870317E8C46\r\nParentProcessGuid: {8ba13930-1345-6941-da4d-010000001a00}\r\nParentProcessId: 20924\r\nParentImage: C:\\Windows"}, {"timestamp": "2025-12-16 15:45:08", "event_id": 5, "image": "C:\\Windows\\System32\\WindowsPowerShell\\v1.0\\powershell.exe", "commandline": "", "user": "TRAN-LAPPY\\Ai Tran", "target": "", "raw_message": "Process terminated:\r\nRuleName: -\r\nUtcTime: 2025-12-16 08:45:08.795\r\nProcessGuid: {8ba13930-1c14-6941-835e-010000001a00}\r\nProcessId: 3324\r\nImage: C:\\Windows\\System32\\WindowsPowerShell\\v1.0\\powershell.exe\r\nUser: TRAN-LAPPY\\Ai Tran"}, {"timestamp": "2025-12-16 15:45:10", "event_id": 1, "image": "C:\\Windows\\System32\\timeout.exe", "commandline": "timeout  /t 8", "user": "TRAN-LAPPY\\Ai Tran", "target": "", "raw_message": "Process Create:\r\nRuleName: -\r\nUtcTime: 2025-12-16 08:45:10.278\r\nProcessGuid: {8ba13930-1c16-6941-895e-010000001a00}\r\nProcessId: 8336\r\nImage: C:\\Windows\\System32\\timeout.exe\r\nFileVersion: 10.0.26100.1 (WinBuild.160101.0800)\r\nDescription: timeout - pauses command processing\r\nProduct: Microsoftr Windowsr Operating System\r\nCompany: Microsoft Corporation\r\nOriginalFileName: timeout.exe\r\nCommandLine: timeout  /t 8 \r\nCurrentDirectory: D:\\nckh\\auditlog\\demo_system\\attacks\\\r\nUser: TRAN-LAPPY\\Ai Tran\r\nLogonGuid: {8ba13930-ca9d-6940-295d-551b00000000}\r\nLogonId: 0x1B555D29\r\nTerminalSessionId: 16\r\nIntegrityLevel: Medium\r\nHashes: SHA256=106490870753D87D0C5A1B4FE83045A06518D415EC595BD1D0C30FE3ED4149C1\r\nParentProcessGuid: {8ba13930-1c15-6941-855e-010000001a00}\r\nParentProcessId: 14716\r\nParentImage: C:\\Windows\\System32\\cmd.exe\r\nParentCommandLine: \"C:\\Windows\\System32\\cmd.exe\" /k cscript //nologo \"C:\\Users\\Admin\\AppData\\Local\\Temp\\demo_macro_20251216154509.vbs\" & timeout /t 8 \r\nParentUser: TRAN-LAPPY\\Ai T"}, {"timestamp": "2025-12-16 15:45:11", "event_id": 5, "image": "C:\\Windows\\System32\\WindowsPowerShell\\v1.0\\powershell.exe", "commandline": "", "user": "TRAN-LAPPY\\Ai Tran", "target": "", "raw_message": "Process terminated:\r\nRuleName: -\r\nUtcTime: 2025-12-16 08:45:11.506\r\nProcessGuid: {8ba13930-1c17-6941-8a5e-010000001a00}\r\nProcessId: 11152\r\nImage: C:\\Windows\\System32\\WindowsPowerShell\\v1.0\\powershell.exe\r\nUser: TRAN-LAPPY\\Ai Tran"}, {"timestamp": "2025-12-16 15:45:12", "event_id": 5, "image": "C:\\Windows\\System32\\WindowsPowerShell\\v1.0\\powershell.exe", "commandline": "", "user": "TRAN-LAPPY\\Ai Tran", "target": "", "raw_message": "Process terminated:\r\nRuleName: -\r\nUtcTime: 2025-12-16 08:45:12.913\r\nProcessGuid: {8ba13930-1c18-6941-8b5e-010000001a00}\r\nProcessId: 11460\r\nImage: C:\\Windows\\System32\\WindowsPowerShell\\v1.0\\powershell.exe\r\nUser: TRAN-LAPPY\\Ai Tran"}, {"timestamp": "2025-12-16 15:45:14", "event_id": 5, "image": "C:\\Windows\\System32\\wermgr.exe", "commandline": "", "user": "NT AUTHORITY\\SYSTEM", "target": "", "raw_message": "Process terminated:\r\nRuleName: -\r\nUtcTime: 2025-12-16 08:45:14.703\r\nProcessGuid: {8ba13930-1c1a-6941-995e-010000001a00}\r\nProcessId: 9776\r\nImage: C:\\Windows\\System32\\wermgr.exe\r\nUser: NT AUTHORITY\\SYSTEM"}, {"timestamp": "2025-12-16 15:45:15", "event_id": 5, "image": "C:\\Windows\\System32\\WindowsPowerShell\\v1.0\\powershell.exe", "commandline": "", "user": "TRAN-LAPPY\\Ai Tran", "target": "", "raw_message": "Process terminated:\r\nRuleName: -\r\nUtcTime: 2025-12-16 08:45:15.567\r\nProcessGuid: {8ba13930-1c1b-6941-9a5e-010000001a00}\r\nProcessId: 20028\r\nImage: C:\\Windows\\System32\\WindowsPowerShell\\v1.0\\powershell.exe\r\nUser: TRAN-LAPPY\\Ai Tran"}, {"timestamp": "2025-12-16 15:45:16", "event_id": 5, "image": "C:\\Windows\\System32\\WindowsPowerShell\\v1.0\\powershell.exe", "commandline": "", "user": "TRAN-LAPPY\\Ai Tran", "target": "", "raw_message": "Process terminated:\r\nRuleName: -\r\nUtcTime: 2025-12-16 08:45:16.985\r\nProcessGuid: {8ba13930-1c1c-6941-9b5e-010000001a00}\r\nProcessId: 9764\r\nImage: C:\\Windows\\System32\\WindowsPowerShell\\v1.0\\powershell.exe\r\nUser: TRAN-LAPPY\\Ai Tran"}, {"timestamp": "2025-12-16 15:45:18", "event_id": 5, "image": "C:\\Windows\\System32\\WindowsPowerShell\\v1.0\\powershell.exe", "commandline": "", "user": "TRAN-LAPPY\\Ai Tran", "target": "", "raw_message": "Process terminated:\r\nRuleName: -\r\nUtcTime: 2025-12-16 08:45:18.351\r\nProcessGuid: {8ba13930-1c1d-6941-a85e-010000001a00}\r\nProcessId: 20356\r\nImage: C:\\Windows\\System32\\WindowsPowerShell\\v1.0\\powershell.exe\r\nUser: TRAN-LAPPY\\Ai Tran"}, {"timestamp": "2025-12-16 15:45:17", "event_id": 5, "image": "C:\\Windows\\System32\\conhost.exe", "commandline": "", "user": "TRAN-LAPPY\\Ai Tran", "target": "", "raw_message": "Process terminated:\r\nRuleName: -\r\nUtcTime: 2025-12-16 08:45:17.968\r\nProcessGuid: {8ba13930-1c1d-6941-a45e-010000001a00}\r\nProcessId: 11260\r\nImage: C:\\Windows\\System32\\conhost.exe\r\nUser: TRAN-LAPPY\\Ai Tran"}, {"timestamp": "2025-12-16 15:45:19", "event_id": 5, "image": "C:\\Windows\\System32\\WindowsPowerShell\\v1.0\\powershell.exe", "commandline": "", "user": "TRAN-LAPPY\\Ai Tran", "target": "", "raw_message": "Process terminated:\r\nRuleName: -\r\nUtcTime: 2025-12-16 08:45:19.805\r\nProcessGuid: {8ba13930-1c1f-6941-a95e-010000001a00}\r\nProcessId: 21260\r\nImage: C:\\Windows\\System32\\WindowsPowerShell\\v1.0\\powershell.exe\r\nUser: TRAN-LAPPY\\Ai Tran"}, {"timestamp": "2025-12-16 15:45:21", "event_id": 5, "image": "C:\\Windows\\System32\\WindowsPowerShell\\v1.0\\powershell.exe", "commandline": "", "user": "TRAN-LAPPY\\Ai Tran", "target": "", "raw_message": "Process terminated:\r\nRuleName: -\r\nUtcTime: 2025-12-16 08:45:21.347\r\nProcessGuid: {8ba13930-1c20-6941-aa5e-010000001a00}\r\nProcessId: 3756\r\nImage: C:\\Windows\\System32\\WindowsPowerShell\\v1.0\\powershell.exe\r\nUser: TRAN-LAPPY\\Ai Tran"}, {"timestamp": "2025-12-16 15:45:23", "event_id": 5, "image": "C:\\Windows\\System32\\conhost.exe", "commandline": "", "user": "TRAN-LAPPY\\Ai Tran", "target": "", "raw_message": "Process terminated:\r\nRuleName: -\r\nUtcTime: 2025-12-16 08:45:23.096\r\nProcessGuid: {8ba13930-1c23-6941-b55e-010000001a00}\r\nProcessId: 6920\r\nImage: C:\\Windows\\System32\\conhost.exe\r\nUser: TRAN-LAPPY\\Ai Tran"}, {"timestamp": "2025-12-16 15:45:22", "event_id": 1, "image": "C:\\Windows\\System32\\conhost.exe", "commandline": "\\??\\C:\\Windows\\system32\\conhost.exe 0xffffffff -ForceV1", "user": "TRAN-LAPPY\\Ai Tran", "target": "", "raw_message": "Process Create:\r\nRuleName: -\r\nUtcTime: 2025-12-16 08:45:22.987\r\nProcessGuid: {8ba13930-1c22-6941-ae5e-010000001a00}\r\nProcessId: 12840\r\nImage: C:\\Windows\\System32\\conhost.exe\r\nFileVersion: 10.0.26100.7019 (WinBuild.160101.0800)\r\nDescription: Console Window Host\r\nProduct: Microsoftr Windowsr Operating System\r\nCompany: Microsoft Corporation\r\nOriginalFileName: CONHOST.EXE\r\nCommandLine: \\??\\C:\\Windows\\system32\\conhost.exe 0xffffffff -ForceV1\r\nCurrentDirectory: C:\\Windows\r\nUser: TRAN-LAPPY\\Ai Tran\r\nLogonGuid: {8ba13930-ca9d-6940-295d-551b00000000}\r\nLogonId: 0x1B555D29\r\nTerminalSessionId: 16\r\nIntegrityLevel: Medium\r\nHashes: SHA256=A29C38FE5566650658C1D6377AF7F5115D7C54F3AF7DE0A10E867DB25CB68F9F\r\nParentProcessGuid: {8ba13930-1c22-6941-ac5e-010000001a00}\r\nParentProcessId: 3916\r\nParentImage: C:\\Program Files\\Git\\cmd\\git.exe\r\nParentCommandLine: \"C:\\Program Files\\Git\\cmd\\git.exe\" config --get commit.template\r\nParentUser: TRAN-LAPPY\\Ai Tran"}, {"timestamp": "2025-12-16 15:45:24", "event_id": 5, "image": "C:\\Windows\\System32\\WindowsPowerShell\\v1.0\\powershell.exe", "commandline": "", "user": "TRAN-LAPPY\\Ai Tran", "target": "", "raw_message": "Process terminated:\r\nRuleName: -\r\nUtcTime: 2025-12-16 08:45:24.023\r\nProcessGuid: {8ba13930-1c23-6941-b85e-010000001a00}\r\nProcessId: 6420\r\nImage: C:\\Windows\\System32\\WindowsPowerShell\\v1.0\\powershell.exe\r\nUser: TRAN-LAPPY\\Ai Tran"}, {"timestamp": "2025-12-16 15:45:25", "event_id": 5, "image": "C:\\Windows\\System32\\WindowsPowerShell\\v1.0\\powershell.exe", "commandline": "", "user": "TRAN-LAPPY\\Ai Tran", "target": "", "raw_message": "Process terminated:\r\nRuleName: -\r\nUtcTime: 2025-12-16 08:45:25.336\r\nProcessGuid: {8ba13930-1c25-6941-b95e-010000001a00}\r\nProcessId: 16864\r\nImage: C:\\Windows\\System32\\WindowsPowerShell\\v1.0\\powershell.exe\r\nUser: TRAN-LAPPY\\Ai Tran"}, {"timestamp": "2025-12-16 15:45:26", "event_id": 5, "image": "C:\\Windows\\System32\\WindowsPowerShell\\v1.0\\powershell.exe", "commandline": "", "user": "TRAN-LAPPY\\Ai Tran", "target": "", "raw_message": "Process terminated:\r\nRuleName: -\r\nUtcTime: 2025-12-16 08:45:26.669\r\nProcessGuid: {8ba13930-1c26-6941-ba5e-010000001a00}\r\nProcessId: 15372\r\nImage: C:\\Windows\\System32\\WindowsPowerShell\\v1.0\\powershell.exe\r\nUser: TRAN-LAPPY\\Ai Tran"}, {"timestamp": "2025-12-16 15:45:28", "event_id": 5, "image": "C:\\Windows\\System32\\WindowsPowerShell\\v1.0\\powershell.exe", "commandline": "", "user": "TRAN-LAPPY\\Ai Tran", "target": "", "raw_message": "Process terminated:\r\nRuleName: -\r\nUtcTime: 2025-12-16 08:45:28.225\r\nProcessGuid: {8ba13930-1c27-6941-bb5e-010000001a00}\r\nProcessId: 6632\r\nImage: C:\\Windows\\System32\\WindowsPowerShell\\v1.0\\powershell.exe\r\nUser: TRAN-LAPPY\\Ai Tran"}, {"timestamp": "2025-12-16 15:45:29", "event_id": 5, "image": "C:\\Windows\\System32\\WindowsPowerShell\\v1.0\\powershell.exe", "commandline": "", "user": "TRAN-LAPPY\\Ai Tran", "target": "", "raw_message": "Process terminated:\r\nRuleName: -\r\nUtcTime: 2025-12-16 08:45:29.814\r\nProcessGuid: {8ba13930-1c29-6941-d35e-010000001a00}\r\nProcessId: 6068\r\nImage: C:\\Windows\\System32\\WindowsPowerShell\\v1.0\\powershell.exe\r\nUser: TRAN-LAPPY\\Ai Tran"}, {"timestamp": "2025-12-16 15:45:31", "event_id": 5, "image": "C:\\Windows\\System32\\WindowsPowerShell\\v1.0\\powershell.exe", "commandline": "", "user": "TRAN-LAPPY\\Ai Tran", "target": "", "raw_message": "Process terminated:\r\nRuleName: -\r\nUtcTime: 2025-12-16 08:45:31.247\r\nProcessGuid: {8ba13930-1c2a-6941-de5e-010000001a00}\r\nProcessId: 15308\r\nImage: C:\\Windows\\System32\\WindowsPowerShell\\v1.0\\powershell.exe\r\nUser: TRAN-LAPPY\\Ai Tran"}, {"timestamp": "2025-12-16 15:45:33", "event_id": 1, "image": "C:\\Program Files\\Git\\mingw64\\bin\\git.exe", "commandline": "git.exe for-each-ref --format=%%(refname)The operation completed successfully. %%(upstream:short)The operation completed successfully. %%(objectname)The operation completed successfully. %%(upstream:t", "user": "TRAN-LAPPY\\Ai Tran", "target": "", "raw_message": "Process Create:\r\nRuleName: -\r\nUtcTime: 2025-12-16 08:45:33.251\r\nProcessGuid: {8ba13930-1c2d-6941-e55e-010000001a00}\r\nProcessId: 5140\r\nImage: C:\\Program Files\\Git\\mingw64\\bin\\git.exe\r\nFileVersion: 2.52.0.windows.1\r\nDescription: Git for Windows\r\nProduct: Git\r\nCompany: The Git Development Community\r\nOriginalFileName: git.exe\r\nCommandLine: git.exe for-each-ref --format=%%(refname)The operation completed successfully. %%(upstream:short)The operation completed successfully. %%(objectname)The operation completed successfully. %%(upstream:track)The operation completed successfully. %%(upstream:remotename)The operation completed successfully. %%(upstream:remoteref) --ignore-case refs/heads/feat/demo_system refs/remotes/feat/demo_system\r\nCurrentDirectory: D:\\nckh\\auditlog\\\r\nUser: TRAN-LAPPY\\Ai Tran\r\nLogonGuid: {8ba13930-ca9d-6940-295d-551b00000000}\r\nLogonId: 0x1B555D29\r\nTerminalSessionId: 16\r\nIntegrityLevel: Medium\r\nHashes: SHA256=FC0F1CAE1304FCDCF4D0749F421C5ED21471EFC856301F92F56D4B844BE84363\r"}, {"timestamp": "2025-12-16 15:45:32", "event_id": 5, "image": "C:\\Windows\\System32\\WindowsPowerShell\\v1.0\\powershell.exe", "commandline": "", "user": "TRAN-LAPPY\\Ai Tran", "target": "", "raw_message": "Process terminated:\r\nRuleName: -\r\nUtcTime: 2025-12-16 08:45:32.567\r\nProcessGuid: {8ba13930-1c2c-6941-df5e-010000001a00}\r\nProcessId: 6420\r\nImage: C:\\Windows\\System32\\WindowsPowerShell\\v1.0\\powershell.exe\r\nUser: TRAN-LAPPY\\Ai Tran"}, {"timestamp": "2025-12-16 15:45:35", "event_id": 5, "image": "C:\\Program Files\\Git\\mingw64\\bin\\git.exe", "commandline": "", "user": "TRAN-LAPPY\\Ai Tran", "target": "", "raw_message": "Process terminated:\r\nRuleName: -\r\nUtcTime: 2025-12-16 08:45:35.048\r\nProcessGuid: {8ba13930-1c2e-6941-0b5f-010000001a00}\r\nProcessId: 11096\r\nImage: C:\\Program Files\\Git\\mingw64\\bin\\git.exe\r\nUser: TRAN-LAPPY\\Ai Tran"}, {"timestamp": "2025-12-16 15:45:36", "event_id": 5, "image": "C:\\Windows\\System32\\WindowsPowerShell\\v1.0\\powershell.exe", "commandline": "", "user": "TRAN-LAPPY\\Ai Tran", "target": "", "raw_message": "Process terminated:\r\nRuleName: -\r\nUtcTime: 2025-12-16 08:45:36.803\r\nProcessGuid: {8ba13930-1c30-6941-0c5f-010000001a00}\r\nProcessId: 13500\r\nImage: C:\\Windows\\System32\\WindowsPowerShell\\v1.0\\powershell.exe\r\nUser: TRAN-LAPPY\\Ai Tran"}, {"timestamp": "2025-12-16 15:45:38", "event_id": 5, "image": "C:\\Windows\\System32\\WindowsPowerShell\\v1.0\\powershell.exe", "commandline": "", "user": "TRAN-LAPPY\\Ai Tran", "target": "", "raw_message": "Process terminated:\r\nRuleName: -\r\nUtcTime: 2025-12-16 08:45:38.565\r\nProcessGuid: {8ba13930-1c31-6941-0d5f-010000001a00}\r\nProcessId: 12024\r\nImage: C:\\Windows\\System32\\WindowsPowerShell\\v1.0\\powershell.exe\r\nUser: TRAN-LAPPY\\Ai Tran"}, {"timestamp": "2025-12-16 15:45:40", "event_id": 5, "image": "C:\\Windows\\System32\\WindowsPowerShell\\v1.0\\powershell.exe", "commandline": "", "user": "TRAN-LAPPY\\Ai Tran", "target": "", "raw_message": "Process terminated:\r\nRuleName: -\r\nUtcTime: 2025-12-16 08:45:40.420\r\nProcessGuid: {8ba13930-1c33-6941-0e5f-010000001a00}\r\nProcessId: 15892\r\nImage: C:\\Windows\\System32\\WindowsPowerShell\\v1.0\\powershell.exe\r\nUser: TRAN-LAPPY\\Ai Tran"}, {"timestamp": "2025-12-16 15:45:42", "event_id": 5, "image": "C:\\Windows\\System32\\WindowsPowerShell\\v1.0\\powershell.exe", "commandline": "", "user": "TRAN-LAPPY\\Ai Tran", "target": "", "raw_message": "Process terminated:\r\nRuleName: -\r\nUtcTime: 2025-12-16 08:45:42.522\r\nProcessGuid: {8ba13930-1c35-6941-0f5f-010000001a00}\r\nProcessId: 20492\r\nImage: C:\\Windows\\System32\\WindowsPowerShell\\v1.0\\powershell.exe\r\nUser: TRAN-LAPPY\\Ai Tran"}, {"timestamp": "2025-12-16 15:45:44", "event_id": 5, "image": "C:\\Windows\\System32\\WindowsPowerShell\\v1.0\\powershell.exe", "commandline": "", "user": "TRAN-LAPPY\\Ai Tran", "target": "", "raw_message": "Process terminated:\r\nRuleName: -\r\nUtcTime: 2025-12-16 08:45:44.349\r\nProcessGuid: {8ba13930-1c37-6941-105f-010000001a00}\r\nProcessId: 17876\r\nImage: C:\\Windows\\System32\\WindowsPowerShell\\v1.0\\powershell.exe\r\nUser: TRAN-LAPPY\\Ai Tran"}, {"timestamp": "2025-12-16 15:45:46", "event_id": 5, "image": "C:\\Windows\\System32\\WindowsPowerShell\\v1.0\\powershell.exe", "commandline": "", "user": "TRAN-LAPPY\\Ai Tran", "target": "", "raw_message": "Process terminated:\r\nRuleName: -\r\nUtcTime: 2025-12-16 08:45:46.093\r\nProcessGuid: {8ba13930-1c39-6941-115f-010000001a00}\r\nProcessId: 14708\r\nImage: C:\\Windows\\System32\\WindowsPowerShell\\v1.0\\powershell.exe\r\nUser: TRAN-LAPPY\\Ai Tran"}, {"timestamp": "2025-12-16 15:45:47", "event_id": 5, "image": "C:\\Windows\\System32\\WindowsPowerShell\\v1.0\\powershell.exe", "commandline": "", "user": "TRAN-LAPPY\\Ai Tran", "target": "", "raw_message": "Process terminated:\r\nRuleName: -\r\nUtcTime: 2025-12-16 08:45:47.924\r\nProcessGuid: {8ba13930-1c3b-6941-125f-010000001a00}\r\nProcessId: 16244\r\nImage: C:\\Windows\\System32\\WindowsPowerShell\\v1.0\\powershell.exe\r\nUser: TRAN-LAPPY\\Ai Tran"}, {"timestamp": "2025-12-16 15:45:49", "event_id": 5, "image": "C:\\Windows\\System32\\WindowsPowerShell\\v1.0\\powershell.exe", "commandline": "", "user": "TRAN-LAPPY\\Ai Tran", "target": "", "raw_message": "Process terminated:\r\nRuleName: -\r\nUtcTime: 2025-12-16 08:45:49.748\r\nProcessGuid: {8ba13930-1c3c-6941-135f-010000001a00}\r\nProcessId: 9580\r\nImage: C:\\Windows\\System32\\WindowsPowerShell\\v1.0\\powershell.exe\r\nUser: TRAN-LAPPY\\Ai Tran"}, {"timestamp": "2025-12-16 15:45:51", "event_id": 5, "image": "C:\\Windows\\System32\\WindowsPowerShell\\v1.0\\powershell.exe", "commandline": "", "user": "TRAN-LAPPY\\Ai Tran", "target": "", "raw_message": "Process terminated:\r\nRuleName: -\r\nUtcTime: 2025-12-16 08:45:51.605\r\nProcessGuid: {8ba13930-1c3e-6941-145f-010000001a00}\r\nProcessId: 13844\r\nImage: C:\\Windows\\System32\\WindowsPowerShell\\v1.0\\powershell.exe\r\nUser: TRAN-LAPPY\\Ai Tran"}, {"timestamp": "2025-12-16 15:45:53", "event_id": 5, "image": "C:\\Windows\\System32\\WindowsPowerShell\\v1.0\\powershell.exe", "commandline": "", "user": "TRAN-LAPPY\\Ai Tran", "target": "", "raw_message": "Process terminated:\r\nRuleName: -\r\nUtcTime: 2025-12-16 08:45:53.223\r\nProcessGuid: {8ba13930-1c40-6941-155f-010000001a00}\r\nProcessId: 13576\r\nImage: C:\\Windows\\System32\\WindowsPowerShell\\v1.0\\powershell.exe\r\nUser: TRAN-LAPPY\\Ai Tran"}, {"timestamp": "2025-12-16 15:45:55", "event_id": 5, "image": "C:\\Windows\\System32\\WindowsPowerShell\\v1.0\\powershell.exe", "commandline": "", "user": "TRAN-LAPPY\\Ai Tran", "target": "", "raw_message": "Process terminated:\r\nRuleName: -\r\nUtcTime: 2025-12-16 08:45:55.070\r\nProcessGuid: {8ba13930-1c42-6941-165f-010000001a00}\r\nProcessId: 16468\r\nImage: C:\\Windows\\System32\\WindowsPowerShell\\v1.0\\powershell.exe\r\nUser: TRAN-LAPPY\\Ai Tran"}, {"timestamp": "2025-12-16 15:45:56", "event_id": 5, "image": "C:\\Windows\\System32\\conhost.exe", "commandline": "", "user": "TRAN-LAPPY\\Ai Tran", "target": "", "raw_message": "Process terminated:\r\nRuleName: -\r\nUtcTime: 2025-12-16 08:45:56.910\r\nProcessGuid: {8ba13930-1c44-6941-215f-010000001a00}\r\nProcessId: 17192\r\nImage: C:\\Windows\\System32\\conhost.exe\r\nUser: TRAN-LAPPY\\Ai Tran"}, {"timestamp": "2025-12-16 15:45:58", "event_id": 5, "image": "C:\\Windows\\System32\\WindowsPowerShell\\v1.0\\powershell.exe", "commandline": "", "user": "TRAN-LAPPY\\Ai Tran", "target": "", "raw_message": "Process terminated:\r\nRuleName: -\r\nUtcTime: 2025-12-16 08:45:58.664\r\nProcessGuid: {8ba13930-1c45-6941-245f-010000001a00}\r\nProcessId: 10224\r\nImage: C:\\Windows\\System32\\WindowsPowerShell\\v1.0\\powershell.exe\r\nUser: TRAN-LAPPY\\Ai Tran"}, {"timestamp": "2025-12-16 15:46:00", "event_id": 5, "image": "C:\\Windows\\System32\\WindowsPowerShell\\v1.0\\powershell.exe", "commandline": "", "user": "TRAN-LAPPY\\Ai Tran", "target": "", "raw_message": "Process terminated:\r\nRuleName: -\r\nUtcTime: 2025-12-16 08:46:00.504\r\nProcessGuid: {8ba13930-1c47-6941-255f-010000001a00}\r\nProcessId: 9056\r\nImage: C:\\Windows\\System32\\WindowsPowerShell\\v1.0\\powershell.exe\r\nUser: TRAN-LAPPY\\Ai Tran"}, {"timestamp": "2025-12-16 15:46:02", "event_id": 5, "image": "C:\\Windows\\System32\\WindowsPowerShell\\v1.0\\powershell.exe", "commandline": "", "user": "TRAN-LAPPY\\Ai Tran", "target": "", "raw_message": "Process terminated:\r\nRuleName: -\r\nUtcTime: 2025-12-16 08:46:02.272\r\nProcessGuid: {8ba13930-1c49-6941-2c5f-010000001a00}\r\nProcessId: 16092\r\nImage: C:\\Windows\\System32\\WindowsPowerShell\\v1.0\\powershell.exe\r\nUser: TRAN-LAPPY\\Ai Tran"}, {"timestamp": "2025-12-16 15:46:01", "event_id": 1, "image": "C:\\Program Files\\Git\\mingw64\\bin\\git.exe", "commandline": "git.exe status -z -uall", "user": "TRAN-LAPPY\\Ai Tran", "target": "", "raw_message": "Process Create:\r\nRuleName: -\r\nUtcTime: 2025-12-16 08:46:01.997\r\nProcessGuid: {8ba13930-1c49-6941-375f-010000001a00}\r\nProcessId: 6520\r\nImage: C:\\Program Files\\Git\\mingw64\\bin\\git.exe\r\nFileVersion: 2.52.0.windows.1\r\nDescription: Git for Windows\r\nProduct: Git\r\nCompany: The Git Development Community\r\nOriginalFileName: git.exe\r\nCommandLine: git.exe status -z -uall\r\nCurrentDirectory: D:\\nckh\\auditlog\\\r\nUser: TRAN-LAPPY\\Ai Tran\r\nLogonGuid: {8ba13930-ca9d-6940-295d-551b00000000}\r\nLogonId: 0x1B555D29\r\nTerminalSessionId: 16\r\nIntegrityLevel: Medium\r\nHashes: SHA256=FC0F1CAE1304FCDCF4D0749F421C5ED21471EFC856301F92F56D4B844BE84363\r\nParentProcessGuid: {8ba13930-1c49-6941-335f-010000001a00}\r\nParentProcessId: 10020\r\nParentImage: C:\\Program Files\\Git\\cmd\\git.exe\r\nParentCommandLine: \"C:\\Program Files\\Git\\cmd\\git.exe\" status -z -uall\r\nParentUser: TRAN-LAPPY\\Ai Tran"}, {"timestamp": "2025-12-16 15:46:04", "event_id": 1, "image": "C:\\Windows\\System32\\cscript.exe", "commandline": "cscript  //nologo \"C:\\Users\\Admin\\AppData\\Local\\Temp\\demo_macro_20251216154604.vbs\"", "user": "TRAN-LAPPY\\Ai Tran", "target": "", "raw_message": "Process Create:\r\nRuleName: -\r\nUtcTime: 2025-12-16 08:46:04.178\r\nProcessGuid: {8ba13930-1c4c-6941-3d5f-010000001a00}\r\nProcessId: 12024\r\nImage: C:\\Windows\\System32\\cscript.exe\r\nFileVersion: 10.0.26100.7019\r\nDescription: Microsoft r Console Based Script Host\r\nProduct: Microsoft r Windows Script Host\r\nCompany: Microsoft Corporation\r\nOriginalFileName: cscript.exe\r\nCommandLine: cscript  //nologo \"C:\\Users\\Admin\\AppData\\Local\\Temp\\demo_macro_20251216154604.vbs\" \r\nCurrentDirectory: D:\\nckh\\auditlog\\demo_system\\attacks\\\r\nUser: TRAN-LAPPY\\Ai Tran\r\nLogonGuid: {8ba13930-ca9d-6940-295d-551b00000000}\r\nLogonId: 0x1B555D29\r\nTerminalSessionId: 16\r\nIntegrityLevel: Medium\r\nHashes: SHA256=9521FCB41599FBEE8F44182F77E19F0FCA97D4E8199B1E8D97FCAD66B5A55DB2\r\nParentProcessGuid: {8ba13930-1c4c-6941-3b5f-010000001a00}\r\nParentProcessId: 23020\r\nParentImage: C:\\Windows\\System32\\cmd.exe\r\nParentCommandLine: \"C:\\Windows\\System32\\cmd.exe\" /k cscript //nologo \"C:\\Users\\Admin\\AppData\\Local\\Temp\\demo_macro_20251216154604.v"}, {"timestamp": "2025-12-16 15:46:03", "event_id": 1, "image": "C:\\Windows\\System32\\WindowsPowerShell\\v1.0\\powershell.exe", "commandline": "\"C:\\Windows\\System32\\WindowsPowerShell\\v1.0\\powershell.exe\" -NoProfile -ExecutionPolicy Bypass -Command \"Set-Location -LiteralPath 'D:\\nckh\\auditlog\\demo_system\\attacks'; .\\test_individual.ps1 -Techni", "user": "TRAN-LAPPY\\Ai Tran", "target": "", "raw_message": "Process Create:\r\nRuleName: -\r\nUtcTime: 2025-12-16 08:46:03.852\r\nProcessGuid: {8ba13930-1c4b-6941-3a5f-010000001a00}\r\nProcessId: 16124\r\nImage: C:\\Windows\\System32\\WindowsPowerShell\\v1.0\\powershell.exe\r\nFileVersion: 10.0.26100.5074 (WinBuild.160101.0800)\r\nDescription: Windows PowerShell\r\nProduct: Microsoftr Windowsr Operating System\r\nCompany: Microsoft Corporation\r\nOriginalFileName: PowerShell.EXE\r\nCommandLine: \"C:\\Windows\\System32\\WindowsPowerShell\\v1.0\\powershell.exe\" -NoProfile -ExecutionPolicy Bypass -Command \"Set-Location -LiteralPath 'D:\\nckh\\auditlog\\demo_system\\attacks'; .\\test_individual.ps1 -TechniqueID T1204.002\"\r\nCurrentDirectory: D:\\nckh\\auditlog\\\r\nUser: TRAN-LAPPY\\Ai Tran\r\nLogonGuid: {8ba13930-ca9d-6940-295d-551b00000000}\r\nLogonId: 0x1B555D29\r\nTerminalSessionId: 16\r\nIntegrityLevel: Medium\r\nHashes: SHA256=0FF6F2C94BC7E2833A5F7E16DE1622E5DBA70396F31C7D5F56381870317E8C46\r\nParentProcessGuid: {8ba13930-1345-6941-da4d-010000001a00}\r\nParentProcessId: 20924\r\nParentImage: C:\\Windows"}, {"timestamp": "2025-12-16 15:46:05", "event_id": 5, "image": "C:\\Windows\\System32\\WindowsPowerShell\\v1.0\\powershell.exe", "commandline": "", "user": "TRAN-LAPPY\\Ai Tran", "target": "", "raw_message": "Process terminated:\r\nRuleName: -\r\nUtcTime: 2025-12-16 08:46:05.881\r\nProcessGuid: {8ba13930-1c4d-6941-3f5f-010000001a00}\r\nProcessId: 20588\r\nImage: C:\\Windows\\System32\\WindowsPowerShell\\v1.0\\powershell.exe\r\nUser: TRAN-LAPPY\\Ai Tran"}, {"timestamp": "2025-12-16 15:46:07", "event_id": 5, "image": "C:\\Windows\\System32\\WindowsPowerShell\\v1.0\\powershell.exe", "commandline": "", "user": "TRAN-LAPPY\\Ai Tran", "target": "", "raw_message": "Process terminated:\r\nRuleName: -\r\nUtcTime: 2025-12-16 08:46:07.340\r\nProcessGuid: {8ba13930-1c4e-6941-405f-010000001a00}\r\nProcessId: 13480\r\nImage: C:\\Windows\\System32\\WindowsPowerShell\\v1.0\\powershell.exe\r\nUser: TRAN-LAPPY\\Ai Tran"}, {"timestamp": "2025-12-16 15:46:08", "event_id": 5, "image": "C:\\Windows\\System32\\WindowsPowerShell\\v1.0\\powershell.exe", "commandline": "", "user": "TRAN-LAPPY\\Ai Tran", "target": "", "raw_message": "Process terminated:\r\nRuleName: -\r\nUtcTime: 2025-12-16 08:46:08.688\r\nProcessGuid: {8ba13930-1c50-6941-445f-010000001a00}\r\nProcessId: 24564\r\nImage: C:\\Windows\\System32\\WindowsPowerShell\\v1.0\\powershell.exe\r\nUser: TRAN-LAPPY\\Ai Tran"}, {"timestamp": "2025-12-16 15:46:10", "event_id": 5, "image": "C:\\Windows\\System32\\WindowsPowerShell\\v1.0\\powershell.exe", "commandline": "", "user": "TRAN-LAPPY\\Ai Tran", "target": "", "raw_message": "Process terminated:\r\nRuleName: -\r\nUtcTime: 2025-12-16 08:46:10.068\r\nProcessGuid: {8ba13930-1c51-6941-455f-010000001a00}\r\nProcessId: 5048\r\nImage: C:\\Windows\\System32\\WindowsPowerShell\\v1.0\\powershell.exe\r\nUser: TRAN-LAPPY\\Ai Tran"}, {"timestamp": "2025-12-16 15:46:11", "event_id": 5, "image": "C:\\Windows\\System32\\WindowsPowerShell\\v1.0\\powershell.exe", "commandline": "", "user": "TRAN-LAPPY\\Ai Tran", "target": "", "raw_message": "Process terminated:\r\nRuleName: -\r\nUtcTime: 2025-12-16 08:46:11.534\r\nProcessGuid: {8ba13930-1c53-6941-465f-010000001a00}\r\nProcessId: 7820\r\nImage: C:\\Windows\\System32\\WindowsPowerShell\\v1.0\\powershell.exe\r\nUser: TRAN-LAPPY\\Ai Tran"}, {"timestamp": "2025-12-16 15:46:12", "event_id": 5, "image": "C:\\Windows\\System32\\WindowsPowerShell\\v1.0\\powershell.exe", "commandline": "", "user": "TRAN-LAPPY\\Ai Tran", "target": "", "raw_message": "Process terminated:\r\nRuleName: -\r\nUtcTime: 2025-12-16 08:46:12.970\r\nProcessGuid: {8ba13930-1c54-6941-475f-010000001a00}\r\nProcessId: 24312\r\nImage: C:\\Windows\\System32\\WindowsPowerShell\\v1.0\\powershell.exe\r\nUser: TRAN-LAPPY\\Ai Tran"}, {"timestamp": "2025-12-16 15:46:14", "event_id": 5, "image": "C:\\Windows\\System32\\WindowsPowerShell\\v1.0\\powershell.exe", "commandline": "", "user": "TRAN-LAPPY\\Ai Tran", "target": "", "raw_message": "Process terminated:\r\nRuleName: -\r\nUtcTime: 2025-12-16 08:46:14.453\r\nProcessGuid: {8ba13930-1c55-6941-485f-010000001a00}\r\nProcessId: 16244\r\nImage: C:\\Windows\\System32\\WindowsPowerShell\\v1.0\\powershell.exe\r\nUser: TRAN-LAPPY\\Ai Tran"}, {"timestamp": "2025-12-16 15:46:15", "event_id": 5, "image": "C:\\Windows\\System32\\WindowsPowerShell\\v1.0\\powershell.exe", "commandline": "", "user": "TRAN-LAPPY\\Ai Tran", "target": "", "raw_message": "Process terminated:\r\nRuleName: -\r\nUtcTime: 2025-12-16 08:46:15.890\r\nProcessGuid: {8ba13930-1c57-6941-495f-010000001a00}\r\nProcessId: 14656\r\nImage: C:\\Windows\\System32\\WindowsPowerShell\\v1.0\\powershell.exe\r\nUser: TRAN-LAPPY\\Ai Tran"}, {"timestamp": "2025-12-16 15:46:17", "event_id": 5, "image": "C:\\Windows\\System32\\conhost.exe", "commandline": "", "user": "TRAN-LAPPY\\Ai Tran", "target": "", "raw_message": "Process terminated:\r\nRuleName: -\r\nUtcTime: 2025-12-16 08:46:17.744\r\nProcessGuid: {8ba13930-1c59-6941-545f-010000001a00}\r\nProcessId: 7496\r\nImage: C:\\Windows\\System32\\conhost.exe\r\nUser: TRAN-LAPPY\\Ai Tran"}, {"timestamp": "2025-12-16 15:46:18", "event_id": 5, "image": "C:\\Windows\\System32\\WindowsPowerShell\\v1.0\\powershell.exe", "commandline": "", "user": "TRAN-LAPPY\\Ai Tran", "target": "", "raw_message": "Process terminated:\r\nRuleName: -\r\nUtcTime: 2025-12-16 08:46:18.656\r\nProcessGuid: {8ba13930-1c5a-6941-575f-010000001a00}\r\nProcessId: 16160\r\nImage: C:\\Windows\\System32\\WindowsPowerShell\\v1.0\\powershell.exe\r\nUser: TRAN-LAPPY\\Ai Tran"}, {"timestamp": "2025-12-16 15:46:20", "event_id": 5, "image": "C:\\Windows\\System32\\WindowsPowerShell\\v1.0\\powershell.exe", "commandline": "", "user": "TRAN-LAPPY\\Ai Tran", "target": "", "raw_message": "Process terminated:\r\nRuleName: -\r\nUtcTime: 2025-12-16 08:46:20.155\r\nProcessGuid: {8ba13930-1c5b-6941-585f-010000001a00}\r\nProcessId: 20132\r\nImage: C:\\Windows\\System32\\WindowsPowerShell\\v1.0\\powershell.exe\r\nUser: TRAN-LAPPY\\Ai Tran"}, {"timestamp": "2025-12-16 15:46:21", "event_id": 5, "image": "C:\\Windows\\System32\\WindowsPowerShell\\v1.0\\powershell.exe", "commandline": "", "user": "TRAN-LAPPY\\Ai Tran", "target": "", "raw_message": "Process terminated:\r\nRuleName: -\r\nUtcTime: 2025-12-16 08:46:21.519\r\nProcessGuid: {8ba13930-1c5d-6941-595f-010000001a00}\r\nProcessId: 10020\r\nImage: C:\\Windows\\System32\\WindowsPowerShell\\v1.0\\powershell.exe\r\nUser: TRAN-LAPPY\\Ai Tran"}, 